2022-10-14 17:28:58,820 [INFO] Activator:177 - 


2022-10-14 17:28:58,821 [INFO] Activator:178 - !SESSION log4j initialized
2022-10-14 17:29:09,653 [INFO] McuFinderGlobals:39 - Set McuFinder mode to 2 (CubeIDE integrated)
2022-10-14 17:29:09,910 [INFO] ApplicationProperties:181 - Using Application install path: C:\ST\STM32CubeIDE_1.7.0\STM32CubeIDE\plugins\com.st.stm32cube.common.mx_6.3.0.202107141111
2022-10-14 17:29:09,930 [INFO] DbMcusXml:74 - Set database path to: C:\ST\STM32CubeIDE_1.7.0\STM32CubeIDE\plugins\com.st.stm32cube.common.mx_6.3.0.202107141111\\db\/mcu/
2022-10-14 17:29:09,936 [INFO] DbBoardsPdsc:56 - Set plugin database path to: C:\ST\STM32CubeIDE_1.7.0\STM32CubeIDE\plugins\com.st.stm32cube.common.mx_6.3.0.202107141111\\db\/plugins/boardmanager/
2022-10-14 17:29:09,937 [INFO] DbMcus:258 - Set plugin images path to: C:\ST\STM32CubeIDE_1.7.0\STM32CubeIDE\plugins\com.st.stm32cube.common.mx_6.3.0.202107141111\\db\/plugins/mcufinder/images/
2022-10-14 17:29:09,937 [INFO] DbBoards:264 - Set plugin images path to: C:\ST\STM32CubeIDE_1.7.0\STM32CubeIDE\plugins\com.st.stm32cube.common.mx_6.3.0.202107141111\\db\/plugins/mcufinder/images/
2022-10-14 17:29:09,941 [INFO] DbExamples:333 - Set plugin images path to: C:\ST\STM32CubeIDE_1.7.0\STM32CubeIDE\plugins\com.st.stm32cube.common.mx_6.3.0.202107141111\\db\/plugins/mcufinder/images/
2022-10-14 17:29:09,952 [INFO] DbMcusAds:119 - Set database path to: C:\Users\A.Tuan\.stmcufinder\plugins\mcufinder//mcu/
2022-10-14 17:29:09,954 [INFO] DbMcusDocs:110 - Set database path to: C:\Users\A.Tuan\.stmcufinder\plugins\mcufinder//mcu/
2022-10-14 17:29:09,956 [INFO] DbMcusJson:64 - Set database path to: C:\Users\A.Tuan\.stmcufinder\plugins\mcufinder//mcu/
2022-10-14 17:29:09,957 [INFO] DbBoardsDocs:110 - Set database path to: C:\Users\A.Tuan\.stmcufinder\plugins\mcufinder//mcu/
2022-10-14 17:29:09,958 [INFO] DbBoardsJson:57 - Set database path to: C:\Users\A.Tuan\.stmcufinder\plugins\mcufinder//mcu/
2022-10-14 17:29:09,962 [INFO] CrossReferenceDbSqlite:196 - Set database path to: C:\Users\A.Tuan\.stmcufinder\plugins\mcufinder//mcu/cs/
2022-10-14 17:29:09,966 [INFO] DbExamplesSqlite:767 - Set database path to: C:\Users\A.Tuan\.stmcufinder\plugins\mcufinder//mcu/
2022-10-14 17:29:10,097 [INFO] RulesReader:57 - Compatibility file has been processed (242 Rules)
2022-10-14 17:29:10,252 [INFO] DbMcusXml:74 - Set database path to: C:\ST\STM32CubeIDE_1.7.0\STM32CubeIDE\plugins\com.st.stm32cube.common.mx_6.3.0.202107141111\\db\/mcu/
2022-10-14 17:29:10,253 [INFO] DbBoardsPdsc:56 - Set plugin database path to: C:\ST\STM32CubeIDE_1.7.0\STM32CubeIDE\plugins\com.st.stm32cube.common.mx_6.3.0.202107141111\\db\/plugins/boardmanager/
2022-10-14 17:29:10,253 [INFO] DbMcus:258 - Set plugin images path to: C:\ST\STM32CubeIDE_1.7.0\STM32CubeIDE\plugins\com.st.stm32cube.common.mx_6.3.0.202107141111\\db\/plugins/mcufinder/images/
2022-10-14 17:29:10,253 [INFO] DbBoards:264 - Set plugin images path to: C:\ST\STM32CubeIDE_1.7.0\STM32CubeIDE\plugins\com.st.stm32cube.common.mx_6.3.0.202107141111\\db\/plugins/mcufinder/images/
2022-10-14 17:29:10,253 [INFO] DbExamples:333 - Set plugin images path to: C:\ST\STM32CubeIDE_1.7.0\STM32CubeIDE\plugins\com.st.stm32cube.common.mx_6.3.0.202107141111\\db\/plugins/mcufinder/images/
2022-10-14 17:29:10,254 [WARN] DbFile:35 - Overriding database path with different value: C:\Users\A.Tuan\.stmcufinder\plugins\mcufinder/ => C:\Users\A.Tuan\.stmcufinder\plugins\mcufinder
2022-10-14 17:29:10,254 [INFO] DbMcusAds:119 - Set database path to: C:\Users\A.Tuan\.stmcufinder\plugins\mcufinder//mcu/
2022-10-14 17:29:10,254 [WARN] DbFile:35 - Overriding database path with different value: C:\Users\A.Tuan\.stmcufinder\plugins\mcufinder/ => C:\Users\A.Tuan\.stmcufinder\plugins\mcufinder
2022-10-14 17:29:10,254 [INFO] DbMcusDocs:110 - Set database path to: C:\Users\A.Tuan\.stmcufinder\plugins\mcufinder//mcu/
2022-10-14 17:29:10,254 [WARN] DbFile:35 - Overriding database path with different value: C:\Users\A.Tuan\.stmcufinder\plugins\mcufinder/ => C:\Users\A.Tuan\.stmcufinder\plugins\mcufinder
2022-10-14 17:29:10,254 [INFO] DbMcusJson:64 - Set database path to: C:\Users\A.Tuan\.stmcufinder\plugins\mcufinder//mcu/
2022-10-14 17:29:10,254 [WARN] DbFile:35 - Overriding database path with different value: C:\Users\A.Tuan\.stmcufinder\plugins\mcufinder/ => C:\Users\A.Tuan\.stmcufinder\plugins\mcufinder
2022-10-14 17:29:10,255 [INFO] DbBoardsDocs:110 - Set database path to: C:\Users\A.Tuan\.stmcufinder\plugins\mcufinder//mcu/
2022-10-14 17:29:10,255 [WARN] DbFile:35 - Overriding database path with different value: C:\Users\A.Tuan\.stmcufinder\plugins\mcufinder/ => C:\Users\A.Tuan\.stmcufinder\plugins\mcufinder
2022-10-14 17:29:10,255 [INFO] DbBoardsJson:57 - Set database path to: C:\Users\A.Tuan\.stmcufinder\plugins\mcufinder//mcu/
2022-10-14 17:29:10,255 [WARN] DbFile:35 - Overriding database path with different value: C:\Users\A.Tuan\.stmcufinder\plugins\mcufinder/ => C:\Users\A.Tuan\.stmcufinder\plugins\mcufinder
2022-10-14 17:29:10,255 [WARN] DbFile:35 - Overriding database path with different value: C:\Users\A.Tuan\.stmcufinder\plugins\mcufinder/ => C:\Users\A.Tuan\.stmcufinder\plugins\mcufinder
2022-10-14 17:29:10,255 [INFO] CrossReferenceDbSqlite:196 - Set database path to: C:\Users\A.Tuan\.stmcufinder\plugins\mcufinder//mcu/cs/
2022-10-14 17:29:10,255 [WARN] DbFile:35 - Overriding database path with different value: C:\Users\A.Tuan\.stmcufinder\plugins\mcufinder/ => C:\Users\A.Tuan\.stmcufinder\plugins\mcufinder
2022-10-14 17:29:10,255 [INFO] DbExamplesSqlite:767 - Set database path to: C:\Users\A.Tuan\.stmcufinder\plugins\mcufinder//mcu/
2022-10-14 17:29:10,376 [INFO] MainPanel:214 - HeapMemory: 268435456
2022-10-14 17:29:10,535 [INFO] DbMcusXml:74 - Set database path to: C:\ST\STM32CubeIDE_1.7.0\STM32CubeIDE\plugins\com.st.stm32cube.common.mx_6.3.0.202107141111\\db\/mcu/
2022-10-14 17:29:10,535 [INFO] DbBoardsPdsc:56 - Set plugin database path to: C:\ST\STM32CubeIDE_1.7.0\STM32CubeIDE\plugins\com.st.stm32cube.common.mx_6.3.0.202107141111\\db\/plugins/boardmanager/
2022-10-14 17:29:10,535 [INFO] DbMcus:258 - Set plugin images path to: C:\ST\STM32CubeIDE_1.7.0\STM32CubeIDE\plugins\com.st.stm32cube.common.mx_6.3.0.202107141111\\db\/plugins/mcufinder/images/
2022-10-14 17:29:10,535 [INFO] DbBoards:264 - Set plugin images path to: C:\ST\STM32CubeIDE_1.7.0\STM32CubeIDE\plugins\com.st.stm32cube.common.mx_6.3.0.202107141111\\db\/plugins/mcufinder/images/
2022-10-14 17:29:10,535 [INFO] DbExamples:333 - Set plugin images path to: C:\ST\STM32CubeIDE_1.7.0\STM32CubeIDE\plugins\com.st.stm32cube.common.mx_6.3.0.202107141111\\db\/plugins/mcufinder/images/
2022-10-14 17:29:10,536 [WARN] DbFile:35 - Overriding database path with different value: C:\Users\A.Tuan\.stmcufinder\plugins\mcufinder/ => C:\Users\A.Tuan\.stmcufinder\plugins\mcufinder
2022-10-14 17:29:10,537 [INFO] DbMcusAds:119 - Set database path to: C:\Users\A.Tuan\.stmcufinder\plugins\mcufinder//mcu/
2022-10-14 17:29:10,537 [WARN] DbFile:35 - Overriding database path with different value: C:\Users\A.Tuan\.stmcufinder\plugins\mcufinder/ => C:\Users\A.Tuan\.stmcufinder\plugins\mcufinder
2022-10-14 17:29:10,537 [INFO] DbMcusDocs:110 - Set database path to: C:\Users\A.Tuan\.stmcufinder\plugins\mcufinder//mcu/
2022-10-14 17:29:10,537 [WARN] DbFile:35 - Overriding database path with different value: C:\Users\A.Tuan\.stmcufinder\plugins\mcufinder/ => C:\Users\A.Tuan\.stmcufinder\plugins\mcufinder
2022-10-14 17:29:10,537 [INFO] DbMcusJson:64 - Set database path to: C:\Users\A.Tuan\.stmcufinder\plugins\mcufinder//mcu/
2022-10-14 17:29:10,537 [WARN] DbFile:35 - Overriding database path with different value: C:\Users\A.Tuan\.stmcufinder\plugins\mcufinder/ => C:\Users\A.Tuan\.stmcufinder\plugins\mcufinder
2022-10-14 17:29:10,537 [INFO] DbBoardsDocs:110 - Set database path to: C:\Users\A.Tuan\.stmcufinder\plugins\mcufinder//mcu/
2022-10-14 17:29:10,537 [WARN] DbFile:35 - Overriding database path with different value: C:\Users\A.Tuan\.stmcufinder\plugins\mcufinder/ => C:\Users\A.Tuan\.stmcufinder\plugins\mcufinder
2022-10-14 17:29:10,537 [INFO] DbBoardsJson:57 - Set database path to: C:\Users\A.Tuan\.stmcufinder\plugins\mcufinder//mcu/
2022-10-14 17:29:10,538 [WARN] DbFile:35 - Overriding database path with different value: C:\Users\A.Tuan\.stmcufinder\plugins\mcufinder/ => C:\Users\A.Tuan\.stmcufinder\plugins\mcufinder
2022-10-14 17:29:10,538 [WARN] DbFile:35 - Overriding database path with different value: C:\Users\A.Tuan\.stmcufinder\plugins\mcufinder/ => C:\Users\A.Tuan\.stmcufinder\plugins\mcufinder
2022-10-14 17:29:10,538 [INFO] CrossReferenceDbSqlite:196 - Set database path to: C:\Users\A.Tuan\.stmcufinder\plugins\mcufinder//mcu/cs/
2022-10-14 17:29:10,538 [WARN] DbFile:35 - Overriding database path with different value: C:\Users\A.Tuan\.stmcufinder\plugins\mcufinder/ => C:\Users\A.Tuan\.stmcufinder\plugins\mcufinder
2022-10-14 17:29:10,538 [INFO] DbExamplesSqlite:767 - Set database path to: C:\Users\A.Tuan\.stmcufinder\plugins\mcufinder//mcu/
2022-10-14 17:29:10,568 [INFO] ApplicationProperties:181 - Using Application install path: C:\ST\STM32CubeIDE_1.7.0\STM32CubeIDE\plugins\com.st.stm32cube.common.mx_6.3.0.202107141111
2022-10-14 17:29:10,571 [INFO] PluginManage:188 - Search for loadable plugins [exclusion list=, ]
2022-10-14 17:29:10,571 [INFO] PluginManage:302 - Check plugin analytics
2022-10-14 17:29:10,790 [INFO] AnalyticsPlugin:257 - Accepted Software Licenses: 
2022-10-14 17:29:10,791 [INFO] AnalyticsPlugin:259 - Accepted CMSIS Pack Licenses: 
2022-10-14 17:29:10,792 [INFO] AnalyticsPlugin:261 - Accepted Firmware Licenses: 
2022-10-14 17:29:10,792 [INFO] PluginManage:352 - Loaded plugin analytics (category:tool,tabindex:-1)
2022-10-14 17:29:10,793 [INFO] PluginManage:302 - Check plugin clock
2022-10-14 17:29:10,807 [INFO] PluginManage:352 - Loaded plugin clock (category:base,tabindex:2)
2022-10-14 17:29:10,807 [INFO] PluginManage:302 - Check plugin ddr
2022-10-14 17:29:10,811 [INFO] PluginManage:352 - Loaded plugin ddr (category:tool,tabindex:6)
2022-10-14 17:29:10,811 [INFO] PluginManage:302 - Check plugin filemanager
2022-10-14 17:29:10,999 [INFO] PluginManage:352 - Loaded plugin filemanager (category:base,tabindex:10)
2022-10-14 17:29:10,999 [INFO] PluginManage:302 - Check plugin ipmanager
2022-10-14 17:29:11,022 [INFO] PluginManage:352 - Loaded plugin ipmanager (category:base,tabindex:5)
2022-10-14 17:29:11,022 [INFO] PluginManage:302 - Check plugin pinoutandconfiguration
2022-10-14 17:29:11,035 [INFO] PluginManage:352 - Loaded plugin pinoutandconfiguration (category:base,tabindex:1)
2022-10-14 17:29:11,035 [INFO] PluginManage:302 - Check plugin pinoutconfig
2022-10-14 17:29:11,076 [INFO] PluginManage:352 - Loaded plugin pinoutconfig (category:base,tabindex:0)
2022-10-14 17:29:11,076 [INFO] PluginManage:302 - Check plugin power
2022-10-14 17:29:11,094 [INFO] PluginManage:352 - Loaded plugin power (category:power,tabindex:4)
2022-10-14 17:29:11,095 [INFO] PluginManage:302 - Check plugin projectmanager
2022-10-14 17:29:11,118 [INFO] PluginManage:352 - Loaded plugin projectmanager (category:projectmanager,tabindex:3)
2022-10-14 17:29:11,119 [INFO] PluginManage:302 - Check plugin thirdparty
2022-10-14 17:29:11,318 [WARN] IntegrityCheckThread:78 - waiting for thirdparty lock release [integrity check]
2022-10-14 17:29:11,319 [INFO] IntegrityCheckThread:80 - entering critical section [integrity check]
2022-10-14 17:29:11,319 [INFO] PluginManage:352 - Loaded plugin thirdparty (category:base,tabindex:-1)
2022-10-14 17:29:11,320 [INFO] ThirdPartyUpdaterWithRetryManager:66 - Updater plugin not ready yet. [1/15]
2022-10-14 17:29:11,320 [INFO] PluginManage:302 - Check plugin tools
2022-10-14 17:29:11,323 [INFO] PluginManage:352 - Loaded plugin tools (category:base,tabindex:7)
2022-10-14 17:29:11,323 [INFO] PluginManage:302 - Check plugin tutovideos
2022-10-14 17:29:11,865 [INFO] PluginManage:352 - Loaded plugin tutovideos (category:base,tabindex:-1)
2022-10-14 17:29:11,865 [INFO] PluginManage:302 - Check plugin updater
2022-10-14 17:29:11,890 [INFO] PluginManage:352 - Loaded plugin updater (category:base,tabindex:12)
2022-10-14 17:29:11,891 [INFO] PluginManage:275 - PluginManage : Loaded plugins [13]
2022-10-14 17:29:12,356 [INFO] PinOutPanel:1463 - setPackage(No Configuration,No Configuration)
2022-10-14 17:29:12,600 [INFO] IPUIPlugin:74 - create IPUIPlugin
2022-10-14 17:29:12,601 [INFO] PluginManager:213 - loadIPPluginJar : add adc
2022-10-14 17:29:12,605 [INFO] IPUIPlugin:74 - create IPUIPlugin
2022-10-14 17:29:12,605 [INFO] PluginManager:213 - loadIPPluginJar : add aes
2022-10-14 17:29:12,609 [INFO] IPUIPlugin:74 - create IPUIPlugin
2022-10-14 17:29:12,609 [INFO] PluginManager:213 - loadIPPluginJar : add can
2022-10-14 17:29:12,612 [INFO] IPUIPlugin:74 - create IPUIPlugin
2022-10-14 17:29:12,612 [INFO] PluginManager:213 - loadIPPluginJar : add comp
2022-10-14 17:29:12,616 [INFO] IPUIPlugin:74 - create IPUIPlugin
2022-10-14 17:29:12,616 [INFO] PluginManager:213 - loadIPPluginJar : add cryp
2022-10-14 17:29:12,620 [INFO] IPUIPlugin:74 - create IPUIPlugin
2022-10-14 17:29:12,620 [INFO] PluginManager:213 - loadIPPluginJar : add dfsdm
2022-10-14 17:29:12,629 [INFO] IPUIPlugin:74 - create IPUIPlugin
2022-10-14 17:29:12,630 [INFO] PluginManager:213 - loadIPPluginJar : add dma
2022-10-14 17:29:12,636 [INFO] IPUIPlugin:74 - create IPUIPlugin
2022-10-14 17:29:12,636 [INFO] PluginManager:213 - loadIPPluginJar : add dma3
2022-10-14 17:29:12,639 [INFO] IPUIPlugin:74 - create IPUIPlugin
2022-10-14 17:29:12,640 [INFO] PluginManager:213 - loadIPPluginJar : add fatfs
2022-10-14 17:29:12,648 [INFO] IPUIPlugin:74 - create IPUIPlugin
2022-10-14 17:29:12,649 [INFO] PluginManager:213 - loadIPPluginJar : add fmc
2022-10-14 17:29:12,659 [INFO] IPUIPlugin:74 - create IPUIPlugin
2022-10-14 17:29:12,659 [INFO] PluginManager:213 - loadIPPluginJar : add freertos
2022-10-14 17:29:12,662 [INFO] IPUIPlugin:74 - create IPUIPlugin
2022-10-14 17:29:12,662 [INFO] PluginManager:213 - loadIPPluginJar : add genericplugin
2022-10-14 17:29:12,664 [INFO] IPUIPlugin:74 - create IPUIPlugin
2022-10-14 17:29:12,665 [INFO] PluginManager:213 - loadIPPluginJar : add gfxmmu
2022-10-14 17:29:12,673 [INFO] IPUIPlugin:74 - create IPUIPlugin
2022-10-14 17:29:12,674 [INFO] PluginManager:213 - loadIPPluginJar : add gic
2022-10-14 17:29:12,681 [INFO] IPUIPlugin:74 - create IPUIPlugin
2022-10-14 17:29:12,681 [INFO] PluginManager:213 - loadIPPluginJar : add gpio
2022-10-14 17:29:12,685 [INFO] IPUIPlugin:74 - create IPUIPlugin
2022-10-14 17:29:12,685 [INFO] PluginManager:213 - loadIPPluginJar : add gtzc
2022-10-14 17:29:12,689 [INFO] IPUIPlugin:74 - create IPUIPlugin
2022-10-14 17:29:12,689 [INFO] PluginManager:213 - loadIPPluginJar : add hash
2022-10-14 17:29:12,693 [INFO] IPUIPlugin:74 - create IPUIPlugin
2022-10-14 17:29:12,694 [INFO] PluginManager:213 - loadIPPluginJar : add i2c
2022-10-14 17:29:12,698 [INFO] IPUIPlugin:74 - create IPUIPlugin
2022-10-14 17:29:12,698 [INFO] PluginManager:213 - loadIPPluginJar : add i2s
2022-10-14 17:29:12,704 [INFO] IPUIPlugin:74 - create IPUIPlugin
2022-10-14 17:29:12,704 [INFO] PluginManager:213 - loadIPPluginJar : add ipddr
2022-10-14 17:29:12,715 [INFO] IPUIPlugin:74 - create IPUIPlugin
2022-10-14 17:29:12,715 [INFO] PluginManager:213 - loadIPPluginJar : add linkedlist
2022-10-14 17:29:12,723 [INFO] IPUIPlugin:74 - create IPUIPlugin
2022-10-14 17:29:12,724 [INFO] PluginManager:213 - loadIPPluginJar : add lorawan
2022-10-14 17:29:12,727 [INFO] IPUIPlugin:74 - create IPUIPlugin
2022-10-14 17:29:12,728 [INFO] PluginManager:213 - loadIPPluginJar : add ltdc
2022-10-14 17:29:12,735 [INFO] IPUIPlugin:74 - create IPUIPlugin
2022-10-14 17:29:12,735 [INFO] PluginManager:213 - loadIPPluginJar : add mdma
2022-10-14 17:29:12,745 [INFO] IPUIPlugin:74 - create IPUIPlugin
2022-10-14 17:29:12,746 [INFO] PluginManager:213 - loadIPPluginJar : add nvic
2022-10-14 17:29:12,752 [INFO] IPUIPlugin:74 - create IPUIPlugin
2022-10-14 17:29:12,753 [INFO] PluginManager:213 - loadIPPluginJar : add opamp
2022-10-14 17:29:12,761 [INFO] IPUIPlugin:74 - create IPUIPlugin
2022-10-14 17:29:12,762 [INFO] PluginManager:213 - loadIPPluginJar : add openamp
2022-10-14 17:29:12,770 [INFO] IPUIPlugin:74 - create IPUIPlugin
2022-10-14 17:29:12,771 [INFO] PluginManager:213 - loadIPPluginJar : add pdm2pcm
2022-10-14 17:29:12,792 [INFO] IPUIPlugin:74 - create IPUIPlugin
2022-10-14 17:29:12,804 [INFO] PluginManager:213 - loadIPPluginJar : add plateformsettings
2022-10-14 17:29:12,809 [INFO] IPUIPlugin:74 - create IPUIPlugin
2022-10-14 17:29:12,810 [INFO] PluginManager:213 - loadIPPluginJar : add quadspi
2022-10-14 17:29:12,817 [INFO] IPUIPlugin:74 - create IPUIPlugin
2022-10-14 17:29:12,818 [INFO] PluginManager:213 - loadIPPluginJar : add resmgrutility
2022-10-14 17:29:12,824 [INFO] IPUIPlugin:74 - create IPUIPlugin
2022-10-14 17:29:12,825 [INFO] PluginManager:213 - loadIPPluginJar : add sai
2022-10-14 17:29:12,833 [INFO] IPUIPlugin:74 - create IPUIPlugin
2022-10-14 17:29:12,834 [INFO] PluginManager:213 - loadIPPluginJar : add spi
2022-10-14 17:29:12,845 [INFO] IPUIPlugin:74 - create IPUIPlugin
2022-10-14 17:29:12,846 [INFO] PluginManager:213 - loadIPPluginJar : add stm32_wpan
2022-10-14 17:29:12,850 [INFO] IPUIPlugin:74 - create IPUIPlugin
2022-10-14 17:29:12,850 [INFO] PluginManager:213 - loadIPPluginJar : add tim
2022-10-14 17:29:12,859 [INFO] IPUIPlugin:74 - create IPUIPlugin
2022-10-14 17:29:12,859 [INFO] PluginManager:213 - loadIPPluginJar : add touchsensing
2022-10-14 17:29:12,863 [INFO] IPUIPlugin:74 - create IPUIPlugin
2022-10-14 17:29:12,864 [INFO] PluginManager:213 - loadIPPluginJar : add tracer_emb
2022-10-14 17:29:12,869 [INFO] IPUIPlugin:74 - create IPUIPlugin
2022-10-14 17:29:12,870 [INFO] PluginManager:213 - loadIPPluginJar : add ts
2022-10-14 17:29:12,873 [INFO] IPUIPlugin:74 - create IPUIPlugin
2022-10-14 17:29:12,874 [INFO] PluginManager:213 - loadIPPluginJar : add tsc
2022-10-14 17:29:12,879 [INFO] IPUIPlugin:74 - create IPUIPlugin
2022-10-14 17:29:12,879 [INFO] PluginManager:213 - loadIPPluginJar : add ucpd
2022-10-14 17:29:12,921 [INFO] IPUIPlugin:74 - create IPUIPlugin
2022-10-14 17:29:12,922 [INFO] PluginManager:213 - loadIPPluginJar : add usart
2022-10-14 17:29:12,933 [INFO] IPUIPlugin:74 - create IPUIPlugin
2022-10-14 17:29:12,933 [INFO] PluginManager:213 - loadIPPluginJar : add usbx
2022-10-14 17:29:13,593 [FATAL] Updater:294 - Updater called before beeing initialized
2022-10-14 17:29:13,879 [FATAL] Updater:294 - Updater called before beeing initialized
2022-10-14 17:29:13,889 [INFO] DbMcusAds:47 - JSON generation date=Thu Sep 30 13:55:09 ICT 2021 (1632984909247)
2022-10-14 17:29:13,890 [FATAL] Updater:294 - Updater called before beeing initialized
2022-10-14 17:29:13,972 [WARN] DetailPanel:314 - Failed to get advertising image, set to default
2022-10-14 17:29:14,191 [FATAL] Updater:294 - Updater called before beeing initialized
2022-10-14 17:29:14,195 [FATAL] Updater:294 - Updater called before beeing initialized
2022-10-14 17:29:14,195 [FATAL] Updater:294 - Updater called before beeing initialized
2022-10-14 17:29:14,195 [WARN] DetailPanel:314 - Failed to get advertising image, set to default
2022-10-14 17:29:14,197 [FATAL] Updater:294 - Updater called before beeing initialized
2022-10-14 17:29:14,319 [ERROR] Updater:1075 - MainUpdater not yet initialized. External WinMGr cannot be set.
2022-10-14 17:29:14,326 [INFO] Updater:1012 - Updater Version found : 6.3.0
2022-10-14 17:29:14,332 [INFO] ThirdPartyUpdaterWithRetryManager:66 - Updater plugin not ready yet. [2/15]
2022-10-14 17:29:14,361 [INFO] ApplicationProperties:181 - Using Application install path: C:\ST\STM32CubeIDE_1.7.0\STM32CubeIDE\plugins\com.st.stm32cube.common.mx_6.3.0.202107141111
2022-10-14 17:29:14,896 [INFO] MainUpdater:2671 - connection check result : 10
2022-10-14 17:29:14,897 [INFO] MainUpdater:265 - Updater Check For Update Now.
2022-10-14 17:29:14,897 [INFO] MicroXplorer:478 - Change Database Version : DB.6.0.30
2022-10-14 17:29:15,097 [INFO] CheckServerUpdateThread:112 - End of CheckServer Thread
2022-10-14 17:29:15,138 [INFO] MainUpdater:2671 - connection check result : 10
2022-10-14 17:29:15,619 [INFO] McuFinderGlobals:52 - Set McuFinderConnectedMode to false
2022-10-14 17:29:15,818 [INFO] CrossSelectorPresenter:1330 - Cross Selector saved comparison directory: C:\Users\A.Tuan\.stmcufinder\plugins\mcufinder\mcu\cs_comparisons_mx
2022-10-14 17:29:15,833 [INFO] MultiScanPanel:197 - Auto-refresh data requested => check proxy status ongoing
2022-10-14 17:29:15,833 [INFO] MultiScanPanel:201 - Proxy status is invalid
2022-10-14 17:29:15,843 [INFO] FinderPluginLoader:87 - Searching for filters in installed packs
2022-10-14 17:29:15,846 [INFO] DbMcusXml:100 - Load MCU database from C:\ST\STM32CubeIDE_1.7.0\STM32CubeIDE\plugins\com.st.stm32cube.common.mx_6.3.0.202107141111\\db\/mcu/families.xml
2022-10-14 17:29:17,177 [INFO] DbMcusJson:93 - JSON generation date=Tue Nov 16 23:17:54 ICT 2021 (1637079474)
2022-10-14 17:29:17,672 [WARN] PackLoader:238 - Cannot read IP mode file for STMicroelectronics.X-CUBE-GNSS1.6.0.0
2022-10-14 17:29:17,750 [WARN] PackLoader:238 - Cannot read IP mode file for STMicroelectronics.X-CUBE-AZRTOS-F4.1.1.0
2022-10-14 17:29:17,828 [WARN] PackLoader:238 - Cannot read IP mode file for STMicroelectronics.X-CUBE-AZRTOS-F7.1.1.0
2022-10-14 17:29:17,848 [WARN] PackLoader:238 - Cannot read IP mode file for STMicroelectronics.X-CUBE-BLE1.6.2.3
2022-10-14 17:29:17,862 [WARN] PackLoader:238 - Cannot read IP mode file for STMicroelectronics.X-CUBE-NFC4.2.0.4
2022-10-14 17:29:17,887 [WARN] PackLoader:238 - Cannot read IP mode file for STMicroelectronics.X-CUBE-TOF1.3.1.0
2022-10-14 17:29:17,917 [WARN] PackLoader:238 - Cannot read IP mode file for wolfSSL.I-CUBE-wolfSSL.5.5.0
2022-10-14 17:29:17,931 [WARN] PackLoader:238 - Cannot read IP mode file for STMicroelectronics.X-CUBE-NFC7.1.0.0
2022-10-14 17:29:18,058 [WARN] PackLoader:238 - Cannot read IP mode file for STMicroelectronics.X-CUBE-MEMS1.9.3.0
2022-10-14 17:29:18,431 [WARN] PackLoader:238 - Cannot read IP mode file for STMicroelectronics.X-CUBE-AI.7.2.0
2022-10-14 17:29:18,444 [WARN] PackLoader:238 - Cannot read IP mode file for STMicroelectronics.X-CUBE-SFXS2LP1.4.0.0
2022-10-14 17:29:18,457 [WARN] PackLoader:238 - Cannot read IP mode file for STMicroelectronics.X-CUBE-BLE2.3.3.0
2022-10-14 17:29:18,481 [WARN] PackLoader:238 - Cannot read IP mode file for STMicroelectronics.X-CUBE-DISPLAY.2.2.0
2022-10-14 17:29:18,492 [WARN] PackLoader:238 - Cannot read IP mode file for STMicroelectronics.X-CUBE-ISPU.1.0.0
2022-10-14 17:29:18,507 [WARN] PackLoader:238 - Cannot read IP mode file for RoweBots.I-CUBE-UNISONRTOS.5.5.0-4
2022-10-14 17:29:18,569 [WARN] PackLoader:238 - Cannot read IP mode file for STMicroelectronics.X-CUBE-AZRTOS-H7.2.1.0
2022-10-14 17:29:18,570 [INFO] DbMcus:175 - Found 1951 MCUs (1903 are supported by CubeMX, 1914 are visible in CubeMX)
2022-10-14 17:29:18,571 [INFO] ApiDb:251 - Load user favorites file C:\Users\A.Tuan/.stm32cubeide/favorites.mcus.txt: 0 item(s)
2022-10-14 17:29:18,571 [INFO] ApiDb:255 - User favorites MCUs=[]
2022-10-14 17:29:18,571 [INFO] DbMcus:187 - Set 0 / 0 favorites MCUs
2022-10-14 17:29:18,593 [WARN] PackLoader:238 - Cannot read IP mode file for STMicroelectronics.X-CUBE-BLEMGR.1.0.0
2022-10-14 17:29:18,608 [WARN] PackLoader:238 - Cannot read IP mode file for STMicroelectronics.X-CUBE-ALGOBUILD.1.3.0
2022-10-14 17:29:18,637 [WARN] PackLoader:238 - Cannot read IP mode file for STMicroelectronics.X-CUBE-AZRTOS-G0.1.1.0
2022-10-14 17:29:18,658 [WARN] PackLoader:238 - Cannot read IP mode file for STMicroelectronics.X-CUBE-SUBG2.5.0.0
2022-10-14 17:29:18,732 [WARN] PackLoader:238 - Cannot read IP mode file for SEGGER.I-CUBE-embOS.1.2.0
2022-10-14 17:29:18,802 [WARN] PackLoader:238 - Cannot read IP mode file for STMicroelectronics.FP-ATR-ASTRA1.1.1.1
2022-10-14 17:29:18,829 [WARN] PackLoader:238 - Cannot read IP mode file for STMicroelectronics.X-CUBE-AZRTOS-G4.1.0.0
2022-10-14 17:29:18,868 [WARN] PackLoader:238 - Cannot read IP mode file for STMicroelectronics.X-CUBE-AZRTOS-L4.1.0.0
2022-10-14 17:29:18,885 [WARN] PackLoader:238 - Cannot read IP mode file for emotas.I-CUBE-CANOPEN.1.1.2
2022-10-14 17:29:18,893 [WARN] PackLoader:238 - Cannot read IP mode file for STMicroelectronics.X-CUBE-TOUCHGFX.4.20.0
2022-10-14 17:29:18,926 [WARN] PackLoader:238 - Cannot read IP mode file for STMicroelectronics.X-CUBE-AZRTOS-WL.1.0.0
2022-10-14 17:29:18,942 [WARN] PackLoader:238 - Cannot read IP mode file for portGmbH.I-Cube-SoM-uGOAL.1.1.0
2022-10-14 17:29:18,951 [WARN] PackLoader:238 - Cannot read IP mode file for STMicroelectronics.X-CUBE-ALS.1.0.1
2022-10-14 17:29:18,989 [WARN] PackLoader:238 - Cannot read IP mode file for STMicroelectronics.X-CUBE-AZRTOS-L5.1.0.0
2022-10-14 17:29:19,002 [WARN] PackLoader:238 - Cannot read IP mode file for STMicroelectronics.X-CUBE-EEPRMA1.3.1.1
2022-10-14 17:29:19,004 [INFO] ThirdParty:915 - Integrity check success = true
2022-10-14 17:29:19,005 [INFO] IntegrityCheckThread:94 - exiting critical section [integrity check]
2022-10-14 17:29:19,005 [INFO] IntegrityCheckThread:97 - End integrity checks thread
2022-10-14 17:29:19,317 [INFO] DetailPanel:309 - Set advertising image to C:/Users/A.Tuan/STM32Cube/Repository/\en.Prom_NBSTM32U50921.jpg
2022-10-14 17:29:19,797 [INFO] DbBoardsPdsc:90 - Found 25 items
2022-10-14 17:29:19,800 [INFO] DbBoardsPdsc:90 - Found 9 items
2022-10-14 17:29:19,808 [INFO] DbBoardsPdsc:90 - Found 33 items
2022-10-14 17:29:19,810 [INFO] DbBoardsPdsc:90 - Found 1 items
2022-10-14 17:29:19,823 [INFO] DbBoardsPdsc:90 - Found 48 items
2022-10-14 17:29:19,841 [INFO] DbBoardsPdsc:90 - Found 43 items
2022-10-14 17:29:19,843 [INFO] DbBoardsPdsc:90 - Found 2 items
2022-10-14 17:29:19,846 [INFO] DbBoardsPdsc:90 - Found 5 items
2022-10-14 17:29:19,854 [WARN] DbBoardsPdsc:254 - Board STM32H7B3I-DK: unknown feature type=Audio, name=, username=Audio stereo codec with Headphone Amp (CS42L51-CNZ), n=1
2022-10-14 17:29:19,855 [WARN] DbBoardsPdsc:254 - Board STM32H735G-DK: unknown feature type=Audio, name=, username=Audio stereo codec with Headphone Amp (WM8994ECS/R), n=1
2022-10-14 17:29:19,857 [WARN] DbBoardsPdsc:254 - Board STM32H7B3I-EVAL: unknown feature type=Audio, name=, username=Multi-Channel Audio Codec (CS42L51-CNZ), n=1
2022-10-14 17:29:19,858 [WARN] DbBoardsPdsc:254 - Board STM32H7B3I-EVAL: unknown feature type=Meter, name=, username=Power-metering and Temperature-monitoring with sigma-delta modulators, n=1
2022-10-14 17:29:19,858 [WARN] DbBoardsPdsc:254 - Board STM32H7B3I-EVAL: unknown feature type=Motor, name=, username=Motor Control, n=1
2022-10-14 17:29:19,859 [WARN] DbBoardsPdsc:254 - Board STM32U575I-EV: unknown feature type=joystick, name=, username=4-direction joystick with selection button, n=1
2022-10-14 17:29:19,884 [INFO] DbBoardsJson:86 - JSON generation date=Tue Nov 16 23:17:54 ICT 2021 (1637079474)
2022-10-14 17:29:19,891 [INFO] DbBoards:117 - Found 167 boards (163 are supported by CubeMX)
2022-10-14 17:29:19,895 [INFO] DbBoardsDocs:143 - JSON generation date=Tue Nov 16 23:17:54 ICT 2021 (1637079474)
2022-10-14 17:29:19,899 [INFO] DbBoardsDocs:79 - Found 209 boards documents
2022-10-14 17:29:19,899 [WARN] DbBoards:127 - board B-L475E-IOT01A2 has no document id list !
2022-10-14 17:29:19,902 [WARN] DbBoards:127 - board NUCLEO-H743ZI has no document id list !
2022-10-14 17:29:19,905 [WARN] DbBoards:127 - board NUCLEO-WL55JC2 has no document id list !
2022-10-14 17:29:19,905 [WARN] DbBoards:127 - board P-NUCLEO-WB55-Nucleo has no document id list !
2022-10-14 17:29:19,906 [WARN] DbBoards:127 - board P-NUCLEO-WB55-USBDongle has no document id list !
2022-10-14 17:29:19,906 [WARN] DbBoards:127 - board STEVAL-BFA001V1B has no document id list !
2022-10-14 17:29:19,906 [WARN] DbBoards:127 - board STEVAL-BFA001V2B has no document id list !
2022-10-14 17:29:19,906 [WARN] DbBoards:127 - board STEVAL-IDP005V1 has no document id list !
2022-10-14 17:29:19,906 [WARN] DbBoards:127 - board STEVAL-IDP005V2 has no document id list !
2022-10-14 17:29:19,906 [WARN] DbBoards:127 - board STEVAL-MKSBOX1V1 has no document id list !
2022-10-14 17:29:19,906 [WARN] DbBoards:127 - board STEVAL-STWINKT1 has no document id list !
2022-10-14 17:29:19,906 [WARN] DbBoards:127 - board STEVAL-STWINKT1B has no document id list !
2022-10-14 17:29:19,906 [WARN] DbBoards:127 - board STM32439I-EVAL2 has no document id list !
2022-10-14 17:29:19,907 [WARN] DbBoards:127 - board STM32F401C-DISCO has no document id list !
2022-10-14 17:29:19,907 [WARN] DbBoards:127 - board STM32F769I-DISC1 has no document id list !
2022-10-14 17:29:19,908 [WARN] DbBoards:127 - board STM32G474E-EVAL1 has no document id list !
2022-10-14 17:29:19,908 [WARN] DbBoards:127 - board STM32H743I-EVAL2 has no document id list !
2022-10-14 17:29:19,908 [WARN] DbBoards:127 - board STM32H747I-DISC1 has no document id list !
2022-10-14 17:29:19,909 [WARN] DbBoards:127 - board STM32H753I-EVAL2 has no document id list !
2022-10-14 17:29:19,909 [WARN] DbBoards:127 - board STM32L-DISCOVERY has no document id list !
2022-10-14 17:29:20,086 [ERROR] DbBoards:189 - Image file not found for board B-U585I-IOT02A: C:\ST\STM32CubeIDE_1.7.0\STM32CubeIDE\plugins\com.st.stm32cube.common.mx_6.3.0.202107141111\\db\/plugins/mcufinder/images/boards/B-U585I-IOT02A_small.jpg
2022-10-14 17:29:20,232 [ERROR] DbBoards:189 - Image file not found for board NUCLEO-F413ZH: C:\ST\STM32CubeIDE_1.7.0\STM32CubeIDE\plugins\com.st.stm32cube.common.mx_6.3.0.202107141111\\db\/plugins/mcufinder/images/boards/nucleo-f413zh_small.jpg
2022-10-14 17:29:20,498 [ERROR] DbBoards:189 - Image file not found for board NUCLEO-L552ZE-Q: C:\ST\STM32CubeIDE_1.7.0\STM32CubeIDE\plugins\com.st.stm32cube.common.mx_6.3.0.202107141111\\db\/plugins/mcufinder/images/boards/nucleo_l552ze_q_small.jpg
2022-10-14 17:29:20,498 [ERROR] DbBoards:189 - Image file not found for board NUCLEO-U575ZI-Q: C:\ST\STM32CubeIDE_1.7.0\STM32CubeIDE\plugins\com.st.stm32cube.common.mx_6.3.0.202107141111\\db\/plugins/mcufinder/images/boards/nucleo-u575zi-q_small.jpg
2022-10-14 17:29:20,498 [ERROR] DbBoards:189 - Image file not found for board NUCLEO-WB15CC: C:\ST\STM32CubeIDE_1.7.0\STM32CubeIDE\plugins\com.st.stm32cube.common.mx_6.3.0.202107141111\\db\/plugins/mcufinder/images/boards/nucleo-wb15cc_small.jpg
2022-10-14 17:29:20,499 [ERROR] DbBoards:189 - Image file not found for board NUCLEO-WB55RG: C:\ST\STM32CubeIDE_1.7.0\STM32CubeIDE\plugins\com.st.stm32cube.common.mx_6.3.0.202107141111\\db\/plugins/mcufinder/images/boards/nucleo-wb55rg_small.jpg
2022-10-14 17:29:22,210 [INFO] ApiDb:251 - Load user favorites file C:\Users\A.Tuan/.stm32cubeide/favorites.boards.txt: 0 item(s)
2022-10-14 17:29:22,210 [INFO] ApiDb:255 - User favorites Boards=[]
2022-10-14 17:29:22,210 [INFO] DbBoards:206 - Set 0 / 0 favorites Boards
2022-10-14 17:30:57,989 [INFO] DbMcusDocs:143 - JSON generation date=Tue Nov 16 23:17:54 ICT 2021 (1637079474)
2022-10-14 17:30:58,318 [INFO] DbMcusDocs:79 - Found 682 MCUs documents
2022-10-14 17:31:09,243 [INFO] MainUpdater:2671 - connection check result : 10
2022-10-14 17:31:09,244 [INFO] MainUpdater:2671 - connection check result : 10
2022-10-14 17:31:09,281 [INFO] MicroXplorer:448 - Change Database Path : 
2022-10-14 17:31:09,281 [INFO] MicroXplorer:478 - Change Database Version : DB.6.0.30
2022-10-14 17:31:09,282 [WARN] ThirdParty:813 - waiting for thirdparty lock release [close project]
2022-10-14 17:31:09,282 [INFO] ThirdParty:815 - entering critical section [close project]
2022-10-14 17:31:09,283 [INFO] ThirdParty:825 - exiting critical section [close project]
2022-10-14 17:31:09,288 [INFO] PinOutPanel:1463 - setPackage(No Configuration,No Configuration)
2022-10-14 17:31:09,289 [INFO] UtilMem:74 - Begin LoadConfig() Used Memory: 572195800 Bytes (677380096)
2022-10-14 17:31:09,290 [INFO] MicroXplorer:448 - Change Database Path : 
2022-10-14 17:31:09,290 [INFO] MicroXplorer:478 - Change Database Version : DB.6.0.30
2022-10-14 17:31:09,290 [INFO] OpenFileManager:313 - Change cursor
2022-10-14 17:31:10,146 [INFO] Context:592 - Trying to add GPIOservice into a context  which must be forbidden
2022-10-14 17:31:10,391 [INFO] ImportTextPane:167 - (OptionalMessage_ERROR) Unable to find key (Mcu.ThirdPartyNb) in loaded IOC file
2022-10-14 17:31:10,391 [INFO] ImportTextPane:167 - (OptionalMessage_ERROR) Unable to find key (Mcu.PinsNb) in loaded IOC file
2022-10-14 17:31:10,391 [INFO] ImportTextPane:167 - (OptionalMessage_ERROR) Unable to find key (Mcu.IPNb) in loaded IOC file
2022-10-14 17:31:10,451 [WARN] ApiManager:304 - Cannot register API 'Board Extension:GNSS1A1' from pack STMicroelectronics.X-CUBE-GNSS1.6.0.0: no header file found
2022-10-14 17:31:10,451 [WARN] ApiManager:304 - Cannot register API 'Board Support:Custom' from pack STMicroelectronics.X-CUBE-GNSS1.6.0.0: no header file found
2022-10-14 17:31:10,451 [WARN] ApiManager:304 - Cannot register API 'Data Exchange:lib_gnss' from pack STMicroelectronics.X-CUBE-GNSS1.6.0.0: no header file found
2022-10-14 17:31:10,463 [WARN] ModelIntegratedComponent:60 - No mode defined for component null
2022-10-14 17:31:10,463 [WARN] ModelIntegratedComponent:60 - No mode defined for component null
2022-10-14 17:31:10,463 [WARN] ModelIntegratedComponent:60 - No mode defined for component null
2022-10-14 17:31:10,463 [WARN] ModelIntegratedComponent:60 - No mode defined for component null
2022-10-14 17:31:10,463 [WARN] ModelIntegratedComponent:60 - No mode defined for component null
2022-10-14 17:31:10,463 [WARN] ModelIntegratedComponent:60 - No mode defined for component null
2022-10-14 17:31:10,463 [WARN] ModelIntegratedComponent:60 - No mode defined for component null
2022-10-14 17:31:10,463 [WARN] ModelIntegratedComponent:60 - No mode defined for component null
2022-10-14 17:31:10,463 [WARN] ModelIntegratedComponent:60 - No mode defined for component null
2022-10-14 17:31:10,463 [WARN] ModelIntegratedComponent:60 - No mode defined for component null
2022-10-14 17:31:10,464 [WARN] ModelIntegratedComponent:60 - No mode defined for component null
2022-10-14 17:31:10,464 [WARN] ModelIntegratedComponent:60 - No mode defined for component null
2022-10-14 17:31:10,464 [WARN] ModelIntegratedComponent:60 - No mode defined for component null
2022-10-14 17:31:10,464 [WARN] ModelIntegratedComponent:60 - No mode defined for component null
2022-10-14 17:31:10,464 [WARN] ModelIntegratedComponent:60 - No mode defined for component null
2022-10-14 17:31:10,464 [WARN] ModelIntegratedComponent:60 - No mode defined for component null
2022-10-14 17:31:10,464 [WARN] ModelIntegratedComponent:60 - No mode defined for component null
2022-10-14 17:31:10,464 [WARN] ModelIntegratedComponent:60 - No mode defined for component null
2022-10-14 17:31:10,464 [WARN] ModelIntegratedComponent:60 - No mode defined for component null
2022-10-14 17:31:10,464 [WARN] ModelIntegratedComponent:60 - No mode defined for component null
2022-10-14 17:31:10,464 [WARN] ModelIntegratedComponent:60 - No mode defined for component null
2022-10-14 17:31:10,464 [WARN] ModelIntegratedComponent:60 - No mode defined for component null
2022-10-14 17:31:10,464 [WARN] ModelIntegratedComponent:60 - No mode defined for component null
2022-10-14 17:31:10,465 [WARN] ModelIntegratedComponent:60 - No mode defined for component null
2022-10-14 17:31:10,465 [WARN] ModelIntegratedComponent:60 - No mode defined for component null
2022-10-14 17:31:10,465 [WARN] ModelIntegratedComponent:60 - No mode defined for component null
2022-10-14 17:31:10,465 [WARN] ModelIntegratedComponent:60 - No mode defined for component null
2022-10-14 17:31:10,465 [WARN] ModelIntegratedComponent:60 - No mode defined for component null
2022-10-14 17:31:10,465 [WARN] ModelIntegratedComponent:60 - No mode defined for component null
2022-10-14 17:31:10,465 [WARN] ModelIntegratedComponent:60 - No mode defined for component null
2022-10-14 17:31:10,465 [WARN] ModelIntegratedComponent:60 - No mode defined for component null
2022-10-14 17:31:10,467 [WARN] ApiManager:304 - Cannot register API 'Board Extension:NFC07A1' from pack STMicroelectronics.X-CUBE-NFC7.1.0.0: no header file found
2022-10-14 17:31:10,627 [WARN] ApiManager:304 - Cannot register API 'Board Extension:IKS01A3' from pack STMicroelectronics.X-CUBE-MEMS1.9.3.0: no header file found
2022-10-14 17:31:10,627 [WARN] ApiManager:304 - Cannot register API 'Board Extension:IKS01A2' from pack STMicroelectronics.X-CUBE-MEMS1.9.3.0: no header file found
2022-10-14 17:31:10,627 [WARN] ApiManager:304 - Cannot register API 'Board Extension:IKS02A1' from pack STMicroelectronics.X-CUBE-MEMS1.9.3.0: no header file found
2022-10-14 17:31:10,637 [WARN] ApiManager:304 - Cannot register API 'Wireless:BlueNRG-MS' from pack STMicroelectronics.X-CUBE-BLE1.6.2.3: no header file found
2022-10-14 17:31:10,640 [INFO] RtosManager:484 - Registered RTOS mode: class=CMSIS, group=RTOS, mode=CMSIS_V1, owner=FREERTOS
2022-10-14 17:31:10,640 [INFO] RtosManager:484 - Registered RTOS mode: class=CMSIS, group=RTOS2, mode=CMSIS_V2, owner=FREERTOS
2022-10-14 17:31:10,640 [INFO] RtosManager:484 - Registered RTOS mode: class=RTOS, group=Core, mode=CMSIS_V1, owner=FREERTOS
2022-10-14 17:31:10,640 [INFO] RtosManager:484 - Registered RTOS mode: class=RTOS, group=Core, mode=CMSIS_V2, owner=FREERTOS
2022-10-14 17:31:10,640 [WARN] ModelIntegratedComponent:181 - Missing modes for component STMicroelectronics:FreeRTOS:0.0.1:STMicroelectronics:RTOS:FreeRTOS:Core:::10.2.0:
2022-10-14 17:31:10,646 [WARN] ApiManager:304 - Cannot register API 'Board Extension:S2868A1' from pack STMicroelectronics.X-CUBE-SUBG2.5.0.0: no header file found
2022-10-14 17:31:10,646 [WARN] ApiManager:304 - Cannot register API 'Board Extension:S2868A2' from pack STMicroelectronics.X-CUBE-SUBG2.5.0.0: no header file found
2022-10-14 17:31:10,646 [WARN] ApiManager:304 - Cannot register API 'Board Extension:S2915A1' from pack STMicroelectronics.X-CUBE-SUBG2.5.0.0: no header file found
2022-10-14 17:31:10,650 [WARN] ApiManager:304 - Cannot register API 'Board Extension:EEPRMA1' from pack STMicroelectronics.X-CUBE-EEPRMA1.3.1.1: no header file found
2022-10-14 17:31:10,650 [WARN] ApiManager:304 - Cannot register API 'Board Extension:EEPRMA2' from pack STMicroelectronics.X-CUBE-EEPRMA1.3.1.1: no header file found
2022-10-14 17:31:10,651 [WARN] ApiManager:304 - Cannot register API 'Board Extension:S2868A1' from pack STMicroelectronics.X-CUBE-SFXS2LP1.4.0.0: no header file found
2022-10-14 17:31:10,651 [WARN] ApiManager:304 - Cannot register API 'Board Extension:S2868A2' from pack STMicroelectronics.X-CUBE-SFXS2LP1.4.0.0: no header file found
2022-10-14 17:31:10,651 [WARN] ApiManager:304 - Cannot register API 'Board Extension:S2915A1' from pack STMicroelectronics.X-CUBE-SFXS2LP1.4.0.0: no header file found
2022-10-14 17:31:10,651 [WARN] ApiManager:304 - Cannot register API 'Wireless:BlueNRG-2' from pack STMicroelectronics.X-CUBE-BLE2.3.3.0: no header file found
2022-10-14 17:31:10,652 [WARN] ApiManager:304 - Cannot register API 'Board Extension:NFC04A1' from pack STMicroelectronics.X-CUBE-NFC4.2.0.4: no header file found
2022-10-14 17:31:12,218 [INFO] UtilMem:74 - End LoadConfig() Used Memory: 550162672 Bytes (677380096)
2022-10-14 17:31:12,221 [WARN] ThirdParty:779 - waiting for thirdparty lock release [change project]
2022-10-14 17:31:12,221 [INFO] ThirdParty:781 - entering critical section [change project]
2022-10-14 17:31:12,221 [INFO] ThirdParty:967 - CMSIS Pack Vendor :RoweBots I-CUBE-UNISONRTOS 5.5.0-4
2022-10-14 17:31:12,221 [INFO] ThirdParty:967 - CMSIS Pack Vendor :STMicroelectronics X-CUBE-GNSS1 6.0.0
2022-10-14 17:31:12,221 [INFO] ThirdParty:967 - CMSIS Pack Vendor :STMicroelectronics X-CUBE-AZRTOS-H7 2.1.0
2022-10-14 17:31:12,221 [INFO] ThirdParty:967 - CMSIS Pack Vendor :STMicroelectronics USB_HOST 2.0.0
2022-10-14 17:31:12,221 [INFO] ThirdParty:967 - CMSIS Pack Vendor :STMicroelectronics X-CUBE-AZRTOS-F4 1.1.0
2022-10-14 17:31:12,221 [INFO] ThirdParty:967 - CMSIS Pack Vendor :STMicroelectronics X-CUBE-AZRTOS-G4 1.0.0
2022-10-14 17:31:12,221 [INFO] ThirdParty:967 - CMSIS Pack Vendor :STMicroelectronics X-CUBE-AZRTOS-L4 1.0.0
2022-10-14 17:31:12,221 [INFO] ThirdParty:967 - CMSIS Pack Vendor :STMicroelectronics USB_DEVICE 3.0.0
2022-10-14 17:31:12,221 [INFO] ThirdParty:967 - CMSIS Pack Vendor :wolfSSL I-CUBE-wolfSSL 5.5.0
2022-10-14 17:31:12,221 [INFO] ThirdParty:967 - CMSIS Pack Vendor :STMicroelectronics HAL Drivers 0.0.0
2022-10-14 17:31:12,221 [INFO] ThirdParty:967 - CMSIS Pack Vendor :STMicroelectronics MBEDTLS 2.16.2
2022-10-14 17:31:12,221 [INFO] ThirdParty:967 - CMSIS Pack Vendor :emotas I-CUBE-CANOPEN 1.1.2
2022-10-14 17:31:12,222 [INFO] ThirdParty:967 - CMSIS Pack Vendor :STMicroelectronics X-CUBE-TOUCHGFX 4.20.0
2022-10-14 17:31:12,222 [INFO] ThirdParty:967 - CMSIS Pack Vendor :STMicroelectronics MBEDTLS 2.14.1
2022-10-14 17:31:12,222 [INFO] ThirdParty:967 - CMSIS Pack Vendor :STMicroelectronics X-CUBE-NFC7 1.0.0
2022-10-14 17:31:12,222 [INFO] ThirdParty:967 - CMSIS Pack Vendor :STMicroelectronics X-CUBE-BLEMGR 1.0.0
2022-10-14 17:31:12,222 [INFO] ThirdParty:967 - CMSIS Pack Vendor :STMicroelectronics X-CUBE-AZRTOS-WL 1.0.0
2022-10-14 17:31:12,222 [INFO] ThirdParty:967 - CMSIS Pack Vendor :STMicroelectronics X-CUBE-AZRTOS-F7 1.1.0
2022-10-14 17:31:12,222 [INFO] ThirdParty:967 - CMSIS Pack Vendor :STMicroelectronics X-CUBE-MEMS1 9.3.0
2022-10-14 17:31:12,222 [INFO] ThirdParty:967 - CMSIS Pack Vendor :portGmbH I-Cube-SoM-uGOAL 1.1.0
2022-10-14 17:31:12,222 [INFO] ThirdParty:967 - CMSIS Pack Vendor :STMicroelectronics X-CUBE-ALS 1.0.1
2022-10-14 17:31:12,222 [INFO] ThirdParty:967 - CMSIS Pack Vendor :STMicroelectronics USB_DEVICE 2.0.0
2022-10-14 17:31:12,222 [INFO] ThirdParty:967 - CMSIS Pack Vendor :STMicroelectronics X-CUBE-AI 7.2.0
2022-10-14 17:31:12,222 [INFO] ThirdParty:967 - CMSIS Pack Vendor :STMicroelectronics X-CUBE-BLE1 6.2.3
2022-10-14 17:31:12,222 [INFO] ThirdParty:967 - CMSIS Pack Vendor :STMicroelectronics X-CUBE-ALGOBUILD 1.3.0
2022-10-14 17:31:12,222 [INFO] ThirdParty:967 - CMSIS Pack Vendor :STMicroelectronics X-CUBE-AZRTOS-L5 1.0.0
2022-10-14 17:31:12,223 [INFO] ThirdParty:967 - CMSIS Pack Vendor :STMicroelectronics FreeRTOS 0.0.1
2022-10-14 17:31:12,223 [INFO] ThirdParty:967 - CMSIS Pack Vendor :STMicroelectronics X-CUBE-AZRTOS-G0 1.1.0
2022-10-14 17:31:12,223 [INFO] ThirdParty:967 - CMSIS Pack Vendor :STMicroelectronics USB_DEVICE 1.0.0
2022-10-14 17:31:12,223 [INFO] ThirdParty:967 - CMSIS Pack Vendor :STMicroelectronics X-CUBE-SUBG2 5.0.0
2022-10-14 17:31:12,223 [INFO] ThirdParty:967 - CMSIS Pack Vendor :SEGGER I-CUBE-embOS 1.2.0
2022-10-14 17:31:12,223 [INFO] ThirdParty:967 - CMSIS Pack Vendor :STMicroelectronics X-CUBE-EEPRMA1 3.1.1
2022-10-14 17:31:12,223 [INFO] ThirdParty:967 - CMSIS Pack Vendor :STMicroelectronics ThreadX 0.0.2
2022-10-14 17:31:12,223 [INFO] ThirdParty:967 - CMSIS Pack Vendor :STMicroelectronics lwIP 2.0.3
2022-10-14 17:31:12,223 [INFO] ThirdParty:967 - CMSIS Pack Vendor :STMicroelectronics lwIP 2.1.2
2022-10-14 17:31:12,223 [INFO] ThirdParty:967 - CMSIS Pack Vendor :STMicroelectronics X-CUBE-SFXS2LP1 4.0.0
2022-10-14 17:31:12,223 [INFO] ThirdParty:967 - CMSIS Pack Vendor :STMicroelectronics X-CUBE-BLE2 3.3.0
2022-10-14 17:31:12,223 [INFO] ThirdParty:967 - CMSIS Pack Vendor :STMicroelectronics X-CUBE-NFC4 2.0.4
2022-10-14 17:31:12,223 [INFO] ThirdParty:967 - CMSIS Pack Vendor :STMicroelectronics USB_HOST 1.0.0
2022-10-14 17:31:12,223 [INFO] ThirdParty:967 - CMSIS Pack Vendor :STMicroelectronics X-CUBE-DISPLAY 2.2.0
2022-10-14 17:31:12,223 [INFO] ThirdParty:967 - CMSIS Pack Vendor :STMicroelectronics PDM2PCM 3.1.0
2022-10-14 17:31:12,224 [INFO] ThirdParty:967 - CMSIS Pack Vendor :STMicroelectronics FP-ATR-ASTRA1 1.1.1
2022-10-14 17:31:12,224 [INFO] ThirdParty:967 - CMSIS Pack Vendor :STMicroelectronics PDM2PCM 3.2.0
2022-10-14 17:31:12,224 [INFO] ThirdParty:967 - CMSIS Pack Vendor :STMicroelectronics PDM2PCM 3.3.0
2022-10-14 17:31:12,224 [INFO] ThirdParty:967 - CMSIS Pack Vendor :STMicroelectronics X-CUBE-TOF1 3.1.0
2022-10-14 17:31:12,224 [INFO] ThirdParty:967 - CMSIS Pack Vendor :STMicroelectronics X-CUBE-ISPU 1.0.0
2022-10-14 17:31:12,224 [INFO] ThirdParty:787 - exiting critical section [change project]
2022-10-14 17:31:12,515 [INFO] PinOutPanel:1463 - setPackage(No Configuration,No Configuration)
2022-10-14 17:31:12,516 [INFO] PinOutPanel:1463 - setPackage(STM32F103C6Ux,UFQFPN48)
2022-10-14 17:31:12,925 [INFO] UtilMem:74 - Before build in PCC Used Memory: 589824664 Bytes (677380096)
2022-10-14 17:31:13,663 [INFO] UtilMem:74 - After build in PCC Used Memory: 592833288 Bytes (677380096)
2022-10-14 17:31:13,689 [INFO] IPUIPlugin:74 - create IPUIPlugin
2022-10-14 17:31:13,689 [INFO] IPUIPlugin:74 - create IPUIPlugin
2022-10-14 17:31:13,689 [INFO] IPUIPlugin:74 - create IPUIPlugin
2022-10-14 17:31:13,690 [INFO] IPUIPlugin:74 - create IPUIPlugin
2022-10-14 17:31:13,690 [INFO] IPUIPlugin:74 - create IPUIPlugin
2022-10-14 17:31:13,690 [INFO] IPUIPlugin:74 - create IPUIPlugin
2022-10-14 17:31:13,690 [INFO] IPUIPlugin:74 - create IPUIPlugin
2022-10-14 17:31:13,690 [INFO] IPUIPlugin:74 - create IPUIPlugin
2022-10-14 17:31:13,690 [INFO] IPUIPlugin:74 - create IPUIPlugin
2022-10-14 17:31:13,690 [INFO] IPUIPlugin:74 - create IPUIPlugin
2022-10-14 17:31:13,691 [INFO] IPUIPlugin:74 - create IPUIPlugin
2022-10-14 17:31:13,691 [INFO] IPUIPlugin:74 - create IPUIPlugin
2022-10-14 17:31:13,691 [INFO] IPUIPlugin:74 - create IPUIPlugin
2022-10-14 17:31:13,691 [INFO] IPUIPlugin:74 - create IPUIPlugin
2022-10-14 17:31:13,691 [INFO] IPUIPlugin:74 - create IPUIPlugin
2022-10-14 17:31:13,692 [INFO] IPUIPlugin:74 - create IPUIPlugin
2022-10-14 17:31:13,692 [INFO] IPUIPlugin:74 - create IPUIPlugin
2022-10-14 17:31:13,692 [INFO] IPUIPlugin:74 - create IPUIPlugin
2022-10-14 17:31:13,692 [INFO] IPUIPlugin:74 - create IPUIPlugin
2022-10-14 17:31:13,693 [INFO] IPUIPlugin:74 - create IPUIPlugin
2022-10-14 17:31:13,693 [INFO] IPUIPlugin:74 - create IPUIPlugin
2022-10-14 17:31:13,693 [INFO] IPUIPlugin:74 - create IPUIPlugin
2022-10-14 17:31:13,694 [INFO] IPUIPlugin:74 - create IPUIPlugin
2022-10-14 17:31:13,863 [INFO] OpenFileManager:333 - Restore cursor
2022-10-14 17:31:14,109 [INFO] UtilMem:74 - End SaveConfig() Used Memory: 564388576 Bytes (677380096)
2022-10-14 17:31:14,156 [INFO] UtilMem:74 - End SaveConfig() Used Memory: 576621264 Bytes (677380096)
2022-10-14 17:31:14,480 [INFO] BlockDiagram:2740 - set Specific Code input for plugin: NVIC
2022-10-14 17:31:14,480 [INFO] BlockDiagram:2740 - set Specific Code input for plugin: SYS
2022-10-14 17:31:14,480 [INFO] BlockDiagram:2740 - set Specific Code input for plugin: RCC
2022-10-14 17:31:14,482 [INFO] CodeGenerator:663 - code generatio: config db path: C:\ST\STM32CubeIDE_1.7.0\STM32CubeIDE\plugins\com.st.stm32cube.common.mx_6.3.0.202107141111\\db\
2022-10-14 17:31:14,769 [INFO] CodeEngine:239 - oldGeneratedFile, C:\GIT Projects\MCU TEST\Lab2\Ex7\STM\Lab2_Ex6\MXTmpFiles\license.tmp_save
2022-10-14 17:31:15,139 [INFO] CodeEngine:257 - Generated code: C:\GIT Projects\MCU TEST\Lab2\Ex7\STM\Lab2_Ex6\MXTmpFiles\license.tmp
2022-10-14 17:31:15,235 [INFO] CodeEngine:239 - oldGeneratedFile, C:\GIT Projects\MCU TEST\Lab2\Ex7\STM\Lab2_Ex6\Core\Src\stm32f1xx_it.c_save
2022-10-14 17:31:15,373 [INFO] CodeEngine:257 - Generated code: C:\GIT Projects\MCU TEST\Lab2\Ex7\STM\Lab2_Ex6\Core\Src\stm32f1xx_it.c
2022-10-14 17:31:15,377 [INFO] CodeEngine:239 - oldGeneratedFile, C:\GIT Projects\MCU TEST\Lab2\Ex7\STM\Lab2_Ex6\Core\Inc\stm32f1xx_it.h_save
2022-10-14 17:31:15,441 [INFO] CodeEngine:257 - Generated code: C:\GIT Projects\MCU TEST\Lab2\Ex7\STM\Lab2_Ex6\Core\Inc\stm32f1xx_it.h
2022-10-14 17:31:15,454 [INFO] CodeEngine:239 - oldGeneratedFile, C:\GIT Projects\MCU TEST\Lab2\Ex7\STM\Lab2_Ex6\Core\Src\stm32f1xx_hal_msp.c_save
2022-10-14 17:31:15,549 [INFO] CodeEngine:257 - Generated code: C:\GIT Projects\MCU TEST\Lab2\Ex7\STM\Lab2_Ex6\Core\Src\stm32f1xx_hal_msp.c
2022-10-14 17:31:15,553 [INFO] CodeEngine:239 - oldGeneratedFile, C:\GIT Projects\MCU TEST\Lab2\Ex7\STM\Lab2_Ex6\MXTmpFiles\system.tmp_save
2022-10-14 17:31:15,621 [INFO] CodeEngine:257 - Generated code: C:\GIT Projects\MCU TEST\Lab2\Ex7\STM\Lab2_Ex6\MXTmpFiles\system.tmp
2022-10-14 17:31:15,631 [INFO] CodeEngine:239 - oldGeneratedFile, C:\GIT Projects\MCU TEST\Lab2\Ex7\STM\Lab2_Ex6\Core\Inc\stm32f1xx_hal_conf.h_save
2022-10-14 17:31:15,736 [INFO] CodeEngine:257 - Generated code: C:\GIT Projects\MCU TEST\Lab2\Ex7\STM\Lab2_Ex6\Core\Inc\stm32f1xx_hal_conf.h
2022-10-14 17:31:15,771 [INFO] CodeEngine:239 - oldGeneratedFile, C:\GIT Projects\MCU TEST\Lab2\Ex7\STM\Lab2_Ex6\Core\Inc\main.h_save
2022-10-14 17:31:15,875 [INFO] CodeEngine:257 - Generated code: C:\GIT Projects\MCU TEST\Lab2\Ex7\STM\Lab2_Ex6\Core\Inc\main.h
2022-10-14 17:31:15,880 [INFO] CodeEngine:239 - oldGeneratedFile, C:\GIT Projects\MCU TEST\Lab2\Ex7\STM\Lab2_Ex6\Core\Src\main.c_save
2022-10-14 17:31:16,020 [INFO] CodeEngine:257 - Generated code: C:\GIT Projects\MCU TEST\Lab2\Ex7\STM\Lab2_Ex6\Core\Src\main.c
2022-10-14 17:31:16,891 [INFO] ProjectBuilder:2578 - Time for Copy HAL[1] : 134mS.
2022-10-14 17:31:16,897 [INFO] ProjectBuilder:3622 - Project Generator version: 3.14.1
2022-10-14 17:31:17,388 [INFO] ConfigFileManager:1271 - The Die is : DIE412
2022-10-14 17:31:17,424 [INFO] ApiDbMcu:468 - Load IP Config File for FATFS
2022-10-14 17:31:17,463 [INFO] ApiDbMcu:468 - Load IP Config File for FREERTOS
2022-10-14 17:31:17,490 [INFO] ApiDbMcu:468 - Load IP Config File for USB_DEVICE
2022-10-14 17:31:22,001 [INFO] ProjectBuilder:3789 - Time for Generating toolchain IDE Files: 5104mS.
2022-10-14 17:31:22,003 [INFO] ProjectBuilder:2457 - Time for Copy CMSIS : 1mS.
2022-10-14 17:31:22,007 [INFO] ProjectBuilder:2457 - Time for Copy CMSIS : 0mS.
2022-10-14 17:31:22,700 [INFO] McuFinderGlobals:52 - Set McuFinderConnectedMode to true
2022-10-14 17:31:22,702 [INFO] ApiDb:276 - Save user favorites file C:\Users\A.Tuan/.stm32cubeide/favorites.mcus.txt: 0 item(s)
2022-10-14 17:31:22,702 [INFO] ApiDb:280 - User favorites MCUs=[]
2022-10-14 17:33:27,727 [INFO] NvicIntPanel:96 - NVIC parent = com.st.microxplorer.plugins.ip.nvic.MultiNvicIntPanel[,0,0,450x190,layout=javax.swing.BoxLayout,alignmentX=0.0,alignmentY=0.0,border=,flags=9,maximumSize=,minimumSize=,preferredSize=]
2022-10-14 17:33:43,045 [INFO] NvicIntPanel:96 - NVIC parent = com.st.microxplorer.plugins.ip.nvic.MultiNvicIntPanel[,0,0,450x190,layout=javax.swing.BoxLayout,alignmentX=0.0,alignmentY=0.0,border=,flags=9,maximumSize=,minimumSize=,preferredSize=]
2022-10-14 17:33:50,918 [INFO] Gpio:254 - dependency for GPIO []
2022-10-14 17:34:01,650 [INFO] UtilMem:74 - End SaveConfig() Used Memory: 702174400 Bytes (950009856)
2022-10-14 17:34:02,428 [INFO] UtilMem:74 - End SaveConfig() Used Memory: 722691680 Bytes (950009856)
2022-10-14 17:34:04,438 [INFO] UtilMem:74 - End SaveConfig() Used Memory: 660470936 Bytes (950009856)
2022-10-14 17:34:04,740 [INFO] BlockDiagram:2740 - set Specific Code input for plugin: NVIC
2022-10-14 17:34:04,740 [INFO] BlockDiagram:2740 - set Specific Code input for plugin: SYS
2022-10-14 17:34:04,740 [INFO] BlockDiagram:2740 - set Specific Code input for plugin: GPIO
2022-10-14 17:34:04,740 [INFO] BlockDiagram:2740 - set Specific Code input for plugin: RCC
2022-10-14 17:34:04,740 [INFO] BlockDiagram:2740 - set Specific Code input for plugin: TIM1_8F1
2022-10-14 17:34:04,741 [INFO] CodeGenerator:663 - code generatio: config db path: C:\ST\STM32CubeIDE_1.7.0\STM32CubeIDE\plugins\com.st.stm32cube.common.mx_6.3.0.202107141111\\db\
2022-10-14 17:34:05,064 [INFO] CodeEngine:239 - oldGeneratedFile, C:\GIT Projects\MCU TEST\Lab2\Ex7\STM\Lab2_Ex6\MXTmpFiles\license.tmp_save
2022-10-14 17:34:05,131 [INFO] CodeEngine:257 - Generated code: C:\GIT Projects\MCU TEST\Lab2\Ex7\STM\Lab2_Ex6\MXTmpFiles\license.tmp
2022-10-14 17:34:05,198 [INFO] CodeEngine:239 - oldGeneratedFile, C:\GIT Projects\MCU TEST\Lab2\Ex7\STM\Lab2_Ex6\MXTmpFiles\gpio.tmp_save
2022-10-14 17:34:05,279 [INFO] CodeEngine:257 - Generated code: C:\GIT Projects\MCU TEST\Lab2\Ex7\STM\Lab2_Ex6\MXTmpFiles\gpio.tmp
2022-10-14 17:34:05,520 [INFO] CodeEngine:239 - oldGeneratedFile, C:\GIT Projects\MCU TEST\Lab2\Ex7\STM\Lab2_Ex6\Core\Src\stm32f1xx_it.c_save
2022-10-14 17:34:05,613 [INFO] CodeEngine:257 - Generated code: C:\GIT Projects\MCU TEST\Lab2\Ex7\STM\Lab2_Ex6\Core\Src\stm32f1xx_it.c
2022-10-14 17:34:05,618 [INFO] CodeEngine:239 - oldGeneratedFile, C:\GIT Projects\MCU TEST\Lab2\Ex7\STM\Lab2_Ex6\Core\Inc\stm32f1xx_it.h_save
2022-10-14 17:34:05,689 [INFO] CodeEngine:257 - Generated code: C:\GIT Projects\MCU TEST\Lab2\Ex7\STM\Lab2_Ex6\Core\Inc\stm32f1xx_it.h
2022-10-14 17:34:05,706 [INFO] CodeEngine:239 - oldGeneratedFile, C:\GIT Projects\MCU TEST\Lab2\Ex7\STM\Lab2_Ex6\Core\Src\stm32f1xx_hal_msp.c_save
2022-10-14 17:34:05,810 [INFO] CodeEngine:257 - Generated code: C:\GIT Projects\MCU TEST\Lab2\Ex7\STM\Lab2_Ex6\Core\Src\stm32f1xx_hal_msp.c
2022-10-14 17:34:05,814 [INFO] CodeEngine:239 - oldGeneratedFile, C:\GIT Projects\MCU TEST\Lab2\Ex7\STM\Lab2_Ex6\MXTmpFiles\system.tmp_save
2022-10-14 17:34:05,866 [INFO] CodeEngine:257 - Generated code: C:\GIT Projects\MCU TEST\Lab2\Ex7\STM\Lab2_Ex6\MXTmpFiles\system.tmp
2022-10-14 17:34:05,880 [INFO] CodeEngine:239 - oldGeneratedFile, C:\GIT Projects\MCU TEST\Lab2\Ex7\STM\Lab2_Ex6\Core\Inc\stm32f1xx_hal_conf.h_save
2022-10-14 17:34:05,961 [INFO] CodeEngine:257 - Generated code: C:\GIT Projects\MCU TEST\Lab2\Ex7\STM\Lab2_Ex6\Core\Inc\stm32f1xx_hal_conf.h
2022-10-14 17:34:05,978 [WARN] IPConfigManager:3148 - IP not found : TIM
2022-10-14 17:34:05,978 [WARN] CodeGenerator:3268 - IP not found : null
2022-10-14 17:34:05,991 [INFO] CodeEngine:239 - oldGeneratedFile, C:\GIT Projects\MCU TEST\Lab2\Ex7\STM\Lab2_Ex6\Core\Inc\main.h_save
2022-10-14 17:34:06,099 [INFO] CodeEngine:257 - Generated code: C:\GIT Projects\MCU TEST\Lab2\Ex7\STM\Lab2_Ex6\Core\Inc\main.h
2022-10-14 17:34:06,111 [INFO] CodeEngine:239 - oldGeneratedFile, C:\GIT Projects\MCU TEST\Lab2\Ex7\STM\Lab2_Ex6\Core\Src\main.c_save
2022-10-14 17:34:06,255 [INFO] CodeEngine:257 - Generated code: C:\GIT Projects\MCU TEST\Lab2\Ex7\STM\Lab2_Ex6\Core\Src\main.c
2022-10-14 17:34:07,138 [INFO] ProjectBuilder:2578 - Time for Copy HAL[1] : 129mS.
2022-10-14 17:34:07,144 [INFO] ProjectBuilder:3622 - Project Generator version: 3.14.1
2022-10-14 17:34:07,566 [INFO] ConfigFileManager:1271 - The Die is : DIE412
2022-10-14 17:34:09,590 [INFO] ProjectBuilder:3789 - Time for Generating toolchain IDE Files: 2446mS.
2022-10-14 17:34:09,592 [INFO] ProjectBuilder:2457 - Time for Copy CMSIS : 1mS.
2022-10-14 17:34:09,595 [INFO] ProjectBuilder:2457 - Time for Copy CMSIS : 1mS.
