2022-10-14 18:55:43,580 [INFO] Activator:177 - 


2022-10-14 18:55:43,582 [INFO] Activator:178 - !SESSION log4j initialized
2022-10-14 18:55:48,247 [INFO] McuFinderGlobals:39 - Set McuFinder mode to 2 (CubeIDE integrated)
2022-10-14 18:55:48,419 [INFO] ApplicationProperties:181 - Using Application install path: C:\ST\STM32CubeIDE_1.7.0\STM32CubeIDE\plugins\com.st.stm32cube.common.mx_6.3.0.202107141111
2022-10-14 18:55:48,437 [INFO] DbMcusXml:74 - Set database path to: C:\ST\STM32CubeIDE_1.7.0\STM32CubeIDE\plugins\com.st.stm32cube.common.mx_6.3.0.202107141111\\db\/mcu/
2022-10-14 18:55:48,442 [INFO] DbBoardsPdsc:56 - Set plugin database path to: C:\ST\STM32CubeIDE_1.7.0\STM32CubeIDE\plugins\com.st.stm32cube.common.mx_6.3.0.202107141111\\db\/plugins/boardmanager/
2022-10-14 18:55:48,443 [INFO] DbMcus:258 - Set plugin images path to: C:\ST\STM32CubeIDE_1.7.0\STM32CubeIDE\plugins\com.st.stm32cube.common.mx_6.3.0.202107141111\\db\/plugins/mcufinder/images/
2022-10-14 18:55:48,443 [INFO] DbBoards:264 - Set plugin images path to: C:\ST\STM32CubeIDE_1.7.0\STM32CubeIDE\plugins\com.st.stm32cube.common.mx_6.3.0.202107141111\\db\/plugins/mcufinder/images/
2022-10-14 18:55:48,447 [INFO] DbExamples:333 - Set plugin images path to: C:\ST\STM32CubeIDE_1.7.0\STM32CubeIDE\plugins\com.st.stm32cube.common.mx_6.3.0.202107141111\\db\/plugins/mcufinder/images/
2022-10-14 18:55:48,455 [INFO] DbMcusAds:119 - Set database path to: C:\Users\A.Tuan\.stmcufinder\plugins\mcufinder//mcu/
2022-10-14 18:55:48,456 [INFO] DbMcusDocs:110 - Set database path to: C:\Users\A.Tuan\.stmcufinder\plugins\mcufinder//mcu/
2022-10-14 18:55:48,458 [INFO] DbMcusJson:64 - Set database path to: C:\Users\A.Tuan\.stmcufinder\plugins\mcufinder//mcu/
2022-10-14 18:55:48,459 [INFO] DbBoardsDocs:110 - Set database path to: C:\Users\A.Tuan\.stmcufinder\plugins\mcufinder//mcu/
2022-10-14 18:55:48,460 [INFO] DbBoardsJson:57 - Set database path to: C:\Users\A.Tuan\.stmcufinder\plugins\mcufinder//mcu/
2022-10-14 18:55:48,463 [INFO] CrossReferenceDbSqlite:196 - Set database path to: C:\Users\A.Tuan\.stmcufinder\plugins\mcufinder//mcu/cs/
2022-10-14 18:55:48,466 [INFO] DbExamplesSqlite:767 - Set database path to: C:\Users\A.Tuan\.stmcufinder\plugins\mcufinder//mcu/
2022-10-14 18:55:48,564 [INFO] RulesReader:57 - Compatibility file has been processed (242 Rules)
2022-10-14 18:55:48,688 [INFO] DbMcusXml:74 - Set database path to: C:\ST\STM32CubeIDE_1.7.0\STM32CubeIDE\plugins\com.st.stm32cube.common.mx_6.3.0.202107141111\\db\/mcu/
2022-10-14 18:55:48,688 [INFO] DbBoardsPdsc:56 - Set plugin database path to: C:\ST\STM32CubeIDE_1.7.0\STM32CubeIDE\plugins\com.st.stm32cube.common.mx_6.3.0.202107141111\\db\/plugins/boardmanager/
2022-10-14 18:55:48,688 [INFO] DbMcus:258 - Set plugin images path to: C:\ST\STM32CubeIDE_1.7.0\STM32CubeIDE\plugins\com.st.stm32cube.common.mx_6.3.0.202107141111\\db\/plugins/mcufinder/images/
2022-10-14 18:55:48,688 [INFO] DbBoards:264 - Set plugin images path to: C:\ST\STM32CubeIDE_1.7.0\STM32CubeIDE\plugins\com.st.stm32cube.common.mx_6.3.0.202107141111\\db\/plugins/mcufinder/images/
2022-10-14 18:55:48,688 [INFO] DbExamples:333 - Set plugin images path to: C:\ST\STM32CubeIDE_1.7.0\STM32CubeIDE\plugins\com.st.stm32cube.common.mx_6.3.0.202107141111\\db\/plugins/mcufinder/images/
2022-10-14 18:55:48,689 [WARN] DbFile:35 - Overriding database path with different value: C:\Users\A.Tuan\.stmcufinder\plugins\mcufinder/ => C:\Users\A.Tuan\.stmcufinder\plugins\mcufinder
2022-10-14 18:55:48,689 [INFO] DbMcusAds:119 - Set database path to: C:\Users\A.Tuan\.stmcufinder\plugins\mcufinder//mcu/
2022-10-14 18:55:48,689 [WARN] DbFile:35 - Overriding database path with different value: C:\Users\A.Tuan\.stmcufinder\plugins\mcufinder/ => C:\Users\A.Tuan\.stmcufinder\plugins\mcufinder
2022-10-14 18:55:48,689 [INFO] DbMcusDocs:110 - Set database path to: C:\Users\A.Tuan\.stmcufinder\plugins\mcufinder//mcu/
2022-10-14 18:55:48,689 [WARN] DbFile:35 - Overriding database path with different value: C:\Users\A.Tuan\.stmcufinder\plugins\mcufinder/ => C:\Users\A.Tuan\.stmcufinder\plugins\mcufinder
2022-10-14 18:55:48,689 [INFO] DbMcusJson:64 - Set database path to: C:\Users\A.Tuan\.stmcufinder\plugins\mcufinder//mcu/
2022-10-14 18:55:48,689 [WARN] DbFile:35 - Overriding database path with different value: C:\Users\A.Tuan\.stmcufinder\plugins\mcufinder/ => C:\Users\A.Tuan\.stmcufinder\plugins\mcufinder
2022-10-14 18:55:48,689 [INFO] DbBoardsDocs:110 - Set database path to: C:\Users\A.Tuan\.stmcufinder\plugins\mcufinder//mcu/
2022-10-14 18:55:48,690 [WARN] DbFile:35 - Overriding database path with different value: C:\Users\A.Tuan\.stmcufinder\plugins\mcufinder/ => C:\Users\A.Tuan\.stmcufinder\plugins\mcufinder
2022-10-14 18:55:48,690 [INFO] DbBoardsJson:57 - Set database path to: C:\Users\A.Tuan\.stmcufinder\plugins\mcufinder//mcu/
2022-10-14 18:55:48,690 [WARN] DbFile:35 - Overriding database path with different value: C:\Users\A.Tuan\.stmcufinder\plugins\mcufinder/ => C:\Users\A.Tuan\.stmcufinder\plugins\mcufinder
2022-10-14 18:55:48,690 [WARN] DbFile:35 - Overriding database path with different value: C:\Users\A.Tuan\.stmcufinder\plugins\mcufinder/ => C:\Users\A.Tuan\.stmcufinder\plugins\mcufinder
2022-10-14 18:55:48,690 [INFO] CrossReferenceDbSqlite:196 - Set database path to: C:\Users\A.Tuan\.stmcufinder\plugins\mcufinder//mcu/cs/
2022-10-14 18:55:48,690 [WARN] DbFile:35 - Overriding database path with different value: C:\Users\A.Tuan\.stmcufinder\plugins\mcufinder/ => C:\Users\A.Tuan\.stmcufinder\plugins\mcufinder
2022-10-14 18:55:48,690 [INFO] DbExamplesSqlite:767 - Set database path to: C:\Users\A.Tuan\.stmcufinder\plugins\mcufinder//mcu/
2022-10-14 18:55:48,779 [INFO] MainPanel:214 - HeapMemory: 268435456
2022-10-14 18:55:48,921 [INFO] DbMcusXml:74 - Set database path to: C:\ST\STM32CubeIDE_1.7.0\STM32CubeIDE\plugins\com.st.stm32cube.common.mx_6.3.0.202107141111\\db\/mcu/
2022-10-14 18:55:48,921 [INFO] DbBoardsPdsc:56 - Set plugin database path to: C:\ST\STM32CubeIDE_1.7.0\STM32CubeIDE\plugins\com.st.stm32cube.common.mx_6.3.0.202107141111\\db\/plugins/boardmanager/
2022-10-14 18:55:48,921 [INFO] DbMcus:258 - Set plugin images path to: C:\ST\STM32CubeIDE_1.7.0\STM32CubeIDE\plugins\com.st.stm32cube.common.mx_6.3.0.202107141111\\db\/plugins/mcufinder/images/
2022-10-14 18:55:48,921 [INFO] DbBoards:264 - Set plugin images path to: C:\ST\STM32CubeIDE_1.7.0\STM32CubeIDE\plugins\com.st.stm32cube.common.mx_6.3.0.202107141111\\db\/plugins/mcufinder/images/
2022-10-14 18:55:48,921 [INFO] DbExamples:333 - Set plugin images path to: C:\ST\STM32CubeIDE_1.7.0\STM32CubeIDE\plugins\com.st.stm32cube.common.mx_6.3.0.202107141111\\db\/plugins/mcufinder/images/
2022-10-14 18:55:48,922 [WARN] DbFile:35 - Overriding database path with different value: C:\Users\A.Tuan\.stmcufinder\plugins\mcufinder/ => C:\Users\A.Tuan\.stmcufinder\plugins\mcufinder
2022-10-14 18:55:48,923 [INFO] DbMcusAds:119 - Set database path to: C:\Users\A.Tuan\.stmcufinder\plugins\mcufinder//mcu/
2022-10-14 18:55:48,923 [WARN] DbFile:35 - Overriding database path with different value: C:\Users\A.Tuan\.stmcufinder\plugins\mcufinder/ => C:\Users\A.Tuan\.stmcufinder\plugins\mcufinder
2022-10-14 18:55:48,923 [INFO] DbMcusDocs:110 - Set database path to: C:\Users\A.Tuan\.stmcufinder\plugins\mcufinder//mcu/
2022-10-14 18:55:48,923 [WARN] DbFile:35 - Overriding database path with different value: C:\Users\A.Tuan\.stmcufinder\plugins\mcufinder/ => C:\Users\A.Tuan\.stmcufinder\plugins\mcufinder
2022-10-14 18:55:48,923 [INFO] DbMcusJson:64 - Set database path to: C:\Users\A.Tuan\.stmcufinder\plugins\mcufinder//mcu/
2022-10-14 18:55:48,923 [WARN] DbFile:35 - Overriding database path with different value: C:\Users\A.Tuan\.stmcufinder\plugins\mcufinder/ => C:\Users\A.Tuan\.stmcufinder\plugins\mcufinder
2022-10-14 18:55:48,923 [INFO] DbBoardsDocs:110 - Set database path to: C:\Users\A.Tuan\.stmcufinder\plugins\mcufinder//mcu/
2022-10-14 18:55:48,923 [WARN] DbFile:35 - Overriding database path with different value: C:\Users\A.Tuan\.stmcufinder\plugins\mcufinder/ => C:\Users\A.Tuan\.stmcufinder\plugins\mcufinder
2022-10-14 18:55:48,923 [INFO] DbBoardsJson:57 - Set database path to: C:\Users\A.Tuan\.stmcufinder\plugins\mcufinder//mcu/
2022-10-14 18:55:48,923 [WARN] DbFile:35 - Overriding database path with different value: C:\Users\A.Tuan\.stmcufinder\plugins\mcufinder/ => C:\Users\A.Tuan\.stmcufinder\plugins\mcufinder
2022-10-14 18:55:48,923 [WARN] DbFile:35 - Overriding database path with different value: C:\Users\A.Tuan\.stmcufinder\plugins\mcufinder/ => C:\Users\A.Tuan\.stmcufinder\plugins\mcufinder
2022-10-14 18:55:48,923 [INFO] CrossReferenceDbSqlite:196 - Set database path to: C:\Users\A.Tuan\.stmcufinder\plugins\mcufinder//mcu/cs/
2022-10-14 18:55:48,924 [WARN] DbFile:35 - Overriding database path with different value: C:\Users\A.Tuan\.stmcufinder\plugins\mcufinder/ => C:\Users\A.Tuan\.stmcufinder\plugins\mcufinder
2022-10-14 18:55:48,924 [INFO] DbExamplesSqlite:767 - Set database path to: C:\Users\A.Tuan\.stmcufinder\plugins\mcufinder//mcu/
2022-10-14 18:55:48,948 [INFO] ApplicationProperties:181 - Using Application install path: C:\ST\STM32CubeIDE_1.7.0\STM32CubeIDE\plugins\com.st.stm32cube.common.mx_6.3.0.202107141111
2022-10-14 18:55:48,949 [INFO] PluginManage:188 - Search for loadable plugins [exclusion list=, ]
2022-10-14 18:55:48,950 [INFO] PluginManage:302 - Check plugin analytics
2022-10-14 18:55:49,082 [INFO] AnalyticsPlugin:257 - Accepted Software Licenses: 
2022-10-14 18:55:49,082 [INFO] AnalyticsPlugin:259 - Accepted CMSIS Pack Licenses: 
2022-10-14 18:55:49,083 [INFO] AnalyticsPlugin:261 - Accepted Firmware Licenses: 
2022-10-14 18:55:49,083 [INFO] PluginManage:352 - Loaded plugin analytics (category:tool,tabindex:-1)
2022-10-14 18:55:49,083 [INFO] PluginManage:302 - Check plugin clock
2022-10-14 18:55:49,094 [INFO] PluginManage:352 - Loaded plugin clock (category:base,tabindex:2)
2022-10-14 18:55:49,094 [INFO] PluginManage:302 - Check plugin ddr
2022-10-14 18:55:49,096 [INFO] PluginManage:352 - Loaded plugin ddr (category:tool,tabindex:6)
2022-10-14 18:55:49,096 [INFO] PluginManage:302 - Check plugin filemanager
2022-10-14 18:55:49,226 [INFO] PluginManage:352 - Loaded plugin filemanager (category:base,tabindex:10)
2022-10-14 18:55:49,226 [INFO] PluginManage:302 - Check plugin ipmanager
2022-10-14 18:55:49,234 [INFO] PluginManage:352 - Loaded plugin ipmanager (category:base,tabindex:5)
2022-10-14 18:55:49,234 [INFO] PluginManage:302 - Check plugin pinoutandconfiguration
2022-10-14 18:55:49,241 [INFO] PluginManage:352 - Loaded plugin pinoutandconfiguration (category:base,tabindex:1)
2022-10-14 18:55:49,242 [INFO] PluginManage:302 - Check plugin pinoutconfig
2022-10-14 18:55:49,274 [INFO] PluginManage:352 - Loaded plugin pinoutconfig (category:base,tabindex:0)
2022-10-14 18:55:49,274 [INFO] PluginManage:302 - Check plugin power
2022-10-14 18:55:49,303 [INFO] PluginManage:352 - Loaded plugin power (category:power,tabindex:4)
2022-10-14 18:55:49,303 [INFO] PluginManage:302 - Check plugin projectmanager
2022-10-14 18:55:49,319 [INFO] PluginManage:352 - Loaded plugin projectmanager (category:projectmanager,tabindex:3)
2022-10-14 18:55:49,319 [INFO] PluginManage:302 - Check plugin thirdparty
2022-10-14 18:55:49,460 [WARN] IntegrityCheckThread:78 - waiting for thirdparty lock release [integrity check]
2022-10-14 18:55:49,460 [INFO] PluginManage:352 - Loaded plugin thirdparty (category:base,tabindex:-1)
2022-10-14 18:55:49,460 [INFO] IntegrityCheckThread:80 - entering critical section [integrity check]
2022-10-14 18:55:49,460 [INFO] PluginManage:302 - Check plugin tools
2022-10-14 18:55:49,460 [INFO] ThirdPartyUpdaterWithRetryManager:66 - Updater plugin not ready yet. [1/15]
2022-10-14 18:55:49,462 [INFO] PluginManage:352 - Loaded plugin tools (category:base,tabindex:7)
2022-10-14 18:55:49,463 [INFO] PluginManage:302 - Check plugin tutovideos
2022-10-14 18:55:49,684 [INFO] PluginManage:352 - Loaded plugin tutovideos (category:base,tabindex:-1)
2022-10-14 18:55:49,685 [INFO] PluginManage:302 - Check plugin updater
2022-10-14 18:55:49,699 [INFO] PluginManage:352 - Loaded plugin updater (category:base,tabindex:12)
2022-10-14 18:55:49,700 [INFO] PluginManage:275 - PluginManage : Loaded plugins [13]
2022-10-14 18:55:49,931 [INFO] PinOutPanel:1463 - setPackage(No Configuration,No Configuration)
2022-10-14 18:55:50,038 [INFO] IPUIPlugin:74 - create IPUIPlugin
2022-10-14 18:55:50,038 [INFO] PluginManager:213 - loadIPPluginJar : add adc
2022-10-14 18:55:50,042 [INFO] IPUIPlugin:74 - create IPUIPlugin
2022-10-14 18:55:50,042 [INFO] PluginManager:213 - loadIPPluginJar : add aes
2022-10-14 18:55:50,045 [INFO] IPUIPlugin:74 - create IPUIPlugin
2022-10-14 18:55:50,045 [INFO] PluginManager:213 - loadIPPluginJar : add can
2022-10-14 18:55:50,047 [INFO] IPUIPlugin:74 - create IPUIPlugin
2022-10-14 18:55:50,047 [INFO] PluginManager:213 - loadIPPluginJar : add comp
2022-10-14 18:55:50,051 [INFO] IPUIPlugin:74 - create IPUIPlugin
2022-10-14 18:55:50,051 [INFO] PluginManager:213 - loadIPPluginJar : add cryp
2022-10-14 18:55:50,054 [INFO] IPUIPlugin:74 - create IPUIPlugin
2022-10-14 18:55:50,054 [INFO] PluginManager:213 - loadIPPluginJar : add dfsdm
2022-10-14 18:55:50,061 [INFO] IPUIPlugin:74 - create IPUIPlugin
2022-10-14 18:55:50,062 [INFO] PluginManager:213 - loadIPPluginJar : add dma
2022-10-14 18:55:50,066 [INFO] IPUIPlugin:74 - create IPUIPlugin
2022-10-14 18:55:50,066 [INFO] PluginManager:213 - loadIPPluginJar : add dma3
2022-10-14 18:55:50,068 [INFO] IPUIPlugin:74 - create IPUIPlugin
2022-10-14 18:55:50,068 [INFO] PluginManager:213 - loadIPPluginJar : add fatfs
2022-10-14 18:55:50,074 [INFO] IPUIPlugin:74 - create IPUIPlugin
2022-10-14 18:55:50,074 [INFO] PluginManager:213 - loadIPPluginJar : add fmc
2022-10-14 18:55:50,079 [INFO] IPUIPlugin:74 - create IPUIPlugin
2022-10-14 18:55:50,080 [INFO] PluginManager:213 - loadIPPluginJar : add freertos
2022-10-14 18:55:50,082 [INFO] IPUIPlugin:74 - create IPUIPlugin
2022-10-14 18:55:50,082 [INFO] PluginManager:213 - loadIPPluginJar : add genericplugin
2022-10-14 18:55:50,085 [INFO] IPUIPlugin:74 - create IPUIPlugin
2022-10-14 18:55:50,085 [INFO] PluginManager:213 - loadIPPluginJar : add gfxmmu
2022-10-14 18:55:50,091 [INFO] IPUIPlugin:74 - create IPUIPlugin
2022-10-14 18:55:50,092 [INFO] PluginManager:213 - loadIPPluginJar : add gic
2022-10-14 18:55:50,096 [INFO] IPUIPlugin:74 - create IPUIPlugin
2022-10-14 18:55:50,096 [INFO] PluginManager:213 - loadIPPluginJar : add gpio
2022-10-14 18:55:50,100 [INFO] IPUIPlugin:74 - create IPUIPlugin
2022-10-14 18:55:50,100 [INFO] PluginManager:213 - loadIPPluginJar : add gtzc
2022-10-14 18:55:50,103 [INFO] IPUIPlugin:74 - create IPUIPlugin
2022-10-14 18:55:50,104 [INFO] PluginManager:213 - loadIPPluginJar : add hash
2022-10-14 18:55:50,106 [INFO] IPUIPlugin:74 - create IPUIPlugin
2022-10-14 18:55:50,107 [INFO] PluginManager:213 - loadIPPluginJar : add i2c
2022-10-14 18:55:50,109 [INFO] IPUIPlugin:74 - create IPUIPlugin
2022-10-14 18:55:50,109 [INFO] PluginManager:213 - loadIPPluginJar : add i2s
2022-10-14 18:55:50,114 [INFO] IPUIPlugin:74 - create IPUIPlugin
2022-10-14 18:55:50,114 [INFO] PluginManager:213 - loadIPPluginJar : add ipddr
2022-10-14 18:55:50,122 [INFO] IPUIPlugin:74 - create IPUIPlugin
2022-10-14 18:55:50,122 [INFO] PluginManager:213 - loadIPPluginJar : add linkedlist
2022-10-14 18:55:50,125 [INFO] IPUIPlugin:74 - create IPUIPlugin
2022-10-14 18:55:50,126 [INFO] PluginManager:213 - loadIPPluginJar : add lorawan
2022-10-14 18:55:50,128 [INFO] IPUIPlugin:74 - create IPUIPlugin
2022-10-14 18:55:50,128 [INFO] PluginManager:213 - loadIPPluginJar : add ltdc
2022-10-14 18:55:50,133 [INFO] IPUIPlugin:74 - create IPUIPlugin
2022-10-14 18:55:50,133 [INFO] PluginManager:213 - loadIPPluginJar : add mdma
2022-10-14 18:55:50,137 [INFO] IPUIPlugin:74 - create IPUIPlugin
2022-10-14 18:55:50,138 [INFO] PluginManager:213 - loadIPPluginJar : add nvic
2022-10-14 18:55:50,141 [INFO] IPUIPlugin:74 - create IPUIPlugin
2022-10-14 18:55:50,141 [INFO] PluginManager:213 - loadIPPluginJar : add opamp
2022-10-14 18:55:50,144 [INFO] IPUIPlugin:74 - create IPUIPlugin
2022-10-14 18:55:50,145 [INFO] PluginManager:213 - loadIPPluginJar : add openamp
2022-10-14 18:55:50,148 [INFO] IPUIPlugin:74 - create IPUIPlugin
2022-10-14 18:55:50,148 [INFO] PluginManager:213 - loadIPPluginJar : add pdm2pcm
2022-10-14 18:55:50,155 [INFO] IPUIPlugin:74 - create IPUIPlugin
2022-10-14 18:55:50,159 [INFO] PluginManager:213 - loadIPPluginJar : add plateformsettings
2022-10-14 18:55:50,161 [INFO] IPUIPlugin:74 - create IPUIPlugin
2022-10-14 18:55:50,161 [INFO] PluginManager:213 - loadIPPluginJar : add quadspi
2022-10-14 18:55:50,165 [INFO] IPUIPlugin:74 - create IPUIPlugin
2022-10-14 18:55:50,165 [INFO] PluginManager:213 - loadIPPluginJar : add resmgrutility
2022-10-14 18:55:50,169 [INFO] IPUIPlugin:74 - create IPUIPlugin
2022-10-14 18:55:50,169 [INFO] PluginManager:213 - loadIPPluginJar : add sai
2022-10-14 18:55:50,172 [INFO] IPUIPlugin:74 - create IPUIPlugin
2022-10-14 18:55:50,172 [INFO] PluginManager:213 - loadIPPluginJar : add spi
2022-10-14 18:55:50,176 [INFO] IPUIPlugin:74 - create IPUIPlugin
2022-10-14 18:55:50,176 [INFO] PluginManager:213 - loadIPPluginJar : add stm32_wpan
2022-10-14 18:55:50,178 [INFO] IPUIPlugin:74 - create IPUIPlugin
2022-10-14 18:55:50,178 [INFO] PluginManager:213 - loadIPPluginJar : add tim
2022-10-14 18:55:50,181 [INFO] IPUIPlugin:74 - create IPUIPlugin
2022-10-14 18:55:50,181 [INFO] PluginManager:213 - loadIPPluginJar : add touchsensing
2022-10-14 18:55:50,183 [INFO] IPUIPlugin:74 - create IPUIPlugin
2022-10-14 18:55:50,183 [INFO] PluginManager:213 - loadIPPluginJar : add tracer_emb
2022-10-14 18:55:50,185 [INFO] IPUIPlugin:74 - create IPUIPlugin
2022-10-14 18:55:50,185 [INFO] PluginManager:213 - loadIPPluginJar : add ts
2022-10-14 18:55:50,187 [INFO] IPUIPlugin:74 - create IPUIPlugin
2022-10-14 18:55:50,187 [INFO] PluginManager:213 - loadIPPluginJar : add tsc
2022-10-14 18:55:50,189 [INFO] IPUIPlugin:74 - create IPUIPlugin
2022-10-14 18:55:50,189 [INFO] PluginManager:213 - loadIPPluginJar : add ucpd
2022-10-14 18:55:50,206 [INFO] IPUIPlugin:74 - create IPUIPlugin
2022-10-14 18:55:50,206 [INFO] PluginManager:213 - loadIPPluginJar : add usart
2022-10-14 18:55:50,211 [INFO] IPUIPlugin:74 - create IPUIPlugin
2022-10-14 18:55:50,212 [INFO] PluginManager:213 - loadIPPluginJar : add usbx
2022-10-14 18:55:50,580 [FATAL] Updater:294 - Updater called before beeing initialized
2022-10-14 18:55:50,720 [FATAL] Updater:294 - Updater called before beeing initialized
2022-10-14 18:55:50,724 [INFO] DbMcusAds:47 - JSON generation date=Thu Sep 30 13:55:09 ICT 2021 (1632984909247)
2022-10-14 18:55:50,724 [FATAL] Updater:294 - Updater called before beeing initialized
2022-10-14 18:55:50,773 [WARN] DetailPanel:314 - Failed to get advertising image, set to default
2022-10-14 18:55:50,865 [FATAL] Updater:294 - Updater called before beeing initialized
2022-10-14 18:55:50,867 [FATAL] Updater:294 - Updater called before beeing initialized
2022-10-14 18:55:50,867 [FATAL] Updater:294 - Updater called before beeing initialized
2022-10-14 18:55:50,867 [WARN] DetailPanel:314 - Failed to get advertising image, set to default
2022-10-14 18:55:50,869 [FATAL] Updater:294 - Updater called before beeing initialized
2022-10-14 18:55:50,936 [ERROR] Updater:1075 - MainUpdater not yet initialized. External WinMGr cannot be set.
2022-10-14 18:55:50,939 [INFO] Updater:1012 - Updater Version found : 6.3.0
2022-10-14 18:55:50,956 [INFO] ApplicationProperties:181 - Using Application install path: C:\ST\STM32CubeIDE_1.7.0\STM32CubeIDE\plugins\com.st.stm32cube.common.mx_6.3.0.202107141111
2022-10-14 18:55:51,253 [INFO] MainUpdater:2671 - connection check result : 10
2022-10-14 18:55:51,254 [INFO] MainUpdater:265 - Updater Check For Update Now.
2022-10-14 18:55:51,254 [INFO] MicroXplorer:478 - Change Database Version : DB.6.0.30
2022-10-14 18:55:51,398 [INFO] CheckServerUpdateThread:112 - End of CheckServer Thread
2022-10-14 18:55:51,472 [INFO] MainUpdater:2671 - connection check result : 10
2022-10-14 18:55:51,792 [INFO] McuFinderGlobals:52 - Set McuFinderConnectedMode to false
2022-10-14 18:55:51,921 [INFO] CrossSelectorPresenter:1330 - Cross Selector saved comparison directory: C:\Users\A.Tuan\.stmcufinder\plugins\mcufinder\mcu\cs_comparisons_mx
2022-10-14 18:55:51,926 [INFO] MultiScanPanel:197 - Auto-refresh data requested => check proxy status ongoing
2022-10-14 18:55:51,927 [INFO] MultiScanPanel:201 - Proxy status is invalid
2022-10-14 18:55:51,931 [INFO] FinderPluginLoader:87 - Searching for filters in installed packs
2022-10-14 18:55:51,933 [INFO] DbMcusXml:100 - Load MCU database from C:\ST\STM32CubeIDE_1.7.0\STM32CubeIDE\plugins\com.st.stm32cube.common.mx_6.3.0.202107141111\\db\/mcu/families.xml
2022-10-14 18:55:52,667 [WARN] PackLoader:238 - Cannot read IP mode file for STMicroelectronics.X-CUBE-GNSS1.6.0.0
2022-10-14 18:55:52,758 [WARN] PackLoader:238 - Cannot read IP mode file for STMicroelectronics.X-CUBE-AZRTOS-F4.1.1.0
2022-10-14 18:55:52,796 [WARN] PackLoader:238 - Cannot read IP mode file for STMicroelectronics.X-CUBE-AZRTOS-F7.1.1.0
2022-10-14 18:55:52,817 [WARN] PackLoader:238 - Cannot read IP mode file for STMicroelectronics.X-CUBE-BLE1.6.2.3
2022-10-14 18:55:52,840 [WARN] PackLoader:238 - Cannot read IP mode file for STMicroelectronics.X-CUBE-NFC4.2.0.4
2022-10-14 18:55:52,862 [WARN] PackLoader:238 - Cannot read IP mode file for STMicroelectronics.X-CUBE-TOF1.3.1.0
2022-10-14 18:55:52,874 [WARN] PackLoader:238 - Cannot read IP mode file for wolfSSL.I-CUBE-wolfSSL.5.5.0
2022-10-14 18:55:52,882 [WARN] PackLoader:238 - Cannot read IP mode file for STMicroelectronics.X-CUBE-NFC7.1.0.0
2022-10-14 18:55:52,966 [INFO] DbMcusJson:93 - JSON generation date=Tue Nov 16 23:17:54 ICT 2021 (1637079474)
2022-10-14 18:55:52,986 [WARN] PackLoader:238 - Cannot read IP mode file for STMicroelectronics.X-CUBE-MEMS1.9.3.0
2022-10-14 18:55:53,248 [WARN] PackLoader:238 - Cannot read IP mode file for STMicroelectronics.X-CUBE-AI.7.2.0
2022-10-14 18:55:53,256 [WARN] PackLoader:238 - Cannot read IP mode file for STMicroelectronics.X-CUBE-SFXS2LP1.4.0.0
2022-10-14 18:55:53,270 [WARN] PackLoader:238 - Cannot read IP mode file for STMicroelectronics.X-CUBE-BLE2.3.3.0
2022-10-14 18:55:53,282 [WARN] PackLoader:238 - Cannot read IP mode file for STMicroelectronics.X-CUBE-DISPLAY.2.2.0
2022-10-14 18:55:53,306 [WARN] PackLoader:238 - Cannot read IP mode file for STMicroelectronics.X-CUBE-ISPU.1.0.0
2022-10-14 18:55:53,315 [WARN] PackLoader:238 - Cannot read IP mode file for RoweBots.I-CUBE-UNISONRTOS.5.5.0-4
2022-10-14 18:55:53,347 [WARN] PackLoader:238 - Cannot read IP mode file for STMicroelectronics.X-CUBE-AZRTOS-H7.2.1.0
2022-10-14 18:55:53,366 [WARN] PackLoader:238 - Cannot read IP mode file for STMicroelectronics.X-CUBE-BLEMGR.1.0.0
2022-10-14 18:55:53,375 [WARN] PackLoader:238 - Cannot read IP mode file for STMicroelectronics.X-CUBE-ALGOBUILD.1.3.0
2022-10-14 18:55:53,393 [WARN] PackLoader:238 - Cannot read IP mode file for STMicroelectronics.X-CUBE-AZRTOS-G0.1.1.0
2022-10-14 18:55:53,414 [WARN] PackLoader:238 - Cannot read IP mode file for STMicroelectronics.X-CUBE-SUBG2.5.0.0
2022-10-14 18:55:53,473 [WARN] PackLoader:238 - Cannot read IP mode file for SEGGER.I-CUBE-embOS.1.2.0
2022-10-14 18:55:53,529 [WARN] PackLoader:238 - Cannot read IP mode file for STMicroelectronics.FP-ATR-ASTRA1.1.1.1
2022-10-14 18:55:53,550 [WARN] PackLoader:238 - Cannot read IP mode file for STMicroelectronics.X-CUBE-AZRTOS-G4.1.0.0
2022-10-14 18:55:53,589 [WARN] PackLoader:238 - Cannot read IP mode file for STMicroelectronics.X-CUBE-AZRTOS-L4.1.0.0
2022-10-14 18:55:53,601 [WARN] PackLoader:238 - Cannot read IP mode file for emotas.I-CUBE-CANOPEN.1.1.2
2022-10-14 18:55:53,606 [WARN] PackLoader:238 - Cannot read IP mode file for STMicroelectronics.X-CUBE-TOUCHGFX.4.20.0
2022-10-14 18:55:53,626 [WARN] PackLoader:238 - Cannot read IP mode file for STMicroelectronics.X-CUBE-AZRTOS-WL.1.0.0
2022-10-14 18:55:53,634 [WARN] PackLoader:238 - Cannot read IP mode file for portGmbH.I-Cube-SoM-uGOAL.1.1.0
2022-10-14 18:55:53,639 [WARN] PackLoader:238 - Cannot read IP mode file for STMicroelectronics.X-CUBE-ALS.1.0.1
2022-10-14 18:55:53,670 [WARN] PackLoader:238 - Cannot read IP mode file for STMicroelectronics.X-CUBE-AZRTOS-L5.1.0.0
2022-10-14 18:55:53,683 [WARN] PackLoader:238 - Cannot read IP mode file for STMicroelectronics.X-CUBE-EEPRMA1.3.1.1
2022-10-14 18:55:53,685 [INFO] ThirdParty:915 - Integrity check success = true
2022-10-14 18:55:53,685 [INFO] IntegrityCheckThread:94 - exiting critical section [integrity check]
2022-10-14 18:55:53,685 [INFO] IntegrityCheckThread:97 - End integrity checks thread
2022-10-14 18:55:53,824 [INFO] DbMcus:175 - Found 1951 MCUs (1903 are supported by CubeMX, 1914 are visible in CubeMX)
2022-10-14 18:55:53,825 [INFO] ApiDb:251 - Load user favorites file C:\Users\A.Tuan/.stm32cubeide/favorites.mcus.txt: 0 item(s)
2022-10-14 18:55:53,825 [INFO] ApiDb:255 - User favorites MCUs=[]
2022-10-14 18:55:53,825 [INFO] DbMcus:187 - Set 0 / 0 favorites MCUs
2022-10-14 18:55:54,352 [INFO] DetailPanel:309 - Set advertising image to C:/Users/A.Tuan/STM32Cube/Repository/\en.Prom_NBSTM32U50921.jpg
2022-10-14 18:55:54,798 [INFO] DbBoardsPdsc:90 - Found 25 items
2022-10-14 18:55:54,800 [INFO] DbBoardsPdsc:90 - Found 9 items
2022-10-14 18:55:54,803 [INFO] DbBoardsPdsc:90 - Found 33 items
2022-10-14 18:55:54,805 [INFO] DbBoardsPdsc:90 - Found 1 items
2022-10-14 18:55:54,811 [INFO] DbBoardsPdsc:90 - Found 48 items
2022-10-14 18:55:54,818 [INFO] DbBoardsPdsc:90 - Found 43 items
2022-10-14 18:55:54,821 [INFO] DbBoardsPdsc:90 - Found 2 items
2022-10-14 18:55:54,823 [INFO] DbBoardsPdsc:90 - Found 5 items
2022-10-14 18:55:54,828 [WARN] DbBoardsPdsc:254 - Board STM32H7B3I-DK: unknown feature type=Audio, name=, username=Audio stereo codec with Headphone Amp (CS42L51-CNZ), n=1
2022-10-14 18:55:54,828 [WARN] DbBoardsPdsc:254 - Board STM32H735G-DK: unknown feature type=Audio, name=, username=Audio stereo codec with Headphone Amp (WM8994ECS/R), n=1
2022-10-14 18:55:54,830 [WARN] DbBoardsPdsc:254 - Board STM32H7B3I-EVAL: unknown feature type=Audio, name=, username=Multi-Channel Audio Codec (CS42L51-CNZ), n=1
2022-10-14 18:55:54,830 [WARN] DbBoardsPdsc:254 - Board STM32H7B3I-EVAL: unknown feature type=Meter, name=, username=Power-metering and Temperature-monitoring with sigma-delta modulators, n=1
2022-10-14 18:55:54,830 [WARN] DbBoardsPdsc:254 - Board STM32H7B3I-EVAL: unknown feature type=Motor, name=, username=Motor Control, n=1
2022-10-14 18:55:54,830 [WARN] DbBoardsPdsc:254 - Board STM32U575I-EV: unknown feature type=joystick, name=, username=4-direction joystick with selection button, n=1
2022-10-14 18:55:54,848 [INFO] DbBoardsJson:86 - JSON generation date=Tue Nov 16 23:17:54 ICT 2021 (1637079474)
2022-10-14 18:55:54,853 [INFO] DbBoards:117 - Found 167 boards (163 are supported by CubeMX)
2022-10-14 18:55:54,855 [INFO] DbBoardsDocs:143 - JSON generation date=Tue Nov 16 23:17:54 ICT 2021 (1637079474)
2022-10-14 18:55:54,859 [INFO] DbBoardsDocs:79 - Found 209 boards documents
2022-10-14 18:55:54,859 [WARN] DbBoards:127 - board B-L475E-IOT01A2 has no document id list !
2022-10-14 18:55:54,860 [WARN] DbBoards:127 - board NUCLEO-H743ZI has no document id list !
2022-10-14 18:55:54,861 [WARN] DbBoards:127 - board NUCLEO-WL55JC2 has no document id list !
2022-10-14 18:55:54,861 [WARN] DbBoards:127 - board P-NUCLEO-WB55-Nucleo has no document id list !
2022-10-14 18:55:54,861 [WARN] DbBoards:127 - board P-NUCLEO-WB55-USBDongle has no document id list !
2022-10-14 18:55:54,861 [WARN] DbBoards:127 - board STEVAL-BFA001V1B has no document id list !
2022-10-14 18:55:54,862 [WARN] DbBoards:127 - board STEVAL-BFA001V2B has no document id list !
2022-10-14 18:55:54,862 [WARN] DbBoards:127 - board STEVAL-IDP005V1 has no document id list !
2022-10-14 18:55:54,862 [WARN] DbBoards:127 - board STEVAL-IDP005V2 has no document id list !
2022-10-14 18:55:54,862 [WARN] DbBoards:127 - board STEVAL-MKSBOX1V1 has no document id list !
2022-10-14 18:55:54,862 [WARN] DbBoards:127 - board STEVAL-STWINKT1 has no document id list !
2022-10-14 18:55:54,862 [WARN] DbBoards:127 - board STEVAL-STWINKT1B has no document id list !
2022-10-14 18:55:54,862 [WARN] DbBoards:127 - board STM32439I-EVAL2 has no document id list !
2022-10-14 18:55:54,862 [WARN] DbBoards:127 - board STM32F401C-DISCO has no document id list !
2022-10-14 18:55:54,863 [WARN] DbBoards:127 - board STM32F769I-DISC1 has no document id list !
2022-10-14 18:55:54,863 [WARN] DbBoards:127 - board STM32G474E-EVAL1 has no document id list !
2022-10-14 18:55:54,864 [WARN] DbBoards:127 - board STM32H743I-EVAL2 has no document id list !
2022-10-14 18:55:54,864 [WARN] DbBoards:127 - board STM32H747I-DISC1 has no document id list !
2022-10-14 18:55:54,864 [WARN] DbBoards:127 - board STM32H753I-EVAL2 has no document id list !
2022-10-14 18:55:54,864 [WARN] DbBoards:127 - board STM32L-DISCOVERY has no document id list !
2022-10-14 18:55:55,004 [ERROR] DbBoards:189 - Image file not found for board B-U585I-IOT02A: C:\ST\STM32CubeIDE_1.7.0\STM32CubeIDE\plugins\com.st.stm32cube.common.mx_6.3.0.202107141111\\db\/plugins/mcufinder/images/boards/B-U585I-IOT02A_small.jpg
2022-10-14 18:55:55,121 [ERROR] DbBoards:189 - Image file not found for board NUCLEO-F413ZH: C:\ST\STM32CubeIDE_1.7.0\STM32CubeIDE\plugins\com.st.stm32cube.common.mx_6.3.0.202107141111\\db\/plugins/mcufinder/images/boards/nucleo-f413zh_small.jpg
2022-10-14 18:55:55,321 [ERROR] DbBoards:189 - Image file not found for board NUCLEO-L552ZE-Q: C:\ST\STM32CubeIDE_1.7.0\STM32CubeIDE\plugins\com.st.stm32cube.common.mx_6.3.0.202107141111\\db\/plugins/mcufinder/images/boards/nucleo_l552ze_q_small.jpg
2022-10-14 18:55:55,322 [ERROR] DbBoards:189 - Image file not found for board NUCLEO-U575ZI-Q: C:\ST\STM32CubeIDE_1.7.0\STM32CubeIDE\plugins\com.st.stm32cube.common.mx_6.3.0.202107141111\\db\/plugins/mcufinder/images/boards/nucleo-u575zi-q_small.jpg
2022-10-14 18:55:55,322 [ERROR] DbBoards:189 - Image file not found for board NUCLEO-WB15CC: C:\ST\STM32CubeIDE_1.7.0\STM32CubeIDE\plugins\com.st.stm32cube.common.mx_6.3.0.202107141111\\db\/plugins/mcufinder/images/boards/nucleo-wb15cc_small.jpg
2022-10-14 18:55:55,322 [ERROR] DbBoards:189 - Image file not found for board NUCLEO-WB55RG: C:\ST\STM32CubeIDE_1.7.0\STM32CubeIDE\plugins\com.st.stm32cube.common.mx_6.3.0.202107141111\\db\/plugins/mcufinder/images/boards/nucleo-wb55rg_small.jpg
2022-10-14 18:55:56,588 [INFO] ApiDb:251 - Load user favorites file C:\Users\A.Tuan/.stm32cubeide/favorites.boards.txt: 0 item(s)
2022-10-14 18:55:56,588 [INFO] ApiDb:255 - User favorites Boards=[]
2022-10-14 18:55:56,589 [INFO] DbBoards:206 - Set 0 / 0 favorites Boards
2022-10-14 18:56:09,303 [INFO] DbMcusDocs:143 - JSON generation date=Tue Nov 16 23:17:54 ICT 2021 (1637079474)
2022-10-14 18:56:09,615 [INFO] DbMcusDocs:79 - Found 682 MCUs documents
2022-10-14 18:56:18,302 [INFO] MainUpdater:2671 - connection check result : 10
2022-10-14 18:56:18,302 [INFO] MainUpdater:2671 - connection check result : 10
2022-10-14 18:56:18,332 [INFO] MicroXplorer:448 - Change Database Path : 
2022-10-14 18:56:18,332 [INFO] MicroXplorer:478 - Change Database Version : DB.6.0.30
2022-10-14 18:56:18,333 [WARN] ThirdParty:813 - waiting for thirdparty lock release [close project]
2022-10-14 18:56:18,333 [INFO] ThirdParty:815 - entering critical section [close project]
2022-10-14 18:56:18,334 [INFO] ThirdParty:825 - exiting critical section [close project]
2022-10-14 18:56:18,338 [INFO] PinOutPanel:1463 - setPackage(No Configuration,No Configuration)
2022-10-14 18:56:18,339 [INFO] UtilMem:74 - Begin LoadConfig() Used Memory: 421856416 Bytes (515899392)
2022-10-14 18:56:18,340 [INFO] MicroXplorer:448 - Change Database Path : 
2022-10-14 18:56:18,340 [INFO] MicroXplorer:478 - Change Database Version : DB.6.0.30
2022-10-14 18:56:18,340 [INFO] OpenFileManager:313 - Change cursor
2022-10-14 18:56:18,993 [INFO] Context:592 - Trying to add GPIOservice into a context  which must be forbidden
2022-10-14 18:56:19,149 [INFO] ImportTextPane:167 - (OptionalMessage_ERROR) Unable to find key (Mcu.ThirdPartyNb) in loaded IOC file
2022-10-14 18:56:19,149 [INFO] ImportTextPane:167 - (OptionalMessage_ERROR) Unable to find key (Mcu.PinsNb) in loaded IOC file
2022-10-14 18:56:19,149 [INFO] ImportTextPane:167 - (OptionalMessage_ERROR) Unable to find key (Mcu.IPNb) in loaded IOC file
2022-10-14 18:56:19,189 [WARN] ApiManager:304 - Cannot register API 'Board Extension:GNSS1A1' from pack STMicroelectronics.X-CUBE-GNSS1.6.0.0: no header file found
2022-10-14 18:56:19,189 [WARN] ApiManager:304 - Cannot register API 'Board Support:Custom' from pack STMicroelectronics.X-CUBE-GNSS1.6.0.0: no header file found
2022-10-14 18:56:19,189 [WARN] ApiManager:304 - Cannot register API 'Data Exchange:lib_gnss' from pack STMicroelectronics.X-CUBE-GNSS1.6.0.0: no header file found
2022-10-14 18:56:19,201 [WARN] ModelIntegratedComponent:60 - No mode defined for component null
2022-10-14 18:56:19,201 [WARN] ModelIntegratedComponent:60 - No mode defined for component null
2022-10-14 18:56:19,201 [WARN] ModelIntegratedComponent:60 - No mode defined for component null
2022-10-14 18:56:19,201 [WARN] ModelIntegratedComponent:60 - No mode defined for component null
2022-10-14 18:56:19,201 [WARN] ModelIntegratedComponent:60 - No mode defined for component null
2022-10-14 18:56:19,201 [WARN] ModelIntegratedComponent:60 - No mode defined for component null
2022-10-14 18:56:19,201 [WARN] ModelIntegratedComponent:60 - No mode defined for component null
2022-10-14 18:56:19,202 [WARN] ModelIntegratedComponent:60 - No mode defined for component null
2022-10-14 18:56:19,202 [WARN] ModelIntegratedComponent:60 - No mode defined for component null
2022-10-14 18:56:19,202 [WARN] ModelIntegratedComponent:60 - No mode defined for component null
2022-10-14 18:56:19,202 [WARN] ModelIntegratedComponent:60 - No mode defined for component null
2022-10-14 18:56:19,202 [WARN] ModelIntegratedComponent:60 - No mode defined for component null
2022-10-14 18:56:19,202 [WARN] ModelIntegratedComponent:60 - No mode defined for component null
2022-10-14 18:56:19,202 [WARN] ModelIntegratedComponent:60 - No mode defined for component null
2022-10-14 18:56:19,202 [WARN] ModelIntegratedComponent:60 - No mode defined for component null
2022-10-14 18:56:19,202 [WARN] ModelIntegratedComponent:60 - No mode defined for component null
2022-10-14 18:56:19,202 [WARN] ModelIntegratedComponent:60 - No mode defined for component null
2022-10-14 18:56:19,202 [WARN] ModelIntegratedComponent:60 - No mode defined for component null
2022-10-14 18:56:19,202 [WARN] ModelIntegratedComponent:60 - No mode defined for component null
2022-10-14 18:56:19,202 [WARN] ModelIntegratedComponent:60 - No mode defined for component null
2022-10-14 18:56:19,202 [WARN] ModelIntegratedComponent:60 - No mode defined for component null
2022-10-14 18:56:19,202 [WARN] ModelIntegratedComponent:60 - No mode defined for component null
2022-10-14 18:56:19,202 [WARN] ModelIntegratedComponent:60 - No mode defined for component null
2022-10-14 18:56:19,203 [WARN] ModelIntegratedComponent:60 - No mode defined for component null
2022-10-14 18:56:19,203 [WARN] ModelIntegratedComponent:60 - No mode defined for component null
2022-10-14 18:56:19,203 [WARN] ModelIntegratedComponent:60 - No mode defined for component null
2022-10-14 18:56:19,203 [WARN] ModelIntegratedComponent:60 - No mode defined for component null
2022-10-14 18:56:19,203 [WARN] ModelIntegratedComponent:60 - No mode defined for component null
2022-10-14 18:56:19,203 [WARN] ModelIntegratedComponent:60 - No mode defined for component null
2022-10-14 18:56:19,203 [WARN] ModelIntegratedComponent:60 - No mode defined for component null
2022-10-14 18:56:19,203 [WARN] ModelIntegratedComponent:60 - No mode defined for component null
2022-10-14 18:56:19,206 [WARN] ApiManager:304 - Cannot register API 'Board Extension:NFC07A1' from pack STMicroelectronics.X-CUBE-NFC7.1.0.0: no header file found
2022-10-14 18:56:19,338 [WARN] ApiManager:304 - Cannot register API 'Board Extension:IKS01A3' from pack STMicroelectronics.X-CUBE-MEMS1.9.3.0: no header file found
2022-10-14 18:56:19,339 [WARN] ApiManager:304 - Cannot register API 'Board Extension:IKS01A2' from pack STMicroelectronics.X-CUBE-MEMS1.9.3.0: no header file found
2022-10-14 18:56:19,339 [WARN] ApiManager:304 - Cannot register API 'Board Extension:IKS02A1' from pack STMicroelectronics.X-CUBE-MEMS1.9.3.0: no header file found
2022-10-14 18:56:19,348 [WARN] ApiManager:304 - Cannot register API 'Wireless:BlueNRG-MS' from pack STMicroelectronics.X-CUBE-BLE1.6.2.3: no header file found
2022-10-14 18:56:19,351 [INFO] RtosManager:484 - Registered RTOS mode: class=CMSIS, group=RTOS, mode=CMSIS_V1, owner=FREERTOS
2022-10-14 18:56:19,351 [INFO] RtosManager:484 - Registered RTOS mode: class=CMSIS, group=RTOS2, mode=CMSIS_V2, owner=FREERTOS
2022-10-14 18:56:19,351 [INFO] RtosManager:484 - Registered RTOS mode: class=RTOS, group=Core, mode=CMSIS_V1, owner=FREERTOS
2022-10-14 18:56:19,351 [INFO] RtosManager:484 - Registered RTOS mode: class=RTOS, group=Core, mode=CMSIS_V2, owner=FREERTOS
2022-10-14 18:56:19,352 [WARN] ModelIntegratedComponent:181 - Missing modes for component STMicroelectronics:FreeRTOS:0.0.1:STMicroelectronics:RTOS:FreeRTOS:Core:::10.2.0:
2022-10-14 18:56:19,356 [WARN] ApiManager:304 - Cannot register API 'Board Extension:S2868A1' from pack STMicroelectronics.X-CUBE-SUBG2.5.0.0: no header file found
2022-10-14 18:56:19,356 [WARN] ApiManager:304 - Cannot register API 'Board Extension:S2868A2' from pack STMicroelectronics.X-CUBE-SUBG2.5.0.0: no header file found
2022-10-14 18:56:19,356 [WARN] ApiManager:304 - Cannot register API 'Board Extension:S2915A1' from pack STMicroelectronics.X-CUBE-SUBG2.5.0.0: no header file found
2022-10-14 18:56:19,360 [WARN] ApiManager:304 - Cannot register API 'Board Extension:EEPRMA1' from pack STMicroelectronics.X-CUBE-EEPRMA1.3.1.1: no header file found
2022-10-14 18:56:19,361 [WARN] ApiManager:304 - Cannot register API 'Board Extension:EEPRMA2' from pack STMicroelectronics.X-CUBE-EEPRMA1.3.1.1: no header file found
2022-10-14 18:56:19,362 [WARN] ApiManager:304 - Cannot register API 'Board Extension:S2868A1' from pack STMicroelectronics.X-CUBE-SFXS2LP1.4.0.0: no header file found
2022-10-14 18:56:19,362 [WARN] ApiManager:304 - Cannot register API 'Board Extension:S2868A2' from pack STMicroelectronics.X-CUBE-SFXS2LP1.4.0.0: no header file found
2022-10-14 18:56:19,362 [WARN] ApiManager:304 - Cannot register API 'Board Extension:S2915A1' from pack STMicroelectronics.X-CUBE-SFXS2LP1.4.0.0: no header file found
2022-10-14 18:56:19,363 [WARN] ApiManager:304 - Cannot register API 'Wireless:BlueNRG-2' from pack STMicroelectronics.X-CUBE-BLE2.3.3.0: no header file found
2022-10-14 18:56:19,363 [WARN] ApiManager:304 - Cannot register API 'Board Extension:NFC04A1' from pack STMicroelectronics.X-CUBE-NFC4.2.0.4: no header file found
2022-10-14 18:56:20,585 [INFO] UtilMem:74 - End LoadConfig() Used Memory: 336614304 Bytes (516947968)
2022-10-14 18:56:20,588 [WARN] ThirdParty:779 - waiting for thirdparty lock release [change project]
2022-10-14 18:56:20,588 [INFO] ThirdParty:781 - entering critical section [change project]
2022-10-14 18:56:20,589 [INFO] ThirdParty:967 - CMSIS Pack Vendor :RoweBots I-CUBE-UNISONRTOS 5.5.0-4
2022-10-14 18:56:20,589 [INFO] ThirdParty:967 - CMSIS Pack Vendor :STMicroelectronics X-CUBE-GNSS1 6.0.0
2022-10-14 18:56:20,589 [INFO] ThirdParty:967 - CMSIS Pack Vendor :STMicroelectronics X-CUBE-AZRTOS-H7 2.1.0
2022-10-14 18:56:20,589 [INFO] ThirdParty:967 - CMSIS Pack Vendor :STMicroelectronics USB_HOST 2.0.0
2022-10-14 18:56:20,589 [INFO] ThirdParty:967 - CMSIS Pack Vendor :STMicroelectronics X-CUBE-AZRTOS-F4 1.1.0
2022-10-14 18:56:20,589 [INFO] ThirdParty:967 - CMSIS Pack Vendor :STMicroelectronics X-CUBE-AZRTOS-G4 1.0.0
2022-10-14 18:56:20,589 [INFO] ThirdParty:967 - CMSIS Pack Vendor :STMicroelectronics X-CUBE-AZRTOS-L4 1.0.0
2022-10-14 18:56:20,589 [INFO] ThirdParty:967 - CMSIS Pack Vendor :STMicroelectronics USB_DEVICE 3.0.0
2022-10-14 18:56:20,589 [INFO] ThirdParty:967 - CMSIS Pack Vendor :wolfSSL I-CUBE-wolfSSL 5.5.0
2022-10-14 18:56:20,589 [INFO] ThirdParty:967 - CMSIS Pack Vendor :STMicroelectronics HAL Drivers 0.0.0
2022-10-14 18:56:20,589 [INFO] ThirdParty:967 - CMSIS Pack Vendor :STMicroelectronics MBEDTLS 2.16.2
2022-10-14 18:56:20,589 [INFO] ThirdParty:967 - CMSIS Pack Vendor :emotas I-CUBE-CANOPEN 1.1.2
2022-10-14 18:56:20,589 [INFO] ThirdParty:967 - CMSIS Pack Vendor :STMicroelectronics X-CUBE-TOUCHGFX 4.20.0
2022-10-14 18:56:20,589 [INFO] ThirdParty:967 - CMSIS Pack Vendor :STMicroelectronics MBEDTLS 2.14.1
2022-10-14 18:56:20,589 [INFO] ThirdParty:967 - CMSIS Pack Vendor :STMicroelectronics X-CUBE-NFC7 1.0.0
2022-10-14 18:56:20,589 [INFO] ThirdParty:967 - CMSIS Pack Vendor :STMicroelectronics X-CUBE-BLEMGR 1.0.0
2022-10-14 18:56:20,589 [INFO] ThirdParty:967 - CMSIS Pack Vendor :STMicroelectronics X-CUBE-AZRTOS-WL 1.0.0
2022-10-14 18:56:20,589 [INFO] ThirdParty:967 - CMSIS Pack Vendor :STMicroelectronics X-CUBE-AZRTOS-F7 1.1.0
2022-10-14 18:56:20,589 [INFO] ThirdParty:967 - CMSIS Pack Vendor :STMicroelectronics X-CUBE-MEMS1 9.3.0
2022-10-14 18:56:20,589 [INFO] ThirdParty:967 - CMSIS Pack Vendor :portGmbH I-Cube-SoM-uGOAL 1.1.0
2022-10-14 18:56:20,589 [INFO] ThirdParty:967 - CMSIS Pack Vendor :STMicroelectronics X-CUBE-ALS 1.0.1
2022-10-14 18:56:20,589 [INFO] ThirdParty:967 - CMSIS Pack Vendor :STMicroelectronics USB_DEVICE 2.0.0
2022-10-14 18:56:20,589 [INFO] ThirdParty:967 - CMSIS Pack Vendor :STMicroelectronics X-CUBE-AI 7.2.0
2022-10-14 18:56:20,589 [INFO] ThirdParty:967 - CMSIS Pack Vendor :STMicroelectronics X-CUBE-BLE1 6.2.3
2022-10-14 18:56:20,589 [INFO] ThirdParty:967 - CMSIS Pack Vendor :STMicroelectronics X-CUBE-ALGOBUILD 1.3.0
2022-10-14 18:56:20,589 [INFO] ThirdParty:967 - CMSIS Pack Vendor :STMicroelectronics X-CUBE-AZRTOS-L5 1.0.0
2022-10-14 18:56:20,590 [INFO] ThirdParty:967 - CMSIS Pack Vendor :STMicroelectronics FreeRTOS 0.0.1
2022-10-14 18:56:20,590 [INFO] ThirdParty:967 - CMSIS Pack Vendor :STMicroelectronics X-CUBE-AZRTOS-G0 1.1.0
2022-10-14 18:56:20,590 [INFO] ThirdParty:967 - CMSIS Pack Vendor :STMicroelectronics USB_DEVICE 1.0.0
2022-10-14 18:56:20,590 [INFO] ThirdParty:967 - CMSIS Pack Vendor :STMicroelectronics X-CUBE-SUBG2 5.0.0
2022-10-14 18:56:20,590 [INFO] ThirdParty:967 - CMSIS Pack Vendor :SEGGER I-CUBE-embOS 1.2.0
2022-10-14 18:56:20,590 [INFO] ThirdParty:967 - CMSIS Pack Vendor :STMicroelectronics X-CUBE-EEPRMA1 3.1.1
2022-10-14 18:56:20,590 [INFO] ThirdParty:967 - CMSIS Pack Vendor :STMicroelectronics ThreadX 0.0.2
2022-10-14 18:56:20,590 [INFO] ThirdParty:967 - CMSIS Pack Vendor :STMicroelectronics lwIP 2.0.3
2022-10-14 18:56:20,590 [INFO] ThirdParty:967 - CMSIS Pack Vendor :STMicroelectronics lwIP 2.1.2
2022-10-14 18:56:20,590 [INFO] ThirdParty:967 - CMSIS Pack Vendor :STMicroelectronics X-CUBE-SFXS2LP1 4.0.0
2022-10-14 18:56:20,590 [INFO] ThirdParty:967 - CMSIS Pack Vendor :STMicroelectronics X-CUBE-BLE2 3.3.0
2022-10-14 18:56:20,590 [INFO] ThirdParty:967 - CMSIS Pack Vendor :STMicroelectronics X-CUBE-NFC4 2.0.4
2022-10-14 18:56:20,590 [INFO] ThirdParty:967 - CMSIS Pack Vendor :STMicroelectronics USB_HOST 1.0.0
2022-10-14 18:56:20,590 [INFO] ThirdParty:967 - CMSIS Pack Vendor :STMicroelectronics X-CUBE-DISPLAY 2.2.0
2022-10-14 18:56:20,590 [INFO] ThirdParty:967 - CMSIS Pack Vendor :STMicroelectronics PDM2PCM 3.1.0
2022-10-14 18:56:20,590 [INFO] ThirdParty:967 - CMSIS Pack Vendor :STMicroelectronics FP-ATR-ASTRA1 1.1.1
2022-10-14 18:56:20,590 [INFO] ThirdParty:967 - CMSIS Pack Vendor :STMicroelectronics PDM2PCM 3.2.0
2022-10-14 18:56:20,590 [INFO] ThirdParty:967 - CMSIS Pack Vendor :STMicroelectronics PDM2PCM 3.3.0
2022-10-14 18:56:20,590 [INFO] ThirdParty:967 - CMSIS Pack Vendor :STMicroelectronics X-CUBE-TOF1 3.1.0
2022-10-14 18:56:20,590 [INFO] ThirdParty:967 - CMSIS Pack Vendor :STMicroelectronics X-CUBE-ISPU 1.0.0
2022-10-14 18:56:20,591 [INFO] ThirdParty:787 - exiting critical section [change project]
2022-10-14 18:56:20,789 [INFO] PinOutPanel:1463 - setPackage(No Configuration,No Configuration)
2022-10-14 18:56:20,791 [INFO] PinOutPanel:1463 - setPackage(STM32F103C6Ux,UFQFPN48)
2022-10-14 18:56:21,163 [INFO] UtilMem:74 - Before build in PCC Used Memory: 256240544 Bytes (516947968)
2022-10-14 18:56:21,714 [INFO] UtilMem:74 - After build in PCC Used Memory: 351111720 Bytes (516947968)
2022-10-14 18:56:21,732 [INFO] IPUIPlugin:74 - create IPUIPlugin
2022-10-14 18:56:21,732 [INFO] IPUIPlugin:74 - create IPUIPlugin
2022-10-14 18:56:21,732 [INFO] IPUIPlugin:74 - create IPUIPlugin
2022-10-14 18:56:21,732 [INFO] IPUIPlugin:74 - create IPUIPlugin
2022-10-14 18:56:21,732 [INFO] IPUIPlugin:74 - create IPUIPlugin
2022-10-14 18:56:21,732 [INFO] IPUIPlugin:74 - create IPUIPlugin
2022-10-14 18:56:21,732 [INFO] IPUIPlugin:74 - create IPUIPlugin
2022-10-14 18:56:21,733 [INFO] IPUIPlugin:74 - create IPUIPlugin
2022-10-14 18:56:21,733 [INFO] IPUIPlugin:74 - create IPUIPlugin
2022-10-14 18:56:21,733 [INFO] IPUIPlugin:74 - create IPUIPlugin
2022-10-14 18:56:21,733 [INFO] IPUIPlugin:74 - create IPUIPlugin
2022-10-14 18:56:21,733 [INFO] IPUIPlugin:74 - create IPUIPlugin
2022-10-14 18:56:21,734 [INFO] IPUIPlugin:74 - create IPUIPlugin
2022-10-14 18:56:21,734 [INFO] IPUIPlugin:74 - create IPUIPlugin
2022-10-14 18:56:21,734 [INFO] IPUIPlugin:74 - create IPUIPlugin
2022-10-14 18:56:21,734 [INFO] IPUIPlugin:74 - create IPUIPlugin
2022-10-14 18:56:21,734 [INFO] IPUIPlugin:74 - create IPUIPlugin
2022-10-14 18:56:21,735 [INFO] IPUIPlugin:74 - create IPUIPlugin
2022-10-14 18:56:21,735 [INFO] IPUIPlugin:74 - create IPUIPlugin
2022-10-14 18:56:21,735 [INFO] IPUIPlugin:74 - create IPUIPlugin
2022-10-14 18:56:21,736 [INFO] IPUIPlugin:74 - create IPUIPlugin
2022-10-14 18:56:21,736 [INFO] IPUIPlugin:74 - create IPUIPlugin
2022-10-14 18:56:21,736 [INFO] IPUIPlugin:74 - create IPUIPlugin
2022-10-14 18:56:21,887 [INFO] OpenFileManager:333 - Restore cursor
2022-10-14 18:56:22,205 [INFO] UtilMem:74 - End SaveConfig() Used Memory: 289110608 Bytes (516947968)
2022-10-14 18:56:22,263 [INFO] UtilMem:74 - End SaveConfig() Used Memory: 309350096 Bytes (516947968)
2022-10-14 18:56:22,497 [INFO] BlockDiagram:2740 - set Specific Code input for plugin: NVIC
2022-10-14 18:56:22,497 [INFO] BlockDiagram:2740 - set Specific Code input for plugin: SYS
2022-10-14 18:56:22,497 [INFO] BlockDiagram:2740 - set Specific Code input for plugin: RCC
2022-10-14 18:56:22,498 [INFO] CodeGenerator:663 - code generatio: config db path: C:\ST\STM32CubeIDE_1.7.0\STM32CubeIDE\plugins\com.st.stm32cube.common.mx_6.3.0.202107141111\\db\
2022-10-14 18:56:22,820 [INFO] CodeEngine:239 - oldGeneratedFile, C:\GIT Projects\MCU TEST\Lab2\Ex8\STM\Lab2_Ex8\MXTmpFiles\license.tmp_save
2022-10-14 18:56:23,209 [INFO] CodeEngine:257 - Generated code: C:\GIT Projects\MCU TEST\Lab2\Ex8\STM\Lab2_Ex8\MXTmpFiles\license.tmp
2022-10-14 18:56:23,298 [INFO] CodeEngine:239 - oldGeneratedFile, C:\GIT Projects\MCU TEST\Lab2\Ex8\STM\Lab2_Ex8\Core\Src\stm32f1xx_it.c_save
2022-10-14 18:56:23,473 [INFO] CodeEngine:257 - Generated code: C:\GIT Projects\MCU TEST\Lab2\Ex8\STM\Lab2_Ex8\Core\Src\stm32f1xx_it.c
2022-10-14 18:56:23,477 [INFO] CodeEngine:239 - oldGeneratedFile, C:\GIT Projects\MCU TEST\Lab2\Ex8\STM\Lab2_Ex8\Core\Inc\stm32f1xx_it.h_save
2022-10-14 18:56:23,552 [INFO] CodeEngine:257 - Generated code: C:\GIT Projects\MCU TEST\Lab2\Ex8\STM\Lab2_Ex8\Core\Inc\stm32f1xx_it.h
2022-10-14 18:56:23,564 [INFO] CodeEngine:239 - oldGeneratedFile, C:\GIT Projects\MCU TEST\Lab2\Ex8\STM\Lab2_Ex8\Core\Src\stm32f1xx_hal_msp.c_save
2022-10-14 18:56:23,686 [INFO] CodeEngine:257 - Generated code: C:\GIT Projects\MCU TEST\Lab2\Ex8\STM\Lab2_Ex8\Core\Src\stm32f1xx_hal_msp.c
2022-10-14 18:56:23,689 [INFO] CodeEngine:239 - oldGeneratedFile, C:\GIT Projects\MCU TEST\Lab2\Ex8\STM\Lab2_Ex8\MXTmpFiles\system.tmp_save
2022-10-14 18:56:23,752 [INFO] CodeEngine:257 - Generated code: C:\GIT Projects\MCU TEST\Lab2\Ex8\STM\Lab2_Ex8\MXTmpFiles\system.tmp
2022-10-14 18:56:23,763 [INFO] CodeEngine:239 - oldGeneratedFile, C:\GIT Projects\MCU TEST\Lab2\Ex8\STM\Lab2_Ex8\Core\Inc\stm32f1xx_hal_conf.h_save
2022-10-14 18:56:23,839 [INFO] CodeEngine:257 - Generated code: C:\GIT Projects\MCU TEST\Lab2\Ex8\STM\Lab2_Ex8\Core\Inc\stm32f1xx_hal_conf.h
2022-10-14 18:56:23,887 [INFO] CodeEngine:239 - oldGeneratedFile, C:\GIT Projects\MCU TEST\Lab2\Ex8\STM\Lab2_Ex8\Core\Inc\main.h_save
2022-10-14 18:56:23,976 [INFO] CodeEngine:257 - Generated code: C:\GIT Projects\MCU TEST\Lab2\Ex8\STM\Lab2_Ex8\Core\Inc\main.h
2022-10-14 18:56:23,980 [INFO] CodeEngine:239 - oldGeneratedFile, C:\GIT Projects\MCU TEST\Lab2\Ex8\STM\Lab2_Ex8\Core\Src\main.c_save
2022-10-14 18:56:24,127 [INFO] CodeEngine:257 - Generated code: C:\GIT Projects\MCU TEST\Lab2\Ex8\STM\Lab2_Ex8\Core\Src\main.c
2022-10-14 18:56:25,044 [INFO] ProjectBuilder:2578 - Time for Copy HAL[1] : 121mS.
2022-10-14 18:56:25,050 [INFO] ProjectBuilder:3622 - Project Generator version: 3.14.1
2022-10-14 18:56:25,483 [INFO] ConfigFileManager:1271 - The Die is : DIE412
2022-10-14 18:56:25,496 [INFO] ApiDbMcu:468 - Load IP Config File for FATFS
2022-10-14 18:56:25,521 [INFO] ApiDbMcu:468 - Load IP Config File for FREERTOS
2022-10-14 18:56:25,540 [INFO] ApiDbMcu:468 - Load IP Config File for USB_DEVICE
2022-10-14 18:56:29,619 [INFO] ProjectBuilder:3789 - Time for Generating toolchain IDE Files: 4569mS.
2022-10-14 18:56:29,620 [INFO] ProjectBuilder:2457 - Time for Copy CMSIS : 0mS.
2022-10-14 18:56:29,623 [INFO] ProjectBuilder:2457 - Time for Copy CMSIS : 0mS.
2022-10-14 18:56:30,281 [INFO] McuFinderGlobals:52 - Set McuFinderConnectedMode to true
2022-10-14 18:56:30,284 [INFO] ApiDb:276 - Save user favorites file C:\Users\A.Tuan/.stm32cubeide/favorites.mcus.txt: 0 item(s)
2022-10-14 18:56:30,284 [INFO] ApiDb:280 - User favorites MCUs=[]
2022-10-14 18:58:50,715 [INFO] NvicIntPanel:96 - NVIC parent = com.st.microxplorer.plugins.ip.nvic.MultiNvicIntPanel[,0,0,0x0,invalid,layout=javax.swing.BoxLayout,alignmentX=0.0,alignmentY=0.0,border=,flags=9,maximumSize=,minimumSize=,preferredSize=]
2022-10-14 18:58:52,539 [INFO] NvicIntPanel:96 - NVIC parent = com.st.microxplorer.plugins.ip.nvic.MultiNvicIntPanel[,0,0,0x0,invalid,layout=javax.swing.BoxLayout,alignmentX=0.0,alignmentY=0.0,border=,flags=9,maximumSize=,minimumSize=,preferredSize=]
2022-10-14 18:59:03,428 [INFO] UtilMem:74 - End SaveConfig() Used Memory: 679365384 Bytes (849346560)
2022-10-14 18:59:04,227 [INFO] UtilMem:74 - End SaveConfig() Used Memory: 699361408 Bytes (849346560)
2022-10-14 18:59:06,086 [INFO] UtilMem:74 - End SaveConfig() Used Memory: 709182464 Bytes (849346560)
2022-10-14 18:59:06,439 [INFO] BlockDiagram:2740 - set Specific Code input for plugin: NVIC
2022-10-14 18:59:06,439 [INFO] BlockDiagram:2740 - set Specific Code input for plugin: SYS
2022-10-14 18:59:06,439 [INFO] BlockDiagram:2740 - set Specific Code input for plugin: GPIO
2022-10-14 18:59:06,439 [INFO] BlockDiagram:2740 - set Specific Code input for plugin: RCC
2022-10-14 18:59:06,439 [INFO] BlockDiagram:2740 - set Specific Code input for plugin: TIM1_8F1
2022-10-14 18:59:06,441 [INFO] CodeGenerator:663 - code generatio: config db path: C:\ST\STM32CubeIDE_1.7.0\STM32CubeIDE\plugins\com.st.stm32cube.common.mx_6.3.0.202107141111\\db\
2022-10-14 18:59:06,740 [INFO] CodeEngine:239 - oldGeneratedFile, C:\GIT Projects\MCU TEST\Lab2\Ex8\STM\Lab2_Ex8\MXTmpFiles\license.tmp_save
2022-10-14 18:59:06,800 [INFO] CodeEngine:257 - Generated code: C:\GIT Projects\MCU TEST\Lab2\Ex8\STM\Lab2_Ex8\MXTmpFiles\license.tmp
2022-10-14 18:59:06,877 [INFO] CodeEngine:239 - oldGeneratedFile, C:\GIT Projects\MCU TEST\Lab2\Ex8\STM\Lab2_Ex8\MXTmpFiles\gpio.tmp_save
2022-10-14 18:59:06,941 [INFO] CodeEngine:257 - Generated code: C:\GIT Projects\MCU TEST\Lab2\Ex8\STM\Lab2_Ex8\MXTmpFiles\gpio.tmp
2022-10-14 18:59:07,108 [INFO] CodeEngine:239 - oldGeneratedFile, C:\GIT Projects\MCU TEST\Lab2\Ex8\STM\Lab2_Ex8\Core\Src\stm32f1xx_it.c_save
2022-10-14 18:59:07,197 [INFO] CodeEngine:257 - Generated code: C:\GIT Projects\MCU TEST\Lab2\Ex8\STM\Lab2_Ex8\Core\Src\stm32f1xx_it.c
2022-10-14 18:59:07,203 [INFO] CodeEngine:239 - oldGeneratedFile, C:\GIT Projects\MCU TEST\Lab2\Ex8\STM\Lab2_Ex8\Core\Inc\stm32f1xx_it.h_save
2022-10-14 18:59:07,290 [INFO] CodeEngine:257 - Generated code: C:\GIT Projects\MCU TEST\Lab2\Ex8\STM\Lab2_Ex8\Core\Inc\stm32f1xx_it.h
2022-10-14 18:59:07,308 [INFO] CodeEngine:239 - oldGeneratedFile, C:\GIT Projects\MCU TEST\Lab2\Ex8\STM\Lab2_Ex8\Core\Src\stm32f1xx_hal_msp.c_save
2022-10-14 18:59:07,446 [INFO] CodeEngine:257 - Generated code: C:\GIT Projects\MCU TEST\Lab2\Ex8\STM\Lab2_Ex8\Core\Src\stm32f1xx_hal_msp.c
2022-10-14 18:59:07,450 [INFO] CodeEngine:239 - oldGeneratedFile, C:\GIT Projects\MCU TEST\Lab2\Ex8\STM\Lab2_Ex8\MXTmpFiles\system.tmp_save
2022-10-14 18:59:07,501 [INFO] CodeEngine:257 - Generated code: C:\GIT Projects\MCU TEST\Lab2\Ex8\STM\Lab2_Ex8\MXTmpFiles\system.tmp
2022-10-14 18:59:07,519 [INFO] CodeEngine:239 - oldGeneratedFile, C:\GIT Projects\MCU TEST\Lab2\Ex8\STM\Lab2_Ex8\Core\Inc\stm32f1xx_hal_conf.h_save
2022-10-14 18:59:07,611 [INFO] CodeEngine:257 - Generated code: C:\GIT Projects\MCU TEST\Lab2\Ex8\STM\Lab2_Ex8\Core\Inc\stm32f1xx_hal_conf.h
2022-10-14 18:59:07,629 [WARN] IPConfigManager:3148 - IP not found : TIM
2022-10-14 18:59:07,630 [WARN] CodeGenerator:3268 - IP not found : null
2022-10-14 18:59:07,645 [INFO] CodeEngine:239 - oldGeneratedFile, C:\GIT Projects\MCU TEST\Lab2\Ex8\STM\Lab2_Ex8\Core\Inc\main.h_save
2022-10-14 18:59:07,708 [INFO] CodeEngine:257 - Generated code: C:\GIT Projects\MCU TEST\Lab2\Ex8\STM\Lab2_Ex8\Core\Inc\main.h
2022-10-14 18:59:07,719 [INFO] CodeEngine:239 - oldGeneratedFile, C:\GIT Projects\MCU TEST\Lab2\Ex8\STM\Lab2_Ex8\Core\Src\main.c_save
2022-10-14 18:59:07,829 [INFO] CodeEngine:257 - Generated code: C:\GIT Projects\MCU TEST\Lab2\Ex8\STM\Lab2_Ex8\Core\Src\main.c
2022-10-14 18:59:08,621 [INFO] ProjectBuilder:2578 - Time for Copy HAL[1] : 100mS.
2022-10-14 18:59:08,659 [INFO] ProjectBuilder:3622 - Project Generator version: 3.14.1
2022-10-14 18:59:09,064 [INFO] ConfigFileManager:1271 - The Die is : DIE412
2022-10-14 18:59:10,769 [INFO] ProjectBuilder:3789 - Time for Generating toolchain IDE Files: 2110mS.
2022-10-14 18:59:10,771 [INFO] ProjectBuilder:2457 - Time for Copy CMSIS : 1mS.
2022-10-14 18:59:10,774 [INFO] ProjectBuilder:2457 - Time for Copy CMSIS : 0mS.
