2022-10-14 16:37:46,837 [INFO] Activator:177 - 


2022-10-14 16:37:46,839 [INFO] Activator:178 - !SESSION log4j initialized
2022-10-14 16:39:38,254 [INFO] McuFinderGlobals:39 - Set McuFinder mode to 2 (CubeIDE integrated)
2022-10-14 16:39:38,862 [INFO] ApplicationProperties:181 - Using Application install path: C:\ST\STM32CubeIDE_1.7.0\STM32CubeIDE\plugins\com.st.stm32cube.common.mx_6.3.0.202107141111
2022-10-14 16:39:38,886 [INFO] DbMcusXml:74 - Set database path to: C:\ST\STM32CubeIDE_1.7.0\STM32CubeIDE\plugins\com.st.stm32cube.common.mx_6.3.0.202107141111\\db\/mcu/
2022-10-14 16:39:38,893 [INFO] DbBoardsPdsc:56 - Set plugin database path to: C:\ST\STM32CubeIDE_1.7.0\STM32CubeIDE\plugins\com.st.stm32cube.common.mx_6.3.0.202107141111\\db\/plugins/boardmanager/
2022-10-14 16:39:38,894 [INFO] DbMcus:258 - Set plugin images path to: C:\ST\STM32CubeIDE_1.7.0\STM32CubeIDE\plugins\com.st.stm32cube.common.mx_6.3.0.202107141111\\db\/plugins/mcufinder/images/
2022-10-14 16:39:38,894 [INFO] DbBoards:264 - Set plugin images path to: C:\ST\STM32CubeIDE_1.7.0\STM32CubeIDE\plugins\com.st.stm32cube.common.mx_6.3.0.202107141111\\db\/plugins/mcufinder/images/
2022-10-14 16:39:38,899 [INFO] DbExamples:333 - Set plugin images path to: C:\ST\STM32CubeIDE_1.7.0\STM32CubeIDE\plugins\com.st.stm32cube.common.mx_6.3.0.202107141111\\db\/plugins/mcufinder/images/
2022-10-14 16:39:38,911 [INFO] DbMcusAds:119 - Set database path to: C:\Users\A.Tuan\.stmcufinder\plugins\mcufinder//mcu/
2022-10-14 16:39:38,913 [INFO] DbMcusDocs:110 - Set database path to: C:\Users\A.Tuan\.stmcufinder\plugins\mcufinder//mcu/
2022-10-14 16:39:38,917 [INFO] DbMcusJson:64 - Set database path to: C:\Users\A.Tuan\.stmcufinder\plugins\mcufinder//mcu/
2022-10-14 16:39:38,918 [INFO] DbBoardsDocs:110 - Set database path to: C:\Users\A.Tuan\.stmcufinder\plugins\mcufinder//mcu/
2022-10-14 16:39:38,921 [INFO] DbBoardsJson:57 - Set database path to: C:\Users\A.Tuan\.stmcufinder\plugins\mcufinder//mcu/
2022-10-14 16:39:38,955 [INFO] CrossReferenceDbSqlite:196 - Set database path to: C:\Users\A.Tuan\.stmcufinder\plugins\mcufinder//mcu/cs/
2022-10-14 16:39:38,959 [INFO] DbExamplesSqlite:767 - Set database path to: C:\Users\A.Tuan\.stmcufinder\plugins\mcufinder//mcu/
2022-10-14 16:39:39,149 [INFO] RulesReader:57 - Compatibility file has been processed (242 Rules)
2022-10-14 16:39:39,427 [INFO] DbMcusXml:74 - Set database path to: C:\ST\STM32CubeIDE_1.7.0\STM32CubeIDE\plugins\com.st.stm32cube.common.mx_6.3.0.202107141111\\db\/mcu/
2022-10-14 16:39:39,429 [INFO] DbBoardsPdsc:56 - Set plugin database path to: C:\ST\STM32CubeIDE_1.7.0\STM32CubeIDE\plugins\com.st.stm32cube.common.mx_6.3.0.202107141111\\db\/plugins/boardmanager/
2022-10-14 16:39:39,430 [INFO] DbMcus:258 - Set plugin images path to: C:\ST\STM32CubeIDE_1.7.0\STM32CubeIDE\plugins\com.st.stm32cube.common.mx_6.3.0.202107141111\\db\/plugins/mcufinder/images/
2022-10-14 16:39:39,430 [INFO] DbBoards:264 - Set plugin images path to: C:\ST\STM32CubeIDE_1.7.0\STM32CubeIDE\plugins\com.st.stm32cube.common.mx_6.3.0.202107141111\\db\/plugins/mcufinder/images/
2022-10-14 16:39:39,430 [INFO] DbExamples:333 - Set plugin images path to: C:\ST\STM32CubeIDE_1.7.0\STM32CubeIDE\plugins\com.st.stm32cube.common.mx_6.3.0.202107141111\\db\/plugins/mcufinder/images/
2022-10-14 16:39:39,430 [WARN] DbFile:35 - Overriding database path with different value: C:\Users\A.Tuan\.stmcufinder\plugins\mcufinder/ => C:\Users\A.Tuan\.stmcufinder\plugins\mcufinder
2022-10-14 16:39:39,431 [INFO] DbMcusAds:119 - Set database path to: C:\Users\A.Tuan\.stmcufinder\plugins\mcufinder//mcu/
2022-10-14 16:39:39,431 [WARN] DbFile:35 - Overriding database path with different value: C:\Users\A.Tuan\.stmcufinder\plugins\mcufinder/ => C:\Users\A.Tuan\.stmcufinder\plugins\mcufinder
2022-10-14 16:39:39,431 [INFO] DbMcusDocs:110 - Set database path to: C:\Users\A.Tuan\.stmcufinder\plugins\mcufinder//mcu/
2022-10-14 16:39:39,431 [WARN] DbFile:35 - Overriding database path with different value: C:\Users\A.Tuan\.stmcufinder\plugins\mcufinder/ => C:\Users\A.Tuan\.stmcufinder\plugins\mcufinder
2022-10-14 16:39:39,432 [INFO] DbMcusJson:64 - Set database path to: C:\Users\A.Tuan\.stmcufinder\plugins\mcufinder//mcu/
2022-10-14 16:39:39,432 [WARN] DbFile:35 - Overriding database path with different value: C:\Users\A.Tuan\.stmcufinder\plugins\mcufinder/ => C:\Users\A.Tuan\.stmcufinder\plugins\mcufinder
2022-10-14 16:39:39,432 [INFO] DbBoardsDocs:110 - Set database path to: C:\Users\A.Tuan\.stmcufinder\plugins\mcufinder//mcu/
2022-10-14 16:39:39,432 [WARN] DbFile:35 - Overriding database path with different value: C:\Users\A.Tuan\.stmcufinder\plugins\mcufinder/ => C:\Users\A.Tuan\.stmcufinder\plugins\mcufinder
2022-10-14 16:39:39,433 [INFO] DbBoardsJson:57 - Set database path to: C:\Users\A.Tuan\.stmcufinder\plugins\mcufinder//mcu/
2022-10-14 16:39:39,433 [WARN] DbFile:35 - Overriding database path with different value: C:\Users\A.Tuan\.stmcufinder\plugins\mcufinder/ => C:\Users\A.Tuan\.stmcufinder\plugins\mcufinder
2022-10-14 16:39:39,433 [WARN] DbFile:35 - Overriding database path with different value: C:\Users\A.Tuan\.stmcufinder\plugins\mcufinder/ => C:\Users\A.Tuan\.stmcufinder\plugins\mcufinder
2022-10-14 16:39:39,433 [INFO] CrossReferenceDbSqlite:196 - Set database path to: C:\Users\A.Tuan\.stmcufinder\plugins\mcufinder//mcu/cs/
2022-10-14 16:39:39,433 [WARN] DbFile:35 - Overriding database path with different value: C:\Users\A.Tuan\.stmcufinder\plugins\mcufinder/ => C:\Users\A.Tuan\.stmcufinder\plugins\mcufinder
2022-10-14 16:39:39,434 [INFO] DbExamplesSqlite:767 - Set database path to: C:\Users\A.Tuan\.stmcufinder\plugins\mcufinder//mcu/
2022-10-14 16:39:39,616 [INFO] MainPanel:214 - HeapMemory: 368050176
2022-10-14 16:39:39,770 [INFO] DbMcusXml:74 - Set database path to: C:\ST\STM32CubeIDE_1.7.0\STM32CubeIDE\plugins\com.st.stm32cube.common.mx_6.3.0.202107141111\\db\/mcu/
2022-10-14 16:39:39,770 [INFO] DbBoardsPdsc:56 - Set plugin database path to: C:\ST\STM32CubeIDE_1.7.0\STM32CubeIDE\plugins\com.st.stm32cube.common.mx_6.3.0.202107141111\\db\/plugins/boardmanager/
2022-10-14 16:39:39,771 [INFO] DbMcus:258 - Set plugin images path to: C:\ST\STM32CubeIDE_1.7.0\STM32CubeIDE\plugins\com.st.stm32cube.common.mx_6.3.0.202107141111\\db\/plugins/mcufinder/images/
2022-10-14 16:39:39,771 [INFO] DbBoards:264 - Set plugin images path to: C:\ST\STM32CubeIDE_1.7.0\STM32CubeIDE\plugins\com.st.stm32cube.common.mx_6.3.0.202107141111\\db\/plugins/mcufinder/images/
2022-10-14 16:39:39,771 [INFO] DbExamples:333 - Set plugin images path to: C:\ST\STM32CubeIDE_1.7.0\STM32CubeIDE\plugins\com.st.stm32cube.common.mx_6.3.0.202107141111\\db\/plugins/mcufinder/images/
2022-10-14 16:39:39,772 [WARN] DbFile:35 - Overriding database path with different value: C:\Users\A.Tuan\.stmcufinder\plugins\mcufinder/ => C:\Users\A.Tuan\.stmcufinder\plugins\mcufinder
2022-10-14 16:39:39,772 [INFO] DbMcusAds:119 - Set database path to: C:\Users\A.Tuan\.stmcufinder\plugins\mcufinder//mcu/
2022-10-14 16:39:39,772 [WARN] DbFile:35 - Overriding database path with different value: C:\Users\A.Tuan\.stmcufinder\plugins\mcufinder/ => C:\Users\A.Tuan\.stmcufinder\plugins\mcufinder
2022-10-14 16:39:39,772 [INFO] DbMcusDocs:110 - Set database path to: C:\Users\A.Tuan\.stmcufinder\plugins\mcufinder//mcu/
2022-10-14 16:39:39,772 [WARN] DbFile:35 - Overriding database path with different value: C:\Users\A.Tuan\.stmcufinder\plugins\mcufinder/ => C:\Users\A.Tuan\.stmcufinder\plugins\mcufinder
2022-10-14 16:39:39,772 [INFO] DbMcusJson:64 - Set database path to: C:\Users\A.Tuan\.stmcufinder\plugins\mcufinder//mcu/
2022-10-14 16:39:39,772 [WARN] DbFile:35 - Overriding database path with different value: C:\Users\A.Tuan\.stmcufinder\plugins\mcufinder/ => C:\Users\A.Tuan\.stmcufinder\plugins\mcufinder
2022-10-14 16:39:39,772 [INFO] DbBoardsDocs:110 - Set database path to: C:\Users\A.Tuan\.stmcufinder\plugins\mcufinder//mcu/
2022-10-14 16:39:39,772 [WARN] DbFile:35 - Overriding database path with different value: C:\Users\A.Tuan\.stmcufinder\plugins\mcufinder/ => C:\Users\A.Tuan\.stmcufinder\plugins\mcufinder
2022-10-14 16:39:39,773 [INFO] DbBoardsJson:57 - Set database path to: C:\Users\A.Tuan\.stmcufinder\plugins\mcufinder//mcu/
2022-10-14 16:39:39,773 [WARN] DbFile:35 - Overriding database path with different value: C:\Users\A.Tuan\.stmcufinder\plugins\mcufinder/ => C:\Users\A.Tuan\.stmcufinder\plugins\mcufinder
2022-10-14 16:39:39,773 [WARN] DbFile:35 - Overriding database path with different value: C:\Users\A.Tuan\.stmcufinder\plugins\mcufinder/ => C:\Users\A.Tuan\.stmcufinder\plugins\mcufinder
2022-10-14 16:39:39,773 [INFO] CrossReferenceDbSqlite:196 - Set database path to: C:\Users\A.Tuan\.stmcufinder\plugins\mcufinder//mcu/cs/
2022-10-14 16:39:39,773 [WARN] DbFile:35 - Overriding database path with different value: C:\Users\A.Tuan\.stmcufinder\plugins\mcufinder/ => C:\Users\A.Tuan\.stmcufinder\plugins\mcufinder
2022-10-14 16:39:39,773 [INFO] DbExamplesSqlite:767 - Set database path to: C:\Users\A.Tuan\.stmcufinder\plugins\mcufinder//mcu/
2022-10-14 16:39:39,806 [INFO] ApplicationProperties:181 - Using Application install path: C:\ST\STM32CubeIDE_1.7.0\STM32CubeIDE\plugins\com.st.stm32cube.common.mx_6.3.0.202107141111
2022-10-14 16:39:39,808 [INFO] PluginManage:188 - Search for loadable plugins [exclusion list=, ]
2022-10-14 16:39:39,810 [INFO] PluginManage:302 - Check plugin analytics
2022-10-14 16:39:40,050 [INFO] AnalyticsPlugin:257 - Accepted Software Licenses: 
2022-10-14 16:39:40,051 [INFO] AnalyticsPlugin:259 - Accepted CMSIS Pack Licenses: 
2022-10-14 16:39:40,051 [INFO] AnalyticsPlugin:261 - Accepted Firmware Licenses: 
2022-10-14 16:39:40,052 [INFO] PluginManage:352 - Loaded plugin analytics (category:tool,tabindex:-1)
2022-10-14 16:39:40,052 [INFO] PluginManage:302 - Check plugin clock
2022-10-14 16:39:40,077 [INFO] PluginManage:352 - Loaded plugin clock (category:base,tabindex:2)
2022-10-14 16:39:40,077 [INFO] PluginManage:302 - Check plugin ddr
2022-10-14 16:39:40,081 [INFO] PluginManage:352 - Loaded plugin ddr (category:tool,tabindex:6)
2022-10-14 16:39:40,081 [INFO] PluginManage:302 - Check plugin filemanager
2022-10-14 16:39:40,281 [INFO] PluginManage:352 - Loaded plugin filemanager (category:base,tabindex:10)
2022-10-14 16:39:40,281 [INFO] PluginManage:302 - Check plugin ipmanager
2022-10-14 16:39:40,302 [INFO] PluginManage:352 - Loaded plugin ipmanager (category:base,tabindex:5)
2022-10-14 16:39:40,302 [INFO] PluginManage:302 - Check plugin pinoutandconfiguration
2022-10-14 16:39:40,326 [INFO] PluginManage:352 - Loaded plugin pinoutandconfiguration (category:base,tabindex:1)
2022-10-14 16:39:40,326 [INFO] PluginManage:302 - Check plugin pinoutconfig
2022-10-14 16:39:40,390 [INFO] PluginManage:352 - Loaded plugin pinoutconfig (category:base,tabindex:0)
2022-10-14 16:39:40,391 [INFO] PluginManage:302 - Check plugin power
2022-10-14 16:39:40,426 [INFO] PluginManage:352 - Loaded plugin power (category:power,tabindex:4)
2022-10-14 16:39:40,426 [INFO] PluginManage:302 - Check plugin projectmanager
2022-10-14 16:39:40,455 [INFO] PluginManage:352 - Loaded plugin projectmanager (category:projectmanager,tabindex:3)
2022-10-14 16:39:40,455 [INFO] PluginManage:302 - Check plugin thirdparty
2022-10-14 16:39:41,090 [WARN] IntegrityCheckThread:78 - waiting for thirdparty lock release [integrity check]
2022-10-14 16:39:41,092 [INFO] IntegrityCheckThread:80 - entering critical section [integrity check]
2022-10-14 16:39:41,092 [INFO] PluginManage:352 - Loaded plugin thirdparty (category:base,tabindex:-1)
2022-10-14 16:39:41,092 [INFO] ThirdPartyUpdaterWithRetryManager:66 - Updater plugin not ready yet. [1/15]
2022-10-14 16:39:41,092 [INFO] PluginManage:302 - Check plugin tools
2022-10-14 16:39:41,230 [INFO] PluginManage:352 - Loaded plugin tools (category:base,tabindex:7)
2022-10-14 16:39:41,230 [INFO] PluginManage:302 - Check plugin tutovideos
2022-10-14 16:39:41,780 [INFO] PluginManage:352 - Loaded plugin tutovideos (category:base,tabindex:-1)
2022-10-14 16:39:41,780 [INFO] PluginManage:302 - Check plugin updater
2022-10-14 16:39:41,806 [INFO] PluginManage:352 - Loaded plugin updater (category:base,tabindex:12)
2022-10-14 16:39:41,808 [INFO] PluginManage:275 - PluginManage : Loaded plugins [13]
2022-10-14 16:39:42,461 [INFO] PinOutPanel:1463 - setPackage(No Configuration,No Configuration)
2022-10-14 16:39:42,718 [INFO] IPUIPlugin:74 - create IPUIPlugin
2022-10-14 16:39:42,719 [INFO] PluginManager:213 - loadIPPluginJar : add adc
2022-10-14 16:39:42,793 [INFO] IPUIPlugin:74 - create IPUIPlugin
2022-10-14 16:39:42,794 [INFO] PluginManager:213 - loadIPPluginJar : add aes
2022-10-14 16:39:42,863 [INFO] IPUIPlugin:74 - create IPUIPlugin
2022-10-14 16:39:42,864 [INFO] PluginManager:213 - loadIPPluginJar : add can
2022-10-14 16:39:42,912 [INFO] IPUIPlugin:74 - create IPUIPlugin
2022-10-14 16:39:42,912 [INFO] PluginManager:213 - loadIPPluginJar : add comp
2022-10-14 16:39:42,970 [INFO] IPUIPlugin:74 - create IPUIPlugin
2022-10-14 16:39:42,970 [INFO] PluginManager:213 - loadIPPluginJar : add cryp
2022-10-14 16:39:43,030 [INFO] IPUIPlugin:74 - create IPUIPlugin
2022-10-14 16:39:43,031 [INFO] PluginManager:213 - loadIPPluginJar : add dfsdm
2022-10-14 16:39:43,054 [INFO] IPUIPlugin:74 - create IPUIPlugin
2022-10-14 16:39:43,056 [INFO] PluginManager:213 - loadIPPluginJar : add dma
2022-10-14 16:39:43,129 [INFO] IPUIPlugin:74 - create IPUIPlugin
2022-10-14 16:39:43,129 [INFO] PluginManager:213 - loadIPPluginJar : add dma3
2022-10-14 16:39:43,176 [INFO] IPUIPlugin:74 - create IPUIPlugin
2022-10-14 16:39:43,176 [INFO] PluginManager:213 - loadIPPluginJar : add fatfs
2022-10-14 16:39:43,278 [INFO] IPUIPlugin:74 - create IPUIPlugin
2022-10-14 16:39:43,278 [INFO] PluginManager:213 - loadIPPluginJar : add fmc
2022-10-14 16:39:43,301 [INFO] IPUIPlugin:74 - create IPUIPlugin
2022-10-14 16:39:43,302 [INFO] PluginManager:213 - loadIPPluginJar : add freertos
2022-10-14 16:39:43,337 [INFO] IPUIPlugin:74 - create IPUIPlugin
2022-10-14 16:39:43,337 [INFO] PluginManager:213 - loadIPPluginJar : add genericplugin
2022-10-14 16:39:43,448 [INFO] IPUIPlugin:74 - create IPUIPlugin
2022-10-14 16:39:43,448 [INFO] PluginManager:213 - loadIPPluginJar : add gfxmmu
2022-10-14 16:39:43,631 [INFO] IPUIPlugin:74 - create IPUIPlugin
2022-10-14 16:39:43,632 [INFO] PluginManager:213 - loadIPPluginJar : add gic
2022-10-14 16:39:43,660 [INFO] IPUIPlugin:74 - create IPUIPlugin
2022-10-14 16:39:43,660 [INFO] PluginManager:213 - loadIPPluginJar : add gpio
2022-10-14 16:39:43,813 [INFO] IPUIPlugin:74 - create IPUIPlugin
2022-10-14 16:39:43,813 [INFO] PluginManager:213 - loadIPPluginJar : add gtzc
2022-10-14 16:39:43,906 [INFO] IPUIPlugin:74 - create IPUIPlugin
2022-10-14 16:39:43,907 [INFO] PluginManager:213 - loadIPPluginJar : add hash
2022-10-14 16:39:44,034 [INFO] IPUIPlugin:74 - create IPUIPlugin
2022-10-14 16:39:44,035 [INFO] PluginManager:213 - loadIPPluginJar : add i2c
2022-10-14 16:39:44,105 [INFO] ThirdPartyUpdaterWithRetryManager:66 - Updater plugin not ready yet. [2/15]
2022-10-14 16:39:44,118 [INFO] IPUIPlugin:74 - create IPUIPlugin
2022-10-14 16:39:44,118 [INFO] PluginManager:213 - loadIPPluginJar : add i2s
2022-10-14 16:39:44,144 [INFO] IPUIPlugin:74 - create IPUIPlugin
2022-10-14 16:39:44,145 [INFO] PluginManager:213 - loadIPPluginJar : add ipddr
2022-10-14 16:39:44,341 [INFO] IPUIPlugin:74 - create IPUIPlugin
2022-10-14 16:39:44,341 [INFO] PluginManager:213 - loadIPPluginJar : add linkedlist
2022-10-14 16:39:44,456 [INFO] IPUIPlugin:74 - create IPUIPlugin
2022-10-14 16:39:44,457 [INFO] PluginManager:213 - loadIPPluginJar : add lorawan
2022-10-14 16:39:44,544 [INFO] IPUIPlugin:74 - create IPUIPlugin
2022-10-14 16:39:44,545 [INFO] PluginManager:213 - loadIPPluginJar : add ltdc
2022-10-14 16:39:44,578 [INFO] IPUIPlugin:74 - create IPUIPlugin
2022-10-14 16:39:44,579 [INFO] PluginManager:213 - loadIPPluginJar : add mdma
2022-10-14 16:39:44,613 [INFO] IPUIPlugin:74 - create IPUIPlugin
2022-10-14 16:39:44,613 [INFO] PluginManager:213 - loadIPPluginJar : add nvic
2022-10-14 16:39:44,706 [INFO] IPUIPlugin:74 - create IPUIPlugin
2022-10-14 16:39:44,707 [INFO] PluginManager:213 - loadIPPluginJar : add opamp
2022-10-14 16:39:44,831 [INFO] IPUIPlugin:74 - create IPUIPlugin
2022-10-14 16:39:44,831 [INFO] PluginManager:213 - loadIPPluginJar : add openamp
2022-10-14 16:39:45,201 [INFO] IPUIPlugin:74 - create IPUIPlugin
2022-10-14 16:39:45,203 [INFO] PluginManager:213 - loadIPPluginJar : add pdm2pcm
2022-10-14 16:39:45,248 [INFO] IPUIPlugin:74 - create IPUIPlugin
2022-10-14 16:39:45,253 [INFO] PluginManager:213 - loadIPPluginJar : add plateformsettings
2022-10-14 16:39:45,290 [INFO] IPUIPlugin:74 - create IPUIPlugin
2022-10-14 16:39:45,291 [INFO] PluginManager:213 - loadIPPluginJar : add quadspi
2022-10-14 16:39:45,306 [INFO] IPUIPlugin:74 - create IPUIPlugin
2022-10-14 16:39:45,307 [INFO] PluginManager:213 - loadIPPluginJar : add resmgrutility
2022-10-14 16:39:45,376 [INFO] IPUIPlugin:74 - create IPUIPlugin
2022-10-14 16:39:45,376 [INFO] PluginManager:213 - loadIPPluginJar : add sai
2022-10-14 16:39:45,446 [INFO] IPUIPlugin:74 - create IPUIPlugin
2022-10-14 16:39:45,446 [INFO] PluginManager:213 - loadIPPluginJar : add spi
2022-10-14 16:39:45,542 [INFO] IPUIPlugin:74 - create IPUIPlugin
2022-10-14 16:39:45,542 [INFO] PluginManager:213 - loadIPPluginJar : add stm32_wpan
2022-10-14 16:39:45,591 [INFO] IPUIPlugin:74 - create IPUIPlugin
2022-10-14 16:39:45,591 [INFO] PluginManager:213 - loadIPPluginJar : add tim
2022-10-14 16:39:45,707 [INFO] IPUIPlugin:74 - create IPUIPlugin
2022-10-14 16:39:45,708 [INFO] PluginManager:213 - loadIPPluginJar : add touchsensing
2022-10-14 16:39:45,770 [INFO] IPUIPlugin:74 - create IPUIPlugin
2022-10-14 16:39:45,770 [INFO] PluginManager:213 - loadIPPluginJar : add tracer_emb
2022-10-14 16:39:45,845 [INFO] IPUIPlugin:74 - create IPUIPlugin
2022-10-14 16:39:45,846 [INFO] PluginManager:213 - loadIPPluginJar : add ts
2022-10-14 16:39:45,916 [INFO] IPUIPlugin:74 - create IPUIPlugin
2022-10-14 16:39:45,916 [INFO] PluginManager:213 - loadIPPluginJar : add tsc
2022-10-14 16:39:45,947 [INFO] IPUIPlugin:74 - create IPUIPlugin
2022-10-14 16:39:45,948 [INFO] PluginManager:213 - loadIPPluginJar : add ucpd
2022-10-14 16:39:46,067 [INFO] IPUIPlugin:74 - create IPUIPlugin
2022-10-14 16:39:46,068 [INFO] PluginManager:213 - loadIPPluginJar : add usart
2022-10-14 16:39:46,119 [INFO] IPUIPlugin:74 - create IPUIPlugin
2022-10-14 16:39:46,119 [INFO] PluginManager:213 - loadIPPluginJar : add usbx
2022-10-14 16:39:46,727 [FATAL] Updater:294 - Updater called before beeing initialized
2022-10-14 16:39:46,978 [FATAL] Updater:294 - Updater called before beeing initialized
2022-10-14 16:39:46,994 [INFO] DbMcusAds:47 - JSON generation date=Thu Sep 30 13:55:09 ICT 2021 (1632984909247)
2022-10-14 16:39:46,994 [FATAL] Updater:294 - Updater called before beeing initialized
2022-10-14 16:39:47,111 [INFO] ThirdPartyUpdaterWithRetryManager:66 - Updater plugin not ready yet. [3/15]
2022-10-14 16:39:47,233 [WARN] DetailPanel:314 - Failed to get advertising image, set to default
2022-10-14 16:39:47,441 [FATAL] Updater:294 - Updater called before beeing initialized
2022-10-14 16:39:47,446 [FATAL] Updater:294 - Updater called before beeing initialized
2022-10-14 16:39:47,446 [FATAL] Updater:294 - Updater called before beeing initialized
2022-10-14 16:39:47,447 [WARN] DetailPanel:314 - Failed to get advertising image, set to default
2022-10-14 16:39:47,449 [FATAL] Updater:294 - Updater called before beeing initialized
2022-10-14 16:39:47,543 [ERROR] Updater:1075 - MainUpdater not yet initialized. External WinMGr cannot be set.
2022-10-14 16:39:47,553 [INFO] Updater:1012 - Updater Version found : 6.3.0
2022-10-14 16:39:47,589 [INFO] ApplicationProperties:181 - Using Application install path: C:\ST\STM32CubeIDE_1.7.0\STM32CubeIDE\plugins\com.st.stm32cube.common.mx_6.3.0.202107141111
2022-10-14 16:39:47,871 [INFO] MainUpdater:2671 - connection check result : 10
2022-10-14 16:39:47,872 [INFO] MainUpdater:265 - Updater Check For Update Now.
2022-10-14 16:39:47,872 [INFO] MicroXplorer:478 - Change Database Version : DB.6.0.30
2022-10-14 16:39:48,078 [INFO] CheckServerUpdateThread:112 - End of CheckServer Thread
2022-10-14 16:39:48,123 [INFO] MainUpdater:2671 - connection check result : 10
2022-10-14 16:39:48,733 [INFO] McuFinderGlobals:52 - Set McuFinderConnectedMode to false
2022-10-14 16:39:48,880 [INFO] CrossSelectorPresenter:1330 - Cross Selector saved comparison directory: C:\Users\A.Tuan\.stmcufinder\plugins\mcufinder\mcu\cs_comparisons_mx
2022-10-14 16:39:48,886 [INFO] MultiScanPanel:197 - Auto-refresh data requested => check proxy status ongoing
2022-10-14 16:39:48,887 [INFO] MultiScanPanel:201 - Proxy status is invalid
2022-10-14 16:39:48,893 [INFO] FinderPluginLoader:87 - Searching for filters in installed packs
2022-10-14 16:39:48,895 [INFO] DbMcusXml:100 - Load MCU database from C:\ST\STM32CubeIDE_1.7.0\STM32CubeIDE\plugins\com.st.stm32cube.common.mx_6.3.0.202107141111\\db\/mcu/families.xml
2022-10-14 16:39:50,267 [INFO] DbMcusJson:93 - JSON generation date=Tue Nov 16 23:17:54 ICT 2021 (1637079474)
2022-10-14 16:39:50,485 [WARN] PackLoader:238 - Cannot read IP mode file for STMicroelectronics.X-CUBE-GNSS1.6.0.0
2022-10-14 16:39:50,589 [WARN] PackLoader:238 - Cannot read IP mode file for STMicroelectronics.X-CUBE-AZRTOS-F4.1.1.0
2022-10-14 16:39:50,666 [WARN] PackLoader:238 - Cannot read IP mode file for STMicroelectronics.X-CUBE-AZRTOS-F7.1.1.0
2022-10-14 16:39:50,704 [WARN] PackLoader:238 - Cannot read IP mode file for STMicroelectronics.X-CUBE-BLE1.6.2.3
2022-10-14 16:39:50,720 [WARN] PackLoader:238 - Cannot read IP mode file for STMicroelectronics.X-CUBE-NFC4.2.0.4
2022-10-14 16:39:50,747 [WARN] PackLoader:238 - Cannot read IP mode file for STMicroelectronics.X-CUBE-TOF1.3.1.0
2022-10-14 16:39:50,784 [WARN] PackLoader:238 - Cannot read IP mode file for wolfSSL.I-CUBE-wolfSSL.5.5.0
2022-10-14 16:39:50,804 [WARN] PackLoader:238 - Cannot read IP mode file for STMicroelectronics.X-CUBE-NFC7.1.0.0
2022-10-14 16:39:50,949 [WARN] PackLoader:238 - Cannot read IP mode file for STMicroelectronics.X-CUBE-MEMS1.9.3.0
2022-10-14 16:39:51,376 [WARN] PackLoader:238 - Cannot read IP mode file for STMicroelectronics.X-CUBE-AI.7.2.0
2022-10-14 16:39:51,401 [WARN] PackLoader:238 - Cannot read IP mode file for STMicroelectronics.X-CUBE-SFXS2LP1.4.0.0
2022-10-14 16:39:51,423 [WARN] PackLoader:238 - Cannot read IP mode file for STMicroelectronics.X-CUBE-BLE2.3.3.0
2022-10-14 16:39:51,464 [WARN] PackLoader:238 - Cannot read IP mode file for STMicroelectronics.X-CUBE-DISPLAY.2.2.0
2022-10-14 16:39:51,488 [WARN] PackLoader:238 - Cannot read IP mode file for STMicroelectronics.X-CUBE-ISPU.1.0.0
2022-10-14 16:39:51,514 [WARN] PackLoader:238 - Cannot read IP mode file for RoweBots.I-CUBE-UNISONRTOS.5.5.0-4
2022-10-14 16:39:51,575 [WARN] PackLoader:238 - Cannot read IP mode file for STMicroelectronics.X-CUBE-AZRTOS-H7.2.1.0
2022-10-14 16:39:51,607 [WARN] PackLoader:238 - Cannot read IP mode file for STMicroelectronics.X-CUBE-BLEMGR.1.0.0
2022-10-14 16:39:51,637 [WARN] PackLoader:238 - Cannot read IP mode file for STMicroelectronics.X-CUBE-ALGOBUILD.1.3.0
2022-10-14 16:39:51,660 [INFO] DbMcus:175 - Found 1951 MCUs (1903 are supported by CubeMX, 1914 are visible in CubeMX)
2022-10-14 16:39:51,661 [INFO] ApiDb:251 - Load user favorites file C:\Users\A.Tuan/.stm32cubeide/favorites.mcus.txt: 0 item(s)
2022-10-14 16:39:51,662 [INFO] ApiDb:255 - User favorites MCUs=[]
2022-10-14 16:39:51,662 [INFO] DbMcus:187 - Set 0 / 0 favorites MCUs
2022-10-14 16:39:51,687 [WARN] PackLoader:238 - Cannot read IP mode file for STMicroelectronics.X-CUBE-AZRTOS-G0.1.1.0
2022-10-14 16:39:51,723 [WARN] PackLoader:238 - Cannot read IP mode file for STMicroelectronics.X-CUBE-SUBG2.5.0.0
2022-10-14 16:39:51,803 [WARN] PackLoader:238 - Cannot read IP mode file for SEGGER.I-CUBE-embOS.1.2.0
2022-10-14 16:39:51,871 [WARN] PackLoader:238 - Cannot read IP mode file for STMicroelectronics.FP-ATR-ASTRA1.1.1.1
2022-10-14 16:39:51,932 [WARN] PackLoader:238 - Cannot read IP mode file for STMicroelectronics.X-CUBE-AZRTOS-G4.1.0.0
2022-10-14 16:39:51,986 [WARN] PackLoader:238 - Cannot read IP mode file for STMicroelectronics.X-CUBE-AZRTOS-L4.1.0.0
2022-10-14 16:39:52,013 [WARN] PackLoader:238 - Cannot read IP mode file for emotas.I-CUBE-CANOPEN.1.1.2
2022-10-14 16:39:52,028 [WARN] PackLoader:238 - Cannot read IP mode file for STMicroelectronics.X-CUBE-TOUCHGFX.4.20.0
2022-10-14 16:39:52,081 [WARN] PackLoader:238 - Cannot read IP mode file for STMicroelectronics.X-CUBE-AZRTOS-WL.1.0.0
2022-10-14 16:39:52,109 [WARN] PackLoader:238 - Cannot read IP mode file for portGmbH.I-Cube-SoM-uGOAL.1.1.0
2022-10-14 16:39:52,125 [WARN] PackLoader:238 - Cannot read IP mode file for STMicroelectronics.X-CUBE-ALS.1.0.1
2022-10-14 16:39:52,164 [WARN] PackLoader:238 - Cannot read IP mode file for STMicroelectronics.X-CUBE-AZRTOS-L5.1.0.0
2022-10-14 16:39:52,182 [WARN] PackLoader:238 - Cannot read IP mode file for STMicroelectronics.X-CUBE-EEPRMA1.3.1.1
2022-10-14 16:39:52,185 [INFO] ThirdParty:915 - Integrity check success = true
2022-10-14 16:39:52,185 [INFO] IntegrityCheckThread:94 - exiting critical section [integrity check]
2022-10-14 16:39:52,185 [INFO] IntegrityCheckThread:97 - End integrity checks thread
2022-10-14 16:39:52,525 [INFO] DetailPanel:309 - Set advertising image to C:/Users/A.Tuan/STM32Cube/Repository/\en.Prom_NBSTM32U50921.jpg
2022-10-14 16:39:52,974 [INFO] DbBoardsPdsc:90 - Found 25 items
2022-10-14 16:39:52,983 [INFO] DbBoardsPdsc:90 - Found 9 items
2022-10-14 16:39:52,993 [INFO] DbBoardsPdsc:90 - Found 33 items
2022-10-14 16:39:53,000 [INFO] DbBoardsPdsc:90 - Found 1 items
2022-10-14 16:39:53,013 [INFO] DbBoardsPdsc:90 - Found 48 items
2022-10-14 16:39:53,027 [INFO] DbBoardsPdsc:90 - Found 43 items
2022-10-14 16:39:53,035 [INFO] DbBoardsPdsc:90 - Found 2 items
2022-10-14 16:39:53,043 [INFO] DbBoardsPdsc:90 - Found 5 items
2022-10-14 16:39:53,047 [WARN] DbBoardsPdsc:254 - Board STM32H7B3I-DK: unknown feature type=Audio, name=, username=Audio stereo codec with Headphone Amp (CS42L51-CNZ), n=1
2022-10-14 16:39:53,047 [WARN] DbBoardsPdsc:254 - Board STM32H735G-DK: unknown feature type=Audio, name=, username=Audio stereo codec with Headphone Amp (WM8994ECS/R), n=1
2022-10-14 16:39:53,049 [WARN] DbBoardsPdsc:254 - Board STM32H7B3I-EVAL: unknown feature type=Audio, name=, username=Multi-Channel Audio Codec (CS42L51-CNZ), n=1
2022-10-14 16:39:53,049 [WARN] DbBoardsPdsc:254 - Board STM32H7B3I-EVAL: unknown feature type=Meter, name=, username=Power-metering and Temperature-monitoring with sigma-delta modulators, n=1
2022-10-14 16:39:53,049 [WARN] DbBoardsPdsc:254 - Board STM32H7B3I-EVAL: unknown feature type=Motor, name=, username=Motor Control, n=1
2022-10-14 16:39:53,049 [WARN] DbBoardsPdsc:254 - Board STM32U575I-EV: unknown feature type=joystick, name=, username=4-direction joystick with selection button, n=1
2022-10-14 16:39:53,103 [INFO] DbBoardsJson:86 - JSON generation date=Tue Nov 16 23:17:54 ICT 2021 (1637079474)
2022-10-14 16:39:53,109 [INFO] DbBoards:117 - Found 167 boards (163 are supported by CubeMX)
2022-10-14 16:39:53,119 [INFO] DbBoardsDocs:143 - JSON generation date=Tue Nov 16 23:17:54 ICT 2021 (1637079474)
2022-10-14 16:39:53,122 [INFO] DbBoardsDocs:79 - Found 209 boards documents
2022-10-14 16:39:53,122 [WARN] DbBoards:127 - board B-L475E-IOT01A2 has no document id list !
2022-10-14 16:39:53,123 [WARN] DbBoards:127 - board NUCLEO-H743ZI has no document id list !
2022-10-14 16:39:53,124 [WARN] DbBoards:127 - board NUCLEO-WL55JC2 has no document id list !
2022-10-14 16:39:53,125 [WARN] DbBoards:127 - board P-NUCLEO-WB55-Nucleo has no document id list !
2022-10-14 16:39:53,125 [WARN] DbBoards:127 - board P-NUCLEO-WB55-USBDongle has no document id list !
2022-10-14 16:39:53,125 [WARN] DbBoards:127 - board STEVAL-BFA001V1B has no document id list !
2022-10-14 16:39:53,125 [WARN] DbBoards:127 - board STEVAL-BFA001V2B has no document id list !
2022-10-14 16:39:53,125 [WARN] DbBoards:127 - board STEVAL-IDP005V1 has no document id list !
2022-10-14 16:39:53,125 [WARN] DbBoards:127 - board STEVAL-IDP005V2 has no document id list !
2022-10-14 16:39:53,125 [WARN] DbBoards:127 - board STEVAL-MKSBOX1V1 has no document id list !
2022-10-14 16:39:53,125 [WARN] DbBoards:127 - board STEVAL-STWINKT1 has no document id list !
2022-10-14 16:39:53,125 [WARN] DbBoards:127 - board STEVAL-STWINKT1B has no document id list !
2022-10-14 16:39:53,125 [WARN] DbBoards:127 - board STM32439I-EVAL2 has no document id list !
2022-10-14 16:39:53,126 [WARN] DbBoards:127 - board STM32F401C-DISCO has no document id list !
2022-10-14 16:39:53,126 [WARN] DbBoards:127 - board STM32F769I-DISC1 has no document id list !
2022-10-14 16:39:53,126 [WARN] DbBoards:127 - board STM32G474E-EVAL1 has no document id list !
2022-10-14 16:39:53,127 [WARN] DbBoards:127 - board STM32H743I-EVAL2 has no document id list !
2022-10-14 16:39:53,127 [WARN] DbBoards:127 - board STM32H747I-DISC1 has no document id list !
2022-10-14 16:39:53,127 [WARN] DbBoards:127 - board STM32H753I-EVAL2 has no document id list !
2022-10-14 16:39:53,127 [WARN] DbBoards:127 - board STM32L-DISCOVERY has no document id list !
2022-10-14 16:39:53,267 [ERROR] DbBoards:189 - Image file not found for board B-U585I-IOT02A: C:\ST\STM32CubeIDE_1.7.0\STM32CubeIDE\plugins\com.st.stm32cube.common.mx_6.3.0.202107141111\\db\/plugins/mcufinder/images/boards/B-U585I-IOT02A_small.jpg
2022-10-14 16:39:53,402 [ERROR] DbBoards:189 - Image file not found for board NUCLEO-F413ZH: C:\ST\STM32CubeIDE_1.7.0\STM32CubeIDE\plugins\com.st.stm32cube.common.mx_6.3.0.202107141111\\db\/plugins/mcufinder/images/boards/nucleo-f413zh_small.jpg
2022-10-14 16:39:53,627 [ERROR] DbBoards:189 - Image file not found for board NUCLEO-L552ZE-Q: C:\ST\STM32CubeIDE_1.7.0\STM32CubeIDE\plugins\com.st.stm32cube.common.mx_6.3.0.202107141111\\db\/plugins/mcufinder/images/boards/nucleo_l552ze_q_small.jpg
2022-10-14 16:39:53,627 [ERROR] DbBoards:189 - Image file not found for board NUCLEO-U575ZI-Q: C:\ST\STM32CubeIDE_1.7.0\STM32CubeIDE\plugins\com.st.stm32cube.common.mx_6.3.0.202107141111\\db\/plugins/mcufinder/images/boards/nucleo-u575zi-q_small.jpg
2022-10-14 16:39:53,627 [ERROR] DbBoards:189 - Image file not found for board NUCLEO-WB15CC: C:\ST\STM32CubeIDE_1.7.0\STM32CubeIDE\plugins\com.st.stm32cube.common.mx_6.3.0.202107141111\\db\/plugins/mcufinder/images/boards/nucleo-wb15cc_small.jpg
2022-10-14 16:39:53,629 [ERROR] DbBoards:189 - Image file not found for board NUCLEO-WB55RG: C:\ST\STM32CubeIDE_1.7.0\STM32CubeIDE\plugins\com.st.stm32cube.common.mx_6.3.0.202107141111\\db\/plugins/mcufinder/images/boards/nucleo-wb55rg_small.jpg
2022-10-14 16:39:54,944 [INFO] ApiDb:251 - Load user favorites file C:\Users\A.Tuan/.stm32cubeide/favorites.boards.txt: 0 item(s)
2022-10-14 16:39:54,945 [INFO] ApiDb:255 - User favorites Boards=[]
2022-10-14 16:39:54,945 [INFO] DbBoards:206 - Set 0 / 0 favorites Boards
2022-10-14 16:40:03,281 [INFO] DbMcusDocs:143 - JSON generation date=Tue Nov 16 23:17:54 ICT 2021 (1637079474)
2022-10-14 16:40:03,787 [INFO] DbMcusDocs:79 - Found 682 MCUs documents
2022-10-14 16:40:15,436 [INFO] MainUpdater:2671 - connection check result : 10
2022-10-14 16:40:15,436 [INFO] MainUpdater:2671 - connection check result : 10
2022-10-14 16:40:15,497 [INFO] MicroXplorer:448 - Change Database Path : 
2022-10-14 16:40:15,497 [INFO] MicroXplorer:478 - Change Database Version : DB.6.0.30
2022-10-14 16:40:15,498 [WARN] ThirdParty:813 - waiting for thirdparty lock release [close project]
2022-10-14 16:40:15,498 [INFO] ThirdParty:815 - entering critical section [close project]
2022-10-14 16:40:15,499 [INFO] ThirdParty:825 - exiting critical section [close project]
2022-10-14 16:40:15,503 [INFO] PinOutPanel:1463 - setPackage(No Configuration,No Configuration)
2022-10-14 16:40:15,506 [INFO] UtilMem:74 - Begin LoadConfig() Used Memory: 642287064 Bytes (762314752)
2022-10-14 16:40:15,507 [INFO] MicroXplorer:448 - Change Database Path : 
2022-10-14 16:40:15,507 [INFO] MicroXplorer:478 - Change Database Version : DB.6.0.30
2022-10-14 16:40:15,507 [INFO] OpenFileManager:313 - Change cursor
2022-10-14 16:40:16,581 [INFO] Context:592 - Trying to add GPIOservice into a context  which must be forbidden
2022-10-14 16:40:16,827 [INFO] ImportTextPane:167 - (OptionalMessage_ERROR) Unable to find key (Mcu.ThirdPartyNb) in loaded IOC file
2022-10-14 16:40:16,828 [INFO] ImportTextPane:167 - (OptionalMessage_ERROR) Unable to find key (Mcu.PinsNb) in loaded IOC file
2022-10-14 16:40:16,828 [INFO] ImportTextPane:167 - (OptionalMessage_ERROR) Unable to find key (Mcu.IPNb) in loaded IOC file
2022-10-14 16:40:16,879 [WARN] ApiManager:304 - Cannot register API 'Board Extension:GNSS1A1' from pack STMicroelectronics.X-CUBE-GNSS1.6.0.0: no header file found
2022-10-14 16:40:16,879 [WARN] ApiManager:304 - Cannot register API 'Board Support:Custom' from pack STMicroelectronics.X-CUBE-GNSS1.6.0.0: no header file found
2022-10-14 16:40:16,879 [WARN] ApiManager:304 - Cannot register API 'Data Exchange:lib_gnss' from pack STMicroelectronics.X-CUBE-GNSS1.6.0.0: no header file found
2022-10-14 16:40:16,891 [WARN] ModelIntegratedComponent:60 - No mode defined for component null
2022-10-14 16:40:16,891 [WARN] ModelIntegratedComponent:60 - No mode defined for component null
2022-10-14 16:40:16,891 [WARN] ModelIntegratedComponent:60 - No mode defined for component null
2022-10-14 16:40:16,892 [WARN] ModelIntegratedComponent:60 - No mode defined for component null
2022-10-14 16:40:16,892 [WARN] ModelIntegratedComponent:60 - No mode defined for component null
2022-10-14 16:40:16,892 [WARN] ModelIntegratedComponent:60 - No mode defined for component null
2022-10-14 16:40:16,892 [WARN] ModelIntegratedComponent:60 - No mode defined for component null
2022-10-14 16:40:16,892 [WARN] ModelIntegratedComponent:60 - No mode defined for component null
2022-10-14 16:40:16,892 [WARN] ModelIntegratedComponent:60 - No mode defined for component null
2022-10-14 16:40:16,892 [WARN] ModelIntegratedComponent:60 - No mode defined for component null
2022-10-14 16:40:16,892 [WARN] ModelIntegratedComponent:60 - No mode defined for component null
2022-10-14 16:40:16,892 [WARN] ModelIntegratedComponent:60 - No mode defined for component null
2022-10-14 16:40:16,892 [WARN] ModelIntegratedComponent:60 - No mode defined for component null
2022-10-14 16:40:16,892 [WARN] ModelIntegratedComponent:60 - No mode defined for component null
2022-10-14 16:40:16,892 [WARN] ModelIntegratedComponent:60 - No mode defined for component null
2022-10-14 16:40:16,892 [WARN] ModelIntegratedComponent:60 - No mode defined for component null
2022-10-14 16:40:16,892 [WARN] ModelIntegratedComponent:60 - No mode defined for component null
2022-10-14 16:40:16,893 [WARN] ModelIntegratedComponent:60 - No mode defined for component null
2022-10-14 16:40:16,893 [WARN] ModelIntegratedComponent:60 - No mode defined for component null
2022-10-14 16:40:16,893 [WARN] ModelIntegratedComponent:60 - No mode defined for component null
2022-10-14 16:40:16,893 [WARN] ModelIntegratedComponent:60 - No mode defined for component null
2022-10-14 16:40:16,893 [WARN] ModelIntegratedComponent:60 - No mode defined for component null
2022-10-14 16:40:16,893 [WARN] ModelIntegratedComponent:60 - No mode defined for component null
2022-10-14 16:40:16,893 [WARN] ModelIntegratedComponent:60 - No mode defined for component null
2022-10-14 16:40:16,893 [WARN] ModelIntegratedComponent:60 - No mode defined for component null
2022-10-14 16:40:16,893 [WARN] ModelIntegratedComponent:60 - No mode defined for component null
2022-10-14 16:40:16,893 [WARN] ModelIntegratedComponent:60 - No mode defined for component null
2022-10-14 16:40:16,893 [WARN] ModelIntegratedComponent:60 - No mode defined for component null
2022-10-14 16:40:16,893 [WARN] ModelIntegratedComponent:60 - No mode defined for component null
2022-10-14 16:40:16,893 [WARN] ModelIntegratedComponent:60 - No mode defined for component null
2022-10-14 16:40:16,893 [WARN] ModelIntegratedComponent:60 - No mode defined for component null
2022-10-14 16:40:16,895 [WARN] ApiManager:304 - Cannot register API 'Board Extension:NFC07A1' from pack STMicroelectronics.X-CUBE-NFC7.1.0.0: no header file found
2022-10-14 16:40:17,139 [WARN] ApiManager:304 - Cannot register API 'Board Extension:IKS01A3' from pack STMicroelectronics.X-CUBE-MEMS1.9.3.0: no header file found
2022-10-14 16:40:17,140 [WARN] ApiManager:304 - Cannot register API 'Board Extension:IKS01A2' from pack STMicroelectronics.X-CUBE-MEMS1.9.3.0: no header file found
2022-10-14 16:40:17,140 [WARN] ApiManager:304 - Cannot register API 'Board Extension:IKS02A1' from pack STMicroelectronics.X-CUBE-MEMS1.9.3.0: no header file found
2022-10-14 16:40:17,168 [WARN] ApiManager:304 - Cannot register API 'Wireless:BlueNRG-MS' from pack STMicroelectronics.X-CUBE-BLE1.6.2.3: no header file found
2022-10-14 16:40:17,174 [INFO] RtosManager:484 - Registered RTOS mode: class=CMSIS, group=RTOS, mode=CMSIS_V1, owner=FREERTOS
2022-10-14 16:40:17,175 [INFO] RtosManager:484 - Registered RTOS mode: class=CMSIS, group=RTOS2, mode=CMSIS_V2, owner=FREERTOS
2022-10-14 16:40:17,175 [INFO] RtosManager:484 - Registered RTOS mode: class=RTOS, group=Core, mode=CMSIS_V1, owner=FREERTOS
2022-10-14 16:40:17,175 [INFO] RtosManager:484 - Registered RTOS mode: class=RTOS, group=Core, mode=CMSIS_V2, owner=FREERTOS
2022-10-14 16:40:17,175 [WARN] ModelIntegratedComponent:181 - Missing modes for component STMicroelectronics:FreeRTOS:0.0.1:STMicroelectronics:RTOS:FreeRTOS:Core:::10.2.0:
2022-10-14 16:40:17,184 [WARN] ApiManager:304 - Cannot register API 'Board Extension:S2868A1' from pack STMicroelectronics.X-CUBE-SUBG2.5.0.0: no header file found
2022-10-14 16:40:17,184 [WARN] ApiManager:304 - Cannot register API 'Board Extension:S2868A2' from pack STMicroelectronics.X-CUBE-SUBG2.5.0.0: no header file found
2022-10-14 16:40:17,185 [WARN] ApiManager:304 - Cannot register API 'Board Extension:S2915A1' from pack STMicroelectronics.X-CUBE-SUBG2.5.0.0: no header file found
2022-10-14 16:40:17,190 [WARN] ApiManager:304 - Cannot register API 'Board Extension:EEPRMA1' from pack STMicroelectronics.X-CUBE-EEPRMA1.3.1.1: no header file found
2022-10-14 16:40:17,191 [WARN] ApiManager:304 - Cannot register API 'Board Extension:EEPRMA2' from pack STMicroelectronics.X-CUBE-EEPRMA1.3.1.1: no header file found
2022-10-14 16:40:17,193 [WARN] ApiManager:304 - Cannot register API 'Board Extension:S2868A1' from pack STMicroelectronics.X-CUBE-SFXS2LP1.4.0.0: no header file found
2022-10-14 16:40:17,193 [WARN] ApiManager:304 - Cannot register API 'Board Extension:S2868A2' from pack STMicroelectronics.X-CUBE-SFXS2LP1.4.0.0: no header file found
2022-10-14 16:40:17,193 [WARN] ApiManager:304 - Cannot register API 'Board Extension:S2915A1' from pack STMicroelectronics.X-CUBE-SFXS2LP1.4.0.0: no header file found
2022-10-14 16:40:17,194 [WARN] ApiManager:304 - Cannot register API 'Wireless:BlueNRG-2' from pack STMicroelectronics.X-CUBE-BLE2.3.3.0: no header file found
2022-10-14 16:40:17,196 [WARN] ApiManager:304 - Cannot register API 'Board Extension:NFC04A1' from pack STMicroelectronics.X-CUBE-NFC4.2.0.4: no header file found
2022-10-14 16:40:19,365 [INFO] UtilMem:74 - End LoadConfig() Used Memory: 641872024 Bytes (762314752)
2022-10-14 16:40:19,377 [WARN] ThirdParty:779 - waiting for thirdparty lock release [change project]
2022-10-14 16:40:19,377 [INFO] ThirdParty:781 - entering critical section [change project]
2022-10-14 16:40:19,377 [INFO] ThirdParty:967 - CMSIS Pack Vendor :RoweBots I-CUBE-UNISONRTOS 5.5.0-4
2022-10-14 16:40:19,377 [INFO] ThirdParty:967 - CMSIS Pack Vendor :STMicroelectronics X-CUBE-GNSS1 6.0.0
2022-10-14 16:40:19,377 [INFO] ThirdParty:967 - CMSIS Pack Vendor :STMicroelectronics X-CUBE-AZRTOS-H7 2.1.0
2022-10-14 16:40:19,377 [INFO] ThirdParty:967 - CMSIS Pack Vendor :STMicroelectronics USB_HOST 2.0.0
2022-10-14 16:40:19,377 [INFO] ThirdParty:967 - CMSIS Pack Vendor :STMicroelectronics X-CUBE-AZRTOS-F4 1.1.0
2022-10-14 16:40:19,377 [INFO] ThirdParty:967 - CMSIS Pack Vendor :STMicroelectronics X-CUBE-AZRTOS-G4 1.0.0
2022-10-14 16:40:19,377 [INFO] ThirdParty:967 - CMSIS Pack Vendor :STMicroelectronics X-CUBE-AZRTOS-L4 1.0.0
2022-10-14 16:40:19,377 [INFO] ThirdParty:967 - CMSIS Pack Vendor :STMicroelectronics USB_DEVICE 3.0.0
2022-10-14 16:40:19,378 [INFO] ThirdParty:967 - CMSIS Pack Vendor :wolfSSL I-CUBE-wolfSSL 5.5.0
2022-10-14 16:40:19,378 [INFO] ThirdParty:967 - CMSIS Pack Vendor :STMicroelectronics HAL Drivers 0.0.0
2022-10-14 16:40:19,378 [INFO] ThirdParty:967 - CMSIS Pack Vendor :STMicroelectronics MBEDTLS 2.16.2
2022-10-14 16:40:19,378 [INFO] ThirdParty:967 - CMSIS Pack Vendor :emotas I-CUBE-CANOPEN 1.1.2
2022-10-14 16:40:19,378 [INFO] ThirdParty:967 - CMSIS Pack Vendor :STMicroelectronics X-CUBE-TOUCHGFX 4.20.0
2022-10-14 16:40:19,378 [INFO] ThirdParty:967 - CMSIS Pack Vendor :STMicroelectronics MBEDTLS 2.14.1
2022-10-14 16:40:19,378 [INFO] ThirdParty:967 - CMSIS Pack Vendor :STMicroelectronics X-CUBE-NFC7 1.0.0
2022-10-14 16:40:19,378 [INFO] ThirdParty:967 - CMSIS Pack Vendor :STMicroelectronics X-CUBE-BLEMGR 1.0.0
2022-10-14 16:40:19,378 [INFO] ThirdParty:967 - CMSIS Pack Vendor :STMicroelectronics X-CUBE-AZRTOS-WL 1.0.0
2022-10-14 16:40:19,378 [INFO] ThirdParty:967 - CMSIS Pack Vendor :STMicroelectronics X-CUBE-AZRTOS-F7 1.1.0
2022-10-14 16:40:19,378 [INFO] ThirdParty:967 - CMSIS Pack Vendor :STMicroelectronics X-CUBE-MEMS1 9.3.0
2022-10-14 16:40:19,378 [INFO] ThirdParty:967 - CMSIS Pack Vendor :portGmbH I-Cube-SoM-uGOAL 1.1.0
2022-10-14 16:40:19,378 [INFO] ThirdParty:967 - CMSIS Pack Vendor :STMicroelectronics X-CUBE-ALS 1.0.1
2022-10-14 16:40:19,378 [INFO] ThirdParty:967 - CMSIS Pack Vendor :STMicroelectronics USB_DEVICE 2.0.0
2022-10-14 16:40:19,378 [INFO] ThirdParty:967 - CMSIS Pack Vendor :STMicroelectronics X-CUBE-AI 7.2.0
2022-10-14 16:40:19,378 [INFO] ThirdParty:967 - CMSIS Pack Vendor :STMicroelectronics X-CUBE-BLE1 6.2.3
2022-10-14 16:40:19,378 [INFO] ThirdParty:967 - CMSIS Pack Vendor :STMicroelectronics X-CUBE-ALGOBUILD 1.3.0
2022-10-14 16:40:19,378 [INFO] ThirdParty:967 - CMSIS Pack Vendor :STMicroelectronics X-CUBE-AZRTOS-L5 1.0.0
2022-10-14 16:40:19,379 [INFO] ThirdParty:967 - CMSIS Pack Vendor :STMicroelectronics FreeRTOS 0.0.1
2022-10-14 16:40:19,379 [INFO] ThirdParty:967 - CMSIS Pack Vendor :STMicroelectronics X-CUBE-AZRTOS-G0 1.1.0
2022-10-14 16:40:19,379 [INFO] ThirdParty:967 - CMSIS Pack Vendor :STMicroelectronics USB_DEVICE 1.0.0
2022-10-14 16:40:19,379 [INFO] ThirdParty:967 - CMSIS Pack Vendor :STMicroelectronics X-CUBE-SUBG2 5.0.0
2022-10-14 16:40:19,379 [INFO] ThirdParty:967 - CMSIS Pack Vendor :SEGGER I-CUBE-embOS 1.2.0
2022-10-14 16:40:19,379 [INFO] ThirdParty:967 - CMSIS Pack Vendor :STMicroelectronics X-CUBE-EEPRMA1 3.1.1
2022-10-14 16:40:19,379 [INFO] ThirdParty:967 - CMSIS Pack Vendor :STMicroelectronics ThreadX 0.0.2
2022-10-14 16:40:19,379 [INFO] ThirdParty:967 - CMSIS Pack Vendor :STMicroelectronics lwIP 2.0.3
2022-10-14 16:40:19,379 [INFO] ThirdParty:967 - CMSIS Pack Vendor :STMicroelectronics lwIP 2.1.2
2022-10-14 16:40:19,379 [INFO] ThirdParty:967 - CMSIS Pack Vendor :STMicroelectronics X-CUBE-SFXS2LP1 4.0.0
2022-10-14 16:40:19,379 [INFO] ThirdParty:967 - CMSIS Pack Vendor :STMicroelectronics X-CUBE-BLE2 3.3.0
2022-10-14 16:40:19,379 [INFO] ThirdParty:967 - CMSIS Pack Vendor :STMicroelectronics X-CUBE-NFC4 2.0.4
2022-10-14 16:40:19,379 [INFO] ThirdParty:967 - CMSIS Pack Vendor :STMicroelectronics USB_HOST 1.0.0
2022-10-14 16:40:19,379 [INFO] ThirdParty:967 - CMSIS Pack Vendor :STMicroelectronics X-CUBE-DISPLAY 2.2.0
2022-10-14 16:40:19,379 [INFO] ThirdParty:967 - CMSIS Pack Vendor :STMicroelectronics PDM2PCM 3.1.0
2022-10-14 16:40:19,379 [INFO] ThirdParty:967 - CMSIS Pack Vendor :STMicroelectronics FP-ATR-ASTRA1 1.1.1
2022-10-14 16:40:19,379 [INFO] ThirdParty:967 - CMSIS Pack Vendor :STMicroelectronics PDM2PCM 3.2.0
2022-10-14 16:40:19,379 [INFO] ThirdParty:967 - CMSIS Pack Vendor :STMicroelectronics PDM2PCM 3.3.0
2022-10-14 16:40:19,379 [INFO] ThirdParty:967 - CMSIS Pack Vendor :STMicroelectronics X-CUBE-TOF1 3.1.0
2022-10-14 16:40:19,380 [INFO] ThirdParty:967 - CMSIS Pack Vendor :STMicroelectronics X-CUBE-ISPU 1.0.0
2022-10-14 16:40:19,380 [INFO] ThirdParty:787 - exiting critical section [change project]
2022-10-14 16:40:19,805 [INFO] PinOutPanel:1463 - setPackage(No Configuration,No Configuration)
2022-10-14 16:40:19,807 [INFO] PinOutPanel:1463 - setPackage(STM32F103C6Ux,UFQFPN48)
2022-10-14 16:40:20,441 [INFO] UtilMem:74 - Before build in PCC Used Memory: 674510320 Bytes (762314752)
2022-10-14 16:40:21,438 [INFO] UtilMem:74 - After build in PCC Used Memory: 668545008 Bytes (762314752)
2022-10-14 16:40:21,470 [INFO] IPUIPlugin:74 - create IPUIPlugin
2022-10-14 16:40:21,470 [INFO] IPUIPlugin:74 - create IPUIPlugin
2022-10-14 16:40:21,470 [INFO] IPUIPlugin:74 - create IPUIPlugin
2022-10-14 16:40:21,470 [INFO] IPUIPlugin:74 - create IPUIPlugin
2022-10-14 16:40:21,471 [INFO] IPUIPlugin:74 - create IPUIPlugin
2022-10-14 16:40:21,471 [INFO] IPUIPlugin:74 - create IPUIPlugin
2022-10-14 16:40:21,471 [INFO] IPUIPlugin:74 - create IPUIPlugin
2022-10-14 16:40:21,471 [INFO] IPUIPlugin:74 - create IPUIPlugin
2022-10-14 16:40:21,471 [INFO] IPUIPlugin:74 - create IPUIPlugin
2022-10-14 16:40:21,472 [INFO] IPUIPlugin:74 - create IPUIPlugin
2022-10-14 16:40:21,472 [INFO] IPUIPlugin:74 - create IPUIPlugin
2022-10-14 16:40:21,472 [INFO] IPUIPlugin:74 - create IPUIPlugin
2022-10-14 16:40:21,472 [INFO] IPUIPlugin:74 - create IPUIPlugin
2022-10-14 16:40:21,473 [INFO] IPUIPlugin:74 - create IPUIPlugin
2022-10-14 16:40:21,474 [INFO] IPUIPlugin:74 - create IPUIPlugin
2022-10-14 16:40:21,474 [INFO] IPUIPlugin:74 - create IPUIPlugin
2022-10-14 16:40:21,475 [INFO] IPUIPlugin:74 - create IPUIPlugin
2022-10-14 16:40:21,475 [INFO] IPUIPlugin:74 - create IPUIPlugin
2022-10-14 16:40:21,476 [INFO] IPUIPlugin:74 - create IPUIPlugin
2022-10-14 16:40:21,477 [INFO] IPUIPlugin:74 - create IPUIPlugin
2022-10-14 16:40:21,477 [INFO] IPUIPlugin:74 - create IPUIPlugin
2022-10-14 16:40:21,478 [INFO] IPUIPlugin:74 - create IPUIPlugin
2022-10-14 16:40:21,479 [INFO] IPUIPlugin:74 - create IPUIPlugin
2022-10-14 16:40:21,659 [INFO] OpenFileManager:333 - Restore cursor
2022-10-14 16:40:22,150 [INFO] UtilMem:74 - End SaveConfig() Used Memory: 629703664 Bytes (762314752)
2022-10-14 16:40:22,237 [INFO] UtilMem:74 - End SaveConfig() Used Memory: 641906504 Bytes (762314752)
2022-10-14 16:40:22,640 [INFO] BlockDiagram:2740 - set Specific Code input for plugin: NVIC
2022-10-14 16:40:22,641 [INFO] BlockDiagram:2740 - set Specific Code input for plugin: SYS
2022-10-14 16:40:22,641 [INFO] BlockDiagram:2740 - set Specific Code input for plugin: RCC
2022-10-14 16:40:22,642 [INFO] CodeGenerator:663 - code generatio: config db path: C:\ST\STM32CubeIDE_1.7.0\STM32CubeIDE\plugins\com.st.stm32cube.common.mx_6.3.0.202107141111\\db\
2022-10-14 16:40:23,083 [INFO] CodeEngine:239 - oldGeneratedFile, C:\GIT Projects\MCU TEST\Lab2\Ex6\STM\Lab2_Ex6\MXTmpFiles\license.tmp_save
2022-10-14 16:40:23,589 [INFO] CodeEngine:257 - Generated code: C:\GIT Projects\MCU TEST\Lab2\Ex6\STM\Lab2_Ex6\MXTmpFiles\license.tmp
2022-10-14 16:40:23,730 [INFO] CodeEngine:239 - oldGeneratedFile, C:\GIT Projects\MCU TEST\Lab2\Ex6\STM\Lab2_Ex6\Core\Src\stm32f1xx_it.c_save
2022-10-14 16:40:23,890 [INFO] CodeEngine:257 - Generated code: C:\GIT Projects\MCU TEST\Lab2\Ex6\STM\Lab2_Ex6\Core\Src\stm32f1xx_it.c
2022-10-14 16:40:23,899 [INFO] CodeEngine:239 - oldGeneratedFile, C:\GIT Projects\MCU TEST\Lab2\Ex6\STM\Lab2_Ex6\Core\Inc\stm32f1xx_it.h_save
2022-10-14 16:40:23,995 [INFO] CodeEngine:257 - Generated code: C:\GIT Projects\MCU TEST\Lab2\Ex6\STM\Lab2_Ex6\Core\Inc\stm32f1xx_it.h
2022-10-14 16:40:24,019 [INFO] CodeEngine:239 - oldGeneratedFile, C:\GIT Projects\MCU TEST\Lab2\Ex6\STM\Lab2_Ex6\Core\Src\stm32f1xx_hal_msp.c_save
2022-10-14 16:40:24,142 [INFO] CodeEngine:257 - Generated code: C:\GIT Projects\MCU TEST\Lab2\Ex6\STM\Lab2_Ex6\Core\Src\stm32f1xx_hal_msp.c
2022-10-14 16:40:24,151 [INFO] CodeEngine:239 - oldGeneratedFile, C:\GIT Projects\MCU TEST\Lab2\Ex6\STM\Lab2_Ex6\MXTmpFiles\system.tmp_save
2022-10-14 16:40:24,220 [INFO] CodeEngine:257 - Generated code: C:\GIT Projects\MCU TEST\Lab2\Ex6\STM\Lab2_Ex6\MXTmpFiles\system.tmp
2022-10-14 16:40:24,240 [INFO] CodeEngine:239 - oldGeneratedFile, C:\GIT Projects\MCU TEST\Lab2\Ex6\STM\Lab2_Ex6\Core\Inc\stm32f1xx_hal_conf.h_save
2022-10-14 16:40:24,363 [INFO] CodeEngine:257 - Generated code: C:\GIT Projects\MCU TEST\Lab2\Ex6\STM\Lab2_Ex6\Core\Inc\stm32f1xx_hal_conf.h
2022-10-14 16:40:24,444 [INFO] CodeEngine:239 - oldGeneratedFile, C:\GIT Projects\MCU TEST\Lab2\Ex6\STM\Lab2_Ex6\Core\Inc\main.h_save
2022-10-14 16:40:24,607 [INFO] CodeEngine:257 - Generated code: C:\GIT Projects\MCU TEST\Lab2\Ex6\STM\Lab2_Ex6\Core\Inc\main.h
2022-10-14 16:40:24,635 [INFO] CodeEngine:239 - oldGeneratedFile, C:\GIT Projects\MCU TEST\Lab2\Ex6\STM\Lab2_Ex6\Core\Src\main.c_save
2022-10-14 16:40:24,844 [INFO] CodeEngine:257 - Generated code: C:\GIT Projects\MCU TEST\Lab2\Ex6\STM\Lab2_Ex6\Core\Src\main.c
2022-10-14 16:40:26,320 [INFO] ProjectBuilder:2578 - Time for Copy HAL[1] : 528mS.
2022-10-14 16:40:26,326 [INFO] ProjectBuilder:3622 - Project Generator version: 3.14.1
2022-10-14 16:40:26,915 [INFO] ConfigFileManager:1271 - The Die is : DIE412
2022-10-14 16:40:26,956 [INFO] ApiDbMcu:468 - Load IP Config File for FATFS
2022-10-14 16:40:27,028 [INFO] ApiDbMcu:468 - Load IP Config File for FREERTOS
2022-10-14 16:40:27,087 [INFO] ApiDbMcu:468 - Load IP Config File for USB_DEVICE
2022-10-14 16:40:34,178 [INFO] ProjectBuilder:3789 - Time for Generating toolchain IDE Files: 7852mS.
2022-10-14 16:40:34,179 [INFO] ProjectBuilder:2457 - Time for Copy CMSIS : 0mS.
2022-10-14 16:40:34,182 [INFO] ProjectBuilder:2457 - Time for Copy CMSIS : 0mS.
2022-10-14 16:40:35,025 [INFO] McuFinderGlobals:52 - Set McuFinderConnectedMode to true
2022-10-14 16:40:35,028 [INFO] ApiDb:276 - Save user favorites file C:\Users\A.Tuan/.stm32cubeide/favorites.mcus.txt: 0 item(s)
2022-10-14 16:40:35,029 [INFO] ApiDb:280 - User favorites MCUs=[]
2022-10-14 16:40:49,181 [INFO] NvicIntPanel:96 - NVIC parent = com.st.microxplorer.plugins.ip.nvic.MultiNvicIntPanel[,0,0,0x0,invalid,layout=javax.swing.BoxLayout,alignmentX=0.0,alignmentY=0.0,border=,flags=9,maximumSize=,minimumSize=,preferredSize=]
2022-10-14 16:40:58,035 [INFO] NvicIntPanel:96 - NVIC parent = com.st.microxplorer.plugins.ip.nvic.MultiNvicIntPanel[,0,0,450x190,layout=javax.swing.BoxLayout,alignmentX=0.0,alignmentY=0.0,border=,flags=9,maximumSize=,minimumSize=,preferredSize=]
2022-10-14 16:41:25,017 [INFO] UtilMem:74 - End SaveConfig() Used Memory: 782543944 Bytes (1059061760)
2022-10-14 16:41:26,901 [INFO] UtilMem:74 - End SaveConfig() Used Memory: 805090376 Bytes (1059061760)
2022-10-14 16:41:29,019 [INFO] UtilMem:74 - End SaveConfig() Used Memory: 674698920 Bytes (1059061760)
2022-10-14 16:41:29,328 [INFO] BlockDiagram:2740 - set Specific Code input for plugin: NVIC
2022-10-14 16:41:29,329 [INFO] BlockDiagram:2740 - set Specific Code input for plugin: SYS
2022-10-14 16:41:29,329 [INFO] BlockDiagram:2740 - set Specific Code input for plugin: GPIO
2022-10-14 16:41:29,329 [INFO] BlockDiagram:2740 - set Specific Code input for plugin: RCC
2022-10-14 16:41:29,329 [INFO] BlockDiagram:2740 - set Specific Code input for plugin: TIM1_8F1
2022-10-14 16:41:29,330 [INFO] CodeGenerator:663 - code generatio: config db path: C:\ST\STM32CubeIDE_1.7.0\STM32CubeIDE\plugins\com.st.stm32cube.common.mx_6.3.0.202107141111\\db\
2022-10-14 16:41:29,758 [INFO] CodeEngine:239 - oldGeneratedFile, C:\GIT Projects\MCU TEST\Lab2\Ex6\STM\Lab2_Ex6\MXTmpFiles\license.tmp_save
2022-10-14 16:41:29,845 [INFO] CodeEngine:257 - Generated code: C:\GIT Projects\MCU TEST\Lab2\Ex6\STM\Lab2_Ex6\MXTmpFiles\license.tmp
2022-10-14 16:41:29,902 [INFO] CodeEngine:239 - oldGeneratedFile, C:\GIT Projects\MCU TEST\Lab2\Ex6\STM\Lab2_Ex6\MXTmpFiles\gpio.tmp_save
2022-10-14 16:41:29,986 [INFO] CodeEngine:257 - Generated code: C:\GIT Projects\MCU TEST\Lab2\Ex6\STM\Lab2_Ex6\MXTmpFiles\gpio.tmp
2022-10-14 16:41:30,176 [INFO] CodeEngine:239 - oldGeneratedFile, C:\GIT Projects\MCU TEST\Lab2\Ex6\STM\Lab2_Ex6\Core\Src\stm32f1xx_it.c_save
2022-10-14 16:41:30,298 [INFO] CodeEngine:257 - Generated code: C:\GIT Projects\MCU TEST\Lab2\Ex6\STM\Lab2_Ex6\Core\Src\stm32f1xx_it.c
2022-10-14 16:41:30,305 [INFO] CodeEngine:239 - oldGeneratedFile, C:\GIT Projects\MCU TEST\Lab2\Ex6\STM\Lab2_Ex6\Core\Inc\stm32f1xx_it.h_save
2022-10-14 16:41:30,405 [INFO] CodeEngine:257 - Generated code: C:\GIT Projects\MCU TEST\Lab2\Ex6\STM\Lab2_Ex6\Core\Inc\stm32f1xx_it.h
2022-10-14 16:41:30,427 [INFO] CodeEngine:239 - oldGeneratedFile, C:\GIT Projects\MCU TEST\Lab2\Ex6\STM\Lab2_Ex6\Core\Src\stm32f1xx_hal_msp.c_save
2022-10-14 16:41:30,606 [INFO] CodeEngine:257 - Generated code: C:\GIT Projects\MCU TEST\Lab2\Ex6\STM\Lab2_Ex6\Core\Src\stm32f1xx_hal_msp.c
2022-10-14 16:41:30,612 [INFO] CodeEngine:239 - oldGeneratedFile, C:\GIT Projects\MCU TEST\Lab2\Ex6\STM\Lab2_Ex6\MXTmpFiles\system.tmp_save
2022-10-14 16:41:30,694 [INFO] CodeEngine:257 - Generated code: C:\GIT Projects\MCU TEST\Lab2\Ex6\STM\Lab2_Ex6\MXTmpFiles\system.tmp
2022-10-14 16:41:30,727 [INFO] CodeEngine:239 - oldGeneratedFile, C:\GIT Projects\MCU TEST\Lab2\Ex6\STM\Lab2_Ex6\Core\Inc\stm32f1xx_hal_conf.h_save
2022-10-14 16:41:30,887 [INFO] CodeEngine:257 - Generated code: C:\GIT Projects\MCU TEST\Lab2\Ex6\STM\Lab2_Ex6\Core\Inc\stm32f1xx_hal_conf.h
2022-10-14 16:41:30,922 [WARN] IPConfigManager:3148 - IP not found : TIM
2022-10-14 16:41:30,923 [WARN] CodeGenerator:3268 - IP not found : null
2022-10-14 16:41:30,941 [INFO] CodeEngine:239 - oldGeneratedFile, C:\GIT Projects\MCU TEST\Lab2\Ex6\STM\Lab2_Ex6\Core\Inc\main.h_save
2022-10-14 16:41:31,027 [INFO] CodeEngine:257 - Generated code: C:\GIT Projects\MCU TEST\Lab2\Ex6\STM\Lab2_Ex6\Core\Inc\main.h
2022-10-14 16:41:31,040 [INFO] CodeEngine:239 - oldGeneratedFile, C:\GIT Projects\MCU TEST\Lab2\Ex6\STM\Lab2_Ex6\Core\Src\main.c_save
2022-10-14 16:41:31,189 [INFO] CodeEngine:257 - Generated code: C:\GIT Projects\MCU TEST\Lab2\Ex6\STM\Lab2_Ex6\Core\Src\main.c
2022-10-14 16:41:32,202 [INFO] ProjectBuilder:2578 - Time for Copy HAL[1] : 107mS.
2022-10-14 16:41:32,205 [INFO] ProjectBuilder:3622 - Project Generator version: 3.14.1
2022-10-14 16:41:32,768 [INFO] ConfigFileManager:1271 - The Die is : DIE412
2022-10-14 16:41:34,945 [INFO] ProjectBuilder:3789 - Time for Generating toolchain IDE Files: 2740mS.
2022-10-14 16:41:34,946 [INFO] ProjectBuilder:2457 - Time for Copy CMSIS : 0mS.
2022-10-14 16:41:34,949 [INFO] ProjectBuilder:2457 - Time for Copy CMSIS : 0mS.
