2022-10-04 11:38:58,592 [INFO] Activator:177 - 


2022-10-04 11:38:58,592 [INFO] Activator:178 - !SESSION log4j initialized
2022-10-04 18:33:13,830 [INFO] Activator:177 - 


2022-10-04 18:33:13,832 [INFO] Activator:178 - !SESSION log4j initialized
2022-10-04 18:33:39,383 [INFO] McuFinderGlobals:39 - Set McuFinder mode to 2 (CubeIDE integrated)
2022-10-04 18:33:39,904 [INFO] ApplicationProperties:181 - Using Application install path: C:\ST\STM32CubeIDE_1.7.0\STM32CubeIDE\plugins\com.st.stm32cube.common.mx_6.3.0.202107141111
2022-10-04 18:33:39,919 [INFO] DbMcusXml:74 - Set database path to: C:\ST\STM32CubeIDE_1.7.0\STM32CubeIDE\plugins\com.st.stm32cube.common.mx_6.3.0.202107141111\\db\/mcu/
2022-10-04 18:33:39,926 [INFO] DbBoardsPdsc:56 - Set plugin database path to: C:\ST\STM32CubeIDE_1.7.0\STM32CubeIDE\plugins\com.st.stm32cube.common.mx_6.3.0.202107141111\\db\/plugins/boardmanager/
2022-10-04 18:33:39,926 [INFO] DbMcus:258 - Set plugin images path to: C:\ST\STM32CubeIDE_1.7.0\STM32CubeIDE\plugins\com.st.stm32cube.common.mx_6.3.0.202107141111\\db\/plugins/mcufinder/images/
2022-10-04 18:33:39,927 [INFO] DbBoards:264 - Set plugin images path to: C:\ST\STM32CubeIDE_1.7.0\STM32CubeIDE\plugins\com.st.stm32cube.common.mx_6.3.0.202107141111\\db\/plugins/mcufinder/images/
2022-10-04 18:33:39,930 [INFO] DbExamples:333 - Set plugin images path to: C:\ST\STM32CubeIDE_1.7.0\STM32CubeIDE\plugins\com.st.stm32cube.common.mx_6.3.0.202107141111\\db\/plugins/mcufinder/images/
2022-10-04 18:33:39,944 [INFO] DbMcusAds:119 - Set database path to: C:\Users\A.Tuan\.stmcufinder\plugins\mcufinder//mcu/
2022-10-04 18:33:39,945 [INFO] DbMcusDocs:110 - Set database path to: C:\Users\A.Tuan\.stmcufinder\plugins\mcufinder//mcu/
2022-10-04 18:33:39,947 [INFO] DbMcusJson:64 - Set database path to: C:\Users\A.Tuan\.stmcufinder\plugins\mcufinder//mcu/
2022-10-04 18:33:39,948 [INFO] DbBoardsDocs:110 - Set database path to: C:\Users\A.Tuan\.stmcufinder\plugins\mcufinder//mcu/
2022-10-04 18:33:39,950 [INFO] DbBoardsJson:57 - Set database path to: C:\Users\A.Tuan\.stmcufinder\plugins\mcufinder//mcu/
2022-10-04 18:33:40,042 [INFO] CrossReferenceDbSqlite:196 - Set database path to: C:\Users\A.Tuan\.stmcufinder\plugins\mcufinder//mcu/cs/
2022-10-04 18:33:40,046 [INFO] DbExamplesSqlite:767 - Set database path to: C:\Users\A.Tuan\.stmcufinder\plugins\mcufinder//mcu/
2022-10-04 18:33:40,173 [INFO] RulesReader:57 - Compatibility file has been processed (242 Rules)
2022-10-04 18:33:40,313 [INFO] DbMcusXml:74 - Set database path to: C:\ST\STM32CubeIDE_1.7.0\STM32CubeIDE\plugins\com.st.stm32cube.common.mx_6.3.0.202107141111\\db\/mcu/
2022-10-04 18:33:40,314 [INFO] DbBoardsPdsc:56 - Set plugin database path to: C:\ST\STM32CubeIDE_1.7.0\STM32CubeIDE\plugins\com.st.stm32cube.common.mx_6.3.0.202107141111\\db\/plugins/boardmanager/
2022-10-04 18:33:40,314 [INFO] DbMcus:258 - Set plugin images path to: C:\ST\STM32CubeIDE_1.7.0\STM32CubeIDE\plugins\com.st.stm32cube.common.mx_6.3.0.202107141111\\db\/plugins/mcufinder/images/
2022-10-04 18:33:40,314 [INFO] DbBoards:264 - Set plugin images path to: C:\ST\STM32CubeIDE_1.7.0\STM32CubeIDE\plugins\com.st.stm32cube.common.mx_6.3.0.202107141111\\db\/plugins/mcufinder/images/
2022-10-04 18:33:40,314 [INFO] DbExamples:333 - Set plugin images path to: C:\ST\STM32CubeIDE_1.7.0\STM32CubeIDE\plugins\com.st.stm32cube.common.mx_6.3.0.202107141111\\db\/plugins/mcufinder/images/
2022-10-04 18:33:40,314 [WARN] DbFile:35 - Overriding database path with different value: C:\Users\A.Tuan\.stmcufinder\plugins\mcufinder/ => C:\Users\A.Tuan\.stmcufinder\plugins\mcufinder
2022-10-04 18:33:40,314 [INFO] DbMcusAds:119 - Set database path to: C:\Users\A.Tuan\.stmcufinder\plugins\mcufinder//mcu/
2022-10-04 18:33:40,314 [WARN] DbFile:35 - Overriding database path with different value: C:\Users\A.Tuan\.stmcufinder\plugins\mcufinder/ => C:\Users\A.Tuan\.stmcufinder\plugins\mcufinder
2022-10-04 18:33:40,315 [INFO] DbMcusDocs:110 - Set database path to: C:\Users\A.Tuan\.stmcufinder\plugins\mcufinder//mcu/
2022-10-04 18:33:40,315 [WARN] DbFile:35 - Overriding database path with different value: C:\Users\A.Tuan\.stmcufinder\plugins\mcufinder/ => C:\Users\A.Tuan\.stmcufinder\plugins\mcufinder
2022-10-04 18:33:40,315 [INFO] DbMcusJson:64 - Set database path to: C:\Users\A.Tuan\.stmcufinder\plugins\mcufinder//mcu/
2022-10-04 18:33:40,315 [WARN] DbFile:35 - Overriding database path with different value: C:\Users\A.Tuan\.stmcufinder\plugins\mcufinder/ => C:\Users\A.Tuan\.stmcufinder\plugins\mcufinder
2022-10-04 18:33:40,315 [INFO] DbBoardsDocs:110 - Set database path to: C:\Users\A.Tuan\.stmcufinder\plugins\mcufinder//mcu/
2022-10-04 18:33:40,315 [WARN] DbFile:35 - Overriding database path with different value: C:\Users\A.Tuan\.stmcufinder\plugins\mcufinder/ => C:\Users\A.Tuan\.stmcufinder\plugins\mcufinder
2022-10-04 18:33:40,315 [INFO] DbBoardsJson:57 - Set database path to: C:\Users\A.Tuan\.stmcufinder\plugins\mcufinder//mcu/
2022-10-04 18:33:40,315 [WARN] DbFile:35 - Overriding database path with different value: C:\Users\A.Tuan\.stmcufinder\plugins\mcufinder/ => C:\Users\A.Tuan\.stmcufinder\plugins\mcufinder
2022-10-04 18:33:40,315 [WARN] DbFile:35 - Overriding database path with different value: C:\Users\A.Tuan\.stmcufinder\plugins\mcufinder/ => C:\Users\A.Tuan\.stmcufinder\plugins\mcufinder
2022-10-04 18:33:40,315 [INFO] CrossReferenceDbSqlite:196 - Set database path to: C:\Users\A.Tuan\.stmcufinder\plugins\mcufinder//mcu/cs/
2022-10-04 18:33:40,315 [WARN] DbFile:35 - Overriding database path with different value: C:\Users\A.Tuan\.stmcufinder\plugins\mcufinder/ => C:\Users\A.Tuan\.stmcufinder\plugins\mcufinder
2022-10-04 18:33:40,316 [INFO] DbExamplesSqlite:767 - Set database path to: C:\Users\A.Tuan\.stmcufinder\plugins\mcufinder//mcu/
2022-10-04 18:33:40,419 [INFO] MainPanel:214 - HeapMemory: 268435456
2022-10-04 18:33:40,540 [INFO] DbMcusXml:74 - Set database path to: C:\ST\STM32CubeIDE_1.7.0\STM32CubeIDE\plugins\com.st.stm32cube.common.mx_6.3.0.202107141111\\db\/mcu/
2022-10-04 18:33:40,540 [INFO] DbBoardsPdsc:56 - Set plugin database path to: C:\ST\STM32CubeIDE_1.7.0\STM32CubeIDE\plugins\com.st.stm32cube.common.mx_6.3.0.202107141111\\db\/plugins/boardmanager/
2022-10-04 18:33:40,540 [INFO] DbMcus:258 - Set plugin images path to: C:\ST\STM32CubeIDE_1.7.0\STM32CubeIDE\plugins\com.st.stm32cube.common.mx_6.3.0.202107141111\\db\/plugins/mcufinder/images/
2022-10-04 18:33:40,540 [INFO] DbBoards:264 - Set plugin images path to: C:\ST\STM32CubeIDE_1.7.0\STM32CubeIDE\plugins\com.st.stm32cube.common.mx_6.3.0.202107141111\\db\/plugins/mcufinder/images/
2022-10-04 18:33:40,540 [INFO] DbExamples:333 - Set plugin images path to: C:\ST\STM32CubeIDE_1.7.0\STM32CubeIDE\plugins\com.st.stm32cube.common.mx_6.3.0.202107141111\\db\/plugins/mcufinder/images/
2022-10-04 18:33:40,541 [WARN] DbFile:35 - Overriding database path with different value: C:\Users\A.Tuan\.stmcufinder\plugins\mcufinder/ => C:\Users\A.Tuan\.stmcufinder\plugins\mcufinder
2022-10-04 18:33:40,541 [INFO] DbMcusAds:119 - Set database path to: C:\Users\A.Tuan\.stmcufinder\plugins\mcufinder//mcu/
2022-10-04 18:33:40,541 [WARN] DbFile:35 - Overriding database path with different value: C:\Users\A.Tuan\.stmcufinder\plugins\mcufinder/ => C:\Users\A.Tuan\.stmcufinder\plugins\mcufinder
2022-10-04 18:33:40,541 [INFO] DbMcusDocs:110 - Set database path to: C:\Users\A.Tuan\.stmcufinder\plugins\mcufinder//mcu/
2022-10-04 18:33:40,541 [WARN] DbFile:35 - Overriding database path with different value: C:\Users\A.Tuan\.stmcufinder\plugins\mcufinder/ => C:\Users\A.Tuan\.stmcufinder\plugins\mcufinder
2022-10-04 18:33:40,541 [INFO] DbMcusJson:64 - Set database path to: C:\Users\A.Tuan\.stmcufinder\plugins\mcufinder//mcu/
2022-10-04 18:33:40,541 [WARN] DbFile:35 - Overriding database path with different value: C:\Users\A.Tuan\.stmcufinder\plugins\mcufinder/ => C:\Users\A.Tuan\.stmcufinder\plugins\mcufinder
2022-10-04 18:33:40,541 [INFO] DbBoardsDocs:110 - Set database path to: C:\Users\A.Tuan\.stmcufinder\plugins\mcufinder//mcu/
2022-10-04 18:33:40,542 [WARN] DbFile:35 - Overriding database path with different value: C:\Users\A.Tuan\.stmcufinder\plugins\mcufinder/ => C:\Users\A.Tuan\.stmcufinder\plugins\mcufinder
2022-10-04 18:33:40,542 [INFO] DbBoardsJson:57 - Set database path to: C:\Users\A.Tuan\.stmcufinder\plugins\mcufinder//mcu/
2022-10-04 18:33:40,542 [WARN] DbFile:35 - Overriding database path with different value: C:\Users\A.Tuan\.stmcufinder\plugins\mcufinder/ => C:\Users\A.Tuan\.stmcufinder\plugins\mcufinder
2022-10-04 18:33:40,542 [WARN] DbFile:35 - Overriding database path with different value: C:\Users\A.Tuan\.stmcufinder\plugins\mcufinder/ => C:\Users\A.Tuan\.stmcufinder\plugins\mcufinder
2022-10-04 18:33:40,542 [INFO] CrossReferenceDbSqlite:196 - Set database path to: C:\Users\A.Tuan\.stmcufinder\plugins\mcufinder//mcu/cs/
2022-10-04 18:33:40,542 [WARN] DbFile:35 - Overriding database path with different value: C:\Users\A.Tuan\.stmcufinder\plugins\mcufinder/ => C:\Users\A.Tuan\.stmcufinder\plugins\mcufinder
2022-10-04 18:33:40,542 [INFO] DbExamplesSqlite:767 - Set database path to: C:\Users\A.Tuan\.stmcufinder\plugins\mcufinder//mcu/
2022-10-04 18:33:40,569 [INFO] ApplicationProperties:181 - Using Application install path: C:\ST\STM32CubeIDE_1.7.0\STM32CubeIDE\plugins\com.st.stm32cube.common.mx_6.3.0.202107141111
2022-10-04 18:33:40,571 [INFO] PluginManage:188 - Search for loadable plugins [exclusion list=, ]
2022-10-04 18:33:40,573 [INFO] PluginManage:302 - Check plugin analytics
2022-10-04 18:33:40,758 [INFO] AnalyticsPlugin:257 - Accepted Software Licenses: 
2022-10-04 18:33:40,759 [INFO] AnalyticsPlugin:259 - Accepted CMSIS Pack Licenses: 
2022-10-04 18:33:40,760 [INFO] AnalyticsPlugin:261 - Accepted Firmware Licenses: 
2022-10-04 18:33:40,760 [INFO] PluginManage:352 - Loaded plugin analytics (category:tool,tabindex:-1)
2022-10-04 18:33:40,760 [INFO] PluginManage:302 - Check plugin clock
2022-10-04 18:33:40,784 [INFO] PluginManage:352 - Loaded plugin clock (category:base,tabindex:2)
2022-10-04 18:33:40,785 [INFO] PluginManage:302 - Check plugin ddr
2022-10-04 18:33:40,790 [INFO] PluginManage:352 - Loaded plugin ddr (category:tool,tabindex:6)
2022-10-04 18:33:40,790 [INFO] PluginManage:302 - Check plugin filemanager
2022-10-04 18:33:40,954 [INFO] PluginManage:352 - Loaded plugin filemanager (category:base,tabindex:10)
2022-10-04 18:33:40,955 [INFO] PluginManage:302 - Check plugin ipmanager
2022-10-04 18:33:40,967 [INFO] PluginManage:352 - Loaded plugin ipmanager (category:base,tabindex:5)
2022-10-04 18:33:40,967 [INFO] PluginManage:302 - Check plugin pinoutandconfiguration
2022-10-04 18:33:40,985 [INFO] PluginManage:352 - Loaded plugin pinoutandconfiguration (category:base,tabindex:1)
2022-10-04 18:33:40,986 [INFO] PluginManage:302 - Check plugin pinoutconfig
2022-10-04 18:33:41,029 [INFO] PluginManage:352 - Loaded plugin pinoutconfig (category:base,tabindex:0)
2022-10-04 18:33:41,030 [INFO] PluginManage:302 - Check plugin power
2022-10-04 18:33:41,057 [INFO] PluginManage:352 - Loaded plugin power (category:power,tabindex:4)
2022-10-04 18:33:41,057 [INFO] PluginManage:302 - Check plugin projectmanager
2022-10-04 18:33:41,078 [INFO] PluginManage:352 - Loaded plugin projectmanager (category:projectmanager,tabindex:3)
2022-10-04 18:33:41,078 [INFO] PluginManage:302 - Check plugin thirdparty
2022-10-04 18:33:41,375 [WARN] IntegrityCheckThread:78 - waiting for thirdparty lock release [integrity check]
2022-10-04 18:33:41,377 [INFO] IntegrityCheckThread:80 - entering critical section [integrity check]
2022-10-04 18:33:41,375 [INFO] PluginManage:352 - Loaded plugin thirdparty (category:base,tabindex:-1)
2022-10-04 18:33:41,377 [INFO] PluginManage:302 - Check plugin tools
2022-10-04 18:33:41,377 [INFO] ThirdPartyUpdaterWithRetryManager:66 - Updater plugin not ready yet. [1/15]
2022-10-04 18:33:41,443 [INFO] PluginManage:352 - Loaded plugin tools (category:base,tabindex:7)
2022-10-04 18:33:41,443 [INFO] PluginManage:302 - Check plugin tutovideos
2022-10-04 18:33:41,754 [INFO] PluginManage:352 - Loaded plugin tutovideos (category:base,tabindex:-1)
2022-10-04 18:33:41,755 [INFO] PluginManage:302 - Check plugin updater
2022-10-04 18:33:41,775 [INFO] PluginManage:352 - Loaded plugin updater (category:base,tabindex:12)
2022-10-04 18:33:41,777 [INFO] PluginManage:275 - PluginManage : Loaded plugins [13]
2022-10-04 18:33:42,023 [INFO] PinOutPanel:1463 - setPackage(No Configuration,No Configuration)
2022-10-04 18:33:42,154 [INFO] IPUIPlugin:74 - create IPUIPlugin
2022-10-04 18:33:42,155 [INFO] PluginManager:213 - loadIPPluginJar : add adc
2022-10-04 18:33:42,194 [INFO] IPUIPlugin:74 - create IPUIPlugin
2022-10-04 18:33:42,194 [INFO] PluginManager:213 - loadIPPluginJar : add aes
2022-10-04 18:33:42,235 [INFO] IPUIPlugin:74 - create IPUIPlugin
2022-10-04 18:33:42,235 [INFO] PluginManager:213 - loadIPPluginJar : add can
2022-10-04 18:33:42,267 [INFO] IPUIPlugin:74 - create IPUIPlugin
2022-10-04 18:33:42,268 [INFO] PluginManager:213 - loadIPPluginJar : add comp
2022-10-04 18:33:42,303 [INFO] IPUIPlugin:74 - create IPUIPlugin
2022-10-04 18:33:42,304 [INFO] PluginManager:213 - loadIPPluginJar : add cryp
2022-10-04 18:33:42,338 [INFO] IPUIPlugin:74 - create IPUIPlugin
2022-10-04 18:33:42,338 [INFO] PluginManager:213 - loadIPPluginJar : add dfsdm
2022-10-04 18:33:42,353 [INFO] IPUIPlugin:74 - create IPUIPlugin
2022-10-04 18:33:42,355 [INFO] PluginManager:213 - loadIPPluginJar : add dma
2022-10-04 18:33:42,402 [INFO] IPUIPlugin:74 - create IPUIPlugin
2022-10-04 18:33:42,402 [INFO] PluginManager:213 - loadIPPluginJar : add dma3
2022-10-04 18:33:42,428 [INFO] IPUIPlugin:74 - create IPUIPlugin
2022-10-04 18:33:42,428 [INFO] PluginManager:213 - loadIPPluginJar : add fatfs
2022-10-04 18:33:42,480 [INFO] IPUIPlugin:74 - create IPUIPlugin
2022-10-04 18:33:42,480 [INFO] PluginManager:213 - loadIPPluginJar : add fmc
2022-10-04 18:33:42,498 [INFO] IPUIPlugin:74 - create IPUIPlugin
2022-10-04 18:33:42,498 [INFO] PluginManager:213 - loadIPPluginJar : add freertos
2022-10-04 18:33:42,522 [INFO] IPUIPlugin:74 - create IPUIPlugin
2022-10-04 18:33:42,523 [INFO] PluginManager:213 - loadIPPluginJar : add genericplugin
2022-10-04 18:33:42,612 [INFO] IPUIPlugin:74 - create IPUIPlugin
2022-10-04 18:33:42,612 [INFO] PluginManager:213 - loadIPPluginJar : add gfxmmu
2022-10-04 18:33:42,757 [INFO] IPUIPlugin:74 - create IPUIPlugin
2022-10-04 18:33:42,758 [INFO] PluginManager:213 - loadIPPluginJar : add gic
2022-10-04 18:33:42,772 [INFO] IPUIPlugin:74 - create IPUIPlugin
2022-10-04 18:33:42,772 [INFO] PluginManager:213 - loadIPPluginJar : add gpio
2022-10-04 18:33:42,846 [INFO] IPUIPlugin:74 - create IPUIPlugin
2022-10-04 18:33:42,846 [INFO] PluginManager:213 - loadIPPluginJar : add gtzc
2022-10-04 18:33:42,877 [INFO] IPUIPlugin:74 - create IPUIPlugin
2022-10-04 18:33:42,877 [INFO] PluginManager:213 - loadIPPluginJar : add hash
2022-10-04 18:33:42,929 [INFO] IPUIPlugin:74 - create IPUIPlugin
2022-10-04 18:33:42,929 [INFO] PluginManager:213 - loadIPPluginJar : add i2c
2022-10-04 18:33:42,969 [INFO] IPUIPlugin:74 - create IPUIPlugin
2022-10-04 18:33:42,969 [INFO] PluginManager:213 - loadIPPluginJar : add i2s
2022-10-04 18:33:42,980 [INFO] IPUIPlugin:74 - create IPUIPlugin
2022-10-04 18:33:42,980 [INFO] PluginManager:213 - loadIPPluginJar : add ipddr
2022-10-04 18:33:43,070 [INFO] IPUIPlugin:74 - create IPUIPlugin
2022-10-04 18:33:43,070 [INFO] PluginManager:213 - loadIPPluginJar : add linkedlist
2022-10-04 18:33:43,110 [INFO] IPUIPlugin:74 - create IPUIPlugin
2022-10-04 18:33:43,110 [INFO] PluginManager:213 - loadIPPluginJar : add lorawan
2022-10-04 18:33:43,151 [INFO] IPUIPlugin:74 - create IPUIPlugin
2022-10-04 18:33:43,151 [INFO] PluginManager:213 - loadIPPluginJar : add ltdc
2022-10-04 18:33:43,165 [INFO] IPUIPlugin:74 - create IPUIPlugin
2022-10-04 18:33:43,165 [INFO] PluginManager:213 - loadIPPluginJar : add mdma
2022-10-04 18:33:43,179 [INFO] IPUIPlugin:74 - create IPUIPlugin
2022-10-04 18:33:43,179 [INFO] PluginManager:213 - loadIPPluginJar : add nvic
2022-10-04 18:33:43,219 [INFO] IPUIPlugin:74 - create IPUIPlugin
2022-10-04 18:33:43,219 [INFO] PluginManager:213 - loadIPPluginJar : add opamp
2022-10-04 18:33:43,280 [INFO] IPUIPlugin:74 - create IPUIPlugin
2022-10-04 18:33:43,280 [INFO] PluginManager:213 - loadIPPluginJar : add openamp
2022-10-04 18:33:43,327 [INFO] IPUIPlugin:74 - create IPUIPlugin
2022-10-04 18:33:43,327 [INFO] PluginManager:213 - loadIPPluginJar : add pdm2pcm
2022-10-04 18:33:43,342 [INFO] IPUIPlugin:74 - create IPUIPlugin
2022-10-04 18:33:43,346 [INFO] PluginManager:213 - loadIPPluginJar : add plateformsettings
2022-10-04 18:33:43,377 [INFO] IPUIPlugin:74 - create IPUIPlugin
2022-10-04 18:33:43,377 [INFO] PluginManager:213 - loadIPPluginJar : add quadspi
2022-10-04 18:33:43,391 [INFO] IPUIPlugin:74 - create IPUIPlugin
2022-10-04 18:33:43,391 [INFO] PluginManager:213 - loadIPPluginJar : add resmgrutility
2022-10-04 18:33:43,445 [INFO] IPUIPlugin:74 - create IPUIPlugin
2022-10-04 18:33:43,445 [INFO] PluginManager:213 - loadIPPluginJar : add sai
2022-10-04 18:33:43,486 [INFO] IPUIPlugin:74 - create IPUIPlugin
2022-10-04 18:33:43,486 [INFO] PluginManager:213 - loadIPPluginJar : add spi
2022-10-04 18:33:43,544 [INFO] IPUIPlugin:74 - create IPUIPlugin
2022-10-04 18:33:43,544 [INFO] PluginManager:213 - loadIPPluginJar : add stm32_wpan
2022-10-04 18:33:43,571 [INFO] IPUIPlugin:74 - create IPUIPlugin
2022-10-04 18:33:43,572 [INFO] PluginManager:213 - loadIPPluginJar : add tim
2022-10-04 18:33:43,631 [INFO] IPUIPlugin:74 - create IPUIPlugin
2022-10-04 18:33:43,632 [INFO] PluginManager:213 - loadIPPluginJar : add touchsensing
2022-10-04 18:33:43,659 [INFO] IPUIPlugin:74 - create IPUIPlugin
2022-10-04 18:33:43,660 [INFO] PluginManager:213 - loadIPPluginJar : add tracer_emb
2022-10-04 18:33:43,687 [INFO] IPUIPlugin:74 - create IPUIPlugin
2022-10-04 18:33:43,688 [INFO] PluginManager:213 - loadIPPluginJar : add ts
2022-10-04 18:33:43,712 [INFO] IPUIPlugin:74 - create IPUIPlugin
2022-10-04 18:33:43,712 [INFO] PluginManager:213 - loadIPPluginJar : add tsc
2022-10-04 18:33:43,738 [INFO] IPUIPlugin:74 - create IPUIPlugin
2022-10-04 18:33:43,738 [INFO] PluginManager:213 - loadIPPluginJar : add ucpd
2022-10-04 18:33:43,782 [INFO] IPUIPlugin:74 - create IPUIPlugin
2022-10-04 18:33:43,782 [INFO] PluginManager:213 - loadIPPluginJar : add usart
2022-10-04 18:33:43,820 [INFO] IPUIPlugin:74 - create IPUIPlugin
2022-10-04 18:33:43,821 [INFO] PluginManager:213 - loadIPPluginJar : add usbx
2022-10-04 18:33:44,155 [FATAL] Updater:294 - Updater called before beeing initialized
2022-10-04 18:33:44,292 [FATAL] Updater:294 - Updater called before beeing initialized
2022-10-04 18:33:44,300 [INFO] DbMcusAds:47 - JSON generation date=Thu Sep 30 13:55:09 ICT 2021 (1632984909247)
2022-10-04 18:33:44,300 [FATAL] Updater:294 - Updater called before beeing initialized
2022-10-04 18:33:44,387 [INFO] ThirdPartyUpdaterWithRetryManager:66 - Updater plugin not ready yet. [2/15]
2022-10-04 18:33:44,390 [WARN] DetailPanel:314 - Failed to get advertising image, set to default
2022-10-04 18:33:44,534 [FATAL] Updater:294 - Updater called before beeing initialized
2022-10-04 18:33:44,537 [FATAL] Updater:294 - Updater called before beeing initialized
2022-10-04 18:33:44,537 [FATAL] Updater:294 - Updater called before beeing initialized
2022-10-04 18:33:44,537 [WARN] DetailPanel:314 - Failed to get advertising image, set to default
2022-10-04 18:33:44,539 [FATAL] Updater:294 - Updater called before beeing initialized
2022-10-04 18:33:44,601 [ERROR] Updater:1075 - MainUpdater not yet initialized. External WinMGr cannot be set.
2022-10-04 18:33:44,611 [INFO] Updater:1012 - Updater Version found : 6.3.0
2022-10-04 18:33:44,639 [INFO] ApplicationProperties:181 - Using Application install path: C:\ST\STM32CubeIDE_1.7.0\STM32CubeIDE\plugins\com.st.stm32cube.common.mx_6.3.0.202107141111
2022-10-04 18:33:44,907 [INFO] MainUpdater:2671 - connection check result : 10
2022-10-04 18:33:44,909 [INFO] MainUpdater:265 - Updater Check For Update Now.
2022-10-04 18:33:44,909 [INFO] MicroXplorer:478 - Change Database Version : DB.6.0.30
2022-10-04 18:33:45,093 [INFO] CheckServerUpdateThread:112 - End of CheckServer Thread
2022-10-04 18:33:45,166 [INFO] MainUpdater:2671 - connection check result : 10
2022-10-04 18:33:45,189 [INFO] McuFinderGlobals:52 - Set McuFinderConnectedMode to true
2022-10-04 18:33:45,406 [INFO] ServerAccessManage:362 - Download File mcusAds.json._tmp_
2022-10-04 18:33:45,535 [INFO] LoadUrlFilesThread:145 - End of LoadUrlFiles Thread
2022-10-04 18:33:46,257 [INFO] ServerAccessManage:362 - Download File mcusDocs.json._tmp_
2022-10-04 18:33:47,076 [INFO] LoadUrlFilesThread:145 - End of LoadUrlFiles Thread
2022-10-04 18:33:47,296 [INFO] ServerAccessManage:362 - Download File mcusFeaturesAndDescription.json._tmp_
2022-10-04 18:33:47,390 [WARN] MainUpdater:1122 - Updater busy. Cannot search thirdparties
2022-10-04 18:33:47,390 [INFO] ThirdPartyUpdaterWithRetryManager:92 - Updater plugin is busy. [1/15]
2022-10-04 18:33:49,022 [INFO] LoadUrlFilesThread:145 - End of LoadUrlFiles Thread
2022-10-04 18:33:49,280 [INFO] ServerAccessManage:362 - Download File boardsDocs.json._tmp_
2022-10-04 18:33:49,404 [INFO] LoadUrlFilesThread:145 - End of LoadUrlFiles Thread
2022-10-04 18:33:49,645 [INFO] ServerAccessManage:362 - Download File boards.json._tmp_
2022-10-04 18:33:49,872 [INFO] LoadUrlFilesThread:145 - End of LoadUrlFiles Thread
2022-10-04 18:33:49,956 [INFO] ServerAccessManage:362 - Download File cube-finder-db.zip
2022-10-04 18:33:50,395 [WARN] MainUpdater:1122 - Updater busy. Cannot search thirdparties
2022-10-04 18:33:50,395 [INFO] ThirdPartyUpdaterWithRetryManager:92 - Updater plugin is busy. [2/15]
2022-10-04 18:33:51,855 [INFO] FileExtend:235 - Unzip File : cube-finder-db.zip
2022-10-04 18:33:51,855 [INFO] FileExtend:250 - Standard Zip Deflate
2022-10-04 18:33:52,482 [INFO] LoadUrlFilesThread:145 - End of LoadUrlFiles Thread
2022-10-04 18:33:53,398 [WARN] MainUpdater:1122 - Updater busy. Cannot search thirdparties
2022-10-04 18:33:53,398 [INFO] ThirdPartyUpdaterWithRetryManager:92 - Updater plugin is busy. [3/15]
2022-10-04 18:33:54,261 [INFO] ServerAccessManage:362 - Download File crdb.zip
2022-10-04 18:33:55,956 [INFO] FileExtend:235 - Unzip File : crdb.zip
2022-10-04 18:33:55,958 [INFO] FileExtend:250 - Standard Zip Deflate
2022-10-04 18:33:56,108 [INFO] LoadUrlFilesThread:145 - End of LoadUrlFiles Thread
2022-10-04 18:33:56,250 [INFO] ServerAccessManage:362 - Download File tutoVideoDB.zip
2022-10-04 18:33:56,265 [INFO] FileExtend:235 - Unzip File : tutoVideoDB.zip
2022-10-04 18:33:56,265 [INFO] FileExtend:250 - Standard Zip Deflate
2022-10-04 18:33:56,388 [INFO] LoadUrlFilesThread:145 - End of LoadUrlFiles Thread
2022-10-04 18:33:56,390 [INFO] DbMcusAds:47 - JSON generation date=Thu Sep 30 13:55:09 ICT 2021 (1632984909247)
2022-10-04 18:33:56,404 [INFO] DbMcusDocs:143 - JSON generation date=Tue Nov 16 23:17:54 ICT 2021 (1637079474)
2022-10-04 18:33:56,405 [INFO] DbMcusXml:100 - Load MCU database from C:\ST\STM32CubeIDE_1.7.0\STM32CubeIDE\plugins\com.st.stm32cube.common.mx_6.3.0.202107141111\\db\/mcu/families.xml
2022-10-04 18:33:56,710 [WARN] PackLoader:238 - Cannot read IP mode file for STMicroelectronics.X-CUBE-GNSS1.6.0.0
2022-10-04 18:33:56,780 [WARN] PackLoader:238 - Cannot read IP mode file for STMicroelectronics.X-CUBE-AZRTOS-F4.1.1.0
2022-10-04 18:33:56,843 [WARN] PackLoader:238 - Cannot read IP mode file for STMicroelectronics.X-CUBE-AZRTOS-F7.1.1.0
2022-10-04 18:33:56,860 [WARN] PackLoader:238 - Cannot read IP mode file for STMicroelectronics.X-CUBE-BLE1.6.2.3
2022-10-04 18:33:56,888 [WARN] PackLoader:238 - Cannot read IP mode file for STMicroelectronics.X-CUBE-NFC4.2.0.4
2022-10-04 18:33:56,912 [WARN] PackLoader:238 - Cannot read IP mode file for STMicroelectronics.X-CUBE-TOF1.3.1.0
2022-10-04 18:33:56,936 [WARN] PackLoader:238 - Cannot read IP mode file for wolfSSL.I-CUBE-wolfSSL.5.5.0
2022-10-04 18:33:56,951 [WARN] PackLoader:238 - Cannot read IP mode file for STMicroelectronics.X-CUBE-NFC7.1.0.0
2022-10-04 18:33:57,031 [WARN] PackLoader:238 - Cannot read IP mode file for STMicroelectronics.X-CUBE-MEMS1.9.3.0
2022-10-04 18:33:57,322 [WARN] PackLoader:238 - Cannot read IP mode file for STMicroelectronics.X-CUBE-AI.7.2.0
2022-10-04 18:33:57,336 [WARN] PackLoader:238 - Cannot read IP mode file for STMicroelectronics.X-CUBE-SFXS2LP1.4.0.0
2022-10-04 18:33:57,373 [WARN] PackLoader:238 - Cannot read IP mode file for STMicroelectronics.X-CUBE-BLE2.3.3.0
2022-10-04 18:33:57,393 [WARN] PackLoader:238 - Cannot read IP mode file for STMicroelectronics.X-CUBE-DISPLAY.2.2.0
2022-10-04 18:33:57,405 [WARN] PackLoader:238 - Cannot read IP mode file for STMicroelectronics.X-CUBE-ISPU.1.0.0
2022-10-04 18:33:57,423 [WARN] PackLoader:238 - Cannot read IP mode file for RoweBots.I-CUBE-UNISONRTOS.5.5.0-4
2022-10-04 18:33:57,504 [WARN] PackLoader:238 - Cannot read IP mode file for STMicroelectronics.X-CUBE-AZRTOS-H7.2.1.0
2022-10-04 18:33:57,516 [INFO] DbMcusJson:93 - JSON generation date=Tue Nov 16 23:17:54 ICT 2021 (1637079474)
2022-10-04 18:33:57,527 [WARN] PackLoader:238 - Cannot read IP mode file for STMicroelectronics.X-CUBE-BLEMGR.1.0.0
2022-10-04 18:33:57,545 [WARN] PackLoader:238 - Cannot read IP mode file for STMicroelectronics.X-CUBE-ALGOBUILD.1.3.0
2022-10-04 18:33:57,579 [WARN] PackLoader:238 - Cannot read IP mode file for STMicroelectronics.X-CUBE-AZRTOS-G0.1.1.0
2022-10-04 18:33:57,600 [WARN] PackLoader:238 - Cannot read IP mode file for STMicroelectronics.X-CUBE-SUBG2.5.0.0
2022-10-04 18:33:57,666 [WARN] PackLoader:238 - Cannot read IP mode file for SEGGER.I-CUBE-embOS.1.2.0
2022-10-04 18:33:57,747 [WARN] PackLoader:238 - Cannot read IP mode file for STMicroelectronics.FP-ATR-ASTRA1.1.1.1
2022-10-04 18:33:57,783 [WARN] PackLoader:238 - Cannot read IP mode file for STMicroelectronics.X-CUBE-AZRTOS-G4.1.0.0
2022-10-04 18:33:57,826 [WARN] PackLoader:238 - Cannot read IP mode file for STMicroelectronics.X-CUBE-AZRTOS-L4.1.0.0
2022-10-04 18:33:57,845 [WARN] PackLoader:238 - Cannot read IP mode file for emotas.I-CUBE-CANOPEN.1.1.2
2022-10-04 18:33:57,861 [WARN] PackLoader:238 - Cannot read IP mode file for STMicroelectronics.X-CUBE-TOUCHGFX.4.20.0
2022-10-04 18:33:57,899 [WARN] PackLoader:238 - Cannot read IP mode file for STMicroelectronics.X-CUBE-AZRTOS-WL.1.0.0
2022-10-04 18:33:57,921 [WARN] PackLoader:238 - Cannot read IP mode file for portGmbH.I-Cube-SoM-uGOAL.1.1.0
2022-10-04 18:33:57,937 [WARN] PackLoader:238 - Cannot read IP mode file for STMicroelectronics.X-CUBE-ALS.1.0.1
2022-10-04 18:33:58,006 [WARN] PackLoader:238 - Cannot read IP mode file for STMicroelectronics.X-CUBE-AZRTOS-L5.1.0.0
2022-10-04 18:33:58,299 [INFO] DbMcus:175 - Found 1951 MCUs (1903 are supported by CubeMX, 1914 are visible in CubeMX)
2022-10-04 18:33:58,300 [INFO] ApiDb:251 - Load user favorites file C:\Users\A.Tuan/.stm32cubeide/favorites.mcus.txt: 0 item(s)
2022-10-04 18:33:58,300 [INFO] ApiDb:255 - User favorites MCUs=[]
2022-10-04 18:33:58,300 [INFO] DbMcus:187 - Set 0 / 0 favorites MCUs
2022-10-04 18:33:58,307 [WARN] PackLoader:238 - Cannot read IP mode file for STMicroelectronics.X-CUBE-EEPRMA1.3.1.1
2022-10-04 18:33:58,309 [INFO] ThirdParty:915 - Integrity check success = true
2022-10-04 18:33:58,309 [INFO] IntegrityCheckThread:94 - exiting critical section [integrity check]
2022-10-04 18:33:58,309 [INFO] IntegrityCheckThread:97 - End integrity checks thread
2022-10-04 18:33:58,824 [INFO] DbMcusDocs:79 - Found 682 MCUs documents
2022-10-04 18:33:58,827 [INFO] ApiDb:276 - Save user favorites file C:\Users\A.Tuan/.stm32cubeide/favorites.mcus.txt: 0 item(s)
2022-10-04 18:33:58,827 [INFO] ApiDb:280 - User favorites MCUs=[]
2022-10-04 18:33:58,827 [INFO] DbMcusXml:100 - Load MCU database from C:\ST\STM32CubeIDE_1.7.0\STM32CubeIDE\plugins\com.st.stm32cube.common.mx_6.3.0.202107141111\\db\/mcu/families.xml
2022-10-04 18:33:59,471 [INFO] DbMcusJson:93 - JSON generation date=Tue Nov 16 23:17:54 ICT 2021 (1637079474)
2022-10-04 18:34:00,057 [INFO] DbMcus:175 - Found 1951 MCUs (1903 are supported by CubeMX, 1914 are visible in CubeMX)
2022-10-04 18:34:00,057 [INFO] ApiDb:251 - Load user favorites file C:\Users\A.Tuan/.stm32cubeide/favorites.mcus.txt: 0 item(s)
2022-10-04 18:34:00,057 [INFO] ApiDb:255 - User favorites MCUs=[]
2022-10-04 18:34:00,058 [INFO] DbMcus:187 - Set 0 / 0 favorites MCUs
2022-10-04 18:34:00,064 [INFO] DbBoardsDocs:143 - JSON generation date=Tue Nov 16 23:17:54 ICT 2021 (1637079474)
2022-10-04 18:34:00,082 [INFO] DbBoardsPdsc:90 - Found 25 items
2022-10-04 18:34:00,084 [INFO] DbBoardsPdsc:90 - Found 9 items
2022-10-04 18:34:00,089 [INFO] DbBoardsPdsc:90 - Found 33 items
2022-10-04 18:34:00,092 [INFO] DbBoardsPdsc:90 - Found 1 items
2022-10-04 18:34:00,098 [INFO] DbBoardsPdsc:90 - Found 48 items
2022-10-04 18:34:00,109 [INFO] DbBoardsPdsc:90 - Found 43 items
2022-10-04 18:34:00,112 [INFO] DbBoardsPdsc:90 - Found 2 items
2022-10-04 18:34:00,115 [INFO] DbBoardsPdsc:90 - Found 5 items
2022-10-04 18:34:00,119 [WARN] DbBoardsPdsc:254 - Board STM32H7B3I-DK: unknown feature type=Audio, name=, username=Audio stereo codec with Headphone Amp (CS42L51-CNZ), n=1
2022-10-04 18:34:00,120 [WARN] DbBoardsPdsc:254 - Board STM32H735G-DK: unknown feature type=Audio, name=, username=Audio stereo codec with Headphone Amp (WM8994ECS/R), n=1
2022-10-04 18:34:00,122 [WARN] DbBoardsPdsc:254 - Board STM32H7B3I-EVAL: unknown feature type=Audio, name=, username=Multi-Channel Audio Codec (CS42L51-CNZ), n=1
2022-10-04 18:34:00,123 [WARN] DbBoardsPdsc:254 - Board STM32H7B3I-EVAL: unknown feature type=Meter, name=, username=Power-metering and Temperature-monitoring with sigma-delta modulators, n=1
2022-10-04 18:34:00,123 [WARN] DbBoardsPdsc:254 - Board STM32H7B3I-EVAL: unknown feature type=Motor, name=, username=Motor Control, n=1
2022-10-04 18:34:00,125 [WARN] DbBoardsPdsc:254 - Board STM32U575I-EV: unknown feature type=joystick, name=, username=4-direction joystick with selection button, n=1
2022-10-04 18:34:00,158 [INFO] DbBoardsJson:86 - JSON generation date=Tue Nov 16 23:17:54 ICT 2021 (1637079474)
2022-10-04 18:34:00,167 [INFO] DbBoards:117 - Found 167 boards (163 are supported by CubeMX)
2022-10-04 18:34:00,169 [INFO] DbBoardsDocs:143 - JSON generation date=Tue Nov 16 23:17:54 ICT 2021 (1637079474)
2022-10-04 18:34:00,177 [INFO] DbBoardsDocs:79 - Found 209 boards documents
2022-10-04 18:34:00,180 [WARN] DbBoards:127 - board B-L475E-IOT01A2 has no document id list !
2022-10-04 18:34:00,181 [WARN] DbBoards:127 - board NUCLEO-H743ZI has no document id list !
2022-10-04 18:34:00,182 [WARN] DbBoards:127 - board NUCLEO-WL55JC2 has no document id list !
2022-10-04 18:34:00,182 [WARN] DbBoards:127 - board P-NUCLEO-WB55-Nucleo has no document id list !
2022-10-04 18:34:00,182 [WARN] DbBoards:127 - board P-NUCLEO-WB55-USBDongle has no document id list !
2022-10-04 18:34:00,182 [WARN] DbBoards:127 - board STEVAL-BFA001V1B has no document id list !
2022-10-04 18:34:00,182 [WARN] DbBoards:127 - board STEVAL-BFA001V2B has no document id list !
2022-10-04 18:34:00,182 [WARN] DbBoards:127 - board STEVAL-IDP005V1 has no document id list !
2022-10-04 18:34:00,182 [WARN] DbBoards:127 - board STEVAL-IDP005V2 has no document id list !
2022-10-04 18:34:00,182 [WARN] DbBoards:127 - board STEVAL-MKSBOX1V1 has no document id list !
2022-10-04 18:34:00,182 [WARN] DbBoards:127 - board STEVAL-STWINKT1 has no document id list !
2022-10-04 18:34:00,182 [WARN] DbBoards:127 - board STEVAL-STWINKT1B has no document id list !
2022-10-04 18:34:00,182 [WARN] DbBoards:127 - board STM32439I-EVAL2 has no document id list !
2022-10-04 18:34:00,183 [WARN] DbBoards:127 - board STM32F401C-DISCO has no document id list !
2022-10-04 18:34:00,183 [WARN] DbBoards:127 - board STM32F769I-DISC1 has no document id list !
2022-10-04 18:34:00,183 [WARN] DbBoards:127 - board STM32G474E-EVAL1 has no document id list !
2022-10-04 18:34:00,183 [WARN] DbBoards:127 - board STM32H743I-EVAL2 has no document id list !
2022-10-04 18:34:00,183 [WARN] DbBoards:127 - board STM32H747I-DISC1 has no document id list !
2022-10-04 18:34:00,183 [WARN] DbBoards:127 - board STM32H753I-EVAL2 has no document id list !
2022-10-04 18:34:00,184 [WARN] DbBoards:127 - board STM32L-DISCOVERY has no document id list !
2022-10-04 18:34:00,361 [ERROR] DbBoards:189 - Image file not found for board B-U585I-IOT02A: C:\ST\STM32CubeIDE_1.7.0\STM32CubeIDE\plugins\com.st.stm32cube.common.mx_6.3.0.202107141111\\db\/plugins/mcufinder/images/boards/B-U585I-IOT02A_small.jpg
2022-10-04 18:34:00,497 [ERROR] DbBoards:189 - Image file not found for board NUCLEO-F413ZH: C:\ST\STM32CubeIDE_1.7.0\STM32CubeIDE\plugins\com.st.stm32cube.common.mx_6.3.0.202107141111\\db\/plugins/mcufinder/images/boards/nucleo-f413zh_small.jpg
2022-10-04 18:34:00,726 [ERROR] DbBoards:189 - Image file not found for board NUCLEO-L552ZE-Q: C:\ST\STM32CubeIDE_1.7.0\STM32CubeIDE\plugins\com.st.stm32cube.common.mx_6.3.0.202107141111\\db\/plugins/mcufinder/images/boards/nucleo_l552ze_q_small.jpg
2022-10-04 18:34:00,726 [ERROR] DbBoards:189 - Image file not found for board NUCLEO-U575ZI-Q: C:\ST\STM32CubeIDE_1.7.0\STM32CubeIDE\plugins\com.st.stm32cube.common.mx_6.3.0.202107141111\\db\/plugins/mcufinder/images/boards/nucleo-u575zi-q_small.jpg
2022-10-04 18:34:00,726 [ERROR] DbBoards:189 - Image file not found for board NUCLEO-WB15CC: C:\ST\STM32CubeIDE_1.7.0\STM32CubeIDE\plugins\com.st.stm32cube.common.mx_6.3.0.202107141111\\db\/plugins/mcufinder/images/boards/nucleo-wb15cc_small.jpg
2022-10-04 18:34:00,726 [ERROR] DbBoards:189 - Image file not found for board NUCLEO-WB55RG: C:\ST\STM32CubeIDE_1.7.0\STM32CubeIDE\plugins\com.st.stm32cube.common.mx_6.3.0.202107141111\\db\/plugins/mcufinder/images/boards/nucleo-wb55rg_small.jpg
2022-10-04 18:34:02,125 [INFO] ApiDb:251 - Load user favorites file C:\Users\A.Tuan/.stm32cubeide/favorites.boards.txt: 0 item(s)
2022-10-04 18:34:02,126 [INFO] ApiDb:255 - User favorites Boards=[]
2022-10-04 18:34:02,126 [INFO] DbBoards:206 - Set 0 / 0 favorites Boards
2022-10-04 18:34:02,128 [INFO] DbBoardsDocs:79 - Found 418 boards documents
2022-10-04 18:34:02,129 [INFO] ApiDb:276 - Save user favorites file C:\Users\A.Tuan/.stm32cubeide/favorites.boards.txt: 0 item(s)
2022-10-04 18:34:02,129 [INFO] ApiDb:280 - User favorites Boards=[]
2022-10-04 18:34:02,132 [INFO] DbBoardsPdsc:90 - Found 25 items
2022-10-04 18:34:02,133 [INFO] DbBoardsPdsc:90 - Found 9 items
2022-10-04 18:34:02,137 [INFO] DbBoardsPdsc:90 - Found 33 items
2022-10-04 18:34:02,138 [INFO] DbBoardsPdsc:90 - Found 1 items
2022-10-04 18:34:02,143 [INFO] DbBoardsPdsc:90 - Found 48 items
2022-10-04 18:34:02,148 [INFO] DbBoardsPdsc:90 - Found 43 items
2022-10-04 18:34:02,149 [INFO] DbBoardsPdsc:90 - Found 2 items
2022-10-04 18:34:02,151 [INFO] DbBoardsPdsc:90 - Found 5 items
2022-10-04 18:34:02,154 [WARN] DbBoardsPdsc:254 - Board STM32H7B3I-DK: unknown feature type=Audio, name=, username=Audio stereo codec with Headphone Amp (CS42L51-CNZ), n=1
2022-10-04 18:34:02,155 [WARN] DbBoardsPdsc:254 - Board STM32H735G-DK: unknown feature type=Audio, name=, username=Audio stereo codec with Headphone Amp (WM8994ECS/R), n=1
2022-10-04 18:34:02,156 [WARN] DbBoardsPdsc:254 - Board STM32H7B3I-EVAL: unknown feature type=Audio, name=, username=Multi-Channel Audio Codec (CS42L51-CNZ), n=1
2022-10-04 18:34:02,156 [WARN] DbBoardsPdsc:254 - Board STM32H7B3I-EVAL: unknown feature type=Meter, name=, username=Power-metering and Temperature-monitoring with sigma-delta modulators, n=1
2022-10-04 18:34:02,156 [WARN] DbBoardsPdsc:254 - Board STM32H7B3I-EVAL: unknown feature type=Motor, name=, username=Motor Control, n=1
2022-10-04 18:34:02,156 [WARN] DbBoardsPdsc:254 - Board STM32U575I-EV: unknown feature type=joystick, name=, username=4-direction joystick with selection button, n=1
2022-10-04 18:34:02,171 [INFO] DbBoardsJson:86 - JSON generation date=Tue Nov 16 23:17:54 ICT 2021 (1637079474)
2022-10-04 18:34:02,176 [INFO] DbBoards:117 - Found 167 boards (163 are supported by CubeMX)
2022-10-04 18:34:02,176 [WARN] DbBoards:127 - board B-L475E-IOT01A2 has no document id list !
2022-10-04 18:34:02,177 [WARN] DbBoards:127 - board NUCLEO-H743ZI has no document id list !
2022-10-04 18:34:02,177 [WARN] DbBoards:127 - board NUCLEO-WL55JC2 has no document id list !
2022-10-04 18:34:02,177 [WARN] DbBoards:127 - board P-NUCLEO-WB55-Nucleo has no document id list !
2022-10-04 18:34:02,177 [WARN] DbBoards:127 - board P-NUCLEO-WB55-USBDongle has no document id list !
2022-10-04 18:34:02,177 [WARN] DbBoards:127 - board STEVAL-BFA001V1B has no document id list !
2022-10-04 18:34:02,178 [WARN] DbBoards:127 - board STEVAL-BFA001V2B has no document id list !
2022-10-04 18:34:02,178 [WARN] DbBoards:127 - board STEVAL-IDP005V1 has no document id list !
2022-10-04 18:34:02,178 [WARN] DbBoards:127 - board STEVAL-IDP005V2 has no document id list !
2022-10-04 18:34:02,178 [WARN] DbBoards:127 - board STEVAL-MKSBOX1V1 has no document id list !
2022-10-04 18:34:02,178 [WARN] DbBoards:127 - board STEVAL-STWINKT1 has no document id list !
2022-10-04 18:34:02,178 [WARN] DbBoards:127 - board STEVAL-STWINKT1B has no document id list !
2022-10-04 18:34:02,178 [WARN] DbBoards:127 - board STM32439I-EVAL2 has no document id list !
2022-10-04 18:34:02,178 [WARN] DbBoards:127 - board STM32F401C-DISCO has no document id list !
2022-10-04 18:34:02,178 [WARN] DbBoards:127 - board STM32F769I-DISC1 has no document id list !
2022-10-04 18:34:02,178 [WARN] DbBoards:127 - board STM32G474E-EVAL1 has no document id list !
2022-10-04 18:34:02,178 [WARN] DbBoards:127 - board STM32H743I-EVAL2 has no document id list !
2022-10-04 18:34:02,178 [WARN] DbBoards:127 - board STM32H747I-DISC1 has no document id list !
2022-10-04 18:34:02,178 [WARN] DbBoards:127 - board STM32H753I-EVAL2 has no document id list !
2022-10-04 18:34:02,178 [WARN] DbBoards:127 - board STM32L-DISCOVERY has no document id list !
2022-10-04 18:34:02,267 [ERROR] DbBoards:189 - Image file not found for board B-U585I-IOT02A: C:\ST\STM32CubeIDE_1.7.0\STM32CubeIDE\plugins\com.st.stm32cube.common.mx_6.3.0.202107141111\\db\/plugins/mcufinder/images/boards/B-U585I-IOT02A_small.jpg
2022-10-04 18:34:02,359 [ERROR] DbBoards:189 - Image file not found for board NUCLEO-F413ZH: C:\ST\STM32CubeIDE_1.7.0\STM32CubeIDE\plugins\com.st.stm32cube.common.mx_6.3.0.202107141111\\db\/plugins/mcufinder/images/boards/nucleo-f413zh_small.jpg
2022-10-04 18:34:02,565 [ERROR] DbBoards:189 - Image file not found for board NUCLEO-L552ZE-Q: C:\ST\STM32CubeIDE_1.7.0\STM32CubeIDE\plugins\com.st.stm32cube.common.mx_6.3.0.202107141111\\db\/plugins/mcufinder/images/boards/nucleo_l552ze_q_small.jpg
2022-10-04 18:34:02,565 [ERROR] DbBoards:189 - Image file not found for board NUCLEO-U575ZI-Q: C:\ST\STM32CubeIDE_1.7.0\STM32CubeIDE\plugins\com.st.stm32cube.common.mx_6.3.0.202107141111\\db\/plugins/mcufinder/images/boards/nucleo-u575zi-q_small.jpg
2022-10-04 18:34:02,565 [ERROR] DbBoards:189 - Image file not found for board NUCLEO-WB15CC: C:\ST\STM32CubeIDE_1.7.0\STM32CubeIDE\plugins\com.st.stm32cube.common.mx_6.3.0.202107141111\\db\/plugins/mcufinder/images/boards/nucleo-wb15cc_small.jpg
2022-10-04 18:34:02,565 [ERROR] DbBoards:189 - Image file not found for board NUCLEO-WB55RG: C:\ST\STM32CubeIDE_1.7.0\STM32CubeIDE\plugins\com.st.stm32cube.common.mx_6.3.0.202107141111\\db\/plugins/mcufinder/images/boards/nucleo-wb55rg_small.jpg
2022-10-04 18:34:03,423 [INFO] ApiDb:251 - Load user favorites file C:\Users\A.Tuan/.stm32cubeide/favorites.boards.txt: 0 item(s)
2022-10-04 18:34:03,424 [INFO] ApiDb:255 - User favorites Boards=[]
2022-10-04 18:34:03,424 [INFO] DbBoards:206 - Set 0 / 0 favorites Boards
2022-10-04 18:34:03,433 [INFO] LoadUrlFilesThread:172 - End of LoadServerUrlFiles without Thread
2022-10-04 18:34:03,434 [INFO] TargetSelectorAdapter:224 - Refresh data is successful
2022-10-04 18:34:03,576 [INFO] ApiDb:479 - Connected to CubeFinder SQLite database (C:\Users\A.Tuan\.stmcufinder\plugins\mcufinder\mcu\cube-finder-db.db)
2022-10-04 18:34:04,372 [INFO] DbExamplesSqlite:411 - Ignored 31 examples not supported by CubeIDE
2022-10-04 18:34:04,372 [INFO] DbExamplesSqlite:412 - Found 6197 examples active
2022-10-04 18:34:04,373 [INFO] DbExamplesSqlite:413 - Found 89 examples obsolete
2022-10-04 18:34:04,373 [INFO] DbExamplesSqlite:414 - Found 0 examples under development
2022-10-04 18:34:04,373 [INFO] DbExamplesSqlite:415 - Found 76 examples not building
2022-10-04 18:34:04,396 [INFO] DbExamplesSqlite:108 - CubeFinder database Data Model version=2.1
2022-10-04 18:34:04,397 [INFO] DbExamplesSqlite:109 - CubeFinder database Configuration version=3.0.32
2022-10-04 18:34:04,397 [INFO] DbExamplesSqlite:110 - CubeFinder database generation date=2022-08-05 (1659688109)
2022-10-04 18:34:04,397 [INFO] DbExamplesSqlite:111 - CubeFinder database FW Pack versions=[STM32Cube_FW_C0_V1.0.0, STM32Cube_FW_F4_V1.27.1, STM32Cube_FW_F7_V1.17.0, STM32Cube_FW_G0_V1.6.1, STM32Cube_FW_G4_V1.5.0, STM32Cube_FW_H7_V1.10.0, STM32Cube_FW_L5_V1.4.0, STM32Cube_FW_U5_V1.1.1, STM32Cube_FW_WB_V1.14.1, STM32Cube_FW_WL_V1.2.0, X-CUBE-ALGOBUILD_V1.3.0, X-CUBE-ALS_V1.0.1, X-CUBE-AZRTOS-F4_V1.1.0, X-CUBE-AZRTOS-F7_V1.1.0, X-CUBE-AZRTOS-G0_V1.1.0, X-CUBE-AZRTOS-G4_V1.0.0, X-CUBE-AZRTOS-H7_V2.1.0, X-CUBE-AZRTOS-L4_V1.0.0, X-CUBE-AZRTOS-L5_V1.0.0, X-CUBE-AZRTOS-WL_V1.0.0, X-CUBE-BLE1_V6.2.3, X-CUBE-BLE2_V3.3.0, X-CUBE-EEPRMA1_V3.1.1, X-CUBE-GNSS1_V6.0.0, X-CUBE-MEMS1_V9.1.0, X-CUBE-MEMS1_V9.3.0, X-CUBE-NFC4_V2.0.4, X-CUBE-NFC7_V1.0.0, X-CUBE-SFXS2LP1_V4.0.0, X-CUBE-SUBG2_V5.0.0]
2022-10-04 18:34:04,398 [INFO] DbExamples:130 - Found 6242 examples
2022-10-04 18:34:05,141 [ERROR] DbExamples:206 - Found 6242 examples with invalid data (board or MCU)
2022-10-04 18:34:05,142 [INFO] DbExamples:222 - Found 74 boards with related examples
2022-10-04 18:34:05,143 [INFO] DbExamples:235 - Found 0 MCUs with related examples
2022-10-04 18:34:05,173 [INFO] ApiDb:251 - Load user favorites file C:\Users\A.Tuan/.stm32cubeide/favorites.examples.txt: 0 item(s)
2022-10-04 18:34:05,174 [INFO] ApiDb:255 - User favorites Examples=[]
2022-10-04 18:34:05,174 [INFO] DbExamples:256 - Set 0 / 0 favorites Examples
2022-10-04 18:34:05,549 [INFO] McuFinderGlobals:52 - Set McuFinderConnectedMode to false
2022-10-04 18:34:05,707 [INFO] CrossSelectorPresenter:1330 - Cross Selector saved comparison directory: C:\Users\A.Tuan\.stmcufinder\plugins\mcufinder\mcu\cs_comparisons_mx
2022-10-04 18:34:05,714 [INFO] MultiScanPanel:197 - Auto-refresh data requested => check proxy status ongoing
2022-10-04 18:34:05,714 [INFO] MultiScanPanel:201 - Proxy status is invalid
2022-10-04 18:34:05,722 [INFO] FinderPluginLoader:87 - Searching for filters in installed packs
2022-10-04 18:34:06,288 [INFO] DetailPanel:309 - Set advertising image to C:/Users/A.Tuan/STM32Cube/Repository/\en.Prom_NBSTM32U50921.jpg
2022-10-04 18:34:32,651 [INFO] MainUpdater:2671 - connection check result : 10
2022-10-04 18:34:32,651 [INFO] MainUpdater:2671 - connection check result : 10
2022-10-04 18:34:32,704 [INFO] MicroXplorer:448 - Change Database Path : 
2022-10-04 18:34:32,704 [INFO] MicroXplorer:478 - Change Database Version : DB.6.0.30
2022-10-04 18:34:32,705 [WARN] ThirdParty:813 - waiting for thirdparty lock release [close project]
2022-10-04 18:34:32,705 [INFO] ThirdParty:815 - entering critical section [close project]
2022-10-04 18:34:32,706 [INFO] ThirdParty:825 - exiting critical section [close project]
2022-10-04 18:34:32,713 [INFO] PinOutPanel:1463 - setPackage(No Configuration,No Configuration)
2022-10-04 18:34:32,714 [INFO] UtilMem:74 - Begin LoadConfig() Used Memory: 602838792 Bytes (861929472)
2022-10-04 18:34:32,715 [INFO] MicroXplorer:448 - Change Database Path : 
2022-10-04 18:34:32,715 [INFO] MicroXplorer:478 - Change Database Version : DB.6.0.30
2022-10-04 18:34:32,715 [INFO] OpenFileManager:313 - Change cursor
2022-10-04 18:34:33,824 [INFO] Context:592 - Trying to add GPIOservice into a context  which must be forbidden
2022-10-04 18:34:34,067 [INFO] ImportTextPane:167 - (OptionalMessage_ERROR) Unable to find key (Mcu.ThirdPartyNb) in loaded IOC file
2022-10-04 18:34:34,067 [INFO] ImportTextPane:167 - (OptionalMessage_ERROR) Unable to find key (Mcu.PinsNb) in loaded IOC file
2022-10-04 18:34:34,068 [INFO] ImportTextPane:167 - (OptionalMessage_ERROR) Unable to find key (Mcu.IPNb) in loaded IOC file
2022-10-04 18:34:34,118 [WARN] ApiManager:304 - Cannot register API 'Board Extension:GNSS1A1' from pack STMicroelectronics.X-CUBE-GNSS1.6.0.0: no header file found
2022-10-04 18:34:34,118 [WARN] ApiManager:304 - Cannot register API 'Board Support:Custom' from pack STMicroelectronics.X-CUBE-GNSS1.6.0.0: no header file found
2022-10-04 18:34:34,118 [WARN] ApiManager:304 - Cannot register API 'Data Exchange:lib_gnss' from pack STMicroelectronics.X-CUBE-GNSS1.6.0.0: no header file found
2022-10-04 18:34:34,131 [WARN] ModelIntegratedComponent:60 - No mode defined for component null
2022-10-04 18:34:34,131 [WARN] ModelIntegratedComponent:60 - No mode defined for component null
2022-10-04 18:34:34,131 [WARN] ModelIntegratedComponent:60 - No mode defined for component null
2022-10-04 18:34:34,132 [WARN] ModelIntegratedComponent:60 - No mode defined for component null
2022-10-04 18:34:34,132 [WARN] ModelIntegratedComponent:60 - No mode defined for component null
2022-10-04 18:34:34,132 [WARN] ModelIntegratedComponent:60 - No mode defined for component null
2022-10-04 18:34:34,132 [WARN] ModelIntegratedComponent:60 - No mode defined for component null
2022-10-04 18:34:34,132 [WARN] ModelIntegratedComponent:60 - No mode defined for component null
2022-10-04 18:34:34,132 [WARN] ModelIntegratedComponent:60 - No mode defined for component null
2022-10-04 18:34:34,132 [WARN] ModelIntegratedComponent:60 - No mode defined for component null
2022-10-04 18:34:34,132 [WARN] ModelIntegratedComponent:60 - No mode defined for component null
2022-10-04 18:34:34,132 [WARN] ModelIntegratedComponent:60 - No mode defined for component null
2022-10-04 18:34:34,132 [WARN] ModelIntegratedComponent:60 - No mode defined for component null
2022-10-04 18:34:34,132 [WARN] ModelIntegratedComponent:60 - No mode defined for component null
2022-10-04 18:34:34,132 [WARN] ModelIntegratedComponent:60 - No mode defined for component null
2022-10-04 18:34:34,132 [WARN] ModelIntegratedComponent:60 - No mode defined for component null
2022-10-04 18:34:34,133 [WARN] ModelIntegratedComponent:60 - No mode defined for component null
2022-10-04 18:34:34,133 [WARN] ModelIntegratedComponent:60 - No mode defined for component null
2022-10-04 18:34:34,133 [WARN] ModelIntegratedComponent:60 - No mode defined for component null
2022-10-04 18:34:34,133 [WARN] ModelIntegratedComponent:60 - No mode defined for component null
2022-10-04 18:34:34,133 [WARN] ModelIntegratedComponent:60 - No mode defined for component null
2022-10-04 18:34:34,133 [WARN] ModelIntegratedComponent:60 - No mode defined for component null
2022-10-04 18:34:34,133 [WARN] ModelIntegratedComponent:60 - No mode defined for component null
2022-10-04 18:34:34,133 [WARN] ModelIntegratedComponent:60 - No mode defined for component null
2022-10-04 18:34:34,133 [WARN] ModelIntegratedComponent:60 - No mode defined for component null
2022-10-04 18:34:34,133 [WARN] ModelIntegratedComponent:60 - No mode defined for component null
2022-10-04 18:34:34,133 [WARN] ModelIntegratedComponent:60 - No mode defined for component null
2022-10-04 18:34:34,133 [WARN] ModelIntegratedComponent:60 - No mode defined for component null
2022-10-04 18:34:34,133 [WARN] ModelIntegratedComponent:60 - No mode defined for component null
2022-10-04 18:34:34,133 [WARN] ModelIntegratedComponent:60 - No mode defined for component null
2022-10-04 18:34:34,133 [WARN] ModelIntegratedComponent:60 - No mode defined for component null
2022-10-04 18:34:34,136 [WARN] ApiManager:304 - Cannot register API 'Board Extension:NFC07A1' from pack STMicroelectronics.X-CUBE-NFC7.1.0.0: no header file found
2022-10-04 18:34:34,278 [WARN] ApiManager:304 - Cannot register API 'Board Extension:IKS01A3' from pack STMicroelectronics.X-CUBE-MEMS1.9.3.0: no header file found
2022-10-04 18:34:34,278 [WARN] ApiManager:304 - Cannot register API 'Board Extension:IKS01A2' from pack STMicroelectronics.X-CUBE-MEMS1.9.3.0: no header file found
2022-10-04 18:34:34,278 [WARN] ApiManager:304 - Cannot register API 'Board Extension:IKS02A1' from pack STMicroelectronics.X-CUBE-MEMS1.9.3.0: no header file found
2022-10-04 18:34:34,288 [WARN] ApiManager:304 - Cannot register API 'Wireless:BlueNRG-MS' from pack STMicroelectronics.X-CUBE-BLE1.6.2.3: no header file found
2022-10-04 18:34:34,290 [INFO] RtosManager:484 - Registered RTOS mode: class=CMSIS, group=RTOS, mode=CMSIS_V1, owner=FREERTOS
2022-10-04 18:34:34,290 [INFO] RtosManager:484 - Registered RTOS mode: class=CMSIS, group=RTOS2, mode=CMSIS_V2, owner=FREERTOS
2022-10-04 18:34:34,290 [INFO] RtosManager:484 - Registered RTOS mode: class=RTOS, group=Core, mode=CMSIS_V1, owner=FREERTOS
2022-10-04 18:34:34,290 [INFO] RtosManager:484 - Registered RTOS mode: class=RTOS, group=Core, mode=CMSIS_V2, owner=FREERTOS
2022-10-04 18:34:34,290 [WARN] ModelIntegratedComponent:181 - Missing modes for component STMicroelectronics:FreeRTOS:0.0.1:STMicroelectronics:RTOS:FreeRTOS:Core:::10.2.0:
2022-10-04 18:34:34,296 [WARN] ApiManager:304 - Cannot register API 'Board Extension:S2868A1' from pack STMicroelectronics.X-CUBE-SUBG2.5.0.0: no header file found
2022-10-04 18:34:34,296 [WARN] ApiManager:304 - Cannot register API 'Board Extension:S2868A2' from pack STMicroelectronics.X-CUBE-SUBG2.5.0.0: no header file found
2022-10-04 18:34:34,296 [WARN] ApiManager:304 - Cannot register API 'Board Extension:S2915A1' from pack STMicroelectronics.X-CUBE-SUBG2.5.0.0: no header file found
2022-10-04 18:34:34,299 [WARN] ApiManager:304 - Cannot register API 'Board Extension:EEPRMA1' from pack STMicroelectronics.X-CUBE-EEPRMA1.3.1.1: no header file found
2022-10-04 18:34:34,299 [WARN] ApiManager:304 - Cannot register API 'Board Extension:EEPRMA2' from pack STMicroelectronics.X-CUBE-EEPRMA1.3.1.1: no header file found
2022-10-04 18:34:34,300 [WARN] ApiManager:304 - Cannot register API 'Board Extension:S2868A1' from pack STMicroelectronics.X-CUBE-SFXS2LP1.4.0.0: no header file found
2022-10-04 18:34:34,300 [WARN] ApiManager:304 - Cannot register API 'Board Extension:S2868A2' from pack STMicroelectronics.X-CUBE-SFXS2LP1.4.0.0: no header file found
2022-10-04 18:34:34,300 [WARN] ApiManager:304 - Cannot register API 'Board Extension:S2915A1' from pack STMicroelectronics.X-CUBE-SFXS2LP1.4.0.0: no header file found
2022-10-04 18:34:34,301 [WARN] ApiManager:304 - Cannot register API 'Wireless:BlueNRG-2' from pack STMicroelectronics.X-CUBE-BLE2.3.3.0: no header file found
2022-10-04 18:34:34,301 [WARN] ApiManager:304 - Cannot register API 'Board Extension:NFC04A1' from pack STMicroelectronics.X-CUBE-NFC4.2.0.4: no header file found
2022-10-04 18:34:35,747 [INFO] UtilMem:74 - End LoadConfig() Used Memory: 666789936 Bytes (861929472)
2022-10-04 18:34:35,754 [WARN] ThirdParty:779 - waiting for thirdparty lock release [change project]
2022-10-04 18:34:35,754 [INFO] ThirdParty:781 - entering critical section [change project]
2022-10-04 18:34:35,754 [INFO] ThirdParty:967 - CMSIS Pack Vendor :RoweBots I-CUBE-UNISONRTOS 5.5.0-4
2022-10-04 18:34:35,755 [INFO] ThirdParty:967 - CMSIS Pack Vendor :STMicroelectronics X-CUBE-GNSS1 6.0.0
2022-10-04 18:34:35,755 [INFO] ThirdParty:967 - CMSIS Pack Vendor :STMicroelectronics X-CUBE-AZRTOS-H7 2.1.0
2022-10-04 18:34:35,755 [INFO] ThirdParty:967 - CMSIS Pack Vendor :STMicroelectronics USB_HOST 2.0.0
2022-10-04 18:34:35,755 [INFO] ThirdParty:967 - CMSIS Pack Vendor :STMicroelectronics X-CUBE-AZRTOS-F4 1.1.0
2022-10-04 18:34:35,755 [INFO] ThirdParty:967 - CMSIS Pack Vendor :STMicroelectronics X-CUBE-AZRTOS-G4 1.0.0
2022-10-04 18:34:35,755 [INFO] ThirdParty:967 - CMSIS Pack Vendor :STMicroelectronics X-CUBE-AZRTOS-L4 1.0.0
2022-10-04 18:34:35,755 [INFO] ThirdParty:967 - CMSIS Pack Vendor :STMicroelectronics USB_DEVICE 3.0.0
2022-10-04 18:34:35,755 [INFO] ThirdParty:967 - CMSIS Pack Vendor :wolfSSL I-CUBE-wolfSSL 5.5.0
2022-10-04 18:34:35,755 [INFO] ThirdParty:967 - CMSIS Pack Vendor :STMicroelectronics HAL Drivers 0.0.0
2022-10-04 18:34:35,755 [INFO] ThirdParty:967 - CMSIS Pack Vendor :STMicroelectronics MBEDTLS 2.16.2
2022-10-04 18:34:35,755 [INFO] ThirdParty:967 - CMSIS Pack Vendor :emotas I-CUBE-CANOPEN 1.1.2
2022-10-04 18:34:35,755 [INFO] ThirdParty:967 - CMSIS Pack Vendor :STMicroelectronics X-CUBE-TOUCHGFX 4.20.0
2022-10-04 18:34:35,755 [INFO] ThirdParty:967 - CMSIS Pack Vendor :STMicroelectronics MBEDTLS 2.14.1
2022-10-04 18:34:35,755 [INFO] ThirdParty:967 - CMSIS Pack Vendor :STMicroelectronics X-CUBE-NFC7 1.0.0
2022-10-04 18:34:35,755 [INFO] ThirdParty:967 - CMSIS Pack Vendor :STMicroelectronics X-CUBE-BLEMGR 1.0.0
2022-10-04 18:34:35,755 [INFO] ThirdParty:967 - CMSIS Pack Vendor :STMicroelectronics X-CUBE-AZRTOS-WL 1.0.0
2022-10-04 18:34:35,755 [INFO] ThirdParty:967 - CMSIS Pack Vendor :STMicroelectronics X-CUBE-AZRTOS-F7 1.1.0
2022-10-04 18:34:35,755 [INFO] ThirdParty:967 - CMSIS Pack Vendor :STMicroelectronics X-CUBE-MEMS1 9.3.0
2022-10-04 18:34:35,755 [INFO] ThirdParty:967 - CMSIS Pack Vendor :portGmbH I-Cube-SoM-uGOAL 1.1.0
2022-10-04 18:34:35,755 [INFO] ThirdParty:967 - CMSIS Pack Vendor :STMicroelectronics X-CUBE-ALS 1.0.1
2022-10-04 18:34:35,755 [INFO] ThirdParty:967 - CMSIS Pack Vendor :STMicroelectronics USB_DEVICE 2.0.0
2022-10-04 18:34:35,756 [INFO] ThirdParty:967 - CMSIS Pack Vendor :STMicroelectronics X-CUBE-AI 7.2.0
2022-10-04 18:34:35,756 [INFO] ThirdParty:967 - CMSIS Pack Vendor :STMicroelectronics X-CUBE-BLE1 6.2.3
2022-10-04 18:34:35,756 [INFO] ThirdParty:967 - CMSIS Pack Vendor :STMicroelectronics X-CUBE-ALGOBUILD 1.3.0
2022-10-04 18:34:35,756 [INFO] ThirdParty:967 - CMSIS Pack Vendor :STMicroelectronics X-CUBE-AZRTOS-L5 1.0.0
2022-10-04 18:34:35,756 [INFO] ThirdParty:967 - CMSIS Pack Vendor :STMicroelectronics FreeRTOS 0.0.1
2022-10-04 18:34:35,756 [INFO] ThirdParty:967 - CMSIS Pack Vendor :STMicroelectronics X-CUBE-AZRTOS-G0 1.1.0
2022-10-04 18:34:35,756 [INFO] ThirdParty:967 - CMSIS Pack Vendor :STMicroelectronics USB_DEVICE 1.0.0
2022-10-04 18:34:35,756 [INFO] ThirdParty:967 - CMSIS Pack Vendor :STMicroelectronics X-CUBE-SUBG2 5.0.0
2022-10-04 18:34:35,756 [INFO] ThirdParty:967 - CMSIS Pack Vendor :SEGGER I-CUBE-embOS 1.2.0
2022-10-04 18:34:35,756 [INFO] ThirdParty:967 - CMSIS Pack Vendor :STMicroelectronics X-CUBE-EEPRMA1 3.1.1
2022-10-04 18:34:35,756 [INFO] ThirdParty:967 - CMSIS Pack Vendor :STMicroelectronics ThreadX 0.0.2
2022-10-04 18:34:35,756 [INFO] ThirdParty:967 - CMSIS Pack Vendor :STMicroelectronics lwIP 2.0.3
2022-10-04 18:34:35,756 [INFO] ThirdParty:967 - CMSIS Pack Vendor :STMicroelectronics lwIP 2.1.2
2022-10-04 18:34:35,757 [INFO] ThirdParty:967 - CMSIS Pack Vendor :STMicroelectronics X-CUBE-SFXS2LP1 4.0.0
2022-10-04 18:34:35,757 [INFO] ThirdParty:967 - CMSIS Pack Vendor :STMicroelectronics X-CUBE-BLE2 3.3.0
2022-10-04 18:34:35,757 [INFO] ThirdParty:967 - CMSIS Pack Vendor :STMicroelectronics X-CUBE-NFC4 2.0.4
2022-10-04 18:34:35,757 [INFO] ThirdParty:967 - CMSIS Pack Vendor :STMicroelectronics USB_HOST 1.0.0
2022-10-04 18:34:35,757 [INFO] ThirdParty:967 - CMSIS Pack Vendor :STMicroelectronics X-CUBE-DISPLAY 2.2.0
2022-10-04 18:34:35,757 [INFO] ThirdParty:967 - CMSIS Pack Vendor :STMicroelectronics PDM2PCM 3.1.0
2022-10-04 18:34:35,757 [INFO] ThirdParty:967 - CMSIS Pack Vendor :STMicroelectronics FP-ATR-ASTRA1 1.1.1
2022-10-04 18:34:35,757 [INFO] ThirdParty:967 - CMSIS Pack Vendor :STMicroelectronics PDM2PCM 3.2.0
2022-10-04 18:34:35,757 [INFO] ThirdParty:967 - CMSIS Pack Vendor :STMicroelectronics PDM2PCM 3.3.0
2022-10-04 18:34:35,757 [INFO] ThirdParty:967 - CMSIS Pack Vendor :STMicroelectronics X-CUBE-TOF1 3.1.0
2022-10-04 18:34:35,757 [INFO] ThirdParty:967 - CMSIS Pack Vendor :STMicroelectronics X-CUBE-ISPU 1.0.0
2022-10-04 18:34:35,757 [INFO] ThirdParty:787 - exiting critical section [change project]
2022-10-04 18:34:35,979 [INFO] PinOutPanel:1463 - setPackage(No Configuration,No Configuration)
2022-10-04 18:34:35,980 [INFO] PinOutPanel:1463 - setPackage(STM32F103C6Ux,UFQFPN48)
2022-10-04 18:34:36,375 [INFO] UtilMem:74 - Before build in PCC Used Memory: 582660728 Bytes (861929472)
2022-10-04 18:34:37,081 [INFO] UtilMem:74 - After build in PCC Used Memory: 710064784 Bytes (861929472)
2022-10-04 18:34:37,099 [INFO] IPUIPlugin:74 - create IPUIPlugin
2022-10-04 18:34:37,099 [INFO] IPUIPlugin:74 - create IPUIPlugin
2022-10-04 18:34:37,099 [INFO] IPUIPlugin:74 - create IPUIPlugin
2022-10-04 18:34:37,099 [INFO] IPUIPlugin:74 - create IPUIPlugin
2022-10-04 18:34:37,099 [INFO] IPUIPlugin:74 - create IPUIPlugin
2022-10-04 18:34:37,100 [INFO] IPUIPlugin:74 - create IPUIPlugin
2022-10-04 18:34:37,100 [INFO] IPUIPlugin:74 - create IPUIPlugin
2022-10-04 18:34:37,100 [INFO] IPUIPlugin:74 - create IPUIPlugin
2022-10-04 18:34:37,100 [INFO] IPUIPlugin:74 - create IPUIPlugin
2022-10-04 18:34:37,100 [INFO] IPUIPlugin:74 - create IPUIPlugin
2022-10-04 18:34:37,100 [INFO] IPUIPlugin:74 - create IPUIPlugin
2022-10-04 18:34:37,101 [INFO] IPUIPlugin:74 - create IPUIPlugin
2022-10-04 18:34:37,101 [INFO] IPUIPlugin:74 - create IPUIPlugin
2022-10-04 18:34:37,101 [INFO] IPUIPlugin:74 - create IPUIPlugin
2022-10-04 18:34:37,101 [INFO] IPUIPlugin:74 - create IPUIPlugin
2022-10-04 18:34:37,102 [INFO] IPUIPlugin:74 - create IPUIPlugin
2022-10-04 18:34:37,102 [INFO] IPUIPlugin:74 - create IPUIPlugin
2022-10-04 18:34:37,102 [INFO] IPUIPlugin:74 - create IPUIPlugin
2022-10-04 18:34:37,103 [INFO] IPUIPlugin:74 - create IPUIPlugin
2022-10-04 18:34:37,103 [INFO] IPUIPlugin:74 - create IPUIPlugin
2022-10-04 18:34:37,103 [INFO] IPUIPlugin:74 - create IPUIPlugin
2022-10-04 18:34:37,103 [INFO] IPUIPlugin:74 - create IPUIPlugin
2022-10-04 18:34:37,104 [INFO] IPUIPlugin:74 - create IPUIPlugin
2022-10-04 18:34:37,231 [INFO] OpenFileManager:333 - Restore cursor
2022-10-04 18:34:37,494 [INFO] UtilMem:74 - End SaveConfig() Used Memory: 598142720 Bytes (861929472)
2022-10-04 18:34:37,548 [INFO] UtilMem:74 - End SaveConfig() Used Memory: 589936696 Bytes (861929472)
2022-10-04 18:34:37,843 [INFO] BlockDiagram:2740 - set Specific Code input for plugin: NVIC
2022-10-04 18:34:37,843 [INFO] BlockDiagram:2740 - set Specific Code input for plugin: SYS
2022-10-04 18:34:37,843 [INFO] BlockDiagram:2740 - set Specific Code input for plugin: RCC
2022-10-04 18:34:37,845 [INFO] CodeGenerator:663 - code generatio: config db path: C:\ST\STM32CubeIDE_1.7.0\STM32CubeIDE\plugins\com.st.stm32cube.common.mx_6.3.0.202107141111\\db\
2022-10-04 18:34:38,232 [INFO] CodeEngine:239 - oldGeneratedFile, C:\GIT Projects\MCU TEST\Lab2\Ex2\STM\FOUR_7SEGS\MXTmpFiles\license.tmp_save
2022-10-04 18:34:38,632 [INFO] CodeEngine:257 - Generated code: C:\GIT Projects\MCU TEST\Lab2\Ex2\STM\FOUR_7SEGS\MXTmpFiles\license.tmp
2022-10-04 18:34:38,759 [INFO] CodeEngine:239 - oldGeneratedFile, C:\GIT Projects\MCU TEST\Lab2\Ex2\STM\FOUR_7SEGS\Core\Src\stm32f1xx_it.c_save
2022-10-04 18:34:38,883 [INFO] CodeEngine:257 - Generated code: C:\GIT Projects\MCU TEST\Lab2\Ex2\STM\FOUR_7SEGS\Core\Src\stm32f1xx_it.c
2022-10-04 18:34:38,893 [INFO] CodeEngine:239 - oldGeneratedFile, C:\GIT Projects\MCU TEST\Lab2\Ex2\STM\FOUR_7SEGS\Core\Inc\stm32f1xx_it.h_save
2022-10-04 18:34:38,975 [INFO] CodeEngine:257 - Generated code: C:\GIT Projects\MCU TEST\Lab2\Ex2\STM\FOUR_7SEGS\Core\Inc\stm32f1xx_it.h
2022-10-04 18:34:38,995 [INFO] CodeEngine:239 - oldGeneratedFile, C:\GIT Projects\MCU TEST\Lab2\Ex2\STM\FOUR_7SEGS\Core\Src\stm32f1xx_hal_msp.c_save
2022-10-04 18:34:39,102 [INFO] CodeEngine:257 - Generated code: C:\GIT Projects\MCU TEST\Lab2\Ex2\STM\FOUR_7SEGS\Core\Src\stm32f1xx_hal_msp.c
2022-10-04 18:34:39,118 [INFO] CodeEngine:239 - oldGeneratedFile, C:\GIT Projects\MCU TEST\Lab2\Ex2\STM\FOUR_7SEGS\MXTmpFiles\system.tmp_save
2022-10-04 18:34:39,174 [INFO] CodeEngine:257 - Generated code: C:\GIT Projects\MCU TEST\Lab2\Ex2\STM\FOUR_7SEGS\MXTmpFiles\system.tmp
2022-10-04 18:34:39,191 [INFO] CodeEngine:239 - oldGeneratedFile, C:\GIT Projects\MCU TEST\Lab2\Ex2\STM\FOUR_7SEGS\Core\Inc\stm32f1xx_hal_conf.h_save
2022-10-04 18:34:39,310 [INFO] CodeEngine:257 - Generated code: C:\GIT Projects\MCU TEST\Lab2\Ex2\STM\FOUR_7SEGS\Core\Inc\stm32f1xx_hal_conf.h
2022-10-04 18:34:39,375 [INFO] CodeEngine:239 - oldGeneratedFile, C:\GIT Projects\MCU TEST\Lab2\Ex2\STM\FOUR_7SEGS\Core\Inc\main.h_save
2022-10-04 18:34:39,469 [INFO] CodeEngine:257 - Generated code: C:\GIT Projects\MCU TEST\Lab2\Ex2\STM\FOUR_7SEGS\Core\Inc\main.h
2022-10-04 18:34:39,480 [INFO] CodeEngine:239 - oldGeneratedFile, C:\GIT Projects\MCU TEST\Lab2\Ex2\STM\FOUR_7SEGS\Core\Src\main.c_save
2022-10-04 18:34:39,641 [INFO] CodeEngine:257 - Generated code: C:\GIT Projects\MCU TEST\Lab2\Ex2\STM\FOUR_7SEGS\Core\Src\main.c
2022-10-04 18:34:40,904 [INFO] ProjectBuilder:2578 - Time for Copy HAL[1] : 492mS.
2022-10-04 18:34:40,910 [INFO] ProjectBuilder:3622 - Project Generator version: 3.14.1
2022-10-04 18:34:41,324 [INFO] ConfigFileManager:1271 - The Die is : DIE412
2022-10-04 18:34:41,351 [INFO] ApiDbMcu:468 - Load IP Config File for FATFS
2022-10-04 18:34:41,385 [INFO] ApiDbMcu:468 - Load IP Config File for FREERTOS
2022-10-04 18:34:41,415 [INFO] ApiDbMcu:468 - Load IP Config File for USB_DEVICE
2022-10-04 18:34:47,304 [INFO] ProjectBuilder:3789 - Time for Generating toolchain IDE Files: 6394mS.
2022-10-04 18:34:47,305 [INFO] ProjectBuilder:2457 - Time for Copy CMSIS : 1mS.
2022-10-04 18:34:47,307 [INFO] ProjectBuilder:2457 - Time for Copy CMSIS : 1mS.
2022-10-04 18:34:48,156 [INFO] McuFinderGlobals:52 - Set McuFinderConnectedMode to true
2022-10-04 18:34:48,160 [INFO] ApiDb:276 - Save user favorites file C:\Users\A.Tuan/.stm32cubeide/favorites.mcus.txt: 0 item(s)
2022-10-04 18:34:48,160 [INFO] ApiDb:280 - User favorites MCUs=[]
2022-10-04 18:35:45,884 [INFO] Gpio:254 - dependency for GPIO []
2022-10-04 18:36:05,944 [INFO] Gpio:254 - dependency for GPIO []
2022-10-04 18:36:07,765 [INFO] Gpio:254 - dependency for GPIO []
2022-10-04 18:36:09,829 [INFO] Gpio:254 - dependency for GPIO []
2022-10-04 18:36:13,818 [INFO] Gpio:254 - dependency for GPIO []
2022-10-04 18:36:15,600 [INFO] Gpio:254 - dependency for GPIO []
2022-10-04 18:36:17,211 [INFO] Gpio:254 - dependency for GPIO []
2022-10-04 18:36:18,903 [INFO] Gpio:254 - dependency for GPIO []
2022-10-04 18:38:32,818 [INFO] UtilMem:74 - End SaveConfig() Used Memory: 764987768 Bytes (967835648)
2022-10-04 18:38:33,680 [INFO] UtilMem:74 - End SaveConfig() Used Memory: 785168968 Bytes (967835648)
2022-10-04 18:38:35,792 [INFO] UtilMem:74 - End SaveConfig() Used Memory: 781120624 Bytes (967835648)
2022-10-04 18:38:36,034 [INFO] BlockDiagram:2740 - set Specific Code input for plugin: NVIC
2022-10-04 18:38:36,034 [INFO] BlockDiagram:2740 - set Specific Code input for plugin: SYS
2022-10-04 18:38:36,034 [INFO] BlockDiagram:2740 - set Specific Code input for plugin: GPIO
2022-10-04 18:38:36,034 [INFO] BlockDiagram:2740 - set Specific Code input for plugin: RCC
2022-10-04 18:38:36,035 [INFO] CodeGenerator:663 - code generatio: config db path: C:\ST\STM32CubeIDE_1.7.0\STM32CubeIDE\plugins\com.st.stm32cube.common.mx_6.3.0.202107141111\\db\
2022-10-04 18:38:36,262 [INFO] CodeEngine:239 - oldGeneratedFile, C:\GIT Projects\MCU TEST\Lab2\Ex2\STM\FOUR_7SEGS\MXTmpFiles\license.tmp_save
2022-10-04 18:38:36,326 [INFO] CodeEngine:257 - Generated code: C:\GIT Projects\MCU TEST\Lab2\Ex2\STM\FOUR_7SEGS\MXTmpFiles\license.tmp
2022-10-04 18:38:36,471 [INFO] CodeEngine:239 - oldGeneratedFile, C:\GIT Projects\MCU TEST\Lab2\Ex2\STM\FOUR_7SEGS\MXTmpFiles\gpio.tmp_save
2022-10-04 18:38:36,569 [INFO] CodeEngine:257 - Generated code: C:\GIT Projects\MCU TEST\Lab2\Ex2\STM\FOUR_7SEGS\MXTmpFiles\gpio.tmp
2022-10-04 18:38:36,664 [INFO] CodeEngine:239 - oldGeneratedFile, C:\GIT Projects\MCU TEST\Lab2\Ex2\STM\FOUR_7SEGS\Core\Src\stm32f1xx_it.c_save
2022-10-04 18:38:36,817 [INFO] CodeEngine:257 - Generated code: C:\GIT Projects\MCU TEST\Lab2\Ex2\STM\FOUR_7SEGS\Core\Src\stm32f1xx_it.c
2022-10-04 18:38:36,829 [INFO] CodeEngine:239 - oldGeneratedFile, C:\GIT Projects\MCU TEST\Lab2\Ex2\STM\FOUR_7SEGS\Core\Inc\stm32f1xx_it.h_save
2022-10-04 18:38:36,910 [INFO] CodeEngine:257 - Generated code: C:\GIT Projects\MCU TEST\Lab2\Ex2\STM\FOUR_7SEGS\Core\Inc\stm32f1xx_it.h
2022-10-04 18:38:36,935 [INFO] CodeEngine:239 - oldGeneratedFile, C:\GIT Projects\MCU TEST\Lab2\Ex2\STM\FOUR_7SEGS\Core\Src\stm32f1xx_hal_msp.c_save
2022-10-04 18:38:37,048 [INFO] CodeEngine:257 - Generated code: C:\GIT Projects\MCU TEST\Lab2\Ex2\STM\FOUR_7SEGS\Core\Src\stm32f1xx_hal_msp.c
2022-10-04 18:38:37,053 [INFO] CodeEngine:239 - oldGeneratedFile, C:\GIT Projects\MCU TEST\Lab2\Ex2\STM\FOUR_7SEGS\MXTmpFiles\system.tmp_save
2022-10-04 18:38:37,119 [INFO] CodeEngine:257 - Generated code: C:\GIT Projects\MCU TEST\Lab2\Ex2\STM\FOUR_7SEGS\MXTmpFiles\system.tmp
2022-10-04 18:38:37,143 [INFO] CodeEngine:239 - oldGeneratedFile, C:\GIT Projects\MCU TEST\Lab2\Ex2\STM\FOUR_7SEGS\Core\Inc\stm32f1xx_hal_conf.h_save
2022-10-04 18:38:37,258 [INFO] CodeEngine:257 - Generated code: C:\GIT Projects\MCU TEST\Lab2\Ex2\STM\FOUR_7SEGS\Core\Inc\stm32f1xx_hal_conf.h
2022-10-04 18:38:37,300 [INFO] CodeEngine:239 - oldGeneratedFile, C:\GIT Projects\MCU TEST\Lab2\Ex2\STM\FOUR_7SEGS\Core\Inc\main.h_save
2022-10-04 18:38:37,404 [INFO] CodeEngine:257 - Generated code: C:\GIT Projects\MCU TEST\Lab2\Ex2\STM\FOUR_7SEGS\Core\Inc\main.h
2022-10-04 18:38:37,416 [INFO] CodeEngine:239 - oldGeneratedFile, C:\GIT Projects\MCU TEST\Lab2\Ex2\STM\FOUR_7SEGS\Core\Src\main.c_save
2022-10-04 18:38:37,571 [INFO] CodeEngine:257 - Generated code: C:\GIT Projects\MCU TEST\Lab2\Ex2\STM\FOUR_7SEGS\Core\Src\main.c
2022-10-04 18:38:38,319 [INFO] ProjectBuilder:2578 - Time for Copy HAL[1] : 91mS.
2022-10-04 18:38:38,324 [INFO] ProjectBuilder:3622 - Project Generator version: 3.14.1
2022-10-04 18:38:38,912 [INFO] ConfigFileManager:1271 - The Die is : DIE412
2022-10-04 18:38:41,079 [INFO] ProjectBuilder:3789 - Time for Generating toolchain IDE Files: 2755mS.
2022-10-04 18:38:41,080 [INFO] ProjectBuilder:2457 - Time for Copy CMSIS : 1mS.
2022-10-04 18:38:41,082 [INFO] ProjectBuilder:2457 - Time for Copy CMSIS : 0mS.
2022-10-04 18:40:35,531 [INFO] Gpio:254 - dependency for GPIO []
2022-10-04 18:40:38,730 [INFO] NvicIntPanel:96 - NVIC parent = com.st.microxplorer.plugins.ip.nvic.MultiNvicIntPanel[,0,0,0x0,invalid,layout=javax.swing.BoxLayout,alignmentX=0.0,alignmentY=0.0,border=,flags=9,maximumSize=,minimumSize=,preferredSize=]
2022-10-04 18:40:49,224 [INFO] NvicIntPanel:96 - NVIC parent = com.st.microxplorer.plugins.ip.nvic.MultiNvicIntPanel[,0,0,460x198,layout=javax.swing.BoxLayout,alignmentX=0.0,alignmentY=0.0,border=,flags=9,maximumSize=,minimumSize=,preferredSize=]
2022-10-04 18:40:55,435 [INFO] UtilMem:74 - End SaveConfig() Used Memory: 726402680 Bytes (1013972992)
2022-10-04 18:40:56,244 [INFO] UtilMem:74 - End SaveConfig() Used Memory: 746747768 Bytes (1013972992)
2022-10-04 18:40:57,247 [INFO] UtilMem:74 - End SaveConfig() Used Memory: 780207072 Bytes (1013972992)
2022-10-04 18:40:57,540 [INFO] BlockDiagram:2740 - set Specific Code input for plugin: NVIC
2022-10-04 18:40:57,541 [INFO] BlockDiagram:2740 - set Specific Code input for plugin: SYS
2022-10-04 18:40:57,541 [INFO] BlockDiagram:2740 - set Specific Code input for plugin: GPIO
2022-10-04 18:40:57,541 [INFO] BlockDiagram:2740 - set Specific Code input for plugin: RCC
2022-10-04 18:40:57,541 [INFO] BlockDiagram:2740 - set Specific Code input for plugin: TIM1_8F1
2022-10-04 18:40:57,542 [INFO] CodeGenerator:663 - code generatio: config db path: C:\ST\STM32CubeIDE_1.7.0\STM32CubeIDE\plugins\com.st.stm32cube.common.mx_6.3.0.202107141111\\db\
2022-10-04 18:40:57,860 [INFO] CodeEngine:239 - oldGeneratedFile, C:\GIT Projects\MCU TEST\Lab2\Ex2\STM\FOUR_7SEGS\MXTmpFiles\license.tmp_save
2022-10-04 18:40:57,971 [INFO] CodeEngine:257 - Generated code: C:\GIT Projects\MCU TEST\Lab2\Ex2\STM\FOUR_7SEGS\MXTmpFiles\license.tmp
2022-10-04 18:40:58,015 [INFO] CodeEngine:239 - oldGeneratedFile, C:\GIT Projects\MCU TEST\Lab2\Ex2\STM\FOUR_7SEGS\MXTmpFiles\gpio.tmp_save
2022-10-04 18:40:58,075 [INFO] CodeEngine:257 - Generated code: C:\GIT Projects\MCU TEST\Lab2\Ex2\STM\FOUR_7SEGS\MXTmpFiles\gpio.tmp
2022-10-04 18:40:58,255 [INFO] CodeEngine:239 - oldGeneratedFile, C:\GIT Projects\MCU TEST\Lab2\Ex2\STM\FOUR_7SEGS\Core\Src\stm32f1xx_it.c_save
2022-10-04 18:40:58,342 [INFO] CodeEngine:257 - Generated code: C:\GIT Projects\MCU TEST\Lab2\Ex2\STM\FOUR_7SEGS\Core\Src\stm32f1xx_it.c
2022-10-04 18:40:58,347 [INFO] CodeEngine:239 - oldGeneratedFile, C:\GIT Projects\MCU TEST\Lab2\Ex2\STM\FOUR_7SEGS\Core\Inc\stm32f1xx_it.h_save
2022-10-04 18:40:58,435 [INFO] CodeEngine:257 - Generated code: C:\GIT Projects\MCU TEST\Lab2\Ex2\STM\FOUR_7SEGS\Core\Inc\stm32f1xx_it.h
2022-10-04 18:40:58,455 [INFO] CodeEngine:239 - oldGeneratedFile, C:\GIT Projects\MCU TEST\Lab2\Ex2\STM\FOUR_7SEGS\Core\Src\stm32f1xx_hal_msp.c_save
2022-10-04 18:40:58,591 [INFO] CodeEngine:257 - Generated code: C:\GIT Projects\MCU TEST\Lab2\Ex2\STM\FOUR_7SEGS\Core\Src\stm32f1xx_hal_msp.c
2022-10-04 18:40:58,596 [INFO] CodeEngine:239 - oldGeneratedFile, C:\GIT Projects\MCU TEST\Lab2\Ex2\STM\FOUR_7SEGS\MXTmpFiles\system.tmp_save
2022-10-04 18:40:58,650 [INFO] CodeEngine:257 - Generated code: C:\GIT Projects\MCU TEST\Lab2\Ex2\STM\FOUR_7SEGS\MXTmpFiles\system.tmp
2022-10-04 18:40:58,668 [INFO] CodeEngine:239 - oldGeneratedFile, C:\GIT Projects\MCU TEST\Lab2\Ex2\STM\FOUR_7SEGS\Core\Inc\stm32f1xx_hal_conf.h_save
2022-10-04 18:40:58,769 [INFO] CodeEngine:257 - Generated code: C:\GIT Projects\MCU TEST\Lab2\Ex2\STM\FOUR_7SEGS\Core\Inc\stm32f1xx_hal_conf.h
2022-10-04 18:40:58,782 [WARN] IPConfigManager:3148 - IP not found : TIM
2022-10-04 18:40:58,784 [WARN] CodeGenerator:3268 - IP not found : null
2022-10-04 18:40:58,801 [INFO] CodeEngine:239 - oldGeneratedFile, C:\GIT Projects\MCU TEST\Lab2\Ex2\STM\FOUR_7SEGS\Core\Inc\main.h_save
2022-10-04 18:40:58,866 [INFO] CodeEngine:257 - Generated code: C:\GIT Projects\MCU TEST\Lab2\Ex2\STM\FOUR_7SEGS\Core\Inc\main.h
2022-10-04 18:40:58,878 [INFO] CodeEngine:239 - oldGeneratedFile, C:\GIT Projects\MCU TEST\Lab2\Ex2\STM\FOUR_7SEGS\Core\Src\main.c_save
2022-10-04 18:40:59,009 [INFO] CodeEngine:257 - Generated code: C:\GIT Projects\MCU TEST\Lab2\Ex2\STM\FOUR_7SEGS\Core\Src\main.c
2022-10-04 18:40:59,895 [INFO] ProjectBuilder:2578 - Time for Copy HAL[1] : 143mS.
2022-10-04 18:40:59,898 [INFO] ProjectBuilder:3622 - Project Generator version: 3.14.1
2022-10-04 18:41:00,389 [INFO] ConfigFileManager:1271 - The Die is : DIE412
2022-10-04 18:41:02,016 [INFO] ProjectBuilder:3789 - Time for Generating toolchain IDE Files: 2118mS.
2022-10-04 18:41:02,017 [INFO] ProjectBuilder:2457 - Time for Copy CMSIS : 1mS.
2022-10-04 18:41:02,021 [INFO] ProjectBuilder:2457 - Time for Copy CMSIS : 0mS.
