2022-10-12 15:19:06,528 [INFO] Activator:177 - 


2022-10-12 15:19:06,528 [INFO] Activator:178 - !SESSION log4j initialized
2022-10-12 15:19:20,334 [INFO] McuFinderGlobals:39 - Set McuFinder mode to 2 (CubeIDE integrated)
2022-10-12 15:19:20,728 [INFO] ApplicationProperties:181 - Using Application install path: C:\ST\STM32CubeIDE_1.7.0\STM32CubeIDE\plugins\com.st.stm32cube.common.mx_6.3.0.202107141111
2022-10-12 15:19:20,743 [INFO] DbMcusXml:74 - Set database path to: C:\ST\STM32CubeIDE_1.7.0\STM32CubeIDE\plugins\com.st.stm32cube.common.mx_6.3.0.202107141111\\db\/mcu/
2022-10-12 15:19:20,747 [INFO] DbBoardsPdsc:56 - Set plugin database path to: C:\ST\STM32CubeIDE_1.7.0\STM32CubeIDE\plugins\com.st.stm32cube.common.mx_6.3.0.202107141111\\db\/plugins/boardmanager/
2022-10-12 15:19:20,747 [INFO] DbMcus:258 - Set plugin images path to: C:\ST\STM32CubeIDE_1.7.0\STM32CubeIDE\plugins\com.st.stm32cube.common.mx_6.3.0.202107141111\\db\/plugins/mcufinder/images/
2022-10-12 15:19:20,747 [INFO] DbBoards:264 - Set plugin images path to: C:\ST\STM32CubeIDE_1.7.0\STM32CubeIDE\plugins\com.st.stm32cube.common.mx_6.3.0.202107141111\\db\/plugins/mcufinder/images/
2022-10-12 15:19:20,751 [INFO] DbExamples:333 - Set plugin images path to: C:\ST\STM32CubeIDE_1.7.0\STM32CubeIDE\plugins\com.st.stm32cube.common.mx_6.3.0.202107141111\\db\/plugins/mcufinder/images/
2022-10-12 15:19:20,751 [INFO] DbMcusAds:119 - Set database path to: C:\Users\A.Tuan\.stmcufinder\plugins\mcufinder//mcu/
2022-10-12 15:19:20,751 [INFO] DbMcusDocs:110 - Set database path to: C:\Users\A.Tuan\.stmcufinder\plugins\mcufinder//mcu/
2022-10-12 15:19:20,751 [INFO] DbMcusJson:64 - Set database path to: C:\Users\A.Tuan\.stmcufinder\plugins\mcufinder//mcu/
2022-10-12 15:19:20,751 [INFO] DbBoardsDocs:110 - Set database path to: C:\Users\A.Tuan\.stmcufinder\plugins\mcufinder//mcu/
2022-10-12 15:19:20,751 [INFO] DbBoardsJson:57 - Set database path to: C:\Users\A.Tuan\.stmcufinder\plugins\mcufinder//mcu/
2022-10-12 15:19:20,767 [INFO] CrossReferenceDbSqlite:196 - Set database path to: C:\Users\A.Tuan\.stmcufinder\plugins\mcufinder//mcu/cs/
2022-10-12 15:19:20,767 [INFO] DbExamplesSqlite:767 - Set database path to: C:\Users\A.Tuan\.stmcufinder\plugins\mcufinder//mcu/
2022-10-12 15:19:20,861 [INFO] RulesReader:57 - Compatibility file has been processed (242 Rules)
2022-10-12 15:19:20,971 [INFO] DbMcusXml:74 - Set database path to: C:\ST\STM32CubeIDE_1.7.0\STM32CubeIDE\plugins\com.st.stm32cube.common.mx_6.3.0.202107141111\\db\/mcu/
2022-10-12 15:19:20,986 [INFO] DbBoardsPdsc:56 - Set plugin database path to: C:\ST\STM32CubeIDE_1.7.0\STM32CubeIDE\plugins\com.st.stm32cube.common.mx_6.3.0.202107141111\\db\/plugins/boardmanager/
2022-10-12 15:19:20,986 [INFO] DbMcus:258 - Set plugin images path to: C:\ST\STM32CubeIDE_1.7.0\STM32CubeIDE\plugins\com.st.stm32cube.common.mx_6.3.0.202107141111\\db\/plugins/mcufinder/images/
2022-10-12 15:19:20,986 [INFO] DbBoards:264 - Set plugin images path to: C:\ST\STM32CubeIDE_1.7.0\STM32CubeIDE\plugins\com.st.stm32cube.common.mx_6.3.0.202107141111\\db\/plugins/mcufinder/images/
2022-10-12 15:19:20,986 [INFO] DbExamples:333 - Set plugin images path to: C:\ST\STM32CubeIDE_1.7.0\STM32CubeIDE\plugins\com.st.stm32cube.common.mx_6.3.0.202107141111\\db\/plugins/mcufinder/images/
2022-10-12 15:19:20,986 [WARN] DbFile:35 - Overriding database path with different value: C:\Users\A.Tuan\.stmcufinder\plugins\mcufinder/ => C:\Users\A.Tuan\.stmcufinder\plugins\mcufinder
2022-10-12 15:19:20,986 [INFO] DbMcusAds:119 - Set database path to: C:\Users\A.Tuan\.stmcufinder\plugins\mcufinder//mcu/
2022-10-12 15:19:20,986 [WARN] DbFile:35 - Overriding database path with different value: C:\Users\A.Tuan\.stmcufinder\plugins\mcufinder/ => C:\Users\A.Tuan\.stmcufinder\plugins\mcufinder
2022-10-12 15:19:20,986 [INFO] DbMcusDocs:110 - Set database path to: C:\Users\A.Tuan\.stmcufinder\plugins\mcufinder//mcu/
2022-10-12 15:19:20,986 [WARN] DbFile:35 - Overriding database path with different value: C:\Users\A.Tuan\.stmcufinder\plugins\mcufinder/ => C:\Users\A.Tuan\.stmcufinder\plugins\mcufinder
2022-10-12 15:19:20,986 [INFO] DbMcusJson:64 - Set database path to: C:\Users\A.Tuan\.stmcufinder\plugins\mcufinder//mcu/
2022-10-12 15:19:20,986 [WARN] DbFile:35 - Overriding database path with different value: C:\Users\A.Tuan\.stmcufinder\plugins\mcufinder/ => C:\Users\A.Tuan\.stmcufinder\plugins\mcufinder
2022-10-12 15:19:20,986 [INFO] DbBoardsDocs:110 - Set database path to: C:\Users\A.Tuan\.stmcufinder\plugins\mcufinder//mcu/
2022-10-12 15:19:20,986 [WARN] DbFile:35 - Overriding database path with different value: C:\Users\A.Tuan\.stmcufinder\plugins\mcufinder/ => C:\Users\A.Tuan\.stmcufinder\plugins\mcufinder
2022-10-12 15:19:20,986 [INFO] DbBoardsJson:57 - Set database path to: C:\Users\A.Tuan\.stmcufinder\plugins\mcufinder//mcu/
2022-10-12 15:19:20,986 [WARN] DbFile:35 - Overriding database path with different value: C:\Users\A.Tuan\.stmcufinder\plugins\mcufinder/ => C:\Users\A.Tuan\.stmcufinder\plugins\mcufinder
2022-10-12 15:19:20,986 [WARN] DbFile:35 - Overriding database path with different value: C:\Users\A.Tuan\.stmcufinder\plugins\mcufinder/ => C:\Users\A.Tuan\.stmcufinder\plugins\mcufinder
2022-10-12 15:19:20,986 [INFO] CrossReferenceDbSqlite:196 - Set database path to: C:\Users\A.Tuan\.stmcufinder\plugins\mcufinder//mcu/cs/
2022-10-12 15:19:20,986 [WARN] DbFile:35 - Overriding database path with different value: C:\Users\A.Tuan\.stmcufinder\plugins\mcufinder/ => C:\Users\A.Tuan\.stmcufinder\plugins\mcufinder
2022-10-12 15:19:20,986 [INFO] DbExamplesSqlite:767 - Set database path to: C:\Users\A.Tuan\.stmcufinder\plugins\mcufinder//mcu/
2022-10-12 15:19:21,074 [INFO] MainPanel:214 - HeapMemory: 268435456
2022-10-12 15:19:21,215 [INFO] DbMcusXml:74 - Set database path to: C:\ST\STM32CubeIDE_1.7.0\STM32CubeIDE\plugins\com.st.stm32cube.common.mx_6.3.0.202107141111\\db\/mcu/
2022-10-12 15:19:21,215 [INFO] DbBoardsPdsc:56 - Set plugin database path to: C:\ST\STM32CubeIDE_1.7.0\STM32CubeIDE\plugins\com.st.stm32cube.common.mx_6.3.0.202107141111\\db\/plugins/boardmanager/
2022-10-12 15:19:21,215 [INFO] DbMcus:258 - Set plugin images path to: C:\ST\STM32CubeIDE_1.7.0\STM32CubeIDE\plugins\com.st.stm32cube.common.mx_6.3.0.202107141111\\db\/plugins/mcufinder/images/
2022-10-12 15:19:21,215 [INFO] DbBoards:264 - Set plugin images path to: C:\ST\STM32CubeIDE_1.7.0\STM32CubeIDE\plugins\com.st.stm32cube.common.mx_6.3.0.202107141111\\db\/plugins/mcufinder/images/
2022-10-12 15:19:21,215 [INFO] DbExamples:333 - Set plugin images path to: C:\ST\STM32CubeIDE_1.7.0\STM32CubeIDE\plugins\com.st.stm32cube.common.mx_6.3.0.202107141111\\db\/plugins/mcufinder/images/
2022-10-12 15:19:21,215 [WARN] DbFile:35 - Overriding database path with different value: C:\Users\A.Tuan\.stmcufinder\plugins\mcufinder/ => C:\Users\A.Tuan\.stmcufinder\plugins\mcufinder
2022-10-12 15:19:21,215 [INFO] DbMcusAds:119 - Set database path to: C:\Users\A.Tuan\.stmcufinder\plugins\mcufinder//mcu/
2022-10-12 15:19:21,215 [WARN] DbFile:35 - Overriding database path with different value: C:\Users\A.Tuan\.stmcufinder\plugins\mcufinder/ => C:\Users\A.Tuan\.stmcufinder\plugins\mcufinder
2022-10-12 15:19:21,215 [INFO] DbMcusDocs:110 - Set database path to: C:\Users\A.Tuan\.stmcufinder\plugins\mcufinder//mcu/
2022-10-12 15:19:21,215 [WARN] DbFile:35 - Overriding database path with different value: C:\Users\A.Tuan\.stmcufinder\plugins\mcufinder/ => C:\Users\A.Tuan\.stmcufinder\plugins\mcufinder
2022-10-12 15:19:21,215 [INFO] DbMcusJson:64 - Set database path to: C:\Users\A.Tuan\.stmcufinder\plugins\mcufinder//mcu/
2022-10-12 15:19:21,215 [WARN] DbFile:35 - Overriding database path with different value: C:\Users\A.Tuan\.stmcufinder\plugins\mcufinder/ => C:\Users\A.Tuan\.stmcufinder\plugins\mcufinder
2022-10-12 15:19:21,215 [INFO] DbBoardsDocs:110 - Set database path to: C:\Users\A.Tuan\.stmcufinder\plugins\mcufinder//mcu/
2022-10-12 15:19:21,215 [WARN] DbFile:35 - Overriding database path with different value: C:\Users\A.Tuan\.stmcufinder\plugins\mcufinder/ => C:\Users\A.Tuan\.stmcufinder\plugins\mcufinder
2022-10-12 15:19:21,215 [INFO] DbBoardsJson:57 - Set database path to: C:\Users\A.Tuan\.stmcufinder\plugins\mcufinder//mcu/
2022-10-12 15:19:21,215 [WARN] DbFile:35 - Overriding database path with different value: C:\Users\A.Tuan\.stmcufinder\plugins\mcufinder/ => C:\Users\A.Tuan\.stmcufinder\plugins\mcufinder
2022-10-12 15:19:21,215 [WARN] DbFile:35 - Overriding database path with different value: C:\Users\A.Tuan\.stmcufinder\plugins\mcufinder/ => C:\Users\A.Tuan\.stmcufinder\plugins\mcufinder
2022-10-12 15:19:21,215 [INFO] CrossReferenceDbSqlite:196 - Set database path to: C:\Users\A.Tuan\.stmcufinder\plugins\mcufinder//mcu/cs/
2022-10-12 15:19:21,215 [WARN] DbFile:35 - Overriding database path with different value: C:\Users\A.Tuan\.stmcufinder\plugins\mcufinder/ => C:\Users\A.Tuan\.stmcufinder\plugins\mcufinder
2022-10-12 15:19:21,215 [INFO] DbExamplesSqlite:767 - Set database path to: C:\Users\A.Tuan\.stmcufinder\plugins\mcufinder//mcu/
2022-10-12 15:19:21,246 [INFO] ApplicationProperties:181 - Using Application install path: C:\ST\STM32CubeIDE_1.7.0\STM32CubeIDE\plugins\com.st.stm32cube.common.mx_6.3.0.202107141111
2022-10-12 15:19:21,246 [INFO] PluginManage:188 - Search for loadable plugins [exclusion list=, ]
2022-10-12 15:19:21,246 [INFO] PluginManage:302 - Check plugin analytics
2022-10-12 15:19:21,373 [INFO] AnalyticsPlugin:257 - Accepted Software Licenses: 
2022-10-12 15:19:21,373 [INFO] AnalyticsPlugin:259 - Accepted CMSIS Pack Licenses: 
2022-10-12 15:19:21,373 [INFO] AnalyticsPlugin:261 - Accepted Firmware Licenses: 
2022-10-12 15:19:21,373 [INFO] PluginManage:352 - Loaded plugin analytics (category:tool,tabindex:-1)
2022-10-12 15:19:21,373 [INFO] PluginManage:302 - Check plugin clock
2022-10-12 15:19:21,403 [INFO] PluginManage:352 - Loaded plugin clock (category:base,tabindex:2)
2022-10-12 15:19:21,403 [INFO] PluginManage:302 - Check plugin ddr
2022-10-12 15:19:21,403 [INFO] PluginManage:352 - Loaded plugin ddr (category:tool,tabindex:6)
2022-10-12 15:19:21,403 [INFO] PluginManage:302 - Check plugin filemanager
2022-10-12 15:19:21,532 [INFO] PluginManage:352 - Loaded plugin filemanager (category:base,tabindex:10)
2022-10-12 15:19:21,532 [INFO] PluginManage:302 - Check plugin ipmanager
2022-10-12 15:19:21,554 [INFO] PluginManage:352 - Loaded plugin ipmanager (category:base,tabindex:5)
2022-10-12 15:19:21,554 [INFO] PluginManage:302 - Check plugin pinoutandconfiguration
2022-10-12 15:19:21,570 [INFO] PluginManage:352 - Loaded plugin pinoutandconfiguration (category:base,tabindex:1)
2022-10-12 15:19:21,570 [INFO] PluginManage:302 - Check plugin pinoutconfig
2022-10-12 15:19:21,602 [INFO] PluginManage:352 - Loaded plugin pinoutconfig (category:base,tabindex:0)
2022-10-12 15:19:21,602 [INFO] PluginManage:302 - Check plugin power
2022-10-12 15:19:21,617 [INFO] PluginManage:352 - Loaded plugin power (category:power,tabindex:4)
2022-10-12 15:19:21,617 [INFO] PluginManage:302 - Check plugin projectmanager
2022-10-12 15:19:21,633 [INFO] PluginManage:352 - Loaded plugin projectmanager (category:projectmanager,tabindex:3)
2022-10-12 15:19:21,633 [INFO] PluginManage:302 - Check plugin thirdparty
2022-10-12 15:19:21,862 [WARN] IntegrityCheckThread:78 - waiting for thirdparty lock release [integrity check]
2022-10-12 15:19:21,862 [INFO] PluginManage:352 - Loaded plugin thirdparty (category:base,tabindex:-1)
2022-10-12 15:19:21,862 [INFO] PluginManage:302 - Check plugin tools
2022-10-12 15:19:21,862 [INFO] IntegrityCheckThread:80 - entering critical section [integrity check]
2022-10-12 15:19:21,862 [INFO] ThirdPartyUpdaterWithRetryManager:66 - Updater plugin not ready yet. [1/15]
2022-10-12 15:19:21,909 [INFO] PluginManage:352 - Loaded plugin tools (category:base,tabindex:7)
2022-10-12 15:19:21,909 [INFO] PluginManage:302 - Check plugin tutovideos
2022-10-12 15:19:22,191 [INFO] PluginManage:352 - Loaded plugin tutovideos (category:base,tabindex:-1)
2022-10-12 15:19:22,191 [INFO] PluginManage:302 - Check plugin updater
2022-10-12 15:19:22,199 [INFO] PluginManage:352 - Loaded plugin updater (category:base,tabindex:12)
2022-10-12 15:19:22,199 [INFO] PluginManage:275 - PluginManage : Loaded plugins [13]
2022-10-12 15:19:22,405 [INFO] PinOutPanel:1463 - setPackage(No Configuration,No Configuration)
2022-10-12 15:19:22,517 [INFO] IPUIPlugin:74 - create IPUIPlugin
2022-10-12 15:19:22,517 [INFO] PluginManager:213 - loadIPPluginJar : add adc
2022-10-12 15:19:22,548 [INFO] IPUIPlugin:74 - create IPUIPlugin
2022-10-12 15:19:22,548 [INFO] PluginManager:213 - loadIPPluginJar : add aes
2022-10-12 15:19:22,595 [INFO] IPUIPlugin:74 - create IPUIPlugin
2022-10-12 15:19:22,595 [INFO] PluginManager:213 - loadIPPluginJar : add can
2022-10-12 15:19:22,610 [INFO] IPUIPlugin:74 - create IPUIPlugin
2022-10-12 15:19:22,610 [INFO] PluginManager:213 - loadIPPluginJar : add comp
2022-10-12 15:19:22,642 [INFO] IPUIPlugin:74 - create IPUIPlugin
2022-10-12 15:19:22,642 [INFO] PluginManager:213 - loadIPPluginJar : add cryp
2022-10-12 15:19:22,657 [INFO] IPUIPlugin:74 - create IPUIPlugin
2022-10-12 15:19:22,657 [INFO] PluginManager:213 - loadIPPluginJar : add dfsdm
2022-10-12 15:19:22,673 [INFO] IPUIPlugin:74 - create IPUIPlugin
2022-10-12 15:19:22,673 [INFO] PluginManager:213 - loadIPPluginJar : add dma
2022-10-12 15:19:22,704 [INFO] IPUIPlugin:74 - create IPUIPlugin
2022-10-12 15:19:22,704 [INFO] PluginManager:213 - loadIPPluginJar : add dma3
2022-10-12 15:19:22,736 [INFO] IPUIPlugin:74 - create IPUIPlugin
2022-10-12 15:19:22,736 [INFO] PluginManager:213 - loadIPPluginJar : add fatfs
2022-10-12 15:19:22,783 [INFO] IPUIPlugin:74 - create IPUIPlugin
2022-10-12 15:19:22,783 [INFO] PluginManager:213 - loadIPPluginJar : add fmc
2022-10-12 15:19:22,799 [INFO] IPUIPlugin:74 - create IPUIPlugin
2022-10-12 15:19:22,799 [INFO] PluginManager:213 - loadIPPluginJar : add freertos
2022-10-12 15:19:22,799 [INFO] IPUIPlugin:74 - create IPUIPlugin
2022-10-12 15:19:22,799 [INFO] PluginManager:213 - loadIPPluginJar : add genericplugin
2022-10-12 15:19:22,881 [INFO] IPUIPlugin:74 - create IPUIPlugin
2022-10-12 15:19:22,881 [INFO] PluginManager:213 - loadIPPluginJar : add gfxmmu
2022-10-12 15:19:22,991 [INFO] IPUIPlugin:74 - create IPUIPlugin
2022-10-12 15:19:22,991 [INFO] PluginManager:213 - loadIPPluginJar : add gic
2022-10-12 15:19:22,991 [INFO] IPUIPlugin:74 - create IPUIPlugin
2022-10-12 15:19:22,991 [INFO] PluginManager:213 - loadIPPluginJar : add gpio
2022-10-12 15:19:23,069 [INFO] IPUIPlugin:74 - create IPUIPlugin
2022-10-12 15:19:23,069 [INFO] PluginManager:213 - loadIPPluginJar : add gtzc
2022-10-12 15:19:23,100 [INFO] IPUIPlugin:74 - create IPUIPlugin
2022-10-12 15:19:23,100 [INFO] PluginManager:213 - loadIPPluginJar : add hash
2022-10-12 15:19:23,147 [INFO] IPUIPlugin:74 - create IPUIPlugin
2022-10-12 15:19:23,147 [INFO] PluginManager:213 - loadIPPluginJar : add i2c
2022-10-12 15:19:23,178 [INFO] IPUIPlugin:74 - create IPUIPlugin
2022-10-12 15:19:23,178 [INFO] PluginManager:213 - loadIPPluginJar : add i2s
2022-10-12 15:19:23,194 [INFO] IPUIPlugin:74 - create IPUIPlugin
2022-10-12 15:19:23,194 [INFO] PluginManager:213 - loadIPPluginJar : add ipddr
2022-10-12 15:19:23,272 [INFO] IPUIPlugin:74 - create IPUIPlugin
2022-10-12 15:19:23,272 [INFO] PluginManager:213 - loadIPPluginJar : add linkedlist
2022-10-12 15:19:23,303 [INFO] IPUIPlugin:74 - create IPUIPlugin
2022-10-12 15:19:23,303 [INFO] PluginManager:213 - loadIPPluginJar : add lorawan
2022-10-12 15:19:23,335 [INFO] IPUIPlugin:74 - create IPUIPlugin
2022-10-12 15:19:23,335 [INFO] PluginManager:213 - loadIPPluginJar : add ltdc
2022-10-12 15:19:23,350 [INFO] IPUIPlugin:74 - create IPUIPlugin
2022-10-12 15:19:23,350 [INFO] PluginManager:213 - loadIPPluginJar : add mdma
2022-10-12 15:19:23,366 [INFO] IPUIPlugin:74 - create IPUIPlugin
2022-10-12 15:19:23,366 [INFO] PluginManager:213 - loadIPPluginJar : add nvic
2022-10-12 15:19:23,398 [INFO] IPUIPlugin:74 - create IPUIPlugin
2022-10-12 15:19:23,398 [INFO] PluginManager:213 - loadIPPluginJar : add opamp
2022-10-12 15:19:23,446 [INFO] IPUIPlugin:74 - create IPUIPlugin
2022-10-12 15:19:23,446 [INFO] PluginManager:213 - loadIPPluginJar : add openamp
2022-10-12 15:19:23,493 [INFO] IPUIPlugin:74 - create IPUIPlugin
2022-10-12 15:19:23,493 [INFO] PluginManager:213 - loadIPPluginJar : add pdm2pcm
2022-10-12 15:19:23,508 [INFO] IPUIPlugin:74 - create IPUIPlugin
2022-10-12 15:19:23,508 [INFO] PluginManager:213 - loadIPPluginJar : add plateformsettings
2022-10-12 15:19:23,508 [INFO] IPUIPlugin:74 - create IPUIPlugin
2022-10-12 15:19:23,508 [INFO] PluginManager:213 - loadIPPluginJar : add quadspi
2022-10-12 15:19:23,524 [INFO] IPUIPlugin:74 - create IPUIPlugin
2022-10-12 15:19:23,524 [INFO] PluginManager:213 - loadIPPluginJar : add resmgrutility
2022-10-12 15:19:23,571 [INFO] IPUIPlugin:74 - create IPUIPlugin
2022-10-12 15:19:23,571 [INFO] PluginManager:213 - loadIPPluginJar : add sai
2022-10-12 15:19:23,602 [INFO] IPUIPlugin:74 - create IPUIPlugin
2022-10-12 15:19:23,602 [INFO] PluginManager:213 - loadIPPluginJar : add spi
2022-10-12 15:19:23,665 [INFO] IPUIPlugin:74 - create IPUIPlugin
2022-10-12 15:19:23,665 [INFO] PluginManager:213 - loadIPPluginJar : add stm32_wpan
2022-10-12 15:19:23,696 [INFO] IPUIPlugin:74 - create IPUIPlugin
2022-10-12 15:19:23,696 [INFO] PluginManager:213 - loadIPPluginJar : add tim
2022-10-12 15:19:23,747 [INFO] IPUIPlugin:74 - create IPUIPlugin
2022-10-12 15:19:23,747 [INFO] PluginManager:213 - loadIPPluginJar : add touchsensing
2022-10-12 15:19:23,779 [INFO] IPUIPlugin:74 - create IPUIPlugin
2022-10-12 15:19:23,779 [INFO] PluginManager:213 - loadIPPluginJar : add tracer_emb
2022-10-12 15:19:23,794 [INFO] IPUIPlugin:74 - create IPUIPlugin
2022-10-12 15:19:23,794 [INFO] PluginManager:213 - loadIPPluginJar : add ts
2022-10-12 15:19:23,825 [INFO] IPUIPlugin:74 - create IPUIPlugin
2022-10-12 15:19:23,825 [INFO] PluginManager:213 - loadIPPluginJar : add tsc
2022-10-12 15:19:23,825 [INFO] IPUIPlugin:74 - create IPUIPlugin
2022-10-12 15:19:23,825 [INFO] PluginManager:213 - loadIPPluginJar : add ucpd
2022-10-12 15:19:23,872 [INFO] IPUIPlugin:74 - create IPUIPlugin
2022-10-12 15:19:23,872 [INFO] PluginManager:213 - loadIPPluginJar : add usart
2022-10-12 15:19:23,904 [INFO] IPUIPlugin:74 - create IPUIPlugin
2022-10-12 15:19:23,904 [INFO] PluginManager:213 - loadIPPluginJar : add usbx
2022-10-12 15:19:24,268 [FATAL] Updater:294 - Updater called before beeing initialized
2022-10-12 15:19:24,402 [FATAL] Updater:294 - Updater called before beeing initialized
2022-10-12 15:19:24,407 [INFO] DbMcusAds:47 - JSON generation date=Thu Sep 30 13:55:09 ICT 2021 (1632984909247)
2022-10-12 15:19:24,407 [FATAL] Updater:294 - Updater called before beeing initialized
2022-10-12 15:19:24,467 [WARN] DetailPanel:314 - Failed to get advertising image, set to default
2022-10-12 15:19:24,561 [FATAL] Updater:294 - Updater called before beeing initialized
2022-10-12 15:19:24,561 [FATAL] Updater:294 - Updater called before beeing initialized
2022-10-12 15:19:24,561 [FATAL] Updater:294 - Updater called before beeing initialized
2022-10-12 15:19:24,561 [WARN] DetailPanel:314 - Failed to get advertising image, set to default
2022-10-12 15:19:24,561 [FATAL] Updater:294 - Updater called before beeing initialized
2022-10-12 15:19:24,628 [ERROR] Updater:1075 - MainUpdater not yet initialized. External WinMGr cannot be set.
2022-10-12 15:19:24,643 [INFO] Updater:1012 - Updater Version found : 6.3.0
2022-10-12 15:19:24,643 [INFO] ApplicationProperties:181 - Using Application install path: C:\ST\STM32CubeIDE_1.7.0\STM32CubeIDE\plugins\com.st.stm32cube.common.mx_6.3.0.202107141111
2022-10-12 15:19:24,863 [INFO] ThirdPartyUpdaterWithRetryManager:66 - Updater plugin not ready yet. [2/15]
2022-10-12 15:19:25,308 [INFO] MainUpdater:2671 - connection check result : 10
2022-10-12 15:19:25,308 [INFO] MainUpdater:3359 - Updater definition file requires update
2022-10-12 15:19:25,308 [INFO] MainUpdater:265 - Updater Check For Update Now.
2022-10-12 15:19:25,308 [INFO] MicroXplorer:478 - Change Database Version : DB.6.0.30
2022-10-12 15:19:25,680 [INFO] ServerAccessManage:362 - Download File updaters.zip
2022-10-12 15:19:27,425 [INFO] FileExtend:235 - Unzip File : updaters.zip
2022-10-12 15:19:27,425 [INFO] FileExtend:250 - Standard Zip Deflate
2022-10-12 15:19:27,876 [WARN] MainUpdater:1122 - Updater busy. Cannot search thirdparties
2022-10-12 15:19:27,876 [INFO] ThirdPartyUpdaterWithRetryManager:92 - Updater plugin is busy. [1/15]
2022-10-12 15:19:28,303 [INFO] ServerAccessManage:362 - Download File PacksControlFlags.xml
2022-10-12 15:19:28,655 [INFO] ServerAccessManage:362 - Download File cubemx.pidx
2022-10-12 15:19:28,748 [INFO] LoadServerUpdatesThread:339 - End of LoadServerUpdate Thread
2022-10-12 15:19:28,892 [INFO] CheckServerUpdateThread:112 - End of CheckServer Thread
2022-10-12 15:19:28,987 [INFO] MainUpdater:2671 - connection check result : 10
2022-10-12 15:19:29,003 [INFO] McuFinderGlobals:52 - Set McuFinderConnectedMode to true
2022-10-12 15:19:29,359 [INFO] ServerAccessManage:362 - Download File mcusAds.json._tmp_
2022-10-12 15:19:29,490 [INFO] LoadUrlFilesThread:145 - End of LoadUrlFiles Thread
2022-10-12 15:19:30,567 [INFO] ServerAccessManage:362 - Download File mcusDocs.json._tmp_
2022-10-12 15:19:30,884 [WARN] MainUpdater:1122 - Updater busy. Cannot search thirdparties
2022-10-12 15:19:30,884 [INFO] ThirdPartyUpdaterWithRetryManager:92 - Updater plugin is busy. [2/15]
2022-10-12 15:19:32,658 [INFO] LoadUrlFilesThread:145 - End of LoadUrlFiles Thread
2022-10-12 15:19:33,118 [INFO] ServerAccessManage:362 - Download File mcusFeaturesAndDescription.json._tmp_
2022-10-12 15:19:33,888 [WARN] MainUpdater:1122 - Updater busy. Cannot search thirdparties
2022-10-12 15:19:33,888 [INFO] ThirdPartyUpdaterWithRetryManager:92 - Updater plugin is busy. [3/15]
2022-10-12 15:19:36,896 [WARN] MainUpdater:1122 - Updater busy. Cannot search thirdparties
2022-10-12 15:19:36,896 [INFO] ThirdPartyUpdaterWithRetryManager:92 - Updater plugin is busy. [4/15]
2022-10-12 15:19:39,897 [WARN] MainUpdater:1122 - Updater busy. Cannot search thirdparties
2022-10-12 15:19:39,897 [INFO] ThirdPartyUpdaterWithRetryManager:92 - Updater plugin is busy. [5/15]
2022-10-12 15:19:42,912 [WARN] MainUpdater:1122 - Updater busy. Cannot search thirdparties
2022-10-12 15:19:42,912 [INFO] ThirdPartyUpdaterWithRetryManager:92 - Updater plugin is busy. [6/15]
2022-10-12 15:19:45,916 [WARN] MainUpdater:1122 - Updater busy. Cannot search thirdparties
2022-10-12 15:19:45,916 [INFO] ThirdPartyUpdaterWithRetryManager:92 - Updater plugin is busy. [7/15]
2022-10-12 15:19:48,918 [WARN] MainUpdater:1122 - Updater busy. Cannot search thirdparties
2022-10-12 15:19:48,918 [INFO] ThirdPartyUpdaterWithRetryManager:92 - Updater plugin is busy. [8/15]
2022-10-12 15:19:51,920 [WARN] MainUpdater:1122 - Updater busy. Cannot search thirdparties
2022-10-12 15:19:51,920 [INFO] ThirdPartyUpdaterWithRetryManager:92 - Updater plugin is busy. [9/15]
2022-10-12 15:19:54,933 [WARN] MainUpdater:1122 - Updater busy. Cannot search thirdparties
2022-10-12 15:19:54,933 [INFO] ThirdPartyUpdaterWithRetryManager:92 - Updater plugin is busy. [10/15]
2022-10-12 15:19:57,947 [WARN] MainUpdater:1122 - Updater busy. Cannot search thirdparties
2022-10-12 15:19:57,947 [INFO] ThirdPartyUpdaterWithRetryManager:92 - Updater plugin is busy. [11/15]
2022-10-12 15:20:00,952 [WARN] MainUpdater:1122 - Updater busy. Cannot search thirdparties
2022-10-12 15:20:00,952 [INFO] ThirdPartyUpdaterWithRetryManager:92 - Updater plugin is busy. [12/15]
2022-10-12 15:20:03,952 [WARN] MainUpdater:1122 - Updater busy. Cannot search thirdparties
2022-10-12 15:20:03,952 [INFO] ThirdPartyUpdaterWithRetryManager:92 - Updater plugin is busy. [13/15]
2022-10-12 15:20:06,963 [WARN] MainUpdater:1122 - Updater busy. Cannot search thirdparties
2022-10-12 15:20:06,963 [INFO] ThirdPartyUpdaterWithRetryManager:92 - Updater plugin is busy. [14/15]
2022-10-12 15:20:09,974 [WARN] MainUpdater:1122 - Updater busy. Cannot search thirdparties
2022-10-12 15:20:09,974 [INFO] ThirdPartyUpdaterWithRetryManager:92 - Updater plugin is busy. [15/15]
2022-10-12 15:20:09,975 [ERROR] IntegrityCheckThread:124 - Cannot retrieve database content from updater: error -1
2022-10-12 15:20:09,975 [INFO] ThirdParty:915 - Integrity check success = false
2022-10-12 15:20:09,976 [INFO] IntegrityCheckThread:94 - exiting critical section [integrity check]
2022-10-12 15:20:09,976 [INFO] IntegrityCheckThread:97 - End integrity checks thread
2022-10-12 15:20:12,159 [INFO] LoadUrlFilesThread:145 - End of LoadUrlFiles Thread
2022-10-12 15:20:12,630 [INFO] ServerAccessManage:362 - Download File boardsDocs.json._tmp_
2022-10-12 15:20:12,915 [INFO] LoadUrlFilesThread:145 - End of LoadUrlFiles Thread
2022-10-12 15:20:13,370 [INFO] ServerAccessManage:362 - Download File boards.json._tmp_
2022-10-12 15:20:15,096 [INFO] LoadUrlFilesThread:145 - End of LoadUrlFiles Thread
2022-10-12 15:20:15,404 [INFO] ServerAccessManage:362 - Download File cube-finder-db.zip
2022-10-12 15:24:10,645 [INFO] FileExtend:235 - Unzip File : cube-finder-db.zip
2022-10-12 15:24:10,645 [INFO] FileExtend:250 - Standard Zip Deflate
2022-10-12 15:24:11,317 [INFO] LoadUrlFilesThread:145 - End of LoadUrlFiles Thread
2022-10-12 15:24:12,658 [INFO] ServerAccessManage:362 - Download File crdb.zip
2022-10-12 15:24:21,590 [INFO] FileExtend:235 - Unzip File : crdb.zip
2022-10-12 15:24:21,590 [INFO] FileExtend:250 - Standard Zip Deflate
2022-10-12 15:24:21,745 [INFO] LoadUrlFilesThread:145 - End of LoadUrlFiles Thread
2022-10-12 15:24:22,536 [INFO] ServerAccessManage:362 - Download File tutoVideoDB.zip
2022-10-12 15:24:22,868 [INFO] FileExtend:235 - Unzip File : tutoVideoDB.zip
2022-10-12 15:24:22,868 [INFO] FileExtend:250 - Standard Zip Deflate
2022-10-12 15:24:22,994 [INFO] LoadUrlFilesThread:145 - End of LoadUrlFiles Thread
2022-10-12 15:24:22,995 [INFO] DbMcusAds:47 - JSON generation date=Thu Sep 30 13:55:09 ICT 2021 (1632984909247)
2022-10-12 15:24:23,011 [INFO] DbMcusDocs:143 - JSON generation date=Tue Nov 16 23:17:54 ICT 2021 (1637079474)
2022-10-12 15:24:23,012 [INFO] DbMcusXml:100 - Load MCU database from C:\ST\STM32CubeIDE_1.7.0\STM32CubeIDE\plugins\com.st.stm32cube.common.mx_6.3.0.202107141111\\db\/mcu/families.xml
2022-10-12 15:24:23,717 [INFO] DbMcusJson:93 - JSON generation date=Tue Nov 16 23:17:54 ICT 2021 (1637079474)
2022-10-12 15:24:24,297 [INFO] DbMcus:175 - Found 1951 MCUs (1903 are supported by CubeMX, 1914 are visible in CubeMX)
2022-10-12 15:24:24,297 [INFO] ApiDb:251 - Load user favorites file C:\Users\A.Tuan/.stm32cubeide/favorites.mcus.txt: 0 item(s)
2022-10-12 15:24:24,297 [INFO] ApiDb:255 - User favorites MCUs=[]
2022-10-12 15:24:24,298 [INFO] DbMcus:187 - Set 0 / 0 favorites MCUs
2022-10-12 15:24:24,765 [INFO] DbMcusDocs:79 - Found 682 MCUs documents
2022-10-12 15:24:24,765 [INFO] ApiDb:276 - Save user favorites file C:\Users\A.Tuan/.stm32cubeide/favorites.mcus.txt: 0 item(s)
2022-10-12 15:24:24,765 [INFO] ApiDb:280 - User favorites MCUs=[]
2022-10-12 15:24:24,765 [INFO] DbMcusXml:100 - Load MCU database from C:\ST\STM32CubeIDE_1.7.0\STM32CubeIDE\plugins\com.st.stm32cube.common.mx_6.3.0.202107141111\\db\/mcu/families.xml
2022-10-12 15:24:25,400 [INFO] DbMcusJson:93 - JSON generation date=Tue Nov 16 23:17:54 ICT 2021 (1637079474)
2022-10-12 15:24:25,918 [INFO] DbMcus:175 - Found 1951 MCUs (1903 are supported by CubeMX, 1914 are visible in CubeMX)
2022-10-12 15:24:25,918 [INFO] ApiDb:251 - Load user favorites file C:\Users\A.Tuan/.stm32cubeide/favorites.mcus.txt: 0 item(s)
2022-10-12 15:24:25,918 [INFO] ApiDb:255 - User favorites MCUs=[]
2022-10-12 15:24:25,918 [INFO] DbMcus:187 - Set 0 / 0 favorites MCUs
2022-10-12 15:24:25,929 [INFO] DbBoardsDocs:143 - JSON generation date=Tue Nov 16 23:17:54 ICT 2021 (1637079474)
2022-10-12 15:24:25,945 [INFO] DbBoardsPdsc:90 - Found 25 items
2022-10-12 15:24:25,961 [INFO] DbBoardsPdsc:90 - Found 9 items
2022-10-12 15:24:25,968 [INFO] DbBoardsPdsc:90 - Found 33 items
2022-10-12 15:24:25,984 [INFO] DbBoardsPdsc:90 - Found 1 items
2022-10-12 15:24:26,001 [INFO] DbBoardsPdsc:90 - Found 48 items
2022-10-12 15:24:26,001 [INFO] DbBoardsPdsc:90 - Found 43 items
2022-10-12 15:24:26,018 [INFO] DbBoardsPdsc:90 - Found 2 items
2022-10-12 15:24:26,034 [INFO] DbBoardsPdsc:90 - Found 5 items
2022-10-12 15:24:26,049 [WARN] DbBoardsPdsc:254 - Board STM32H7B3I-DK: unknown feature type=Audio, name=, username=Audio stereo codec with Headphone Amp (CS42L51-CNZ), n=1
2022-10-12 15:24:26,049 [WARN] DbBoardsPdsc:254 - Board STM32H735G-DK: unknown feature type=Audio, name=, username=Audio stereo codec with Headphone Amp (WM8994ECS/R), n=1
2022-10-12 15:24:26,049 [WARN] DbBoardsPdsc:254 - Board STM32H7B3I-EVAL: unknown feature type=Audio, name=, username=Multi-Channel Audio Codec (CS42L51-CNZ), n=1
2022-10-12 15:24:26,049 [WARN] DbBoardsPdsc:254 - Board STM32H7B3I-EVAL: unknown feature type=Meter, name=, username=Power-metering and Temperature-monitoring with sigma-delta modulators, n=1
2022-10-12 15:24:26,049 [WARN] DbBoardsPdsc:254 - Board STM32H7B3I-EVAL: unknown feature type=Motor, name=, username=Motor Control, n=1
2022-10-12 15:24:26,049 [WARN] DbBoardsPdsc:254 - Board STM32U575I-EV: unknown feature type=joystick, name=, username=4-direction joystick with selection button, n=1
2022-10-12 15:24:26,084 [INFO] DbBoardsJson:86 - JSON generation date=Tue Nov 16 23:17:54 ICT 2021 (1637079474)
2022-10-12 15:24:26,084 [INFO] DbBoards:117 - Found 167 boards (163 are supported by CubeMX)
2022-10-12 15:24:26,084 [INFO] DbBoardsDocs:143 - JSON generation date=Tue Nov 16 23:17:54 ICT 2021 (1637079474)
2022-10-12 15:24:26,101 [INFO] DbBoardsDocs:79 - Found 209 boards documents
2022-10-12 15:24:26,107 [WARN] DbBoards:127 - board B-L475E-IOT01A2 has no document id list !
2022-10-12 15:24:26,107 [WARN] DbBoards:127 - board NUCLEO-H743ZI has no document id list !
2022-10-12 15:24:26,107 [WARN] DbBoards:127 - board NUCLEO-WL55JC2 has no document id list !
2022-10-12 15:24:26,107 [WARN] DbBoards:127 - board P-NUCLEO-WB55-Nucleo has no document id list !
2022-10-12 15:24:26,107 [WARN] DbBoards:127 - board P-NUCLEO-WB55-USBDongle has no document id list !
2022-10-12 15:24:26,107 [WARN] DbBoards:127 - board STEVAL-BFA001V1B has no document id list !
2022-10-12 15:24:26,107 [WARN] DbBoards:127 - board STEVAL-BFA001V2B has no document id list !
2022-10-12 15:24:26,107 [WARN] DbBoards:127 - board STEVAL-IDP005V1 has no document id list !
2022-10-12 15:24:26,107 [WARN] DbBoards:127 - board STEVAL-IDP005V2 has no document id list !
2022-10-12 15:24:26,107 [WARN] DbBoards:127 - board STEVAL-MKSBOX1V1 has no document id list !
2022-10-12 15:24:26,107 [WARN] DbBoards:127 - board STEVAL-STWINKT1 has no document id list !
2022-10-12 15:24:26,107 [WARN] DbBoards:127 - board STEVAL-STWINKT1B has no document id list !
2022-10-12 15:24:26,107 [WARN] DbBoards:127 - board STM32439I-EVAL2 has no document id list !
2022-10-12 15:24:26,107 [WARN] DbBoards:127 - board STM32F401C-DISCO has no document id list !
2022-10-12 15:24:26,107 [WARN] DbBoards:127 - board STM32F769I-DISC1 has no document id list !
2022-10-12 15:24:26,107 [WARN] DbBoards:127 - board STM32G474E-EVAL1 has no document id list !
2022-10-12 15:24:26,107 [WARN] DbBoards:127 - board STM32H743I-EVAL2 has no document id list !
2022-10-12 15:24:26,107 [WARN] DbBoards:127 - board STM32H747I-DISC1 has no document id list !
2022-10-12 15:24:26,107 [WARN] DbBoards:127 - board STM32H753I-EVAL2 has no document id list !
2022-10-12 15:24:26,107 [WARN] DbBoards:127 - board STM32L-DISCOVERY has no document id list !
2022-10-12 15:24:26,258 [ERROR] DbBoards:189 - Image file not found for board B-U585I-IOT02A: C:\ST\STM32CubeIDE_1.7.0\STM32CubeIDE\plugins\com.st.stm32cube.common.mx_6.3.0.202107141111\\db\/plugins/mcufinder/images/boards/B-U585I-IOT02A_small.jpg
2022-10-12 15:24:26,372 [ERROR] DbBoards:189 - Image file not found for board NUCLEO-F413ZH: C:\ST\STM32CubeIDE_1.7.0\STM32CubeIDE\plugins\com.st.stm32cube.common.mx_6.3.0.202107141111\\db\/plugins/mcufinder/images/boards/nucleo-f413zh_small.jpg
2022-10-12 15:24:26,545 [ERROR] DbBoards:189 - Image file not found for board NUCLEO-L552ZE-Q: C:\ST\STM32CubeIDE_1.7.0\STM32CubeIDE\plugins\com.st.stm32cube.common.mx_6.3.0.202107141111\\db\/plugins/mcufinder/images/boards/nucleo_l552ze_q_small.jpg
2022-10-12 15:24:26,545 [ERROR] DbBoards:189 - Image file not found for board NUCLEO-U575ZI-Q: C:\ST\STM32CubeIDE_1.7.0\STM32CubeIDE\plugins\com.st.stm32cube.common.mx_6.3.0.202107141111\\db\/plugins/mcufinder/images/boards/nucleo-u575zi-q_small.jpg
2022-10-12 15:24:26,545 [ERROR] DbBoards:189 - Image file not found for board NUCLEO-WB15CC: C:\ST\STM32CubeIDE_1.7.0\STM32CubeIDE\plugins\com.st.stm32cube.common.mx_6.3.0.202107141111\\db\/plugins/mcufinder/images/boards/nucleo-wb15cc_small.jpg
2022-10-12 15:24:26,545 [ERROR] DbBoards:189 - Image file not found for board NUCLEO-WB55RG: C:\ST\STM32CubeIDE_1.7.0\STM32CubeIDE\plugins\com.st.stm32cube.common.mx_6.3.0.202107141111\\db\/plugins/mcufinder/images/boards/nucleo-wb55rg_small.jpg
2022-10-12 15:24:28,384 [INFO] ApiDb:251 - Load user favorites file C:\Users\A.Tuan/.stm32cubeide/favorites.boards.txt: 0 item(s)
2022-10-12 15:24:28,384 [INFO] ApiDb:255 - User favorites Boards=[]
2022-10-12 15:24:28,384 [INFO] DbBoards:206 - Set 0 / 0 favorites Boards
2022-10-12 15:24:28,399 [INFO] DbBoardsDocs:79 - Found 418 boards documents
2022-10-12 15:24:28,399 [INFO] ApiDb:276 - Save user favorites file C:\Users\A.Tuan/.stm32cubeide/favorites.boards.txt: 0 item(s)
2022-10-12 15:24:28,399 [INFO] ApiDb:280 - User favorites Boards=[]
2022-10-12 15:24:28,399 [INFO] DbBoardsPdsc:90 - Found 25 items
2022-10-12 15:24:28,399 [INFO] DbBoardsPdsc:90 - Found 9 items
2022-10-12 15:24:28,399 [INFO] DbBoardsPdsc:90 - Found 33 items
2022-10-12 15:24:28,399 [INFO] DbBoardsPdsc:90 - Found 1 items
2022-10-12 15:24:28,415 [INFO] DbBoardsPdsc:90 - Found 48 items
2022-10-12 15:24:28,431 [INFO] DbBoardsPdsc:90 - Found 43 items
2022-10-12 15:24:28,431 [INFO] DbBoardsPdsc:90 - Found 2 items
2022-10-12 15:24:28,431 [INFO] DbBoardsPdsc:90 - Found 5 items
2022-10-12 15:24:28,446 [WARN] DbBoardsPdsc:254 - Board STM32H7B3I-DK: unknown feature type=Audio, name=, username=Audio stereo codec with Headphone Amp (CS42L51-CNZ), n=1
2022-10-12 15:24:28,446 [WARN] DbBoardsPdsc:254 - Board STM32H735G-DK: unknown feature type=Audio, name=, username=Audio stereo codec with Headphone Amp (WM8994ECS/R), n=1
2022-10-12 15:24:28,446 [WARN] DbBoardsPdsc:254 - Board STM32H7B3I-EVAL: unknown feature type=Audio, name=, username=Multi-Channel Audio Codec (CS42L51-CNZ), n=1
2022-10-12 15:24:28,446 [WARN] DbBoardsPdsc:254 - Board STM32H7B3I-EVAL: unknown feature type=Meter, name=, username=Power-metering and Temperature-monitoring with sigma-delta modulators, n=1
2022-10-12 15:24:28,446 [WARN] DbBoardsPdsc:254 - Board STM32H7B3I-EVAL: unknown feature type=Motor, name=, username=Motor Control, n=1
2022-10-12 15:24:28,446 [WARN] DbBoardsPdsc:254 - Board STM32U575I-EV: unknown feature type=joystick, name=, username=4-direction joystick with selection button, n=1
2022-10-12 15:24:28,462 [INFO] DbBoardsJson:86 - JSON generation date=Tue Nov 16 23:17:54 ICT 2021 (1637079474)
2022-10-12 15:24:28,478 [INFO] DbBoards:117 - Found 167 boards (163 are supported by CubeMX)
2022-10-12 15:24:28,478 [WARN] DbBoards:127 - board B-L475E-IOT01A2 has no document id list !
2022-10-12 15:24:28,478 [WARN] DbBoards:127 - board NUCLEO-H743ZI has no document id list !
2022-10-12 15:24:28,478 [WARN] DbBoards:127 - board NUCLEO-WL55JC2 has no document id list !
2022-10-12 15:24:28,478 [WARN] DbBoards:127 - board P-NUCLEO-WB55-Nucleo has no document id list !
2022-10-12 15:24:28,478 [WARN] DbBoards:127 - board P-NUCLEO-WB55-USBDongle has no document id list !
2022-10-12 15:24:28,478 [WARN] DbBoards:127 - board STEVAL-BFA001V1B has no document id list !
2022-10-12 15:24:28,478 [WARN] DbBoards:127 - board STEVAL-BFA001V2B has no document id list !
2022-10-12 15:24:28,478 [WARN] DbBoards:127 - board STEVAL-IDP005V1 has no document id list !
2022-10-12 15:24:28,478 [WARN] DbBoards:127 - board STEVAL-IDP005V2 has no document id list !
2022-10-12 15:24:28,478 [WARN] DbBoards:127 - board STEVAL-MKSBOX1V1 has no document id list !
2022-10-12 15:24:28,478 [WARN] DbBoards:127 - board STEVAL-STWINKT1 has no document id list !
2022-10-12 15:24:28,478 [WARN] DbBoards:127 - board STEVAL-STWINKT1B has no document id list !
2022-10-12 15:24:28,478 [WARN] DbBoards:127 - board STM32439I-EVAL2 has no document id list !
2022-10-12 15:24:28,478 [WARN] DbBoards:127 - board STM32F401C-DISCO has no document id list !
2022-10-12 15:24:28,478 [WARN] DbBoards:127 - board STM32F769I-DISC1 has no document id list !
2022-10-12 15:24:28,478 [WARN] DbBoards:127 - board STM32G474E-EVAL1 has no document id list !
2022-10-12 15:24:28,478 [WARN] DbBoards:127 - board STM32H743I-EVAL2 has no document id list !
2022-10-12 15:24:28,478 [WARN] DbBoards:127 - board STM32H747I-DISC1 has no document id list !
2022-10-12 15:24:28,478 [WARN] DbBoards:127 - board STM32H753I-EVAL2 has no document id list !
2022-10-12 15:24:28,478 [WARN] DbBoards:127 - board STM32L-DISCOVERY has no document id list !
2022-10-12 15:24:28,588 [ERROR] DbBoards:189 - Image file not found for board B-U585I-IOT02A: C:\ST\STM32CubeIDE_1.7.0\STM32CubeIDE\plugins\com.st.stm32cube.common.mx_6.3.0.202107141111\\db\/plugins/mcufinder/images/boards/B-U585I-IOT02A_small.jpg
2022-10-12 15:24:28,745 [ERROR] DbBoards:189 - Image file not found for board NUCLEO-F413ZH: C:\ST\STM32CubeIDE_1.7.0\STM32CubeIDE\plugins\com.st.stm32cube.common.mx_6.3.0.202107141111\\db\/plugins/mcufinder/images/boards/nucleo-f413zh_small.jpg
2022-10-12 15:24:29,043 [ERROR] DbBoards:189 - Image file not found for board NUCLEO-L552ZE-Q: C:\ST\STM32CubeIDE_1.7.0\STM32CubeIDE\plugins\com.st.stm32cube.common.mx_6.3.0.202107141111\\db\/plugins/mcufinder/images/boards/nucleo_l552ze_q_small.jpg
2022-10-12 15:24:29,043 [ERROR] DbBoards:189 - Image file not found for board NUCLEO-U575ZI-Q: C:\ST\STM32CubeIDE_1.7.0\STM32CubeIDE\plugins\com.st.stm32cube.common.mx_6.3.0.202107141111\\db\/plugins/mcufinder/images/boards/nucleo-u575zi-q_small.jpg
2022-10-12 15:24:29,043 [ERROR] DbBoards:189 - Image file not found for board NUCLEO-WB15CC: C:\ST\STM32CubeIDE_1.7.0\STM32CubeIDE\plugins\com.st.stm32cube.common.mx_6.3.0.202107141111\\db\/plugins/mcufinder/images/boards/nucleo-wb15cc_small.jpg
2022-10-12 15:24:29,043 [ERROR] DbBoards:189 - Image file not found for board NUCLEO-WB55RG: C:\ST\STM32CubeIDE_1.7.0\STM32CubeIDE\plugins\com.st.stm32cube.common.mx_6.3.0.202107141111\\db\/plugins/mcufinder/images/boards/nucleo-wb55rg_small.jpg
2022-10-12 15:24:30,283 [INFO] ApiDb:251 - Load user favorites file C:\Users\A.Tuan/.stm32cubeide/favorites.boards.txt: 0 item(s)
2022-10-12 15:24:30,283 [INFO] ApiDb:255 - User favorites Boards=[]
2022-10-12 15:24:30,283 [INFO] DbBoards:206 - Set 0 / 0 favorites Boards
2022-10-12 15:24:30,441 [INFO] LoadUrlFilesThread:172 - End of LoadServerUrlFiles without Thread
2022-10-12 15:24:30,445 [INFO] TargetSelectorAdapter:224 - Refresh data is successful
2022-10-12 15:24:30,614 [INFO] ApiDb:479 - Connected to CubeFinder SQLite database (C:\Users\A.Tuan\.stmcufinder\plugins\mcufinder\mcu\cube-finder-db.db)
2022-10-12 15:24:31,285 [INFO] DbExamplesSqlite:411 - Ignored 31 examples not supported by CubeIDE
2022-10-12 15:24:31,285 [INFO] DbExamplesSqlite:412 - Found 6197 examples active
2022-10-12 15:24:31,285 [INFO] DbExamplesSqlite:413 - Found 89 examples obsolete
2022-10-12 15:24:31,285 [INFO] DbExamplesSqlite:414 - Found 0 examples under development
2022-10-12 15:24:31,285 [INFO] DbExamplesSqlite:415 - Found 76 examples not building
2022-10-12 15:24:31,316 [INFO] DbExamplesSqlite:108 - CubeFinder database Data Model version=2.1
2022-10-12 15:24:31,316 [INFO] DbExamplesSqlite:109 - CubeFinder database Configuration version=3.0.32
2022-10-12 15:24:31,316 [INFO] DbExamplesSqlite:110 - CubeFinder database generation date=2022-08-05 (1659688109)
2022-10-12 15:24:31,316 [INFO] DbExamplesSqlite:111 - CubeFinder database FW Pack versions=[STM32Cube_FW_C0_V1.0.0, STM32Cube_FW_F4_V1.27.1, STM32Cube_FW_F7_V1.17.0, STM32Cube_FW_G0_V1.6.1, STM32Cube_FW_G4_V1.5.0, STM32Cube_FW_H7_V1.10.0, STM32Cube_FW_L5_V1.4.0, STM32Cube_FW_U5_V1.1.1, STM32Cube_FW_WB_V1.14.1, STM32Cube_FW_WL_V1.2.0, X-CUBE-ALGOBUILD_V1.3.0, X-CUBE-ALS_V1.0.1, X-CUBE-AZRTOS-F4_V1.1.0, X-CUBE-AZRTOS-F7_V1.1.0, X-CUBE-AZRTOS-G0_V1.1.0, X-CUBE-AZRTOS-G4_V1.0.0, X-CUBE-AZRTOS-H7_V2.1.0, X-CUBE-AZRTOS-L4_V1.0.0, X-CUBE-AZRTOS-L5_V1.0.0, X-CUBE-AZRTOS-WL_V1.0.0, X-CUBE-BLE1_V6.2.3, X-CUBE-BLE2_V3.3.0, X-CUBE-EEPRMA1_V3.1.1, X-CUBE-GNSS1_V6.0.0, X-CUBE-MEMS1_V9.1.0, X-CUBE-MEMS1_V9.3.0, X-CUBE-NFC4_V2.0.4, X-CUBE-NFC7_V1.0.0, X-CUBE-SFXS2LP1_V4.0.0, X-CUBE-SUBG2_V5.0.0]
2022-10-12 15:24:31,316 [INFO] DbExamples:130 - Found 6242 examples
2022-10-12 15:24:31,829 [ERROR] DbExamples:206 - Found 6242 examples with invalid data (board or MCU)
2022-10-12 15:24:31,829 [INFO] DbExamples:222 - Found 74 boards with related examples
2022-10-12 15:24:31,829 [INFO] DbExamples:235 - Found 0 MCUs with related examples
2022-10-12 15:24:31,846 [INFO] ApiDb:251 - Load user favorites file C:\Users\A.Tuan/.stm32cubeide/favorites.examples.txt: 0 item(s)
2022-10-12 15:24:31,846 [INFO] ApiDb:255 - User favorites Examples=[]
2022-10-12 15:24:31,846 [INFO] DbExamples:256 - Set 0 / 0 favorites Examples
2022-10-12 15:24:32,125 [INFO] McuFinderGlobals:52 - Set McuFinderConnectedMode to false
2022-10-12 15:24:32,233 [INFO] CrossSelectorPresenter:1330 - Cross Selector saved comparison directory: C:\Users\A.Tuan\.stmcufinder\plugins\mcufinder\mcu\cs_comparisons_mx
2022-10-12 15:24:32,239 [INFO] MultiScanPanel:197 - Auto-refresh data requested => check proxy status ongoing
2022-10-12 15:24:32,239 [INFO] MultiScanPanel:201 - Proxy status is invalid
2022-10-12 15:24:32,242 [INFO] FinderPluginLoader:87 - Searching for filters in installed packs
2022-10-12 15:24:32,748 [INFO] DetailPanel:309 - Set advertising image to C:/Users/A.Tuan/STM32Cube/Repository/\en.Prom_NBSTM32U50921.jpg
2022-10-12 15:24:57,283 [INFO] MainUpdater:2671 - connection check result : 10
2022-10-12 15:24:57,283 [INFO] MainUpdater:2671 - connection check result : 10
2022-10-12 15:24:57,342 [INFO] MicroXplorer:448 - Change Database Path : 
2022-10-12 15:24:57,342 [INFO] MicroXplorer:478 - Change Database Version : DB.6.0.30
2022-10-12 15:24:57,342 [WARN] ThirdParty:813 - waiting for thirdparty lock release [close project]
2022-10-12 15:24:57,342 [INFO] ThirdParty:815 - entering critical section [close project]
2022-10-12 15:24:57,342 [INFO] ThirdParty:825 - exiting critical section [close project]
2022-10-12 15:24:57,342 [INFO] PinOutPanel:1463 - setPackage(No Configuration,No Configuration)
2022-10-12 15:24:57,342 [INFO] UtilMem:74 - Begin LoadConfig() Used Memory: 728597352 Bytes (930086912)
2022-10-12 15:24:57,342 [INFO] MicroXplorer:448 - Change Database Path : 
2022-10-12 15:24:57,342 [INFO] MicroXplorer:478 - Change Database Version : DB.6.0.30
2022-10-12 15:24:57,342 [INFO] OpenFileManager:313 - Change cursor
2022-10-12 15:24:57,362 [WARN] IntegrityCheckThread:78 - waiting for thirdparty lock release [integrity check]
2022-10-12 15:24:57,362 [INFO] IntegrityCheckThread:80 - entering critical section [integrity check]
2022-10-12 15:24:57,539 [WARN] PackLoader:238 - Cannot read IP mode file for STMicroelectronics.X-CUBE-GNSS1.6.0.0
2022-10-12 15:24:57,602 [WARN] PackLoader:238 - Cannot read IP mode file for STMicroelectronics.X-CUBE-AZRTOS-F4.1.1.0
2022-10-12 15:24:57,650 [WARN] PackLoader:238 - Cannot read IP mode file for STMicroelectronics.X-CUBE-AZRTOS-F7.1.1.0
2022-10-12 15:24:57,666 [WARN] PackLoader:238 - Cannot read IP mode file for STMicroelectronics.X-CUBE-BLE1.6.2.3
2022-10-12 15:24:57,684 [WARN] PackLoader:238 - Cannot read IP mode file for STMicroelectronics.X-CUBE-NFC4.2.0.4
2022-10-12 15:24:57,709 [WARN] PackLoader:238 - Cannot read IP mode file for STMicroelectronics.X-CUBE-TOF1.3.1.0
2022-10-12 15:24:57,725 [WARN] PackLoader:238 - Cannot read IP mode file for wolfSSL.I-CUBE-wolfSSL.5.5.0
2022-10-12 15:24:57,736 [WARN] PackLoader:238 - Cannot read IP mode file for STMicroelectronics.X-CUBE-NFC7.1.0.0
2022-10-12 15:24:57,803 [WARN] PackLoader:238 - Cannot read IP mode file for STMicroelectronics.X-CUBE-MEMS1.9.3.0
2022-10-12 15:24:57,921 [WARN] PackLoader:238 - Cannot read IP mode file for STMicroelectronics.X-CUBE-AI.7.2.0
2022-10-12 15:24:57,937 [WARN] PackLoader:238 - Cannot read IP mode file for STMicroelectronics.X-CUBE-SFXS2LP1.4.0.0
2022-10-12 15:24:57,937 [WARN] PackLoader:238 - Cannot read IP mode file for STMicroelectronics.X-CUBE-BLE2.3.3.0
2022-10-12 15:24:57,953 [WARN] PackLoader:238 - Cannot read IP mode file for STMicroelectronics.X-CUBE-DISPLAY.2.2.0
2022-10-12 15:24:57,968 [WARN] PackLoader:238 - Cannot read IP mode file for STMicroelectronics.X-CUBE-ISPU.1.0.0
2022-10-12 15:24:57,984 [WARN] PackLoader:238 - Cannot read IP mode file for RoweBots.I-CUBE-UNISONRTOS.5.5.0-4
2022-10-12 15:24:58,015 [WARN] PackLoader:238 - Cannot read IP mode file for STMicroelectronics.X-CUBE-AZRTOS-H7.2.1.0
2022-10-12 15:24:58,031 [WARN] PackLoader:238 - Cannot read IP mode file for STMicroelectronics.X-CUBE-BLEMGR.1.0.0
2022-10-12 15:24:58,031 [WARN] PackLoader:238 - Cannot read IP mode file for STMicroelectronics.X-CUBE-ALGOBUILD.1.3.0
2022-10-12 15:24:58,062 [WARN] PackLoader:238 - Cannot read IP mode file for STMicroelectronics.X-CUBE-AZRTOS-G0.1.1.0
2022-10-12 15:24:58,078 [WARN] PackLoader:238 - Cannot read IP mode file for STMicroelectronics.X-CUBE-SUBG2.5.0.0
2022-10-12 15:24:58,124 [WARN] PackLoader:238 - Cannot read IP mode file for SEGGER.I-CUBE-embOS.1.2.0
2022-10-12 15:24:58,156 [WARN] PackLoader:238 - Cannot read IP mode file for STMicroelectronics.FP-ATR-ASTRA1.1.1.1
2022-10-12 15:24:58,172 [WARN] PackLoader:238 - Cannot read IP mode file for STMicroelectronics.X-CUBE-AZRTOS-G4.1.0.0
2022-10-12 15:24:58,204 [WARN] PackLoader:238 - Cannot read IP mode file for STMicroelectronics.X-CUBE-AZRTOS-L4.1.0.0
2022-10-12 15:24:58,219 [WARN] PackLoader:238 - Cannot read IP mode file for emotas.I-CUBE-CANOPEN.1.1.2
2022-10-12 15:24:58,219 [WARN] PackLoader:238 - Cannot read IP mode file for STMicroelectronics.X-CUBE-TOUCHGFX.4.20.0
2022-10-12 15:24:58,240 [WARN] PackLoader:238 - Cannot read IP mode file for STMicroelectronics.X-CUBE-AZRTOS-WL.1.0.0
2022-10-12 15:24:58,262 [WARN] PackLoader:238 - Cannot read IP mode file for portGmbH.I-Cube-SoM-uGOAL.1.1.0
2022-10-12 15:24:58,262 [WARN] PackLoader:238 - Cannot read IP mode file for STMicroelectronics.X-CUBE-ALS.1.0.1
2022-10-12 15:24:58,293 [WARN] PackLoader:238 - Cannot read IP mode file for STMicroelectronics.X-CUBE-AZRTOS-L5.1.0.0
2022-10-12 15:24:58,293 [WARN] PackLoader:238 - Cannot read IP mode file for STMicroelectronics.X-CUBE-EEPRMA1.3.1.1
2022-10-12 15:24:58,293 [INFO] ThirdParty:915 - Integrity check success = true
2022-10-12 15:24:58,293 [INFO] IntegrityCheckThread:94 - exiting critical section [integrity check]
2022-10-12 15:24:58,293 [INFO] IntegrityCheckThread:97 - End integrity checks thread
2022-10-12 15:24:59,158 [INFO] Context:592 - Trying to add GPIOservice into a context  which must be forbidden
2022-10-12 15:24:59,428 [INFO] ImportTextPane:167 - (OptionalMessage_ERROR) Unable to find key (Mcu.ThirdPartyNb) in loaded IOC file
2022-10-12 15:24:59,428 [INFO] ImportTextPane:167 - (OptionalMessage_ERROR) Unable to find key (Mcu.PinsNb) in loaded IOC file
2022-10-12 15:24:59,428 [INFO] ImportTextPane:167 - (OptionalMessage_ERROR) Unable to find key (Mcu.IPNb) in loaded IOC file
2022-10-12 15:24:59,491 [WARN] ApiManager:304 - Cannot register API 'Board Extension:GNSS1A1' from pack STMicroelectronics.X-CUBE-GNSS1.6.0.0: no header file found
2022-10-12 15:24:59,491 [WARN] ApiManager:304 - Cannot register API 'Board Support:Custom' from pack STMicroelectronics.X-CUBE-GNSS1.6.0.0: no header file found
2022-10-12 15:24:59,491 [WARN] ApiManager:304 - Cannot register API 'Data Exchange:lib_gnss' from pack STMicroelectronics.X-CUBE-GNSS1.6.0.0: no header file found
2022-10-12 15:24:59,507 [WARN] ModelIntegratedComponent:60 - No mode defined for component null
2022-10-12 15:24:59,507 [WARN] ModelIntegratedComponent:60 - No mode defined for component null
2022-10-12 15:24:59,507 [WARN] ModelIntegratedComponent:60 - No mode defined for component null
2022-10-12 15:24:59,507 [WARN] ModelIntegratedComponent:60 - No mode defined for component null
2022-10-12 15:24:59,507 [WARN] ModelIntegratedComponent:60 - No mode defined for component null
2022-10-12 15:24:59,507 [WARN] ModelIntegratedComponent:60 - No mode defined for component null
2022-10-12 15:24:59,507 [WARN] ModelIntegratedComponent:60 - No mode defined for component null
2022-10-12 15:24:59,507 [WARN] ModelIntegratedComponent:60 - No mode defined for component null
2022-10-12 15:24:59,507 [WARN] ModelIntegratedComponent:60 - No mode defined for component null
2022-10-12 15:24:59,507 [WARN] ModelIntegratedComponent:60 - No mode defined for component null
2022-10-12 15:24:59,507 [WARN] ModelIntegratedComponent:60 - No mode defined for component null
2022-10-12 15:24:59,507 [WARN] ModelIntegratedComponent:60 - No mode defined for component null
2022-10-12 15:24:59,507 [WARN] ModelIntegratedComponent:60 - No mode defined for component null
2022-10-12 15:24:59,507 [WARN] ModelIntegratedComponent:60 - No mode defined for component null
2022-10-12 15:24:59,507 [WARN] ModelIntegratedComponent:60 - No mode defined for component null
2022-10-12 15:24:59,507 [WARN] ModelIntegratedComponent:60 - No mode defined for component null
2022-10-12 15:24:59,507 [WARN] ModelIntegratedComponent:60 - No mode defined for component null
2022-10-12 15:24:59,507 [WARN] ModelIntegratedComponent:60 - No mode defined for component null
2022-10-12 15:24:59,507 [WARN] ModelIntegratedComponent:60 - No mode defined for component null
2022-10-12 15:24:59,507 [WARN] ModelIntegratedComponent:60 - No mode defined for component null
2022-10-12 15:24:59,507 [WARN] ModelIntegratedComponent:60 - No mode defined for component null
2022-10-12 15:24:59,507 [WARN] ModelIntegratedComponent:60 - No mode defined for component null
2022-10-12 15:24:59,507 [WARN] ModelIntegratedComponent:60 - No mode defined for component null
2022-10-12 15:24:59,507 [WARN] ModelIntegratedComponent:60 - No mode defined for component null
2022-10-12 15:24:59,507 [WARN] ModelIntegratedComponent:60 - No mode defined for component null
2022-10-12 15:24:59,507 [WARN] ModelIntegratedComponent:60 - No mode defined for component null
2022-10-12 15:24:59,507 [WARN] ModelIntegratedComponent:60 - No mode defined for component null
2022-10-12 15:24:59,507 [WARN] ModelIntegratedComponent:60 - No mode defined for component null
2022-10-12 15:24:59,507 [WARN] ModelIntegratedComponent:60 - No mode defined for component null
2022-10-12 15:24:59,507 [WARN] ModelIntegratedComponent:60 - No mode defined for component null
2022-10-12 15:24:59,507 [WARN] ModelIntegratedComponent:60 - No mode defined for component null
2022-10-12 15:24:59,507 [WARN] ApiManager:304 - Cannot register API 'Board Extension:NFC07A1' from pack STMicroelectronics.X-CUBE-NFC7.1.0.0: no header file found
2022-10-12 15:24:59,632 [WARN] ApiManager:304 - Cannot register API 'Board Extension:IKS01A3' from pack STMicroelectronics.X-CUBE-MEMS1.9.3.0: no header file found
2022-10-12 15:24:59,632 [WARN] ApiManager:304 - Cannot register API 'Board Extension:IKS01A2' from pack STMicroelectronics.X-CUBE-MEMS1.9.3.0: no header file found
2022-10-12 15:24:59,632 [WARN] ApiManager:304 - Cannot register API 'Board Extension:IKS02A1' from pack STMicroelectronics.X-CUBE-MEMS1.9.3.0: no header file found
2022-10-12 15:24:59,648 [WARN] ApiManager:304 - Cannot register API 'Wireless:BlueNRG-MS' from pack STMicroelectronics.X-CUBE-BLE1.6.2.3: no header file found
2022-10-12 15:24:59,648 [INFO] RtosManager:484 - Registered RTOS mode: class=CMSIS, group=RTOS, mode=CMSIS_V1, owner=FREERTOS
2022-10-12 15:24:59,648 [INFO] RtosManager:484 - Registered RTOS mode: class=CMSIS, group=RTOS2, mode=CMSIS_V2, owner=FREERTOS
2022-10-12 15:24:59,648 [INFO] RtosManager:484 - Registered RTOS mode: class=RTOS, group=Core, mode=CMSIS_V1, owner=FREERTOS
2022-10-12 15:24:59,648 [INFO] RtosManager:484 - Registered RTOS mode: class=RTOS, group=Core, mode=CMSIS_V2, owner=FREERTOS
2022-10-12 15:24:59,648 [WARN] ModelIntegratedComponent:181 - Missing modes for component STMicroelectronics:FreeRTOS:0.0.1:STMicroelectronics:RTOS:FreeRTOS:Core:::10.2.0:
2022-10-12 15:24:59,648 [WARN] ApiManager:304 - Cannot register API 'Board Extension:S2868A1' from pack STMicroelectronics.X-CUBE-SUBG2.5.0.0: no header file found
2022-10-12 15:24:59,648 [WARN] ApiManager:304 - Cannot register API 'Board Extension:S2868A2' from pack STMicroelectronics.X-CUBE-SUBG2.5.0.0: no header file found
2022-10-12 15:24:59,648 [WARN] ApiManager:304 - Cannot register API 'Board Extension:S2915A1' from pack STMicroelectronics.X-CUBE-SUBG2.5.0.0: no header file found
2022-10-12 15:24:59,664 [WARN] ApiManager:304 - Cannot register API 'Board Extension:EEPRMA1' from pack STMicroelectronics.X-CUBE-EEPRMA1.3.1.1: no header file found
2022-10-12 15:24:59,664 [WARN] ApiManager:304 - Cannot register API 'Board Extension:EEPRMA2' from pack STMicroelectronics.X-CUBE-EEPRMA1.3.1.1: no header file found
2022-10-12 15:24:59,664 [WARN] ApiManager:304 - Cannot register API 'Board Extension:S2868A1' from pack STMicroelectronics.X-CUBE-SFXS2LP1.4.0.0: no header file found
2022-10-12 15:24:59,664 [WARN] ApiManager:304 - Cannot register API 'Board Extension:S2868A2' from pack STMicroelectronics.X-CUBE-SFXS2LP1.4.0.0: no header file found
2022-10-12 15:24:59,664 [WARN] ApiManager:304 - Cannot register API 'Board Extension:S2915A1' from pack STMicroelectronics.X-CUBE-SFXS2LP1.4.0.0: no header file found
2022-10-12 15:24:59,664 [WARN] ApiManager:304 - Cannot register API 'Wireless:BlueNRG-2' from pack STMicroelectronics.X-CUBE-BLE2.3.3.0: no header file found
2022-10-12 15:24:59,664 [WARN] ApiManager:304 - Cannot register API 'Board Extension:NFC04A1' from pack STMicroelectronics.X-CUBE-NFC4.2.0.4: no header file found
2022-10-12 15:25:00,852 [INFO] UtilMem:74 - End LoadConfig() Used Memory: 437311224 Bytes (930086912)
2022-10-12 15:25:00,852 [WARN] ThirdParty:779 - waiting for thirdparty lock release [change project]
2022-10-12 15:25:00,852 [INFO] ThirdParty:781 - entering critical section [change project]
2022-10-12 15:25:00,852 [INFO] ThirdParty:967 - CMSIS Pack Vendor :RoweBots I-CUBE-UNISONRTOS 5.5.0-4
2022-10-12 15:25:00,852 [INFO] ThirdParty:967 - CMSIS Pack Vendor :STMicroelectronics X-CUBE-GNSS1 6.0.0
2022-10-12 15:25:00,852 [INFO] ThirdParty:967 - CMSIS Pack Vendor :STMicroelectronics X-CUBE-AZRTOS-H7 2.1.0
2022-10-12 15:25:00,852 [INFO] ThirdParty:967 - CMSIS Pack Vendor :STMicroelectronics USB_HOST 2.0.0
2022-10-12 15:25:00,852 [INFO] ThirdParty:967 - CMSIS Pack Vendor :STMicroelectronics X-CUBE-AZRTOS-F4 1.1.0
2022-10-12 15:25:00,852 [INFO] ThirdParty:967 - CMSIS Pack Vendor :STMicroelectronics X-CUBE-AZRTOS-G4 1.0.0
2022-10-12 15:25:00,852 [INFO] ThirdParty:967 - CMSIS Pack Vendor :STMicroelectronics X-CUBE-AZRTOS-L4 1.0.0
2022-10-12 15:25:00,868 [INFO] ThirdParty:967 - CMSIS Pack Vendor :STMicroelectronics USB_DEVICE 3.0.0
2022-10-12 15:25:00,868 [INFO] ThirdParty:967 - CMSIS Pack Vendor :wolfSSL I-CUBE-wolfSSL 5.5.0
2022-10-12 15:25:00,868 [INFO] ThirdParty:967 - CMSIS Pack Vendor :STMicroelectronics HAL Drivers 0.0.0
2022-10-12 15:25:00,868 [INFO] ThirdParty:967 - CMSIS Pack Vendor :STMicroelectronics MBEDTLS 2.16.2
2022-10-12 15:25:00,868 [INFO] ThirdParty:967 - CMSIS Pack Vendor :emotas I-CUBE-CANOPEN 1.1.2
2022-10-12 15:25:00,868 [INFO] ThirdParty:967 - CMSIS Pack Vendor :STMicroelectronics X-CUBE-TOUCHGFX 4.20.0
2022-10-12 15:25:00,868 [INFO] ThirdParty:967 - CMSIS Pack Vendor :STMicroelectronics MBEDTLS 2.14.1
2022-10-12 15:25:00,868 [INFO] ThirdParty:967 - CMSIS Pack Vendor :STMicroelectronics X-CUBE-NFC7 1.0.0
2022-10-12 15:25:00,868 [INFO] ThirdParty:967 - CMSIS Pack Vendor :STMicroelectronics X-CUBE-BLEMGR 1.0.0
2022-10-12 15:25:00,868 [INFO] ThirdParty:967 - CMSIS Pack Vendor :STMicroelectronics X-CUBE-AZRTOS-WL 1.0.0
2022-10-12 15:25:00,868 [INFO] ThirdParty:967 - CMSIS Pack Vendor :STMicroelectronics X-CUBE-AZRTOS-F7 1.1.0
2022-10-12 15:25:00,868 [INFO] ThirdParty:967 - CMSIS Pack Vendor :STMicroelectronics X-CUBE-MEMS1 9.3.0
2022-10-12 15:25:00,868 [INFO] ThirdParty:967 - CMSIS Pack Vendor :portGmbH I-Cube-SoM-uGOAL 1.1.0
2022-10-12 15:25:00,868 [INFO] ThirdParty:967 - CMSIS Pack Vendor :STMicroelectronics X-CUBE-ALS 1.0.1
2022-10-12 15:25:00,868 [INFO] ThirdParty:967 - CMSIS Pack Vendor :STMicroelectronics USB_DEVICE 2.0.0
2022-10-12 15:25:00,868 [INFO] ThirdParty:967 - CMSIS Pack Vendor :STMicroelectronics X-CUBE-AI 7.2.0
2022-10-12 15:25:00,868 [INFO] ThirdParty:967 - CMSIS Pack Vendor :STMicroelectronics X-CUBE-BLE1 6.2.3
2022-10-12 15:25:00,868 [INFO] ThirdParty:967 - CMSIS Pack Vendor :STMicroelectronics X-CUBE-ALGOBUILD 1.3.0
2022-10-12 15:25:00,868 [INFO] ThirdParty:967 - CMSIS Pack Vendor :STMicroelectronics X-CUBE-AZRTOS-L5 1.0.0
2022-10-12 15:25:00,868 [INFO] ThirdParty:967 - CMSIS Pack Vendor :STMicroelectronics FreeRTOS 0.0.1
2022-10-12 15:25:00,868 [INFO] ThirdParty:967 - CMSIS Pack Vendor :STMicroelectronics X-CUBE-AZRTOS-G0 1.1.0
2022-10-12 15:25:00,868 [INFO] ThirdParty:967 - CMSIS Pack Vendor :STMicroelectronics USB_DEVICE 1.0.0
2022-10-12 15:25:00,868 [INFO] ThirdParty:967 - CMSIS Pack Vendor :STMicroelectronics X-CUBE-SUBG2 5.0.0
2022-10-12 15:25:00,868 [INFO] ThirdParty:967 - CMSIS Pack Vendor :SEGGER I-CUBE-embOS 1.2.0
2022-10-12 15:25:00,868 [INFO] ThirdParty:967 - CMSIS Pack Vendor :STMicroelectronics X-CUBE-EEPRMA1 3.1.1
2022-10-12 15:25:00,868 [INFO] ThirdParty:967 - CMSIS Pack Vendor :STMicroelectronics ThreadX 0.0.2
2022-10-12 15:25:00,868 [INFO] ThirdParty:967 - CMSIS Pack Vendor :STMicroelectronics lwIP 2.0.3
2022-10-12 15:25:00,868 [INFO] ThirdParty:967 - CMSIS Pack Vendor :STMicroelectronics lwIP 2.1.2
2022-10-12 15:25:00,868 [INFO] ThirdParty:967 - CMSIS Pack Vendor :STMicroelectronics X-CUBE-SFXS2LP1 4.0.0
2022-10-12 15:25:00,868 [INFO] ThirdParty:967 - CMSIS Pack Vendor :STMicroelectronics X-CUBE-BLE2 3.3.0
2022-10-12 15:25:00,868 [INFO] ThirdParty:967 - CMSIS Pack Vendor :STMicroelectronics X-CUBE-NFC4 2.0.4
2022-10-12 15:25:00,868 [INFO] ThirdParty:967 - CMSIS Pack Vendor :STMicroelectronics USB_HOST 1.0.0
2022-10-12 15:25:00,868 [INFO] ThirdParty:967 - CMSIS Pack Vendor :STMicroelectronics X-CUBE-DISPLAY 2.2.0
2022-10-12 15:25:00,868 [INFO] ThirdParty:967 - CMSIS Pack Vendor :STMicroelectronics PDM2PCM 3.1.0
2022-10-12 15:25:00,868 [INFO] ThirdParty:967 - CMSIS Pack Vendor :STMicroelectronics FP-ATR-ASTRA1 1.1.1
2022-10-12 15:25:00,868 [INFO] ThirdParty:967 - CMSIS Pack Vendor :STMicroelectronics PDM2PCM 3.2.0
2022-10-12 15:25:00,868 [INFO] ThirdParty:967 - CMSIS Pack Vendor :STMicroelectronics PDM2PCM 3.3.0
2022-10-12 15:25:00,868 [INFO] ThirdParty:967 - CMSIS Pack Vendor :STMicroelectronics X-CUBE-TOF1 3.1.0
2022-10-12 15:25:00,868 [INFO] ThirdParty:967 - CMSIS Pack Vendor :STMicroelectronics X-CUBE-ISPU 1.0.0
2022-10-12 15:25:00,868 [INFO] ThirdParty:787 - exiting critical section [change project]
2022-10-12 15:25:01,085 [INFO] PinOutPanel:1463 - setPackage(No Configuration,No Configuration)
2022-10-12 15:25:01,085 [INFO] PinOutPanel:1463 - setPackage(STM32F103C6Ux,UFQFPN48)
2022-10-12 15:25:01,504 [INFO] UtilMem:74 - Before build in PCC Used Memory: 439191552 Bytes (930086912)
2022-10-12 15:25:02,148 [INFO] UtilMem:74 - After build in PCC Used Memory: 517308416 Bytes (930086912)
2022-10-12 15:25:02,160 [INFO] IPUIPlugin:74 - create IPUIPlugin
2022-10-12 15:25:02,160 [INFO] IPUIPlugin:74 - create IPUIPlugin
2022-10-12 15:25:02,160 [INFO] IPUIPlugin:74 - create IPUIPlugin
2022-10-12 15:25:02,160 [INFO] IPUIPlugin:74 - create IPUIPlugin
2022-10-12 15:25:02,160 [INFO] IPUIPlugin:74 - create IPUIPlugin
2022-10-12 15:25:02,160 [INFO] IPUIPlugin:74 - create IPUIPlugin
2022-10-12 15:25:02,160 [INFO] IPUIPlugin:74 - create IPUIPlugin
2022-10-12 15:25:02,160 [INFO] IPUIPlugin:74 - create IPUIPlugin
2022-10-12 15:25:02,160 [INFO] IPUIPlugin:74 - create IPUIPlugin
2022-10-12 15:25:02,160 [INFO] IPUIPlugin:74 - create IPUIPlugin
2022-10-12 15:25:02,160 [INFO] IPUIPlugin:74 - create IPUIPlugin
2022-10-12 15:25:02,160 [INFO] IPUIPlugin:74 - create IPUIPlugin
2022-10-12 15:25:02,160 [INFO] IPUIPlugin:74 - create IPUIPlugin
2022-10-12 15:25:02,160 [INFO] IPUIPlugin:74 - create IPUIPlugin
2022-10-12 15:25:02,160 [INFO] IPUIPlugin:74 - create IPUIPlugin
2022-10-12 15:25:02,160 [INFO] IPUIPlugin:74 - create IPUIPlugin
2022-10-12 15:25:02,160 [INFO] IPUIPlugin:74 - create IPUIPlugin
2022-10-12 15:25:02,160 [INFO] IPUIPlugin:74 - create IPUIPlugin
2022-10-12 15:25:02,160 [INFO] IPUIPlugin:74 - create IPUIPlugin
2022-10-12 15:25:02,160 [INFO] IPUIPlugin:74 - create IPUIPlugin
2022-10-12 15:25:02,160 [INFO] IPUIPlugin:74 - create IPUIPlugin
2022-10-12 15:25:02,160 [INFO] IPUIPlugin:74 - create IPUIPlugin
2022-10-12 15:25:02,160 [INFO] IPUIPlugin:74 - create IPUIPlugin
2022-10-12 15:25:02,287 [INFO] OpenFileManager:333 - Restore cursor
2022-10-12 15:25:02,556 [INFO] UtilMem:74 - End SaveConfig() Used Memory: 582033672 Bytes (930086912)
2022-10-12 15:25:02,605 [INFO] UtilMem:74 - End SaveConfig() Used Memory: 594380800 Bytes (930086912)
2022-10-12 15:25:02,877 [INFO] BlockDiagram:2740 - set Specific Code input for plugin: NVIC
2022-10-12 15:25:02,877 [INFO] BlockDiagram:2740 - set Specific Code input for plugin: SYS
2022-10-12 15:25:02,877 [INFO] BlockDiagram:2740 - set Specific Code input for plugin: RCC
2022-10-12 15:25:02,877 [INFO] CodeGenerator:663 - code generatio: config db path: C:\ST\STM32CubeIDE_1.7.0\STM32CubeIDE\plugins\com.st.stm32cube.common.mx_6.3.0.202107141111\\db\
2022-10-12 15:25:03,180 [INFO] CodeEngine:239 - oldGeneratedFile, C:\GIT Projects\MCU TEST\Lab2\Ex5\STM\Lab2_Ex5\MXTmpFiles\license.tmp_save
2022-10-12 15:25:03,489 [INFO] CodeEngine:257 - Generated code: C:\GIT Projects\MCU TEST\Lab2\Ex5\STM\Lab2_Ex5\MXTmpFiles\license.tmp
2022-10-12 15:25:03,592 [INFO] CodeEngine:239 - oldGeneratedFile, C:\GIT Projects\MCU TEST\Lab2\Ex5\STM\Lab2_Ex5\Core\Src\stm32f1xx_it.c_save
2022-10-12 15:25:03,714 [INFO] CodeEngine:257 - Generated code: C:\GIT Projects\MCU TEST\Lab2\Ex5\STM\Lab2_Ex5\Core\Src\stm32f1xx_it.c
2022-10-12 15:25:03,730 [INFO] CodeEngine:239 - oldGeneratedFile, C:\GIT Projects\MCU TEST\Lab2\Ex5\STM\Lab2_Ex5\Core\Inc\stm32f1xx_it.h_save
2022-10-12 15:25:03,802 [INFO] CodeEngine:257 - Generated code: C:\GIT Projects\MCU TEST\Lab2\Ex5\STM\Lab2_Ex5\Core\Inc\stm32f1xx_it.h
2022-10-12 15:25:03,812 [INFO] CodeEngine:239 - oldGeneratedFile, C:\GIT Projects\MCU TEST\Lab2\Ex5\STM\Lab2_Ex5\Core\Src\stm32f1xx_hal_msp.c_save
2022-10-12 15:25:03,909 [INFO] CodeEngine:257 - Generated code: C:\GIT Projects\MCU TEST\Lab2\Ex5\STM\Lab2_Ex5\Core\Src\stm32f1xx_hal_msp.c
2022-10-12 15:25:03,909 [INFO] CodeEngine:239 - oldGeneratedFile, C:\GIT Projects\MCU TEST\Lab2\Ex5\STM\Lab2_Ex5\MXTmpFiles\system.tmp_save
2022-10-12 15:25:03,980 [INFO] CodeEngine:257 - Generated code: C:\GIT Projects\MCU TEST\Lab2\Ex5\STM\Lab2_Ex5\MXTmpFiles\system.tmp
2022-10-12 15:25:03,995 [INFO] CodeEngine:239 - oldGeneratedFile, C:\GIT Projects\MCU TEST\Lab2\Ex5\STM\Lab2_Ex5\Core\Inc\stm32f1xx_hal_conf.h_save
2022-10-12 15:25:04,060 [INFO] CodeEngine:257 - Generated code: C:\GIT Projects\MCU TEST\Lab2\Ex5\STM\Lab2_Ex5\Core\Inc\stm32f1xx_hal_conf.h
2022-10-12 15:25:04,100 [INFO] CodeEngine:239 - oldGeneratedFile, C:\GIT Projects\MCU TEST\Lab2\Ex5\STM\Lab2_Ex5\Core\Inc\main.h_save
2022-10-12 15:25:04,197 [INFO] CodeEngine:257 - Generated code: C:\GIT Projects\MCU TEST\Lab2\Ex5\STM\Lab2_Ex5\Core\Inc\main.h
2022-10-12 15:25:04,197 [INFO] CodeEngine:239 - oldGeneratedFile, C:\GIT Projects\MCU TEST\Lab2\Ex5\STM\Lab2_Ex5\Core\Src\main.c_save
2022-10-12 15:25:04,314 [INFO] CodeEngine:257 - Generated code: C:\GIT Projects\MCU TEST\Lab2\Ex5\STM\Lab2_Ex5\Core\Src\main.c
2022-10-12 15:25:05,530 [INFO] ProjectBuilder:2578 - Time for Copy HAL[1] : 441mS.
2022-10-12 15:25:05,533 [INFO] ProjectBuilder:3622 - Project Generator version: 3.14.1
2022-10-12 15:25:05,996 [INFO] ConfigFileManager:1271 - The Die is : DIE412
2022-10-12 15:25:06,034 [INFO] ApiDbMcu:468 - Load IP Config File for FATFS
2022-10-12 15:25:06,066 [INFO] ApiDbMcu:468 - Load IP Config File for FREERTOS
2022-10-12 15:25:06,097 [INFO] ApiDbMcu:468 - Load IP Config File for USB_DEVICE
2022-10-12 15:25:10,746 [INFO] ProjectBuilder:3789 - Time for Generating toolchain IDE Files: 5213mS.
2022-10-12 15:25:10,746 [INFO] ProjectBuilder:2457 - Time for Copy CMSIS : 0mS.
2022-10-12 15:25:10,746 [INFO] ProjectBuilder:2457 - Time for Copy CMSIS : 0mS.
2022-10-12 15:25:11,387 [INFO] McuFinderGlobals:52 - Set McuFinderConnectedMode to true
2022-10-12 15:25:11,387 [INFO] ApiDb:276 - Save user favorites file C:\Users\A.Tuan/.stm32cubeide/favorites.mcus.txt: 0 item(s)
2022-10-12 15:25:11,387 [INFO] ApiDb:280 - User favorites MCUs=[]
2022-10-12 15:30:42,868 [INFO] NvicIntPanel:96 - NVIC parent = com.st.microxplorer.plugins.ip.nvic.MultiNvicIntPanel[,0,0,0x0,invalid,layout=javax.swing.BoxLayout,alignmentX=0.0,alignmentY=0.0,border=,flags=9,maximumSize=,minimumSize=,preferredSize=]
2022-10-12 15:30:44,317 [INFO] NvicIntPanel:96 - NVIC parent = com.st.microxplorer.plugins.ip.nvic.MultiNvicIntPanel[,0,0,0x0,invalid,layout=javax.swing.BoxLayout,alignmentX=0.0,alignmentY=0.0,border=,flags=9,maximumSize=,minimumSize=,preferredSize=]
2022-10-12 15:30:56,605 [INFO] Gpio:254 - dependency for GPIO []
2022-10-12 15:31:09,161 [INFO] UtilMem:74 - End SaveConfig() Used Memory: 538419176 Bytes (930086912)
2022-10-12 15:31:09,712 [INFO] UtilMem:74 - End SaveConfig() Used Memory: 559134976 Bytes (930086912)
2022-10-12 15:31:11,682 [INFO] UtilMem:74 - End SaveConfig() Used Memory: 743684416 Bytes (930086912)
2022-10-12 15:31:11,918 [INFO] BlockDiagram:2740 - set Specific Code input for plugin: NVIC
2022-10-12 15:31:11,918 [INFO] BlockDiagram:2740 - set Specific Code input for plugin: SYS
2022-10-12 15:31:11,919 [INFO] BlockDiagram:2740 - set Specific Code input for plugin: GPIO
2022-10-12 15:31:11,919 [INFO] BlockDiagram:2740 - set Specific Code input for plugin: RCC
2022-10-12 15:31:11,919 [INFO] BlockDiagram:2740 - set Specific Code input for plugin: TIM1_8F1
2022-10-12 15:31:11,921 [INFO] CodeGenerator:663 - code generatio: config db path: C:\ST\STM32CubeIDE_1.7.0\STM32CubeIDE\plugins\com.st.stm32cube.common.mx_6.3.0.202107141111\\db\
2022-10-12 15:31:12,250 [INFO] CodeEngine:239 - oldGeneratedFile, C:\GIT Projects\MCU TEST\Lab2\Ex5\STM\Lab2_Ex5\MXTmpFiles\license.tmp_save
2022-10-12 15:31:12,340 [INFO] CodeEngine:257 - Generated code: C:\GIT Projects\MCU TEST\Lab2\Ex5\STM\Lab2_Ex5\MXTmpFiles\license.tmp
2022-10-12 15:31:12,407 [INFO] CodeEngine:239 - oldGeneratedFile, C:\GIT Projects\MCU TEST\Lab2\Ex5\STM\Lab2_Ex5\MXTmpFiles\gpio.tmp_save
2022-10-12 15:31:12,468 [INFO] CodeEngine:257 - Generated code: C:\GIT Projects\MCU TEST\Lab2\Ex5\STM\Lab2_Ex5\MXTmpFiles\gpio.tmp
2022-10-12 15:31:12,617 [INFO] CodeEngine:239 - oldGeneratedFile, C:\GIT Projects\MCU TEST\Lab2\Ex5\STM\Lab2_Ex5\Core\Src\stm32f1xx_it.c_save
2022-10-12 15:31:12,706 [INFO] CodeEngine:257 - Generated code: C:\GIT Projects\MCU TEST\Lab2\Ex5\STM\Lab2_Ex5\Core\Src\stm32f1xx_it.c
2022-10-12 15:31:12,712 [INFO] CodeEngine:239 - oldGeneratedFile, C:\GIT Projects\MCU TEST\Lab2\Ex5\STM\Lab2_Ex5\Core\Inc\stm32f1xx_it.h_save
2022-10-12 15:31:12,775 [INFO] CodeEngine:257 - Generated code: C:\GIT Projects\MCU TEST\Lab2\Ex5\STM\Lab2_Ex5\Core\Inc\stm32f1xx_it.h
2022-10-12 15:31:12,792 [INFO] CodeEngine:239 - oldGeneratedFile, C:\GIT Projects\MCU TEST\Lab2\Ex5\STM\Lab2_Ex5\Core\Src\stm32f1xx_hal_msp.c_save
2022-10-12 15:31:12,876 [INFO] CodeEngine:257 - Generated code: C:\GIT Projects\MCU TEST\Lab2\Ex5\STM\Lab2_Ex5\Core\Src\stm32f1xx_hal_msp.c
2022-10-12 15:31:12,887 [INFO] CodeEngine:239 - oldGeneratedFile, C:\GIT Projects\MCU TEST\Lab2\Ex5\STM\Lab2_Ex5\MXTmpFiles\system.tmp_save
2022-10-12 15:31:12,966 [INFO] CodeEngine:257 - Generated code: C:\GIT Projects\MCU TEST\Lab2\Ex5\STM\Lab2_Ex5\MXTmpFiles\system.tmp
2022-10-12 15:31:12,985 [INFO] CodeEngine:239 - oldGeneratedFile, C:\GIT Projects\MCU TEST\Lab2\Ex5\STM\Lab2_Ex5\Core\Inc\stm32f1xx_hal_conf.h_save
2022-10-12 15:31:13,058 [INFO] CodeEngine:257 - Generated code: C:\GIT Projects\MCU TEST\Lab2\Ex5\STM\Lab2_Ex5\Core\Inc\stm32f1xx_hal_conf.h
2022-10-12 15:31:13,089 [WARN] IPConfigManager:3148 - IP not found : TIM
2022-10-12 15:31:13,091 [WARN] CodeGenerator:3268 - IP not found : null
2022-10-12 15:31:13,116 [INFO] CodeEngine:239 - oldGeneratedFile, C:\GIT Projects\MCU TEST\Lab2\Ex5\STM\Lab2_Ex5\Core\Inc\main.h_save
2022-10-12 15:31:13,217 [INFO] CodeEngine:257 - Generated code: C:\GIT Projects\MCU TEST\Lab2\Ex5\STM\Lab2_Ex5\Core\Inc\main.h
2022-10-12 15:31:13,221 [INFO] CodeEngine:239 - oldGeneratedFile, C:\GIT Projects\MCU TEST\Lab2\Ex5\STM\Lab2_Ex5\Core\Src\main.c_save
2022-10-12 15:31:13,349 [INFO] CodeEngine:257 - Generated code: C:\GIT Projects\MCU TEST\Lab2\Ex5\STM\Lab2_Ex5\Core\Src\main.c
2022-10-12 15:31:13,930 [INFO] ProjectBuilder:2578 - Time for Copy HAL[1] : 94mS.
2022-10-12 15:31:13,930 [INFO] ProjectBuilder:3622 - Project Generator version: 3.14.1
2022-10-12 15:31:14,373 [INFO] ConfigFileManager:1271 - The Die is : DIE412
2022-10-12 15:31:16,170 [INFO] ProjectBuilder:3789 - Time for Generating toolchain IDE Files: 2240mS.
2022-10-12 15:31:16,175 [INFO] ProjectBuilder:2457 - Time for Copy CMSIS : 5mS.
2022-10-12 15:31:16,175 [INFO] ProjectBuilder:2457 - Time for Copy CMSIS : 0mS.
