2022-10-12 13:48:47,382 [INFO] Activator:177 - 


2022-10-12 13:48:47,382 [INFO] Activator:178 - !SESSION log4j initialized
2022-10-12 13:49:09,468 [INFO] McuFinderGlobals:39 - Set McuFinder mode to 2 (CubeIDE integrated)
2022-10-12 13:49:09,706 [INFO] ApplicationProperties:181 - Using Application install path: C:\ST\STM32CubeIDE_1.7.0\STM32CubeIDE\plugins\com.st.stm32cube.common.mx_6.3.0.202107141111
2022-10-12 13:49:09,722 [INFO] DbMcusXml:74 - Set database path to: C:\ST\STM32CubeIDE_1.7.0\STM32CubeIDE\plugins\com.st.stm32cube.common.mx_6.3.0.202107141111\\db\/mcu/
2022-10-12 13:49:09,722 [INFO] DbBoardsPdsc:56 - Set plugin database path to: C:\ST\STM32CubeIDE_1.7.0\STM32CubeIDE\plugins\com.st.stm32cube.common.mx_6.3.0.202107141111\\db\/plugins/boardmanager/
2022-10-12 13:49:09,737 [INFO] DbMcus:258 - Set plugin images path to: C:\ST\STM32CubeIDE_1.7.0\STM32CubeIDE\plugins\com.st.stm32cube.common.mx_6.3.0.202107141111\\db\/plugins/mcufinder/images/
2022-10-12 13:49:09,737 [INFO] DbBoards:264 - Set plugin images path to: C:\ST\STM32CubeIDE_1.7.0\STM32CubeIDE\plugins\com.st.stm32cube.common.mx_6.3.0.202107141111\\db\/plugins/mcufinder/images/
2022-10-12 13:49:09,737 [INFO] DbExamples:333 - Set plugin images path to: C:\ST\STM32CubeIDE_1.7.0\STM32CubeIDE\plugins\com.st.stm32cube.common.mx_6.3.0.202107141111\\db\/plugins/mcufinder/images/
2022-10-12 13:49:09,737 [INFO] DbMcusAds:119 - Set database path to: C:\Users\A.Tuan\.stmcufinder\plugins\mcufinder//mcu/
2022-10-12 13:49:09,753 [INFO] DbMcusDocs:110 - Set database path to: C:\Users\A.Tuan\.stmcufinder\plugins\mcufinder//mcu/
2022-10-12 13:49:09,753 [INFO] DbMcusJson:64 - Set database path to: C:\Users\A.Tuan\.stmcufinder\plugins\mcufinder//mcu/
2022-10-12 13:49:09,753 [INFO] DbBoardsDocs:110 - Set database path to: C:\Users\A.Tuan\.stmcufinder\plugins\mcufinder//mcu/
2022-10-12 13:49:09,753 [INFO] DbBoardsJson:57 - Set database path to: C:\Users\A.Tuan\.stmcufinder\plugins\mcufinder//mcu/
2022-10-12 13:49:09,769 [INFO] CrossReferenceDbSqlite:196 - Set database path to: C:\Users\A.Tuan\.stmcufinder\plugins\mcufinder//mcu/cs/
2022-10-12 13:49:09,769 [INFO] DbExamplesSqlite:767 - Set database path to: C:\Users\A.Tuan\.stmcufinder\plugins\mcufinder//mcu/
2022-10-12 13:49:09,894 [INFO] RulesReader:57 - Compatibility file has been processed (242 Rules)
2022-10-12 13:49:10,022 [INFO] DbMcusXml:74 - Set database path to: C:\ST\STM32CubeIDE_1.7.0\STM32CubeIDE\plugins\com.st.stm32cube.common.mx_6.3.0.202107141111\\db\/mcu/
2022-10-12 13:49:10,022 [INFO] DbBoardsPdsc:56 - Set plugin database path to: C:\ST\STM32CubeIDE_1.7.0\STM32CubeIDE\plugins\com.st.stm32cube.common.mx_6.3.0.202107141111\\db\/plugins/boardmanager/
2022-10-12 13:49:10,022 [INFO] DbMcus:258 - Set plugin images path to: C:\ST\STM32CubeIDE_1.7.0\STM32CubeIDE\plugins\com.st.stm32cube.common.mx_6.3.0.202107141111\\db\/plugins/mcufinder/images/
2022-10-12 13:49:10,022 [INFO] DbBoards:264 - Set plugin images path to: C:\ST\STM32CubeIDE_1.7.0\STM32CubeIDE\plugins\com.st.stm32cube.common.mx_6.3.0.202107141111\\db\/plugins/mcufinder/images/
2022-10-12 13:49:10,022 [INFO] DbExamples:333 - Set plugin images path to: C:\ST\STM32CubeIDE_1.7.0\STM32CubeIDE\plugins\com.st.stm32cube.common.mx_6.3.0.202107141111\\db\/plugins/mcufinder/images/
2022-10-12 13:49:10,022 [WARN] DbFile:35 - Overriding database path with different value: C:\Users\A.Tuan\.stmcufinder\plugins\mcufinder/ => C:\Users\A.Tuan\.stmcufinder\plugins\mcufinder
2022-10-12 13:49:10,022 [INFO] DbMcusAds:119 - Set database path to: C:\Users\A.Tuan\.stmcufinder\plugins\mcufinder//mcu/
2022-10-12 13:49:10,022 [WARN] DbFile:35 - Overriding database path with different value: C:\Users\A.Tuan\.stmcufinder\plugins\mcufinder/ => C:\Users\A.Tuan\.stmcufinder\plugins\mcufinder
2022-10-12 13:49:10,022 [INFO] DbMcusDocs:110 - Set database path to: C:\Users\A.Tuan\.stmcufinder\plugins\mcufinder//mcu/
2022-10-12 13:49:10,022 [WARN] DbFile:35 - Overriding database path with different value: C:\Users\A.Tuan\.stmcufinder\plugins\mcufinder/ => C:\Users\A.Tuan\.stmcufinder\plugins\mcufinder
2022-10-12 13:49:10,022 [INFO] DbMcusJson:64 - Set database path to: C:\Users\A.Tuan\.stmcufinder\plugins\mcufinder//mcu/
2022-10-12 13:49:10,022 [WARN] DbFile:35 - Overriding database path with different value: C:\Users\A.Tuan\.stmcufinder\plugins\mcufinder/ => C:\Users\A.Tuan\.stmcufinder\plugins\mcufinder
2022-10-12 13:49:10,022 [INFO] DbBoardsDocs:110 - Set database path to: C:\Users\A.Tuan\.stmcufinder\plugins\mcufinder//mcu/
2022-10-12 13:49:10,022 [WARN] DbFile:35 - Overriding database path with different value: C:\Users\A.Tuan\.stmcufinder\plugins\mcufinder/ => C:\Users\A.Tuan\.stmcufinder\plugins\mcufinder
2022-10-12 13:49:10,022 [INFO] DbBoardsJson:57 - Set database path to: C:\Users\A.Tuan\.stmcufinder\plugins\mcufinder//mcu/
2022-10-12 13:49:10,022 [WARN] DbFile:35 - Overriding database path with different value: C:\Users\A.Tuan\.stmcufinder\plugins\mcufinder/ => C:\Users\A.Tuan\.stmcufinder\plugins\mcufinder
2022-10-12 13:49:10,022 [WARN] DbFile:35 - Overriding database path with different value: C:\Users\A.Tuan\.stmcufinder\plugins\mcufinder/ => C:\Users\A.Tuan\.stmcufinder\plugins\mcufinder
2022-10-12 13:49:10,022 [INFO] CrossReferenceDbSqlite:196 - Set database path to: C:\Users\A.Tuan\.stmcufinder\plugins\mcufinder//mcu/cs/
2022-10-12 13:49:10,022 [WARN] DbFile:35 - Overriding database path with different value: C:\Users\A.Tuan\.stmcufinder\plugins\mcufinder/ => C:\Users\A.Tuan\.stmcufinder\plugins\mcufinder
2022-10-12 13:49:10,022 [INFO] DbExamplesSqlite:767 - Set database path to: C:\Users\A.Tuan\.stmcufinder\plugins\mcufinder//mcu/
2022-10-12 13:49:10,102 [INFO] MainPanel:214 - HeapMemory: 268435456
2022-10-12 13:49:10,228 [INFO] DbMcusXml:74 - Set database path to: C:\ST\STM32CubeIDE_1.7.0\STM32CubeIDE\plugins\com.st.stm32cube.common.mx_6.3.0.202107141111\\db\/mcu/
2022-10-12 13:49:10,228 [INFO] DbBoardsPdsc:56 - Set plugin database path to: C:\ST\STM32CubeIDE_1.7.0\STM32CubeIDE\plugins\com.st.stm32cube.common.mx_6.3.0.202107141111\\db\/plugins/boardmanager/
2022-10-12 13:49:10,228 [INFO] DbMcus:258 - Set plugin images path to: C:\ST\STM32CubeIDE_1.7.0\STM32CubeIDE\plugins\com.st.stm32cube.common.mx_6.3.0.202107141111\\db\/plugins/mcufinder/images/
2022-10-12 13:49:10,228 [INFO] DbBoards:264 - Set plugin images path to: C:\ST\STM32CubeIDE_1.7.0\STM32CubeIDE\plugins\com.st.stm32cube.common.mx_6.3.0.202107141111\\db\/plugins/mcufinder/images/
2022-10-12 13:49:10,228 [INFO] DbExamples:333 - Set plugin images path to: C:\ST\STM32CubeIDE_1.7.0\STM32CubeIDE\plugins\com.st.stm32cube.common.mx_6.3.0.202107141111\\db\/plugins/mcufinder/images/
2022-10-12 13:49:10,228 [WARN] DbFile:35 - Overriding database path with different value: C:\Users\A.Tuan\.stmcufinder\plugins\mcufinder/ => C:\Users\A.Tuan\.stmcufinder\plugins\mcufinder
2022-10-12 13:49:10,228 [INFO] DbMcusAds:119 - Set database path to: C:\Users\A.Tuan\.stmcufinder\plugins\mcufinder//mcu/
2022-10-12 13:49:10,228 [WARN] DbFile:35 - Overriding database path with different value: C:\Users\A.Tuan\.stmcufinder\plugins\mcufinder/ => C:\Users\A.Tuan\.stmcufinder\plugins\mcufinder
2022-10-12 13:49:10,228 [INFO] DbMcusDocs:110 - Set database path to: C:\Users\A.Tuan\.stmcufinder\plugins\mcufinder//mcu/
2022-10-12 13:49:10,228 [WARN] DbFile:35 - Overriding database path with different value: C:\Users\A.Tuan\.stmcufinder\plugins\mcufinder/ => C:\Users\A.Tuan\.stmcufinder\plugins\mcufinder
2022-10-12 13:49:10,228 [INFO] DbMcusJson:64 - Set database path to: C:\Users\A.Tuan\.stmcufinder\plugins\mcufinder//mcu/
2022-10-12 13:49:10,228 [WARN] DbFile:35 - Overriding database path with different value: C:\Users\A.Tuan\.stmcufinder\plugins\mcufinder/ => C:\Users\A.Tuan\.stmcufinder\plugins\mcufinder
2022-10-12 13:49:10,228 [INFO] DbBoardsDocs:110 - Set database path to: C:\Users\A.Tuan\.stmcufinder\plugins\mcufinder//mcu/
2022-10-12 13:49:10,228 [WARN] DbFile:35 - Overriding database path with different value: C:\Users\A.Tuan\.stmcufinder\plugins\mcufinder/ => C:\Users\A.Tuan\.stmcufinder\plugins\mcufinder
2022-10-12 13:49:10,228 [INFO] DbBoardsJson:57 - Set database path to: C:\Users\A.Tuan\.stmcufinder\plugins\mcufinder//mcu/
2022-10-12 13:49:10,228 [WARN] DbFile:35 - Overriding database path with different value: C:\Users\A.Tuan\.stmcufinder\plugins\mcufinder/ => C:\Users\A.Tuan\.stmcufinder\plugins\mcufinder
2022-10-12 13:49:10,228 [WARN] DbFile:35 - Overriding database path with different value: C:\Users\A.Tuan\.stmcufinder\plugins\mcufinder/ => C:\Users\A.Tuan\.stmcufinder\plugins\mcufinder
2022-10-12 13:49:10,228 [INFO] CrossReferenceDbSqlite:196 - Set database path to: C:\Users\A.Tuan\.stmcufinder\plugins\mcufinder//mcu/cs/
2022-10-12 13:49:10,228 [WARN] DbFile:35 - Overriding database path with different value: C:\Users\A.Tuan\.stmcufinder\plugins\mcufinder/ => C:\Users\A.Tuan\.stmcufinder\plugins\mcufinder
2022-10-12 13:49:10,228 [INFO] DbExamplesSqlite:767 - Set database path to: C:\Users\A.Tuan\.stmcufinder\plugins\mcufinder//mcu/
2022-10-12 13:49:10,272 [INFO] ApplicationProperties:181 - Using Application install path: C:\ST\STM32CubeIDE_1.7.0\STM32CubeIDE\plugins\com.st.stm32cube.common.mx_6.3.0.202107141111
2022-10-12 13:49:10,272 [INFO] PluginManage:188 - Search for loadable plugins [exclusion list=, ]
2022-10-12 13:49:10,272 [INFO] PluginManage:302 - Check plugin analytics
2022-10-12 13:49:10,430 [INFO] AnalyticsPlugin:257 - Accepted Software Licenses: 
2022-10-12 13:49:10,430 [INFO] AnalyticsPlugin:259 - Accepted CMSIS Pack Licenses: 
2022-10-12 13:49:10,430 [INFO] AnalyticsPlugin:261 - Accepted Firmware Licenses: 
2022-10-12 13:49:10,430 [INFO] PluginManage:352 - Loaded plugin analytics (category:tool,tabindex:-1)
2022-10-12 13:49:10,430 [INFO] PluginManage:302 - Check plugin clock
2022-10-12 13:49:10,445 [INFO] PluginManage:352 - Loaded plugin clock (category:base,tabindex:2)
2022-10-12 13:49:10,445 [INFO] PluginManage:302 - Check plugin ddr
2022-10-12 13:49:10,445 [INFO] PluginManage:352 - Loaded plugin ddr (category:tool,tabindex:6)
2022-10-12 13:49:10,445 [INFO] PluginManage:302 - Check plugin filemanager
2022-10-12 13:49:10,614 [INFO] PluginManage:352 - Loaded plugin filemanager (category:base,tabindex:10)
2022-10-12 13:49:10,614 [INFO] PluginManage:302 - Check plugin ipmanager
2022-10-12 13:49:10,624 [INFO] PluginManage:352 - Loaded plugin ipmanager (category:base,tabindex:5)
2022-10-12 13:49:10,624 [INFO] PluginManage:302 - Check plugin pinoutandconfiguration
2022-10-12 13:49:10,624 [INFO] PluginManage:352 - Loaded plugin pinoutandconfiguration (category:base,tabindex:1)
2022-10-12 13:49:10,624 [INFO] PluginManage:302 - Check plugin pinoutconfig
2022-10-12 13:49:10,655 [INFO] PluginManage:352 - Loaded plugin pinoutconfig (category:base,tabindex:0)
2022-10-12 13:49:10,655 [INFO] PluginManage:302 - Check plugin power
2022-10-12 13:49:10,671 [INFO] PluginManage:352 - Loaded plugin power (category:power,tabindex:4)
2022-10-12 13:49:10,671 [INFO] PluginManage:302 - Check plugin projectmanager
2022-10-12 13:49:10,689 [INFO] PluginManage:352 - Loaded plugin projectmanager (category:projectmanager,tabindex:3)
2022-10-12 13:49:10,689 [INFO] PluginManage:302 - Check plugin thirdparty
2022-10-12 13:49:10,828 [WARN] IntegrityCheckThread:78 - waiting for thirdparty lock release [integrity check]
2022-10-12 13:49:10,828 [INFO] PluginManage:352 - Loaded plugin thirdparty (category:base,tabindex:-1)
2022-10-12 13:49:10,839 [INFO] IntegrityCheckThread:80 - entering critical section [integrity check]
2022-10-12 13:49:10,839 [INFO] PluginManage:302 - Check plugin tools
2022-10-12 13:49:10,839 [INFO] ThirdPartyUpdaterWithRetryManager:66 - Updater plugin not ready yet. [1/15]
2022-10-12 13:49:10,839 [INFO] PluginManage:352 - Loaded plugin tools (category:base,tabindex:7)
2022-10-12 13:49:10,839 [INFO] PluginManage:302 - Check plugin tutovideos
2022-10-12 13:49:11,168 [INFO] PluginManage:352 - Loaded plugin tutovideos (category:base,tabindex:-1)
2022-10-12 13:49:11,169 [INFO] PluginManage:302 - Check plugin updater
2022-10-12 13:49:11,183 [INFO] PluginManage:352 - Loaded plugin updater (category:base,tabindex:12)
2022-10-12 13:49:11,183 [INFO] PluginManage:275 - PluginManage : Loaded plugins [13]
2022-10-12 13:49:11,502 [INFO] PinOutPanel:1463 - setPackage(No Configuration,No Configuration)
2022-10-12 13:49:11,654 [INFO] IPUIPlugin:74 - create IPUIPlugin
2022-10-12 13:49:11,654 [INFO] PluginManager:213 - loadIPPluginJar : add adc
2022-10-12 13:49:11,670 [INFO] IPUIPlugin:74 - create IPUIPlugin
2022-10-12 13:49:11,670 [INFO] PluginManager:213 - loadIPPluginJar : add aes
2022-10-12 13:49:11,670 [INFO] IPUIPlugin:74 - create IPUIPlugin
2022-10-12 13:49:11,670 [INFO] PluginManager:213 - loadIPPluginJar : add can
2022-10-12 13:49:11,670 [INFO] IPUIPlugin:74 - create IPUIPlugin
2022-10-12 13:49:11,670 [INFO] PluginManager:213 - loadIPPluginJar : add comp
2022-10-12 13:49:11,678 [INFO] IPUIPlugin:74 - create IPUIPlugin
2022-10-12 13:49:11,678 [INFO] PluginManager:213 - loadIPPluginJar : add cryp
2022-10-12 13:49:11,681 [INFO] IPUIPlugin:74 - create IPUIPlugin
2022-10-12 13:49:11,681 [INFO] PluginManager:213 - loadIPPluginJar : add dfsdm
2022-10-12 13:49:11,681 [INFO] IPUIPlugin:74 - create IPUIPlugin
2022-10-12 13:49:11,681 [INFO] PluginManager:213 - loadIPPluginJar : add dma
2022-10-12 13:49:11,681 [INFO] IPUIPlugin:74 - create IPUIPlugin
2022-10-12 13:49:11,681 [INFO] PluginManager:213 - loadIPPluginJar : add dma3
2022-10-12 13:49:11,681 [INFO] IPUIPlugin:74 - create IPUIPlugin
2022-10-12 13:49:11,681 [INFO] PluginManager:213 - loadIPPluginJar : add fatfs
2022-10-12 13:49:11,702 [INFO] IPUIPlugin:74 - create IPUIPlugin
2022-10-12 13:49:11,702 [INFO] PluginManager:213 - loadIPPluginJar : add fmc
2022-10-12 13:49:11,704 [INFO] IPUIPlugin:74 - create IPUIPlugin
2022-10-12 13:49:11,704 [INFO] PluginManager:213 - loadIPPluginJar : add freertos
2022-10-12 13:49:11,704 [INFO] IPUIPlugin:74 - create IPUIPlugin
2022-10-12 13:49:11,704 [INFO] PluginManager:213 - loadIPPluginJar : add genericplugin
2022-10-12 13:49:11,713 [INFO] IPUIPlugin:74 - create IPUIPlugin
2022-10-12 13:49:11,713 [INFO] PluginManager:213 - loadIPPluginJar : add gfxmmu
2022-10-12 13:49:11,713 [INFO] IPUIPlugin:74 - create IPUIPlugin
2022-10-12 13:49:11,713 [INFO] PluginManager:213 - loadIPPluginJar : add gic
2022-10-12 13:49:11,713 [INFO] IPUIPlugin:74 - create IPUIPlugin
2022-10-12 13:49:11,713 [INFO] PluginManager:213 - loadIPPluginJar : add gpio
2022-10-12 13:49:11,728 [INFO] IPUIPlugin:74 - create IPUIPlugin
2022-10-12 13:49:11,728 [INFO] PluginManager:213 - loadIPPluginJar : add gtzc
2022-10-12 13:49:11,728 [INFO] IPUIPlugin:74 - create IPUIPlugin
2022-10-12 13:49:11,728 [INFO] PluginManager:213 - loadIPPluginJar : add hash
2022-10-12 13:49:11,728 [INFO] IPUIPlugin:74 - create IPUIPlugin
2022-10-12 13:49:11,728 [INFO] PluginManager:213 - loadIPPluginJar : add i2c
2022-10-12 13:49:11,728 [INFO] IPUIPlugin:74 - create IPUIPlugin
2022-10-12 13:49:11,728 [INFO] PluginManager:213 - loadIPPluginJar : add i2s
2022-10-12 13:49:11,728 [INFO] IPUIPlugin:74 - create IPUIPlugin
2022-10-12 13:49:11,728 [INFO] PluginManager:213 - loadIPPluginJar : add ipddr
2022-10-12 13:49:11,744 [INFO] IPUIPlugin:74 - create IPUIPlugin
2022-10-12 13:49:11,744 [INFO] PluginManager:213 - loadIPPluginJar : add linkedlist
2022-10-12 13:49:11,744 [INFO] IPUIPlugin:74 - create IPUIPlugin
2022-10-12 13:49:11,744 [INFO] PluginManager:213 - loadIPPluginJar : add lorawan
2022-10-12 13:49:11,744 [INFO] IPUIPlugin:74 - create IPUIPlugin
2022-10-12 13:49:11,744 [INFO] PluginManager:213 - loadIPPluginJar : add ltdc
2022-10-12 13:49:11,777 [INFO] IPUIPlugin:74 - create IPUIPlugin
2022-10-12 13:49:11,777 [INFO] PluginManager:213 - loadIPPluginJar : add mdma
2022-10-12 13:49:11,777 [INFO] IPUIPlugin:74 - create IPUIPlugin
2022-10-12 13:49:11,777 [INFO] PluginManager:213 - loadIPPluginJar : add nvic
2022-10-12 13:49:11,793 [INFO] IPUIPlugin:74 - create IPUIPlugin
2022-10-12 13:49:11,793 [INFO] PluginManager:213 - loadIPPluginJar : add opamp
2022-10-12 13:49:11,796 [INFO] IPUIPlugin:74 - create IPUIPlugin
2022-10-12 13:49:11,796 [INFO] PluginManager:213 - loadIPPluginJar : add openamp
2022-10-12 13:49:11,805 [INFO] IPUIPlugin:74 - create IPUIPlugin
2022-10-12 13:49:11,805 [INFO] PluginManager:213 - loadIPPluginJar : add pdm2pcm
2022-10-12 13:49:11,805 [INFO] IPUIPlugin:74 - create IPUIPlugin
2022-10-12 13:49:11,821 [INFO] PluginManager:213 - loadIPPluginJar : add plateformsettings
2022-10-12 13:49:11,821 [INFO] IPUIPlugin:74 - create IPUIPlugin
2022-10-12 13:49:11,821 [INFO] PluginManager:213 - loadIPPluginJar : add quadspi
2022-10-12 13:49:11,830 [INFO] IPUIPlugin:74 - create IPUIPlugin
2022-10-12 13:49:11,830 [INFO] PluginManager:213 - loadIPPluginJar : add resmgrutility
2022-10-12 13:49:11,831 [INFO] IPUIPlugin:74 - create IPUIPlugin
2022-10-12 13:49:11,831 [INFO] PluginManager:213 - loadIPPluginJar : add sai
2022-10-12 13:49:11,851 [INFO] IPUIPlugin:74 - create IPUIPlugin
2022-10-12 13:49:11,851 [INFO] PluginManager:213 - loadIPPluginJar : add spi
2022-10-12 13:49:11,851 [INFO] IPUIPlugin:74 - create IPUIPlugin
2022-10-12 13:49:11,851 [INFO] PluginManager:213 - loadIPPluginJar : add stm32_wpan
2022-10-12 13:49:11,851 [INFO] IPUIPlugin:74 - create IPUIPlugin
2022-10-12 13:49:11,851 [INFO] PluginManager:213 - loadIPPluginJar : add tim
2022-10-12 13:49:11,867 [INFO] IPUIPlugin:74 - create IPUIPlugin
2022-10-12 13:49:11,867 [INFO] PluginManager:213 - loadIPPluginJar : add touchsensing
2022-10-12 13:49:11,870 [INFO] IPUIPlugin:74 - create IPUIPlugin
2022-10-12 13:49:11,870 [INFO] PluginManager:213 - loadIPPluginJar : add tracer_emb
2022-10-12 13:49:11,870 [INFO] IPUIPlugin:74 - create IPUIPlugin
2022-10-12 13:49:11,870 [INFO] PluginManager:213 - loadIPPluginJar : add ts
2022-10-12 13:49:11,870 [INFO] IPUIPlugin:74 - create IPUIPlugin
2022-10-12 13:49:11,870 [INFO] PluginManager:213 - loadIPPluginJar : add tsc
2022-10-12 13:49:11,870 [INFO] IPUIPlugin:74 - create IPUIPlugin
2022-10-12 13:49:11,870 [INFO] PluginManager:213 - loadIPPluginJar : add ucpd
2022-10-12 13:49:11,870 [INFO] IPUIPlugin:74 - create IPUIPlugin
2022-10-12 13:49:11,870 [INFO] PluginManager:213 - loadIPPluginJar : add usart
2022-10-12 13:49:11,886 [INFO] IPUIPlugin:74 - create IPUIPlugin
2022-10-12 13:49:11,886 [INFO] PluginManager:213 - loadIPPluginJar : add usbx
2022-10-12 13:49:12,339 [FATAL] Updater:294 - Updater called before beeing initialized
2022-10-12 13:49:12,518 [FATAL] Updater:294 - Updater called before beeing initialized
2022-10-12 13:49:12,527 [INFO] DbMcusAds:47 - JSON generation date=Thu Sep 30 13:55:09 ICT 2021 (1632984909247)
2022-10-12 13:49:12,528 [FATAL] Updater:294 - Updater called before beeing initialized
2022-10-12 13:49:12,608 [WARN] DetailPanel:314 - Failed to get advertising image, set to default
2022-10-12 13:49:12,734 [FATAL] Updater:294 - Updater called before beeing initialized
2022-10-12 13:49:12,734 [FATAL] Updater:294 - Updater called before beeing initialized
2022-10-12 13:49:12,734 [FATAL] Updater:294 - Updater called before beeing initialized
2022-10-12 13:49:12,734 [WARN] DetailPanel:314 - Failed to get advertising image, set to default
2022-10-12 13:49:12,734 [FATAL] Updater:294 - Updater called before beeing initialized
2022-10-12 13:49:12,816 [ERROR] Updater:1075 - MainUpdater not yet initialized. External WinMGr cannot be set.
2022-10-12 13:49:12,816 [INFO] Updater:1012 - Updater Version found : 6.3.0
2022-10-12 13:49:12,832 [INFO] ApplicationProperties:181 - Using Application install path: C:\ST\STM32CubeIDE_1.7.0\STM32CubeIDE\plugins\com.st.stm32cube.common.mx_6.3.0.202107141111
2022-10-12 13:49:13,847 [INFO] ThirdPartyUpdaterWithRetryManager:66 - Updater plugin not ready yet. [2/15]
2022-10-12 13:49:14,930 [WARN] ServerAccessManage:1053 - Warning during Server Connexion :  timeout connect timed out
2022-10-12 13:49:16,848 [FATAL] Updater:294 - Updater called before beeing initialized
2022-10-12 13:49:16,848 [ERROR] IntegrityCheckThread:124 - Cannot retrieve database content from updater: error 21
2022-10-12 13:49:16,848 [INFO] ThirdParty:915 - Integrity check success = false
2022-10-12 13:49:16,848 [INFO] IntegrityCheckThread:94 - exiting critical section [integrity check]
2022-10-12 13:49:16,848 [INFO] IntegrityCheckThread:97 - End integrity checks thread
2022-10-12 13:49:16,942 [WARN] ServerAccessManage:1053 - Warning during Server Connexion :  timeout connect timed out
2022-10-12 13:49:18,524 [INFO] MainUpdater:2671 - connection check result : 10
2022-10-12 13:49:18,525 [INFO] MainUpdater:265 - Updater Check For Update Now.
2022-10-12 13:49:18,525 [INFO] MicroXplorer:478 - Change Database Version : DB.6.0.30
2022-10-12 13:49:18,719 [INFO] CheckServerUpdateThread:112 - End of CheckServer Thread
2022-10-12 13:49:18,767 [INFO] MainUpdater:2671 - connection check result : 10
2022-10-12 13:49:18,783 [INFO] McuFinderGlobals:52 - Set McuFinderConnectedMode to true
2022-10-12 13:49:19,544 [INFO] ServerAccessManage:362 - Download File mcusAds.json._tmp_
2022-10-12 13:49:19,672 [INFO] LoadUrlFilesThread:145 - End of LoadUrlFiles Thread
2022-10-12 13:49:21,282 [INFO] ServerAccessManage:362 - Download File mcusDocs.json._tmp_
2022-10-12 13:49:23,991 [INFO] LoadUrlFilesThread:145 - End of LoadUrlFiles Thread
2022-10-12 13:49:24,867 [INFO] ServerAccessManage:362 - Download File mcusFeaturesAndDescription.json._tmp_
2022-10-12 13:50:09,547 [INFO] LoadUrlFilesThread:145 - End of LoadUrlFiles Thread
2022-10-12 13:50:10,088 [INFO] ServerAccessManage:362 - Download File boardsDocs.json._tmp_
2022-10-12 13:50:10,350 [INFO] LoadUrlFilesThread:145 - End of LoadUrlFiles Thread
2022-10-12 13:50:10,883 [INFO] ServerAccessManage:362 - Download File boards.json._tmp_
2022-10-12 13:50:11,998 [INFO] LoadUrlFilesThread:145 - End of LoadUrlFiles Thread
2022-10-12 13:50:29,933 [ERROR] ServerAccessManage:1057 - Problem during Server Connexion :  IO error Connection refused: connect
2022-10-12 13:50:29,933 [ERROR] LogOutputStream:74 - [STDERR_REDIRECT] java.net.ConnectException: Connection refused: connect
2022-10-12 13:50:29,933 [ERROR] LogOutputStream:74 - [STDERR_REDIRECT] 	at java.base/java.net.PlainSocketImpl.waitForConnect(Native Method)
2022-10-12 13:50:29,933 [ERROR] LogOutputStream:74 - [STDERR_REDIRECT] 	at java.base/java.net.PlainSocketImpl.socketConnect(PlainSocketImpl.java:107)
2022-10-12 13:50:29,933 [ERROR] LogOutputStream:74 - [STDERR_REDIRECT] 	at java.base/java.net.AbstractPlainSocketImpl.doConnect(AbstractPlainSocketImpl.java:399)
2022-10-12 13:50:29,949 [ERROR] LogOutputStream:74 - [STDERR_REDIRECT] 	at java.base/java.net.AbstractPlainSocketImpl.connectToAddress(AbstractPlainSocketImpl.java:242)
2022-10-12 13:50:29,949 [ERROR] LogOutputStream:74 - [STDERR_REDIRECT] 	at java.base/java.net.AbstractPlainSocketImpl.connect(AbstractPlainSocketImpl.java:224)
2022-10-12 13:50:29,949 [ERROR] LogOutputStream:74 - [STDERR_REDIRECT] 	at java.base/java.net.SocksSocketImpl.connect(SocksSocketImpl.java:392)
2022-10-12 13:50:29,949 [ERROR] LogOutputStream:74 - [STDERR_REDIRECT] 	at java.base/java.net.Socket.connect(Socket.java:609)
2022-10-12 13:50:29,966 [ERROR] LogOutputStream:74 - [STDERR_REDIRECT] 	at java.base/sun.security.ssl.SSLSocketImpl.connect(SSLSocketImpl.java:289)
2022-10-12 13:50:29,967 [ERROR] LogOutputStream:74 - [STDERR_REDIRECT] 	at java.base/sun.net.NetworkClient.doConnect(NetworkClient.java:177)
2022-10-12 13:50:29,967 [ERROR] LogOutputStream:74 - [STDERR_REDIRECT] 	at java.base/sun.net.www.http.HttpClient.openServer(HttpClient.java:474)
2022-10-12 13:50:29,976 [ERROR] LogOutputStream:74 - [STDERR_REDIRECT] 	at java.base/sun.net.www.http.HttpClient.openServer(HttpClient.java:569)
2022-10-12 13:50:29,976 [ERROR] LogOutputStream:74 - [STDERR_REDIRECT] 	at java.base/sun.net.www.protocol.https.HttpsClient.<init>(HttpsClient.java:265)
2022-10-12 13:50:29,976 [ERROR] LogOutputStream:74 - [STDERR_REDIRECT] 	at java.base/sun.net.www.protocol.https.HttpsClient.New(HttpsClient.java:372)
2022-10-12 13:50:29,976 [ERROR] LogOutputStream:74 - [STDERR_REDIRECT] 	at java.base/sun.net.www.protocol.https.AbstractDelegateHttpsURLConnection.getNewHttpClient(AbstractDelegateHttpsURLConnection.java:203)
2022-10-12 13:50:29,976 [ERROR] LogOutputStream:74 - [STDERR_REDIRECT] 	at java.base/sun.net.www.protocol.http.HttpURLConnection.plainConnect0(HttpURLConnection.java:1187)
2022-10-12 13:50:29,993 [ERROR] LogOutputStream:74 - [STDERR_REDIRECT] 	at java.base/sun.net.www.protocol.http.HttpURLConnection.plainConnect(HttpURLConnection.java:1081)
2022-10-12 13:50:29,993 [ERROR] LogOutputStream:74 - [STDERR_REDIRECT] 	at java.base/sun.net.www.protocol.https.AbstractDelegateHttpsURLConnection.connect(AbstractDelegateHttpsURLConnection.java:189)
2022-10-12 13:50:29,993 [ERROR] LogOutputStream:74 - [STDERR_REDIRECT] 	at java.base/sun.net.www.protocol.http.HttpURLConnection.getInputStream0(HttpURLConnection.java:1592)
2022-10-12 13:50:30,009 [ERROR] LogOutputStream:74 - [STDERR_REDIRECT] 	at java.base/sun.net.www.protocol.http.HttpURLConnection.getInputStream(HttpURLConnection.java:1520)
2022-10-12 13:50:30,011 [ERROR] LogOutputStream:74 - [STDERR_REDIRECT] 	at java.base/java.net.HttpURLConnection.getResponseCode(HttpURLConnection.java:527)
2022-10-12 13:50:30,011 [ERROR] LogOutputStream:74 - [STDERR_REDIRECT] 	at java.base/sun.net.www.protocol.https.HttpsURLConnectionImpl.getResponseCode(HttpsURLConnectionImpl.java:334)
2022-10-12 13:50:30,011 [ERROR] LogOutputStream:74 - [STDERR_REDIRECT] 	at com.st.microxplorer.plugins.updater.engine.ServerAccessManage.openHttpConnexion(ServerAccessManage.java:918)
2022-10-12 13:50:30,011 [ERROR] LogOutputStream:74 - [STDERR_REDIRECT] 	at com.st.microxplorer.plugins.updater.engine.ServerAccessManage.readHttpFile(ServerAccessManage.java:304)
2022-10-12 13:50:30,027 [ERROR] LogOutputStream:74 - [STDERR_REDIRECT] 	at com.st.microxplorer.plugins.updater.engine.LoadUrlFilesThread.loadAllFiles(LoadUrlFilesThread.java:500)
2022-10-12 13:50:30,027 [ERROR] LogOutputStream:74 - [STDERR_REDIRECT] 	at com.st.microxplorer.plugins.updater.engine.LoadUrlFilesThread.downloadUrlFiles(LoadUrlFilesThread.java:205)
2022-10-12 13:50:30,027 [ERROR] LogOutputStream:74 - [STDERR_REDIRECT] 	at com.st.microxplorer.plugins.updater.engine.LoadUrlFilesThread.run(LoadUrlFilesThread.java:137)
2022-10-12 13:50:30,027 [ERROR] ServerAccessManage:531 - Problem during Server Connexion :  : cube-finder-db.zip.
2022-10-12 13:50:34,773 [INFO] LoadUrlFilesThread:145 - End of LoadUrlFiles Thread
2022-10-12 13:50:37,186 [INFO] DbMcusAds:47 - JSON generation date=Thu Sep 30 13:55:09 ICT 2021 (1632984909247)
2022-10-12 13:50:37,203 [INFO] DbMcusDocs:143 - JSON generation date=Tue Nov 16 23:17:54 ICT 2021 (1637079474)
2022-10-12 13:50:37,211 [INFO] DbMcusXml:100 - Load MCU database from C:\ST\STM32CubeIDE_1.7.0\STM32CubeIDE\plugins\com.st.stm32cube.common.mx_6.3.0.202107141111\\db\/mcu/families.xml
2022-10-12 13:50:38,075 [INFO] DbMcusJson:93 - JSON generation date=Tue Nov 16 23:17:54 ICT 2021 (1637079474)
2022-10-12 13:50:38,861 [INFO] DbMcus:175 - Found 1951 MCUs (1903 are supported by CubeMX, 1914 are visible in CubeMX)
2022-10-12 13:50:38,861 [INFO] ApiDb:251 - Load user favorites file C:\Users\A.Tuan/.stm32cubeide/favorites.mcus.txt: 0 item(s)
2022-10-12 13:50:38,861 [INFO] ApiDb:255 - User favorites MCUs=[]
2022-10-12 13:50:38,861 [INFO] DbMcus:187 - Set 0 / 0 favorites MCUs
2022-10-12 13:50:39,363 [INFO] DbMcusDocs:79 - Found 682 MCUs documents
2022-10-12 13:50:39,363 [INFO] ApiDb:276 - Save user favorites file C:\Users\A.Tuan/.stm32cubeide/favorites.mcus.txt: 0 item(s)
2022-10-12 13:50:39,363 [INFO] ApiDb:280 - User favorites MCUs=[]
2022-10-12 13:50:39,363 [INFO] DbMcusXml:100 - Load MCU database from C:\ST\STM32CubeIDE_1.7.0\STM32CubeIDE\plugins\com.st.stm32cube.common.mx_6.3.0.202107141111\\db\/mcu/families.xml
2022-10-12 13:50:40,245 [INFO] DbMcusJson:93 - JSON generation date=Tue Nov 16 23:17:54 ICT 2021 (1637079474)
2022-10-12 13:50:40,944 [INFO] DbMcus:175 - Found 1951 MCUs (1903 are supported by CubeMX, 1914 are visible in CubeMX)
2022-10-12 13:50:40,944 [INFO] ApiDb:251 - Load user favorites file C:\Users\A.Tuan/.stm32cubeide/favorites.mcus.txt: 0 item(s)
2022-10-12 13:50:40,944 [INFO] ApiDb:255 - User favorites MCUs=[]
2022-10-12 13:50:40,944 [INFO] DbMcus:187 - Set 0 / 0 favorites MCUs
2022-10-12 13:50:40,959 [INFO] DbBoardsDocs:143 - JSON generation date=Tue Nov 16 23:17:54 ICT 2021 (1637079474)
2022-10-12 13:50:40,982 [INFO] DbBoardsPdsc:90 - Found 25 items
2022-10-12 13:50:40,998 [INFO] DbBoardsPdsc:90 - Found 9 items
2022-10-12 13:50:41,014 [INFO] DbBoardsPdsc:90 - Found 33 items
2022-10-12 13:50:41,014 [INFO] DbBoardsPdsc:90 - Found 1 items
2022-10-12 13:50:41,042 [INFO] DbBoardsPdsc:90 - Found 48 items
2022-10-12 13:50:41,066 [INFO] DbBoardsPdsc:90 - Found 43 items
2022-10-12 13:50:41,082 [INFO] DbBoardsPdsc:90 - Found 2 items
2022-10-12 13:50:41,098 [INFO] DbBoardsPdsc:90 - Found 5 items
2022-10-12 13:50:41,098 [WARN] DbBoardsPdsc:254 - Board STM32H7B3I-DK: unknown feature type=Audio, name=, username=Audio stereo codec with Headphone Amp (CS42L51-CNZ), n=1
2022-10-12 13:50:41,098 [WARN] DbBoardsPdsc:254 - Board STM32H735G-DK: unknown feature type=Audio, name=, username=Audio stereo codec with Headphone Amp (WM8994ECS/R), n=1
2022-10-12 13:50:41,113 [WARN] DbBoardsPdsc:254 - Board STM32H7B3I-EVAL: unknown feature type=Audio, name=, username=Multi-Channel Audio Codec (CS42L51-CNZ), n=1
2022-10-12 13:50:41,113 [WARN] DbBoardsPdsc:254 - Board STM32H7B3I-EVAL: unknown feature type=Meter, name=, username=Power-metering and Temperature-monitoring with sigma-delta modulators, n=1
2022-10-12 13:50:41,113 [WARN] DbBoardsPdsc:254 - Board STM32H7B3I-EVAL: unknown feature type=Motor, name=, username=Motor Control, n=1
2022-10-12 13:50:41,113 [WARN] DbBoardsPdsc:254 - Board STM32U575I-EV: unknown feature type=joystick, name=, username=4-direction joystick with selection button, n=1
2022-10-12 13:50:41,129 [INFO] DbBoardsJson:86 - JSON generation date=Tue Nov 16 23:17:54 ICT 2021 (1637079474)
2022-10-12 13:50:41,129 [INFO] DbBoards:117 - Found 167 boards (163 are supported by CubeMX)
2022-10-12 13:50:41,129 [INFO] DbBoardsDocs:143 - JSON generation date=Tue Nov 16 23:17:54 ICT 2021 (1637079474)
2022-10-12 13:50:41,145 [INFO] DbBoardsDocs:79 - Found 209 boards documents
2022-10-12 13:50:41,149 [WARN] DbBoards:127 - board B-L475E-IOT01A2 has no document id list !
2022-10-12 13:50:41,149 [WARN] DbBoards:127 - board NUCLEO-H743ZI has no document id list !
2022-10-12 13:50:41,149 [WARN] DbBoards:127 - board NUCLEO-WL55JC2 has no document id list !
2022-10-12 13:50:41,149 [WARN] DbBoards:127 - board P-NUCLEO-WB55-Nucleo has no document id list !
2022-10-12 13:50:41,149 [WARN] DbBoards:127 - board P-NUCLEO-WB55-USBDongle has no document id list !
2022-10-12 13:50:41,149 [WARN] DbBoards:127 - board STEVAL-BFA001V1B has no document id list !
2022-10-12 13:50:41,149 [WARN] DbBoards:127 - board STEVAL-BFA001V2B has no document id list !
2022-10-12 13:50:41,149 [WARN] DbBoards:127 - board STEVAL-IDP005V1 has no document id list !
2022-10-12 13:50:41,149 [WARN] DbBoards:127 - board STEVAL-IDP005V2 has no document id list !
2022-10-12 13:50:41,149 [WARN] DbBoards:127 - board STEVAL-MKSBOX1V1 has no document id list !
2022-10-12 13:50:41,149 [WARN] DbBoards:127 - board STEVAL-STWINKT1 has no document id list !
2022-10-12 13:50:41,149 [WARN] DbBoards:127 - board STEVAL-STWINKT1B has no document id list !
2022-10-12 13:50:41,149 [WARN] DbBoards:127 - board STM32439I-EVAL2 has no document id list !
2022-10-12 13:50:41,149 [WARN] DbBoards:127 - board STM32F401C-DISCO has no document id list !
2022-10-12 13:50:41,149 [WARN] DbBoards:127 - board STM32F769I-DISC1 has no document id list !
2022-10-12 13:50:41,149 [WARN] DbBoards:127 - board STM32G474E-EVAL1 has no document id list !
2022-10-12 13:50:41,149 [WARN] DbBoards:127 - board STM32H743I-EVAL2 has no document id list !
2022-10-12 13:50:41,149 [WARN] DbBoards:127 - board STM32H747I-DISC1 has no document id list !
2022-10-12 13:50:41,149 [WARN] DbBoards:127 - board STM32H753I-EVAL2 has no document id list !
2022-10-12 13:50:41,149 [WARN] DbBoards:127 - board STM32L-DISCOVERY has no document id list !
2022-10-12 13:50:41,321 [ERROR] DbBoards:189 - Image file not found for board B-U585I-IOT02A: C:\ST\STM32CubeIDE_1.7.0\STM32CubeIDE\plugins\com.st.stm32cube.common.mx_6.3.0.202107141111\\db\/plugins/mcufinder/images/boards/B-U585I-IOT02A_small.jpg
2022-10-12 13:50:41,480 [ERROR] DbBoards:189 - Image file not found for board NUCLEO-F413ZH: C:\ST\STM32CubeIDE_1.7.0\STM32CubeIDE\plugins\com.st.stm32cube.common.mx_6.3.0.202107141111\\db\/plugins/mcufinder/images/boards/nucleo-f413zh_small.jpg
2022-10-12 13:50:41,616 [INFO] MainUpdater:2671 - connection check result : 10
2022-10-12 13:50:41,706 [ERROR] DbBoards:189 - Image file not found for board NUCLEO-L552ZE-Q: C:\ST\STM32CubeIDE_1.7.0\STM32CubeIDE\plugins\com.st.stm32cube.common.mx_6.3.0.202107141111\\db\/plugins/mcufinder/images/boards/nucleo_l552ze_q_small.jpg
2022-10-12 13:50:41,706 [ERROR] DbBoards:189 - Image file not found for board NUCLEO-U575ZI-Q: C:\ST\STM32CubeIDE_1.7.0\STM32CubeIDE\plugins\com.st.stm32cube.common.mx_6.3.0.202107141111\\db\/plugins/mcufinder/images/boards/nucleo-u575zi-q_small.jpg
2022-10-12 13:50:41,706 [ERROR] DbBoards:189 - Image file not found for board NUCLEO-WB15CC: C:\ST\STM32CubeIDE_1.7.0\STM32CubeIDE\plugins\com.st.stm32cube.common.mx_6.3.0.202107141111\\db\/plugins/mcufinder/images/boards/nucleo-wb15cc_small.jpg
2022-10-12 13:50:41,706 [ERROR] DbBoards:189 - Image file not found for board NUCLEO-WB55RG: C:\ST\STM32CubeIDE_1.7.0\STM32CubeIDE\plugins\com.st.stm32cube.common.mx_6.3.0.202107141111\\db\/plugins/mcufinder/images/boards/nucleo-wb55rg_small.jpg
2022-10-12 13:50:43,168 [INFO] ApiDb:251 - Load user favorites file C:\Users\A.Tuan/.stm32cubeide/favorites.boards.txt: 0 item(s)
2022-10-12 13:50:43,168 [INFO] ApiDb:255 - User favorites Boards=[]
2022-10-12 13:50:43,168 [INFO] DbBoards:206 - Set 0 / 0 favorites Boards
2022-10-12 13:50:43,183 [INFO] DbBoardsDocs:79 - Found 418 boards documents
2022-10-12 13:50:43,183 [INFO] ApiDb:276 - Save user favorites file C:\Users\A.Tuan/.stm32cubeide/favorites.boards.txt: 0 item(s)
2022-10-12 13:50:43,183 [INFO] ApiDb:280 - User favorites Boards=[]
2022-10-12 13:50:43,183 [INFO] DbBoardsPdsc:90 - Found 25 items
2022-10-12 13:50:43,183 [INFO] DbBoardsPdsc:90 - Found 9 items
2022-10-12 13:50:43,183 [INFO] DbBoardsPdsc:90 - Found 33 items
2022-10-12 13:50:43,183 [INFO] DbBoardsPdsc:90 - Found 1 items
2022-10-12 13:50:43,208 [INFO] DbBoardsPdsc:90 - Found 48 items
2022-10-12 13:50:43,208 [INFO] DbBoardsPdsc:90 - Found 43 items
2022-10-12 13:50:43,208 [INFO] DbBoardsPdsc:90 - Found 2 items
2022-10-12 13:50:43,208 [INFO] DbBoardsPdsc:90 - Found 5 items
2022-10-12 13:50:43,226 [WARN] DbBoardsPdsc:254 - Board STM32H7B3I-DK: unknown feature type=Audio, name=, username=Audio stereo codec with Headphone Amp (CS42L51-CNZ), n=1
2022-10-12 13:50:43,226 [WARN] DbBoardsPdsc:254 - Board STM32H735G-DK: unknown feature type=Audio, name=, username=Audio stereo codec with Headphone Amp (WM8994ECS/R), n=1
2022-10-12 13:50:43,226 [WARN] DbBoardsPdsc:254 - Board STM32H7B3I-EVAL: unknown feature type=Audio, name=, username=Multi-Channel Audio Codec (CS42L51-CNZ), n=1
2022-10-12 13:50:43,226 [WARN] DbBoardsPdsc:254 - Board STM32H7B3I-EVAL: unknown feature type=Meter, name=, username=Power-metering and Temperature-monitoring with sigma-delta modulators, n=1
2022-10-12 13:50:43,226 [WARN] DbBoardsPdsc:254 - Board STM32H7B3I-EVAL: unknown feature type=Motor, name=, username=Motor Control, n=1
2022-10-12 13:50:43,226 [WARN] DbBoardsPdsc:254 - Board STM32U575I-EV: unknown feature type=joystick, name=, username=4-direction joystick with selection button, n=1
2022-10-12 13:50:43,257 [INFO] DbBoardsJson:86 - JSON generation date=Tue Nov 16 23:17:54 ICT 2021 (1637079474)
2022-10-12 13:50:43,257 [INFO] DbBoards:117 - Found 167 boards (163 are supported by CubeMX)
2022-10-12 13:50:43,257 [WARN] DbBoards:127 - board B-L475E-IOT01A2 has no document id list !
2022-10-12 13:50:43,257 [WARN] DbBoards:127 - board NUCLEO-H743ZI has no document id list !
2022-10-12 13:50:43,257 [WARN] DbBoards:127 - board NUCLEO-WL55JC2 has no document id list !
2022-10-12 13:50:43,257 [WARN] DbBoards:127 - board P-NUCLEO-WB55-Nucleo has no document id list !
2022-10-12 13:50:43,257 [WARN] DbBoards:127 - board P-NUCLEO-WB55-USBDongle has no document id list !
2022-10-12 13:50:43,257 [WARN] DbBoards:127 - board STEVAL-BFA001V1B has no document id list !
2022-10-12 13:50:43,257 [WARN] DbBoards:127 - board STEVAL-BFA001V2B has no document id list !
2022-10-12 13:50:43,257 [WARN] DbBoards:127 - board STEVAL-IDP005V1 has no document id list !
2022-10-12 13:50:43,257 [WARN] DbBoards:127 - board STEVAL-IDP005V2 has no document id list !
2022-10-12 13:50:43,257 [WARN] DbBoards:127 - board STEVAL-MKSBOX1V1 has no document id list !
2022-10-12 13:50:43,257 [WARN] DbBoards:127 - board STEVAL-STWINKT1 has no document id list !
2022-10-12 13:50:43,257 [WARN] DbBoards:127 - board STEVAL-STWINKT1B has no document id list !
2022-10-12 13:50:43,257 [WARN] DbBoards:127 - board STM32439I-EVAL2 has no document id list !
2022-10-12 13:50:43,257 [WARN] DbBoards:127 - board STM32F401C-DISCO has no document id list !
2022-10-12 13:50:43,257 [WARN] DbBoards:127 - board STM32F769I-DISC1 has no document id list !
2022-10-12 13:50:43,257 [WARN] DbBoards:127 - board STM32G474E-EVAL1 has no document id list !
2022-10-12 13:50:43,257 [WARN] DbBoards:127 - board STM32H743I-EVAL2 has no document id list !
2022-10-12 13:50:43,257 [WARN] DbBoards:127 - board STM32H747I-DISC1 has no document id list !
2022-10-12 13:50:43,257 [WARN] DbBoards:127 - board STM32H753I-EVAL2 has no document id list !
2022-10-12 13:50:43,257 [WARN] DbBoards:127 - board STM32L-DISCOVERY has no document id list !
2022-10-12 13:50:43,366 [ERROR] DbBoards:189 - Image file not found for board B-U585I-IOT02A: C:\ST\STM32CubeIDE_1.7.0\STM32CubeIDE\plugins\com.st.stm32cube.common.mx_6.3.0.202107141111\\db\/plugins/mcufinder/images/boards/B-U585I-IOT02A_small.jpg
2022-10-12 13:50:43,475 [ERROR] DbBoards:189 - Image file not found for board NUCLEO-F413ZH: C:\ST\STM32CubeIDE_1.7.0\STM32CubeIDE\plugins\com.st.stm32cube.common.mx_6.3.0.202107141111\\db\/plugins/mcufinder/images/boards/nucleo-f413zh_small.jpg
2022-10-12 13:50:43,665 [ERROR] DbBoards:189 - Image file not found for board NUCLEO-L552ZE-Q: C:\ST\STM32CubeIDE_1.7.0\STM32CubeIDE\plugins\com.st.stm32cube.common.mx_6.3.0.202107141111\\db\/plugins/mcufinder/images/boards/nucleo_l552ze_q_small.jpg
2022-10-12 13:50:43,665 [ERROR] DbBoards:189 - Image file not found for board NUCLEO-U575ZI-Q: C:\ST\STM32CubeIDE_1.7.0\STM32CubeIDE\plugins\com.st.stm32cube.common.mx_6.3.0.202107141111\\db\/plugins/mcufinder/images/boards/nucleo-u575zi-q_small.jpg
2022-10-12 13:50:43,665 [ERROR] DbBoards:189 - Image file not found for board NUCLEO-WB15CC: C:\ST\STM32CubeIDE_1.7.0\STM32CubeIDE\plugins\com.st.stm32cube.common.mx_6.3.0.202107141111\\db\/plugins/mcufinder/images/boards/nucleo-wb15cc_small.jpg
2022-10-12 13:50:43,665 [ERROR] DbBoards:189 - Image file not found for board NUCLEO-WB55RG: C:\ST\STM32CubeIDE_1.7.0\STM32CubeIDE\plugins\com.st.stm32cube.common.mx_6.3.0.202107141111\\db\/plugins/mcufinder/images/boards/nucleo-wb55rg_small.jpg
2022-10-12 13:50:44,514 [INFO] ApiDb:251 - Load user favorites file C:\Users\A.Tuan/.stm32cubeide/favorites.boards.txt: 0 item(s)
2022-10-12 13:50:44,514 [INFO] ApiDb:255 - User favorites Boards=[]
2022-10-12 13:50:44,514 [INFO] DbBoards:206 - Set 0 / 0 favorites Boards
2022-10-12 13:50:44,530 [ERROR] TargetSelectorAdapter:232 - Unable to refresh data
2022-10-12 13:50:44,530 [INFO] McuFinderGlobals:52 - Set McuFinderConnectedMode to true
2022-10-12 13:50:44,661 [INFO] McuFinderGlobals:52 - Set McuFinderConnectedMode to false
2022-10-12 13:50:44,806 [INFO] CrossSelectorPresenter:1330 - Cross Selector saved comparison directory: C:\Users\A.Tuan\.stmcufinder\plugins\mcufinder\mcu\cs_comparisons_mx
2022-10-12 13:50:44,822 [INFO] MultiScanPanel:197 - Auto-refresh data requested => check proxy status ongoing
2022-10-12 13:50:44,822 [INFO] MultiScanPanel:201 - Proxy status is invalid
2022-10-12 13:50:44,822 [INFO] FinderPluginLoader:87 - Searching for filters in installed packs
2022-10-12 13:50:45,129 [INFO] ServerAccessManage:362 - Download File mcusAds.json._tmp_
2022-10-12 13:50:45,279 [INFO] LoadUrlFilesThread:145 - End of LoadUrlFiles Thread
2022-10-12 13:50:45,596 [INFO] DetailPanel:309 - Set advertising image to C:/Users/A.Tuan/STM32Cube/Repository/\en.Prom_NBSTM32U50921.jpg
2022-10-12 13:50:47,600 [INFO] ServerAccessManage:362 - Download File mcusDocs.json._tmp_
2022-10-12 13:50:48,971 [INFO] LoadUrlFilesThread:145 - End of LoadUrlFiles Thread
2022-10-12 13:50:49,859 [INFO] ServerAccessManage:362 - Download File mcusFeaturesAndDescription.json._tmp_
2022-10-12 13:51:14,362 [INFO] LoadUrlFilesThread:145 - End of LoadUrlFiles Thread
2022-10-12 13:51:14,958 [INFO] ServerAccessManage:362 - Download File boardsDocs.json._tmp_
2022-10-12 13:51:15,200 [INFO] LoadUrlFilesThread:145 - End of LoadUrlFiles Thread
2022-10-12 13:51:15,783 [INFO] ServerAccessManage:362 - Download File boards.json._tmp_
2022-10-12 13:51:16,626 [INFO] LoadUrlFilesThread:145 - End of LoadUrlFiles Thread
2022-10-12 13:51:34,617 [ERROR] ServerAccessManage:1057 - Problem during Server Connexion :  IO error Connection refused: connect
2022-10-12 13:51:34,617 [ERROR] LogOutputStream:74 - [STDERR_REDIRECT] java.net.ConnectException: Connection refused: connect
2022-10-12 13:51:34,617 [ERROR] LogOutputStream:74 - [STDERR_REDIRECT] 	at java.base/java.net.PlainSocketImpl.waitForConnect(Native Method)
2022-10-12 13:51:34,617 [ERROR] LogOutputStream:74 - [STDERR_REDIRECT] 	at java.base/java.net.PlainSocketImpl.socketConnect(PlainSocketImpl.java:107)
2022-10-12 13:51:34,617 [ERROR] LogOutputStream:74 - [STDERR_REDIRECT] 	at java.base/java.net.AbstractPlainSocketImpl.doConnect(AbstractPlainSocketImpl.java:399)
2022-10-12 13:51:34,633 [ERROR] LogOutputStream:74 - [STDERR_REDIRECT] 	at java.base/java.net.AbstractPlainSocketImpl.connectToAddress(AbstractPlainSocketImpl.java:242)
2022-10-12 13:51:34,633 [ERROR] LogOutputStream:74 - [STDERR_REDIRECT] 	at java.base/java.net.AbstractPlainSocketImpl.connect(AbstractPlainSocketImpl.java:224)
2022-10-12 13:51:34,633 [ERROR] LogOutputStream:74 - [STDERR_REDIRECT] 	at java.base/java.net.SocksSocketImpl.connect(SocksSocketImpl.java:392)
2022-10-12 13:51:34,633 [ERROR] LogOutputStream:74 - [STDERR_REDIRECT] 	at java.base/java.net.Socket.connect(Socket.java:609)
2022-10-12 13:51:34,633 [ERROR] LogOutputStream:74 - [STDERR_REDIRECT] 	at java.base/sun.security.ssl.SSLSocketImpl.connect(SSLSocketImpl.java:289)
2022-10-12 13:51:34,633 [ERROR] LogOutputStream:74 - [STDERR_REDIRECT] 	at java.base/sun.net.NetworkClient.doConnect(NetworkClient.java:177)
2022-10-12 13:51:34,633 [ERROR] LogOutputStream:74 - [STDERR_REDIRECT] 	at java.base/sun.net.www.http.HttpClient.openServer(HttpClient.java:474)
2022-10-12 13:51:34,633 [ERROR] LogOutputStream:74 - [STDERR_REDIRECT] 	at java.base/sun.net.www.http.HttpClient.openServer(HttpClient.java:569)
2022-10-12 13:51:34,633 [ERROR] LogOutputStream:74 - [STDERR_REDIRECT] 	at java.base/sun.net.www.protocol.https.HttpsClient.<init>(HttpsClient.java:265)
2022-10-12 13:51:34,633 [ERROR] LogOutputStream:74 - [STDERR_REDIRECT] 	at java.base/sun.net.www.protocol.https.HttpsClient.New(HttpsClient.java:372)
2022-10-12 13:51:34,633 [ERROR] LogOutputStream:74 - [STDERR_REDIRECT] 	at java.base/sun.net.www.protocol.https.AbstractDelegateHttpsURLConnection.getNewHttpClient(AbstractDelegateHttpsURLConnection.java:203)
2022-10-12 13:51:34,649 [ERROR] LogOutputStream:74 - [STDERR_REDIRECT] 	at java.base/sun.net.www.protocol.http.HttpURLConnection.plainConnect0(HttpURLConnection.java:1187)
2022-10-12 13:51:34,649 [ERROR] LogOutputStream:74 - [STDERR_REDIRECT] 	at java.base/sun.net.www.protocol.http.HttpURLConnection.plainConnect(HttpURLConnection.java:1081)
2022-10-12 13:51:34,649 [ERROR] LogOutputStream:74 - [STDERR_REDIRECT] 	at java.base/sun.net.www.protocol.https.AbstractDelegateHttpsURLConnection.connect(AbstractDelegateHttpsURLConnection.java:189)
2022-10-12 13:51:34,649 [ERROR] LogOutputStream:74 - [STDERR_REDIRECT] 	at java.base/sun.net.www.protocol.http.HttpURLConnection.getInputStream0(HttpURLConnection.java:1592)
2022-10-12 13:51:34,649 [ERROR] LogOutputStream:74 - [STDERR_REDIRECT] 	at java.base/sun.net.www.protocol.http.HttpURLConnection.getInputStream(HttpURLConnection.java:1520)
2022-10-12 13:51:34,649 [ERROR] LogOutputStream:74 - [STDERR_REDIRECT] 	at java.base/java.net.HttpURLConnection.getResponseCode(HttpURLConnection.java:527)
2022-10-12 13:51:34,649 [ERROR] LogOutputStream:74 - [STDERR_REDIRECT] 	at java.base/sun.net.www.protocol.https.HttpsURLConnectionImpl.getResponseCode(HttpsURLConnectionImpl.java:334)
2022-10-12 13:51:34,649 [ERROR] LogOutputStream:74 - [STDERR_REDIRECT] 	at com.st.microxplorer.plugins.updater.engine.ServerAccessManage.openHttpConnexion(ServerAccessManage.java:918)
2022-10-12 13:51:34,649 [ERROR] LogOutputStream:74 - [STDERR_REDIRECT] 	at com.st.microxplorer.plugins.updater.engine.ServerAccessManage.readHttpFile(ServerAccessManage.java:304)
2022-10-12 13:51:34,649 [ERROR] LogOutputStream:74 - [STDERR_REDIRECT] 	at com.st.microxplorer.plugins.updater.engine.LoadUrlFilesThread.loadAllFiles(LoadUrlFilesThread.java:500)
2022-10-12 13:51:34,664 [ERROR] LogOutputStream:74 - [STDERR_REDIRECT] 	at com.st.microxplorer.plugins.updater.engine.LoadUrlFilesThread.downloadUrlFiles(LoadUrlFilesThread.java:205)
2022-10-12 13:51:34,664 [ERROR] LogOutputStream:74 - [STDERR_REDIRECT] 	at com.st.microxplorer.plugins.updater.engine.LoadUrlFilesThread.run(LoadUrlFilesThread.java:137)
2022-10-12 13:51:34,664 [ERROR] ServerAccessManage:531 - Problem during Server Connexion :  : cube-finder-db.zip.
2022-10-12 13:51:40,837 [INFO] LoadUrlFilesThread:145 - End of LoadUrlFiles Thread
2022-10-12 13:51:41,985 [INFO] DbMcusAds:47 - JSON generation date=Thu Sep 30 13:55:09 ICT 2021 (1632984909247)
2022-10-12 13:51:42,001 [INFO] DbMcusDocs:143 - JSON generation date=Tue Nov 16 23:17:54 ICT 2021 (1637079474)
2022-10-12 13:51:42,354 [INFO] DbMcusDocs:79 - Found 682 MCUs documents
2022-10-12 13:51:42,358 [INFO] ApiDb:276 - Save user favorites file C:\Users\A.Tuan/.stm32cubeide/favorites.mcus.txt: 0 item(s)
2022-10-12 13:51:42,358 [INFO] ApiDb:280 - User favorites MCUs=[]
2022-10-12 13:51:42,358 [INFO] DbMcusXml:100 - Load MCU database from C:\ST\STM32CubeIDE_1.7.0\STM32CubeIDE\plugins\com.st.stm32cube.common.mx_6.3.0.202107141111\\db\/mcu/families.xml
2022-10-12 13:51:43,201 [INFO] DbMcusJson:93 - JSON generation date=Tue Nov 16 23:17:54 ICT 2021 (1637079474)
2022-10-12 13:51:44,027 [INFO] DbMcus:175 - Found 1951 MCUs (1903 are supported by CubeMX, 1914 are visible in CubeMX)
2022-10-12 13:51:44,027 [INFO] ApiDb:251 - Load user favorites file C:\Users\A.Tuan/.stm32cubeide/favorites.mcus.txt: 0 item(s)
2022-10-12 13:51:44,027 [INFO] ApiDb:255 - User favorites MCUs=[]
2022-10-12 13:51:44,027 [INFO] DbMcus:187 - Set 0 / 0 favorites MCUs
2022-10-12 13:51:44,705 [INFO] DbBoardsDocs:143 - JSON generation date=Tue Nov 16 23:17:54 ICT 2021 (1637079474)
2022-10-12 13:51:44,705 [INFO] DbBoardsDocs:79 - Found 209 boards documents
2022-10-12 13:51:44,705 [INFO] ApiDb:276 - Save user favorites file C:\Users\A.Tuan/.stm32cubeide/favorites.boards.txt: 0 item(s)
2022-10-12 13:51:44,705 [INFO] ApiDb:280 - User favorites Boards=[]
2022-10-12 13:51:44,705 [INFO] DbBoardsPdsc:90 - Found 25 items
2022-10-12 13:51:44,705 [INFO] DbBoardsPdsc:90 - Found 9 items
2022-10-12 13:51:44,705 [INFO] DbBoardsPdsc:90 - Found 33 items
2022-10-12 13:51:44,705 [INFO] DbBoardsPdsc:90 - Found 1 items
2022-10-12 13:51:44,721 [INFO] DbBoardsPdsc:90 - Found 48 items
2022-10-12 13:51:44,721 [INFO] DbBoardsPdsc:90 - Found 43 items
2022-10-12 13:51:44,721 [INFO] DbBoardsPdsc:90 - Found 2 items
2022-10-12 13:51:44,721 [INFO] DbBoardsPdsc:90 - Found 5 items
2022-10-12 13:51:44,721 [WARN] DbBoardsPdsc:254 - Board STM32H7B3I-DK: unknown feature type=Audio, name=, username=Audio stereo codec with Headphone Amp (CS42L51-CNZ), n=1
2022-10-12 13:51:44,721 [WARN] DbBoardsPdsc:254 - Board STM32H735G-DK: unknown feature type=Audio, name=, username=Audio stereo codec with Headphone Amp (WM8994ECS/R), n=1
2022-10-12 13:51:44,721 [WARN] DbBoardsPdsc:254 - Board STM32H7B3I-EVAL: unknown feature type=Audio, name=, username=Multi-Channel Audio Codec (CS42L51-CNZ), n=1
2022-10-12 13:51:44,721 [WARN] DbBoardsPdsc:254 - Board STM32H7B3I-EVAL: unknown feature type=Meter, name=, username=Power-metering and Temperature-monitoring with sigma-delta modulators, n=1
2022-10-12 13:51:44,721 [WARN] DbBoardsPdsc:254 - Board STM32H7B3I-EVAL: unknown feature type=Motor, name=, username=Motor Control, n=1
2022-10-12 13:51:44,721 [WARN] DbBoardsPdsc:254 - Board STM32U575I-EV: unknown feature type=joystick, name=, username=4-direction joystick with selection button, n=1
2022-10-12 13:51:44,782 [INFO] DbBoardsJson:86 - JSON generation date=Tue Nov 16 23:17:54 ICT 2021 (1637079474)
2022-10-12 13:51:44,787 [INFO] DbBoards:117 - Found 167 boards (163 are supported by CubeMX)
2022-10-12 13:51:44,795 [WARN] DbBoards:127 - board B-L475E-IOT01A2 has no document id list !
2022-10-12 13:51:44,795 [WARN] DbBoards:127 - board NUCLEO-H743ZI has no document id list !
2022-10-12 13:51:44,795 [WARN] DbBoards:127 - board NUCLEO-WL55JC2 has no document id list !
2022-10-12 13:51:44,795 [WARN] DbBoards:127 - board P-NUCLEO-WB55-Nucleo has no document id list !
2022-10-12 13:51:44,795 [WARN] DbBoards:127 - board P-NUCLEO-WB55-USBDongle has no document id list !
2022-10-12 13:51:44,795 [WARN] DbBoards:127 - board STEVAL-BFA001V1B has no document id list !
2022-10-12 13:51:44,795 [WARN] DbBoards:127 - board STEVAL-BFA001V2B has no document id list !
2022-10-12 13:51:44,795 [WARN] DbBoards:127 - board STEVAL-IDP005V1 has no document id list !
2022-10-12 13:51:44,795 [WARN] DbBoards:127 - board STEVAL-IDP005V2 has no document id list !
2022-10-12 13:51:44,795 [WARN] DbBoards:127 - board STEVAL-MKSBOX1V1 has no document id list !
2022-10-12 13:51:44,795 [WARN] DbBoards:127 - board STEVAL-STWINKT1 has no document id list !
2022-10-12 13:51:44,795 [WARN] DbBoards:127 - board STEVAL-STWINKT1B has no document id list !
2022-10-12 13:51:44,795 [WARN] DbBoards:127 - board STM32439I-EVAL2 has no document id list !
2022-10-12 13:51:44,795 [WARN] DbBoards:127 - board STM32F401C-DISCO has no document id list !
2022-10-12 13:51:44,795 [WARN] DbBoards:127 - board STM32F769I-DISC1 has no document id list !
2022-10-12 13:51:44,795 [WARN] DbBoards:127 - board STM32G474E-EVAL1 has no document id list !
2022-10-12 13:51:44,795 [WARN] DbBoards:127 - board STM32H743I-EVAL2 has no document id list !
2022-10-12 13:51:44,795 [WARN] DbBoards:127 - board STM32H747I-DISC1 has no document id list !
2022-10-12 13:51:44,795 [WARN] DbBoards:127 - board STM32H753I-EVAL2 has no document id list !
2022-10-12 13:51:44,795 [WARN] DbBoards:127 - board STM32L-DISCOVERY has no document id list !
2022-10-12 13:51:44,956 [ERROR] DbBoards:189 - Image file not found for board B-U585I-IOT02A: C:\ST\STM32CubeIDE_1.7.0\STM32CubeIDE\plugins\com.st.stm32cube.common.mx_6.3.0.202107141111\\db\/plugins/mcufinder/images/boards/B-U585I-IOT02A_small.jpg
2022-10-12 13:51:45,188 [ERROR] DbBoards:189 - Image file not found for board NUCLEO-F413ZH: C:\ST\STM32CubeIDE_1.7.0\STM32CubeIDE\plugins\com.st.stm32cube.common.mx_6.3.0.202107141111\\db\/plugins/mcufinder/images/boards/nucleo-f413zh_small.jpg
2022-10-12 13:51:45,577 [ERROR] DbBoards:189 - Image file not found for board NUCLEO-L552ZE-Q: C:\ST\STM32CubeIDE_1.7.0\STM32CubeIDE\plugins\com.st.stm32cube.common.mx_6.3.0.202107141111\\db\/plugins/mcufinder/images/boards/nucleo_l552ze_q_small.jpg
2022-10-12 13:51:45,577 [ERROR] DbBoards:189 - Image file not found for board NUCLEO-U575ZI-Q: C:\ST\STM32CubeIDE_1.7.0\STM32CubeIDE\plugins\com.st.stm32cube.common.mx_6.3.0.202107141111\\db\/plugins/mcufinder/images/boards/nucleo-u575zi-q_small.jpg
2022-10-12 13:51:45,577 [ERROR] DbBoards:189 - Image file not found for board NUCLEO-WB15CC: C:\ST\STM32CubeIDE_1.7.0\STM32CubeIDE\plugins\com.st.stm32cube.common.mx_6.3.0.202107141111\\db\/plugins/mcufinder/images/boards/nucleo-wb15cc_small.jpg
2022-10-12 13:51:45,577 [ERROR] DbBoards:189 - Image file not found for board NUCLEO-WB55RG: C:\ST\STM32CubeIDE_1.7.0\STM32CubeIDE\plugins\com.st.stm32cube.common.mx_6.3.0.202107141111\\db\/plugins/mcufinder/images/boards/nucleo-wb55rg_small.jpg
2022-10-12 13:51:47,266 [INFO] ApiDb:251 - Load user favorites file C:\Users\A.Tuan/.stm32cubeide/favorites.boards.txt: 0 item(s)
2022-10-12 13:51:47,266 [INFO] ApiDb:255 - User favorites Boards=[]
2022-10-12 13:51:47,266 [INFO] DbBoards:206 - Set 0 / 0 favorites Boards
2022-10-12 13:51:47,653 [ERROR] TargetSelectorAdapter:232 - Unable to refresh data
2022-10-12 13:51:47,726 [INFO] McuFinderGlobals:52 - Set McuFinderConnectedMode to false
2022-10-12 13:51:47,742 [INFO] CrossSelectorPresenter:1330 - Cross Selector saved comparison directory: C:\Users\A.Tuan\.stmcufinder\plugins\mcufinder\mcu\cs_comparisons_mx
2022-10-12 13:51:47,745 [INFO] MultiScanPanel:197 - Auto-refresh data requested => check proxy status ongoing
2022-10-12 13:51:47,745 [INFO] MultiScanPanel:201 - Proxy status is invalid
2022-10-12 13:51:47,746 [INFO] FinderPluginLoader:87 - Searching for filters in installed packs
2022-10-12 13:51:48,075 [INFO] DetailPanel:309 - Set advertising image to C:/Users/A.Tuan/STM32Cube/Repository/\en.Prom_NBSTM32U50921.jpg
2022-10-12 13:52:52,177 [INFO] MainUpdater:2671 - connection check result : 10
2022-10-12 13:52:52,177 [INFO] MainUpdater:2671 - connection check result : 10
2022-10-12 13:52:52,264 [INFO] MicroXplorer:448 - Change Database Path : 
2022-10-12 13:52:52,264 [INFO] MicroXplorer:478 - Change Database Version : DB.6.0.30
2022-10-12 13:52:52,264 [WARN] ThirdParty:813 - waiting for thirdparty lock release [close project]
2022-10-12 13:52:52,264 [INFO] ThirdParty:815 - entering critical section [close project]
2022-10-12 13:52:52,282 [INFO] ThirdParty:825 - exiting critical section [close project]
2022-10-12 13:52:52,287 [INFO] PinOutPanel:1463 - setPackage(No Configuration,No Configuration)
2022-10-12 13:52:52,287 [INFO] UtilMem:74 - Begin LoadConfig() Used Memory: 504371944 Bytes (686817280)
2022-10-12 13:52:52,291 [INFO] MicroXplorer:448 - Change Database Path : 
2022-10-12 13:52:52,291 [INFO] MicroXplorer:478 - Change Database Version : DB.6.0.30
2022-10-12 13:52:52,291 [INFO] OpenFileManager:313 - Change cursor
2022-10-12 13:52:52,291 [WARN] IntegrityCheckThread:78 - waiting for thirdparty lock release [integrity check]
2022-10-12 13:52:52,291 [INFO] IntegrityCheckThread:80 - entering critical section [integrity check]
2022-10-12 13:52:52,481 [WARN] PackLoader:238 - Cannot read IP mode file for STMicroelectronics.X-CUBE-GNSS1.6.0.0
2022-10-12 13:52:52,530 [WARN] PackLoader:238 - Cannot read IP mode file for STMicroelectronics.X-CUBE-AZRTOS-F4.1.1.0
2022-10-12 13:52:52,546 [WARN] PackLoader:238 - Cannot read IP mode file for STMicroelectronics.X-CUBE-AZRTOS-F7.1.1.0
2022-10-12 13:52:52,562 [WARN] PackLoader:238 - Cannot read IP mode file for STMicroelectronics.X-CUBE-BLE1.6.2.3
2022-10-12 13:52:52,578 [WARN] PackLoader:238 - Cannot read IP mode file for STMicroelectronics.X-CUBE-NFC4.2.0.4
2022-10-12 13:52:52,595 [WARN] PackLoader:238 - Cannot read IP mode file for STMicroelectronics.X-CUBE-TOF1.3.1.0
2022-10-12 13:52:52,610 [WARN] PackLoader:238 - Cannot read IP mode file for wolfSSL.I-CUBE-wolfSSL.5.5.0
2022-10-12 13:52:52,626 [WARN] PackLoader:238 - Cannot read IP mode file for STMicroelectronics.X-CUBE-NFC7.1.0.0
2022-10-12 13:52:52,731 [WARN] PackLoader:238 - Cannot read IP mode file for STMicroelectronics.X-CUBE-MEMS1.9.3.0
2022-10-12 13:52:52,989 [WARN] PackLoader:238 - Cannot read IP mode file for STMicroelectronics.X-CUBE-AI.7.2.0
2022-10-12 13:52:53,003 [WARN] PackLoader:238 - Cannot read IP mode file for STMicroelectronics.X-CUBE-SFXS2LP1.4.0.0
2022-10-12 13:52:53,020 [WARN] PackLoader:238 - Cannot read IP mode file for STMicroelectronics.X-CUBE-BLE2.3.3.0
2022-10-12 13:52:53,036 [WARN] PackLoader:238 - Cannot read IP mode file for STMicroelectronics.X-CUBE-DISPLAY.2.2.0
2022-10-12 13:52:53,051 [WARN] PackLoader:238 - Cannot read IP mode file for STMicroelectronics.X-CUBE-ISPU.1.0.0
2022-10-12 13:52:53,075 [WARN] PackLoader:238 - Cannot read IP mode file for RoweBots.I-CUBE-UNISONRTOS.5.5.0-4
2022-10-12 13:52:53,125 [WARN] PackLoader:238 - Cannot read IP mode file for STMicroelectronics.X-CUBE-AZRTOS-H7.2.1.0
2022-10-12 13:52:53,141 [WARN] PackLoader:238 - Cannot read IP mode file for STMicroelectronics.X-CUBE-BLEMGR.1.0.0
2022-10-12 13:52:53,179 [WARN] PackLoader:238 - Cannot read IP mode file for STMicroelectronics.X-CUBE-ALGOBUILD.1.3.0
2022-10-12 13:52:53,211 [WARN] PackLoader:238 - Cannot read IP mode file for STMicroelectronics.X-CUBE-AZRTOS-G0.1.1.0
2022-10-12 13:52:53,244 [WARN] PackLoader:238 - Cannot read IP mode file for STMicroelectronics.X-CUBE-SUBG2.5.0.0
2022-10-12 13:52:53,288 [WARN] PackLoader:238 - Cannot read IP mode file for SEGGER.I-CUBE-embOS.1.2.0
2022-10-12 13:52:53,350 [WARN] PackLoader:238 - Cannot read IP mode file for STMicroelectronics.FP-ATR-ASTRA1.1.1.1
2022-10-12 13:52:53,371 [WARN] PackLoader:238 - Cannot read IP mode file for STMicroelectronics.X-CUBE-AZRTOS-G4.1.0.0
2022-10-12 13:52:53,404 [WARN] PackLoader:238 - Cannot read IP mode file for STMicroelectronics.X-CUBE-AZRTOS-L4.1.0.0
2022-10-12 13:52:53,430 [WARN] PackLoader:238 - Cannot read IP mode file for emotas.I-CUBE-CANOPEN.1.1.2
2022-10-12 13:52:53,438 [WARN] PackLoader:238 - Cannot read IP mode file for STMicroelectronics.X-CUBE-TOUCHGFX.4.20.0
2022-10-12 13:52:53,454 [WARN] PackLoader:238 - Cannot read IP mode file for STMicroelectronics.X-CUBE-AZRTOS-WL.1.0.0
2022-10-12 13:52:53,454 [WARN] PackLoader:238 - Cannot read IP mode file for portGmbH.I-Cube-SoM-uGOAL.1.1.0
2022-10-12 13:52:53,469 [WARN] PackLoader:238 - Cannot read IP mode file for STMicroelectronics.X-CUBE-ALS.1.0.1
2022-10-12 13:52:53,502 [WARN] PackLoader:238 - Cannot read IP mode file for STMicroelectronics.X-CUBE-AZRTOS-L5.1.0.0
2022-10-12 13:52:53,518 [WARN] PackLoader:238 - Cannot read IP mode file for STMicroelectronics.X-CUBE-EEPRMA1.3.1.1
2022-10-12 13:52:53,518 [INFO] ThirdParty:915 - Integrity check success = true
2022-10-12 13:52:53,518 [INFO] IntegrityCheckThread:94 - exiting critical section [integrity check]
2022-10-12 13:52:53,518 [INFO] IntegrityCheckThread:97 - End integrity checks thread
2022-10-12 13:52:54,290 [INFO] Context:592 - Trying to add GPIOservice into a context  which must be forbidden
2022-10-12 13:52:54,533 [INFO] ImportTextPane:167 - (OptionalMessage_ERROR) Unable to find key (Mcu.ThirdPartyNb) in loaded IOC file
2022-10-12 13:52:54,533 [INFO] ImportTextPane:167 - (OptionalMessage_ERROR) Unable to find key (Mcu.PinsNb) in loaded IOC file
2022-10-12 13:52:54,533 [INFO] ImportTextPane:167 - (OptionalMessage_ERROR) Unable to find key (Mcu.IPNb) in loaded IOC file
2022-10-12 13:52:54,580 [WARN] ApiManager:304 - Cannot register API 'Board Extension:GNSS1A1' from pack STMicroelectronics.X-CUBE-GNSS1.6.0.0: no header file found
2022-10-12 13:52:54,580 [WARN] ApiManager:304 - Cannot register API 'Board Support:Custom' from pack STMicroelectronics.X-CUBE-GNSS1.6.0.0: no header file found
2022-10-12 13:52:54,580 [WARN] ApiManager:304 - Cannot register API 'Data Exchange:lib_gnss' from pack STMicroelectronics.X-CUBE-GNSS1.6.0.0: no header file found
2022-10-12 13:52:54,595 [WARN] ModelIntegratedComponent:60 - No mode defined for component null
2022-10-12 13:52:54,595 [WARN] ModelIntegratedComponent:60 - No mode defined for component null
2022-10-12 13:52:54,595 [WARN] ModelIntegratedComponent:60 - No mode defined for component null
2022-10-12 13:52:54,595 [WARN] ModelIntegratedComponent:60 - No mode defined for component null
2022-10-12 13:52:54,595 [WARN] ModelIntegratedComponent:60 - No mode defined for component null
2022-10-12 13:52:54,595 [WARN] ModelIntegratedComponent:60 - No mode defined for component null
2022-10-12 13:52:54,595 [WARN] ModelIntegratedComponent:60 - No mode defined for component null
2022-10-12 13:52:54,595 [WARN] ModelIntegratedComponent:60 - No mode defined for component null
2022-10-12 13:52:54,595 [WARN] ModelIntegratedComponent:60 - No mode defined for component null
2022-10-12 13:52:54,595 [WARN] ModelIntegratedComponent:60 - No mode defined for component null
2022-10-12 13:52:54,595 [WARN] ModelIntegratedComponent:60 - No mode defined for component null
2022-10-12 13:52:54,595 [WARN] ModelIntegratedComponent:60 - No mode defined for component null
2022-10-12 13:52:54,595 [WARN] ModelIntegratedComponent:60 - No mode defined for component null
2022-10-12 13:52:54,595 [WARN] ModelIntegratedComponent:60 - No mode defined for component null
2022-10-12 13:52:54,595 [WARN] ModelIntegratedComponent:60 - No mode defined for component null
2022-10-12 13:52:54,595 [WARN] ModelIntegratedComponent:60 - No mode defined for component null
2022-10-12 13:52:54,595 [WARN] ModelIntegratedComponent:60 - No mode defined for component null
2022-10-12 13:52:54,595 [WARN] ModelIntegratedComponent:60 - No mode defined for component null
2022-10-12 13:52:54,595 [WARN] ModelIntegratedComponent:60 - No mode defined for component null
2022-10-12 13:52:54,595 [WARN] ModelIntegratedComponent:60 - No mode defined for component null
2022-10-12 13:52:54,595 [WARN] ModelIntegratedComponent:60 - No mode defined for component null
2022-10-12 13:52:54,595 [WARN] ModelIntegratedComponent:60 - No mode defined for component null
2022-10-12 13:52:54,595 [WARN] ModelIntegratedComponent:60 - No mode defined for component null
2022-10-12 13:52:54,595 [WARN] ModelIntegratedComponent:60 - No mode defined for component null
2022-10-12 13:52:54,595 [WARN] ModelIntegratedComponent:60 - No mode defined for component null
2022-10-12 13:52:54,595 [WARN] ModelIntegratedComponent:60 - No mode defined for component null
2022-10-12 13:52:54,595 [WARN] ModelIntegratedComponent:60 - No mode defined for component null
2022-10-12 13:52:54,595 [WARN] ModelIntegratedComponent:60 - No mode defined for component null
2022-10-12 13:52:54,595 [WARN] ModelIntegratedComponent:60 - No mode defined for component null
2022-10-12 13:52:54,595 [WARN] ModelIntegratedComponent:60 - No mode defined for component null
2022-10-12 13:52:54,595 [WARN] ModelIntegratedComponent:60 - No mode defined for component null
2022-10-12 13:52:54,595 [WARN] ApiManager:304 - Cannot register API 'Board Extension:NFC07A1' from pack STMicroelectronics.X-CUBE-NFC7.1.0.0: no header file found
2022-10-12 13:52:54,736 [WARN] ApiManager:304 - Cannot register API 'Board Extension:IKS01A3' from pack STMicroelectronics.X-CUBE-MEMS1.9.3.0: no header file found
2022-10-12 13:52:54,736 [WARN] ApiManager:304 - Cannot register API 'Board Extension:IKS01A2' from pack STMicroelectronics.X-CUBE-MEMS1.9.3.0: no header file found
2022-10-12 13:52:54,736 [WARN] ApiManager:304 - Cannot register API 'Board Extension:IKS02A1' from pack STMicroelectronics.X-CUBE-MEMS1.9.3.0: no header file found
2022-10-12 13:52:54,752 [WARN] ApiManager:304 - Cannot register API 'Wireless:BlueNRG-MS' from pack STMicroelectronics.X-CUBE-BLE1.6.2.3: no header file found
2022-10-12 13:52:54,752 [INFO] RtosManager:484 - Registered RTOS mode: class=CMSIS, group=RTOS, mode=CMSIS_V1, owner=FREERTOS
2022-10-12 13:52:54,752 [INFO] RtosManager:484 - Registered RTOS mode: class=CMSIS, group=RTOS2, mode=CMSIS_V2, owner=FREERTOS
2022-10-12 13:52:54,752 [INFO] RtosManager:484 - Registered RTOS mode: class=RTOS, group=Core, mode=CMSIS_V1, owner=FREERTOS
2022-10-12 13:52:54,752 [INFO] RtosManager:484 - Registered RTOS mode: class=RTOS, group=Core, mode=CMSIS_V2, owner=FREERTOS
2022-10-12 13:52:54,752 [WARN] ModelIntegratedComponent:181 - Missing modes for component STMicroelectronics:FreeRTOS:0.0.1:STMicroelectronics:RTOS:FreeRTOS:Core:::10.2.0:
2022-10-12 13:52:54,752 [WARN] ApiManager:304 - Cannot register API 'Board Extension:S2868A1' from pack STMicroelectronics.X-CUBE-SUBG2.5.0.0: no header file found
2022-10-12 13:52:54,752 [WARN] ApiManager:304 - Cannot register API 'Board Extension:S2868A2' from pack STMicroelectronics.X-CUBE-SUBG2.5.0.0: no header file found
2022-10-12 13:52:54,752 [WARN] ApiManager:304 - Cannot register API 'Board Extension:S2915A1' from pack STMicroelectronics.X-CUBE-SUBG2.5.0.0: no header file found
2022-10-12 13:52:54,752 [WARN] ApiManager:304 - Cannot register API 'Board Extension:EEPRMA1' from pack STMicroelectronics.X-CUBE-EEPRMA1.3.1.1: no header file found
2022-10-12 13:52:54,752 [WARN] ApiManager:304 - Cannot register API 'Board Extension:EEPRMA2' from pack STMicroelectronics.X-CUBE-EEPRMA1.3.1.1: no header file found
2022-10-12 13:52:54,752 [WARN] ApiManager:304 - Cannot register API 'Board Extension:S2868A1' from pack STMicroelectronics.X-CUBE-SFXS2LP1.4.0.0: no header file found
2022-10-12 13:52:54,752 [WARN] ApiManager:304 - Cannot register API 'Board Extension:S2868A2' from pack STMicroelectronics.X-CUBE-SFXS2LP1.4.0.0: no header file found
2022-10-12 13:52:54,752 [WARN] ApiManager:304 - Cannot register API 'Board Extension:S2915A1' from pack STMicroelectronics.X-CUBE-SFXS2LP1.4.0.0: no header file found
2022-10-12 13:52:54,752 [WARN] ApiManager:304 - Cannot register API 'Wireless:BlueNRG-2' from pack STMicroelectronics.X-CUBE-BLE2.3.3.0: no header file found
2022-10-12 13:52:54,767 [WARN] ApiManager:304 - Cannot register API 'Board Extension:NFC04A1' from pack STMicroelectronics.X-CUBE-NFC4.2.0.4: no header file found
2022-10-12 13:52:56,297 [INFO] UtilMem:74 - End LoadConfig() Used Memory: 510133960 Bytes (686817280)
2022-10-12 13:52:56,297 [WARN] ThirdParty:779 - waiting for thirdparty lock release [change project]
2022-10-12 13:52:56,297 [INFO] ThirdParty:781 - entering critical section [change project]
2022-10-12 13:52:56,297 [INFO] ThirdParty:967 - CMSIS Pack Vendor :RoweBots I-CUBE-UNISONRTOS 5.5.0-4
2022-10-12 13:52:56,297 [INFO] ThirdParty:967 - CMSIS Pack Vendor :STMicroelectronics X-CUBE-GNSS1 6.0.0
2022-10-12 13:52:56,297 [INFO] ThirdParty:967 - CMSIS Pack Vendor :STMicroelectronics X-CUBE-AZRTOS-H7 2.1.0
2022-10-12 13:52:56,297 [INFO] ThirdParty:967 - CMSIS Pack Vendor :STMicroelectronics USB_HOST 2.0.0
2022-10-12 13:52:56,297 [INFO] ThirdParty:967 - CMSIS Pack Vendor :STMicroelectronics X-CUBE-AZRTOS-F4 1.1.0
2022-10-12 13:52:56,297 [INFO] ThirdParty:967 - CMSIS Pack Vendor :STMicroelectronics X-CUBE-AZRTOS-G4 1.0.0
2022-10-12 13:52:56,297 [INFO] ThirdParty:967 - CMSIS Pack Vendor :STMicroelectronics X-CUBE-AZRTOS-L4 1.0.0
2022-10-12 13:52:56,297 [INFO] ThirdParty:967 - CMSIS Pack Vendor :STMicroelectronics USB_DEVICE 3.0.0
2022-10-12 13:52:56,297 [INFO] ThirdParty:967 - CMSIS Pack Vendor :wolfSSL I-CUBE-wolfSSL 5.5.0
2022-10-12 13:52:56,297 [INFO] ThirdParty:967 - CMSIS Pack Vendor :STMicroelectronics HAL Drivers 0.0.0
2022-10-12 13:52:56,297 [INFO] ThirdParty:967 - CMSIS Pack Vendor :STMicroelectronics MBEDTLS 2.16.2
2022-10-12 13:52:56,297 [INFO] ThirdParty:967 - CMSIS Pack Vendor :emotas I-CUBE-CANOPEN 1.1.2
2022-10-12 13:52:56,297 [INFO] ThirdParty:967 - CMSIS Pack Vendor :STMicroelectronics X-CUBE-TOUCHGFX 4.20.0
2022-10-12 13:52:56,297 [INFO] ThirdParty:967 - CMSIS Pack Vendor :STMicroelectronics MBEDTLS 2.14.1
2022-10-12 13:52:56,297 [INFO] ThirdParty:967 - CMSIS Pack Vendor :STMicroelectronics X-CUBE-NFC7 1.0.0
2022-10-12 13:52:56,297 [INFO] ThirdParty:967 - CMSIS Pack Vendor :STMicroelectronics X-CUBE-BLEMGR 1.0.0
2022-10-12 13:52:56,297 [INFO] ThirdParty:967 - CMSIS Pack Vendor :STMicroelectronics X-CUBE-AZRTOS-WL 1.0.0
2022-10-12 13:52:56,297 [INFO] ThirdParty:967 - CMSIS Pack Vendor :STMicroelectronics X-CUBE-AZRTOS-F7 1.1.0
2022-10-12 13:52:56,297 [INFO] ThirdParty:967 - CMSIS Pack Vendor :STMicroelectronics X-CUBE-MEMS1 9.3.0
2022-10-12 13:52:56,297 [INFO] ThirdParty:967 - CMSIS Pack Vendor :portGmbH I-Cube-SoM-uGOAL 1.1.0
2022-10-12 13:52:56,297 [INFO] ThirdParty:967 - CMSIS Pack Vendor :STMicroelectronics X-CUBE-ALS 1.0.1
2022-10-12 13:52:56,297 [INFO] ThirdParty:967 - CMSIS Pack Vendor :STMicroelectronics USB_DEVICE 2.0.0
2022-10-12 13:52:56,297 [INFO] ThirdParty:967 - CMSIS Pack Vendor :STMicroelectronics X-CUBE-AI 7.2.0
2022-10-12 13:52:56,297 [INFO] ThirdParty:967 - CMSIS Pack Vendor :STMicroelectronics X-CUBE-BLE1 6.2.3
2022-10-12 13:52:56,297 [INFO] ThirdParty:967 - CMSIS Pack Vendor :STMicroelectronics X-CUBE-ALGOBUILD 1.3.0
2022-10-12 13:52:56,297 [INFO] ThirdParty:967 - CMSIS Pack Vendor :STMicroelectronics X-CUBE-AZRTOS-L5 1.0.0
2022-10-12 13:52:56,297 [INFO] ThirdParty:967 - CMSIS Pack Vendor :STMicroelectronics FreeRTOS 0.0.1
2022-10-12 13:52:56,297 [INFO] ThirdParty:967 - CMSIS Pack Vendor :STMicroelectronics X-CUBE-AZRTOS-G0 1.1.0
2022-10-12 13:52:56,297 [INFO] ThirdParty:967 - CMSIS Pack Vendor :STMicroelectronics USB_DEVICE 1.0.0
2022-10-12 13:52:56,297 [INFO] ThirdParty:967 - CMSIS Pack Vendor :STMicroelectronics X-CUBE-SUBG2 5.0.0
2022-10-12 13:52:56,297 [INFO] ThirdParty:967 - CMSIS Pack Vendor :SEGGER I-CUBE-embOS 1.2.0
2022-10-12 13:52:56,297 [INFO] ThirdParty:967 - CMSIS Pack Vendor :STMicroelectronics X-CUBE-EEPRMA1 3.1.1
2022-10-12 13:52:56,297 [INFO] ThirdParty:967 - CMSIS Pack Vendor :STMicroelectronics ThreadX 0.0.2
2022-10-12 13:52:56,297 [INFO] ThirdParty:967 - CMSIS Pack Vendor :STMicroelectronics lwIP 2.0.3
2022-10-12 13:52:56,297 [INFO] ThirdParty:967 - CMSIS Pack Vendor :STMicroelectronics lwIP 2.1.2
2022-10-12 13:52:56,297 [INFO] ThirdParty:967 - CMSIS Pack Vendor :STMicroelectronics X-CUBE-SFXS2LP1 4.0.0
2022-10-12 13:52:56,297 [INFO] ThirdParty:967 - CMSIS Pack Vendor :STMicroelectronics X-CUBE-BLE2 3.3.0
2022-10-12 13:52:56,297 [INFO] ThirdParty:967 - CMSIS Pack Vendor :STMicroelectronics X-CUBE-NFC4 2.0.4
2022-10-12 13:52:56,297 [INFO] ThirdParty:967 - CMSIS Pack Vendor :STMicroelectronics USB_HOST 1.0.0
2022-10-12 13:52:56,297 [INFO] ThirdParty:967 - CMSIS Pack Vendor :STMicroelectronics X-CUBE-DISPLAY 2.2.0
2022-10-12 13:52:56,297 [INFO] ThirdParty:967 - CMSIS Pack Vendor :STMicroelectronics PDM2PCM 3.1.0
2022-10-12 13:52:56,297 [INFO] ThirdParty:967 - CMSIS Pack Vendor :STMicroelectronics FP-ATR-ASTRA1 1.1.1
2022-10-12 13:52:56,297 [INFO] ThirdParty:967 - CMSIS Pack Vendor :STMicroelectronics PDM2PCM 3.2.0
2022-10-12 13:52:56,297 [INFO] ThirdParty:967 - CMSIS Pack Vendor :STMicroelectronics PDM2PCM 3.3.0
2022-10-12 13:52:56,297 [INFO] ThirdParty:967 - CMSIS Pack Vendor :STMicroelectronics X-CUBE-TOF1 3.1.0
2022-10-12 13:52:56,297 [INFO] ThirdParty:967 - CMSIS Pack Vendor :STMicroelectronics X-CUBE-ISPU 1.0.0
2022-10-12 13:52:56,297 [INFO] ThirdParty:787 - exiting critical section [change project]
2022-10-12 13:52:56,570 [INFO] PinOutPanel:1463 - setPackage(No Configuration,No Configuration)
2022-10-12 13:52:56,570 [INFO] PinOutPanel:1463 - setPackage(STM32F103C6Ux,UFQFPN48)
2022-10-12 13:52:57,113 [INFO] UtilMem:74 - Before build in PCC Used Memory: 454083168 Bytes (686817280)
2022-10-12 13:52:57,889 [INFO] UtilMem:74 - After build in PCC Used Memory: 532726368 Bytes (686817280)
2022-10-12 13:52:57,906 [INFO] IPUIPlugin:74 - create IPUIPlugin
2022-10-12 13:52:57,906 [INFO] IPUIPlugin:74 - create IPUIPlugin
2022-10-12 13:52:57,906 [INFO] IPUIPlugin:74 - create IPUIPlugin
2022-10-12 13:52:57,906 [INFO] IPUIPlugin:74 - create IPUIPlugin
2022-10-12 13:52:57,906 [INFO] IPUIPlugin:74 - create IPUIPlugin
2022-10-12 13:52:57,906 [INFO] IPUIPlugin:74 - create IPUIPlugin
2022-10-12 13:52:57,906 [INFO] IPUIPlugin:74 - create IPUIPlugin
2022-10-12 13:52:57,906 [INFO] IPUIPlugin:74 - create IPUIPlugin
2022-10-12 13:52:57,906 [INFO] IPUIPlugin:74 - create IPUIPlugin
2022-10-12 13:52:57,906 [INFO] IPUIPlugin:74 - create IPUIPlugin
2022-10-12 13:52:57,906 [INFO] IPUIPlugin:74 - create IPUIPlugin
2022-10-12 13:52:57,906 [INFO] IPUIPlugin:74 - create IPUIPlugin
2022-10-12 13:52:57,906 [INFO] IPUIPlugin:74 - create IPUIPlugin
2022-10-12 13:52:57,906 [INFO] IPUIPlugin:74 - create IPUIPlugin
2022-10-12 13:52:57,906 [INFO] IPUIPlugin:74 - create IPUIPlugin
2022-10-12 13:52:57,906 [INFO] IPUIPlugin:74 - create IPUIPlugin
2022-10-12 13:52:57,906 [INFO] IPUIPlugin:74 - create IPUIPlugin
2022-10-12 13:52:57,906 [INFO] IPUIPlugin:74 - create IPUIPlugin
2022-10-12 13:52:57,906 [INFO] IPUIPlugin:74 - create IPUIPlugin
2022-10-12 13:52:57,906 [INFO] IPUIPlugin:74 - create IPUIPlugin
2022-10-12 13:52:57,906 [INFO] IPUIPlugin:74 - create IPUIPlugin
2022-10-12 13:52:57,906 [INFO] IPUIPlugin:74 - create IPUIPlugin
2022-10-12 13:52:57,906 [INFO] IPUIPlugin:74 - create IPUIPlugin
2022-10-12 13:52:58,048 [INFO] OpenFileManager:333 - Restore cursor
2022-10-12 13:52:58,335 [INFO] UtilMem:74 - End SaveConfig() Used Memory: 596689504 Bytes (686817280)
2022-10-12 13:52:58,400 [INFO] UtilMem:74 - End SaveConfig() Used Memory: 460425600 Bytes (686817280)
2022-10-12 13:52:58,747 [INFO] BlockDiagram:2740 - set Specific Code input for plugin: NVIC
2022-10-12 13:52:58,747 [INFO] BlockDiagram:2740 - set Specific Code input for plugin: SYS
2022-10-12 13:52:58,747 [INFO] BlockDiagram:2740 - set Specific Code input for plugin: RCC
2022-10-12 13:52:58,749 [INFO] CodeGenerator:663 - code generatio: config db path: C:\ST\STM32CubeIDE_1.7.0\STM32CubeIDE\plugins\com.st.stm32cube.common.mx_6.3.0.202107141111\\db\
2022-10-12 13:52:59,121 [INFO] CodeEngine:239 - oldGeneratedFile, C:\GIT Projects\MCU TEST\Lab2\Ex4\STM\Lab2_Ex4\MXTmpFiles\license.tmp_save
2022-10-12 13:52:59,550 [INFO] CodeEngine:257 - Generated code: C:\GIT Projects\MCU TEST\Lab2\Ex4\STM\Lab2_Ex4\MXTmpFiles\license.tmp
2022-10-12 13:52:59,824 [INFO] CodeEngine:239 - oldGeneratedFile, C:\GIT Projects\MCU TEST\Lab2\Ex4\STM\Lab2_Ex4\Core\Src\stm32f1xx_it.c_save
2022-10-12 13:53:00,045 [INFO] CodeEngine:257 - Generated code: C:\GIT Projects\MCU TEST\Lab2\Ex4\STM\Lab2_Ex4\Core\Src\stm32f1xx_it.c
2022-10-12 13:53:00,066 [INFO] CodeEngine:239 - oldGeneratedFile, C:\GIT Projects\MCU TEST\Lab2\Ex4\STM\Lab2_Ex4\Core\Inc\stm32f1xx_it.h_save
2022-10-12 13:53:00,145 [INFO] CodeEngine:257 - Generated code: C:\GIT Projects\MCU TEST\Lab2\Ex4\STM\Lab2_Ex4\Core\Inc\stm32f1xx_it.h
2022-10-12 13:53:00,179 [INFO] CodeEngine:239 - oldGeneratedFile, C:\GIT Projects\MCU TEST\Lab2\Ex4\STM\Lab2_Ex4\Core\Src\stm32f1xx_hal_msp.c_save
2022-10-12 13:53:00,329 [INFO] CodeEngine:257 - Generated code: C:\GIT Projects\MCU TEST\Lab2\Ex4\STM\Lab2_Ex4\Core\Src\stm32f1xx_hal_msp.c
2022-10-12 13:53:00,341 [INFO] CodeEngine:239 - oldGeneratedFile, C:\GIT Projects\MCU TEST\Lab2\Ex4\STM\Lab2_Ex4\MXTmpFiles\system.tmp_save
2022-10-12 13:53:00,463 [INFO] CodeEngine:257 - Generated code: C:\GIT Projects\MCU TEST\Lab2\Ex4\STM\Lab2_Ex4\MXTmpFiles\system.tmp
2022-10-12 13:53:00,484 [INFO] CodeEngine:239 - oldGeneratedFile, C:\GIT Projects\MCU TEST\Lab2\Ex4\STM\Lab2_Ex4\Core\Inc\stm32f1xx_hal_conf.h_save
2022-10-12 13:53:00,606 [INFO] CodeEngine:257 - Generated code: C:\GIT Projects\MCU TEST\Lab2\Ex4\STM\Lab2_Ex4\Core\Inc\stm32f1xx_hal_conf.h
2022-10-12 13:53:00,665 [INFO] CodeEngine:239 - oldGeneratedFile, C:\GIT Projects\MCU TEST\Lab2\Ex4\STM\Lab2_Ex4\Core\Inc\main.h_save
2022-10-12 13:53:00,765 [INFO] CodeEngine:257 - Generated code: C:\GIT Projects\MCU TEST\Lab2\Ex4\STM\Lab2_Ex4\Core\Inc\main.h
2022-10-12 13:53:00,779 [INFO] CodeEngine:239 - oldGeneratedFile, C:\GIT Projects\MCU TEST\Lab2\Ex4\STM\Lab2_Ex4\Core\Src\main.c_save
2022-10-12 13:53:00,928 [INFO] CodeEngine:257 - Generated code: C:\GIT Projects\MCU TEST\Lab2\Ex4\STM\Lab2_Ex4\Core\Src\main.c
2022-10-12 13:53:02,712 [INFO] ProjectBuilder:2578 - Time for Copy HAL[1] : 765mS.
2022-10-12 13:53:02,715 [INFO] ProjectBuilder:3622 - Project Generator version: 3.14.1
2022-10-12 13:53:03,286 [INFO] ConfigFileManager:1271 - The Die is : DIE412
2022-10-12 13:53:03,308 [INFO] ApiDbMcu:468 - Load IP Config File for FATFS
2022-10-12 13:53:03,355 [INFO] ApiDbMcu:468 - Load IP Config File for FREERTOS
2022-10-12 13:53:03,386 [INFO] ApiDbMcu:468 - Load IP Config File for USB_DEVICE
2022-10-12 13:53:10,155 [INFO] ProjectBuilder:3789 - Time for Generating toolchain IDE Files: 7440mS.
2022-10-12 13:53:10,155 [INFO] ProjectBuilder:2457 - Time for Copy CMSIS : 0mS.
2022-10-12 13:53:10,155 [INFO] ProjectBuilder:2457 - Time for Copy CMSIS : 0mS.
2022-10-12 13:53:11,006 [INFO] McuFinderGlobals:52 - Set McuFinderConnectedMode to true
2022-10-12 13:53:11,006 [INFO] ApiDb:276 - Save user favorites file C:\Users\A.Tuan/.stm32cubeide/favorites.mcus.txt: 0 item(s)
2022-10-12 13:53:11,006 [INFO] ApiDb:280 - User favorites MCUs=[]
2022-10-12 13:55:33,134 [INFO] NvicIntPanel:96 - NVIC parent = com.st.microxplorer.plugins.ip.nvic.MultiNvicIntPanel[,0,0,450x190,layout=javax.swing.BoxLayout,alignmentX=0.0,alignmentY=0.0,border=,flags=9,maximumSize=,minimumSize=,preferredSize=]
2022-10-12 13:55:41,240 [INFO] Gpio:254 - dependency for GPIO []
2022-10-12 13:55:52,470 [INFO] UtilMem:74 - End SaveConfig() Used Memory: 701209384 Bytes (818937856)
2022-10-12 13:55:53,310 [INFO] UtilMem:74 - End SaveConfig() Used Memory: 502732648 Bytes (818937856)
2022-10-12 13:55:55,642 [INFO] UtilMem:74 - End SaveConfig() Used Memory: 524280792 Bytes (818937856)
2022-10-12 13:55:56,100 [INFO] BlockDiagram:2740 - set Specific Code input for plugin: NVIC
2022-10-12 13:55:56,100 [INFO] BlockDiagram:2740 - set Specific Code input for plugin: SYS
2022-10-12 13:55:56,100 [INFO] BlockDiagram:2740 - set Specific Code input for plugin: GPIO
2022-10-12 13:55:56,100 [INFO] BlockDiagram:2740 - set Specific Code input for plugin: RCC
2022-10-12 13:55:56,100 [INFO] BlockDiagram:2740 - set Specific Code input for plugin: TIM1_8F1
2022-10-12 13:55:56,100 [INFO] CodeGenerator:663 - code generatio: config db path: C:\ST\STM32CubeIDE_1.7.0\STM32CubeIDE\plugins\com.st.stm32cube.common.mx_6.3.0.202107141111\\db\
2022-10-12 13:55:56,417 [INFO] CodeEngine:239 - oldGeneratedFile, C:\GIT Projects\MCU TEST\Lab2\Ex4\STM\Lab2_Ex4\MXTmpFiles\license.tmp_save
2022-10-12 13:55:56,473 [INFO] CodeEngine:257 - Generated code: C:\GIT Projects\MCU TEST\Lab2\Ex4\STM\Lab2_Ex4\MXTmpFiles\license.tmp
2022-10-12 13:55:56,586 [INFO] CodeEngine:239 - oldGeneratedFile, C:\GIT Projects\MCU TEST\Lab2\Ex4\STM\Lab2_Ex4\MXTmpFiles\gpio.tmp_save
2022-10-12 13:55:56,726 [INFO] CodeEngine:257 - Generated code: C:\GIT Projects\MCU TEST\Lab2\Ex4\STM\Lab2_Ex4\MXTmpFiles\gpio.tmp
2022-10-12 13:55:57,014 [INFO] CodeEngine:239 - oldGeneratedFile, C:\GIT Projects\MCU TEST\Lab2\Ex4\STM\Lab2_Ex4\Core\Src\stm32f1xx_it.c_save
2022-10-12 13:55:57,135 [INFO] CodeEngine:257 - Generated code: C:\GIT Projects\MCU TEST\Lab2\Ex4\STM\Lab2_Ex4\Core\Src\stm32f1xx_it.c
2022-10-12 13:55:57,142 [INFO] CodeEngine:239 - oldGeneratedFile, C:\GIT Projects\MCU TEST\Lab2\Ex4\STM\Lab2_Ex4\Core\Inc\stm32f1xx_it.h_save
2022-10-12 13:55:57,242 [INFO] CodeEngine:257 - Generated code: C:\GIT Projects\MCU TEST\Lab2\Ex4\STM\Lab2_Ex4\Core\Inc\stm32f1xx_it.h
2022-10-12 13:55:57,270 [INFO] CodeEngine:239 - oldGeneratedFile, C:\GIT Projects\MCU TEST\Lab2\Ex4\STM\Lab2_Ex4\Core\Src\stm32f1xx_hal_msp.c_save
2022-10-12 13:55:57,395 [INFO] CodeEngine:257 - Generated code: C:\GIT Projects\MCU TEST\Lab2\Ex4\STM\Lab2_Ex4\Core\Src\stm32f1xx_hal_msp.c
2022-10-12 13:55:57,402 [INFO] CodeEngine:239 - oldGeneratedFile, C:\GIT Projects\MCU TEST\Lab2\Ex4\STM\Lab2_Ex4\MXTmpFiles\system.tmp_save
2022-10-12 13:55:57,478 [INFO] CodeEngine:257 - Generated code: C:\GIT Projects\MCU TEST\Lab2\Ex4\STM\Lab2_Ex4\MXTmpFiles\system.tmp
2022-10-12 13:55:57,498 [INFO] CodeEngine:239 - oldGeneratedFile, C:\GIT Projects\MCU TEST\Lab2\Ex4\STM\Lab2_Ex4\Core\Inc\stm32f1xx_hal_conf.h_save
2022-10-12 13:55:57,612 [INFO] CodeEngine:257 - Generated code: C:\GIT Projects\MCU TEST\Lab2\Ex4\STM\Lab2_Ex4\Core\Inc\stm32f1xx_hal_conf.h
2022-10-12 13:55:57,630 [WARN] IPConfigManager:3148 - IP not found : TIM
2022-10-12 13:55:57,630 [WARN] CodeGenerator:3268 - IP not found : null
2022-10-12 13:55:57,655 [INFO] CodeEngine:239 - oldGeneratedFile, C:\GIT Projects\MCU TEST\Lab2\Ex4\STM\Lab2_Ex4\Core\Inc\main.h_save
2022-10-12 13:55:57,854 [INFO] CodeEngine:257 - Generated code: C:\GIT Projects\MCU TEST\Lab2\Ex4\STM\Lab2_Ex4\Core\Inc\main.h
2022-10-12 13:55:57,875 [INFO] CodeEngine:239 - oldGeneratedFile, C:\GIT Projects\MCU TEST\Lab2\Ex4\STM\Lab2_Ex4\Core\Src\main.c_save
2022-10-12 13:55:58,156 [INFO] CodeEngine:257 - Generated code: C:\GIT Projects\MCU TEST\Lab2\Ex4\STM\Lab2_Ex4\Core\Src\main.c
2022-10-12 13:55:59,857 [INFO] ProjectBuilder:2578 - Time for Copy HAL[1] : 247mS.
2022-10-12 13:55:59,857 [INFO] ProjectBuilder:3622 - Project Generator version: 3.14.1
2022-10-12 13:56:00,808 [INFO] ConfigFileManager:1271 - The Die is : DIE412
2022-10-12 13:56:04,283 [INFO] ProjectBuilder:3789 - Time for Generating toolchain IDE Files: 4426mS.
2022-10-12 13:56:04,289 [INFO] ProjectBuilder:2457 - Time for Copy CMSIS : 6mS.
2022-10-12 13:56:04,296 [INFO] ProjectBuilder:2457 - Time for Copy CMSIS : 0mS.
2022-10-12 15:18:35,206 [INFO] Activator:177 - 


2022-10-12 15:18:35,206 [INFO] Activator:178 - !SESSION log4j initialized
